# JRE version: Java(TM) SE Runtime Environment (8.0_91-b14) (build 1.8.0_91-b14)
# Java VM: Java HotSpot(TM) 64-Bit Server VM (25.91-b14 mixed mode linux-amd64 compressed oops)
Heap:
 PSYoungGen      total 206848K, used 108467K [0x00000000d7980000, 0x00000000eaa00000, 0x0000000100000000)
  eden space 167936K, 50% used [0x00000000d7980000,0x00000000dcb80f58,0x00000000e1d80000)
  from space 38912K, 62% used [0x00000000e1d80000,0x00000000e356bd10,0x00000000e4380000)
  to   space 37888K, 0% used [0x00000000e8500000,0x00000000e8500000,0x00000000eaa00000)
 ParOldGen       total 156672K, used 103052K [0x0000000086c00000, 0x0000000090500000, 0x00000000d7980000)
  object space 156672K, 65% used [0x0000000086c00000,0x000000008d0a32a8,0x0000000090500000)
 Metaspace       used 6769K, capacity 6938K, committed 7040K, reserved 1056768K
  class space    used 751K, capacity 801K, committed 896K, reserved 1048576K
GC Heap History (10 events):
Event: 7.983 GC heap before
{Heap before GC invocations=6 (full 1):
 PSYoungGen      total 86528K, used 86496K [0x00000000d7980000, 0x00000000dfd80000, 0x0000000100000000)
  eden space 81408K, 100% used [0x00000000d7980000,0x00000000dc900000,0x00000000dc900000)
  from space 5120K, 99% used [0x00000000df880000,0x00000000dfd78020,0x00000000dfd80000)
  to   space 5120K, 0% used [0x00000000df380000,0x00000000df380000,0x00000000df880000)
 ParOldGen       total 156672K, used 87716K [0x0000000086c00000, 0x0000000090500000, 0x00000000d7980000)
  object space 156672K, 55% used [0x0000000086c00000,0x000000008c1a9278,0x0000000090500000)
 Metaspace       used 6603K, capacity 6810K, committed 7040K, reserved 1056768K
  class space    used 739K, capacity 801K, committed 896K, reserved 1048576K
Event: 8.002 GC heap after
Heap after GC invocations=6 (full 1):
 PSYoungGen      total 115200K, used 5088K [0x00000000d7980000, 0x00000000e2f00000, 0x0000000100000000)
  eden space 110080K, 0% used [0x00000000d7980000,0x00000000d7980000,0x00000000de500000)
  from space 5120K, 99% used [0x00000000df380000,0x00000000df878010,0x00000000df880000)
  to   space 37888K, 0% used [0x00000000e0a00000,0x00000000e0a00000,0x00000000e2f00000)
 ParOldGen       total 156672K, used 99844K [0x0000000086c00000, 0x0000000090500000, 0x00000000d7980000)
  object space 156672K, 63% used [0x0000000086c00000,0x000000008cd81298,0x0000000090500000)
 Metaspace       used 6603K, capacity 6810K, committed 7040K, reserved 1056768K
  class space    used 739K, capacity 801K, committed 896K, reserved 1048576K
}
Event: 8.195 GC heap before
{Heap before GC invocations=7 (full 1):
 PSYoungGen      total 115200K, used 115168K [0x00000000d7980000, 0x00000000e2f00000, 0x0000000100000000)
  eden space 110080K, 100% used [0x00000000d7980000,0x00000000de500000,0x00000000de500000)
  from space 5120K, 99% used [0x00000000df380000,0x00000000df878010,0x00000000df880000)
  to   space 37888K, 0% used [0x00000000e0a00000,0x00000000e0a00000,0x00000000e2f00000)
 ParOldGen       total 156672K, used 99844K [0x0000000086c00000, 0x0000000090500000, 0x00000000d7980000)
  object space 156672K, 63% used [0x0000000086c00000,0x000000008cd81298,0x0000000090500000)
 Metaspace       used 6608K, capacity 6810K, committed 7040K, reserved 1056768K
  class space    used 739K, capacity 801K, committed 896K, reserved 1048576K
Event: 8.213 GC heap after
Heap after GC invocations=7 (full 1):
 PSYoungGen      total 147456K, used 13520K [0x00000000d7980000, 0x00000000e5b80000, 0x0000000100000000)
  eden space 109568K, 0% used [0x00000000d7980000,0x00000000d7980000,0x00000000de480000)
  from space 37888K, 35% used [0x00000000e0a00000,0x00000000e1734030,0x00000000e2f00000)
  to   space 38400K, 0% used [0x00000000de480000,0x00000000de480000,0x00000000e0a00000)
 ParOldGen       total 156672K, used 99844K [0x0000000086c00000, 0x0000000090500000, 0x00000000d7980000)
  object space 156672K, 63% used [0x0000000086c00000,0x000000008cd81298,0x0000000090500000)
 Metaspace       used 6608K, capacity 6810K, committed 7040K, reserved 1056768K
  class space    used 739K, capacity 801K, committed 896K, reserved 1048576K
}
Event: 8.256 GC heap before
{Heap before GC invocations=8 (full 1):
 PSYoungGen      total 147456K, used 123088K [0x00000000d7980000, 0x00000000e5b80000, 0x0000000100000000)
  eden space 109568K, 100% used [0x00000000d7980000,0x00000000de480000,0x00000000de480000)
  from space 37888K, 35% used [0x00000000e0a00000,0x00000000e1734030,0x00000000e2f00000)
  to   space 38400K, 0% used [0x00000000de480000,0x00000000de480000,0x00000000e0a00000)
 ParOldGen       total 156672K, used 99844K [0x0000000086c00000, 0x0000000090500000, 0x00000000d7980000)
  object space 156672K, 63% used [0x0000000086c00000,0x000000008cd81298,0x0000000090500000)
 Metaspace       used 6608K, capacity 6810K, committed 7040K, reserved 1056768K
  class space    used 739K, capacity 801K, committed 896K, reserved 1048576K
Event: 8.268 GC heap after
Heap after GC invocations=8 (full 1):
 PSYoungGen      total 147968K, used 19392K [0x00000000d7980000, 0x00000000e6780000, 0x0000000100000000)
  eden space 109568K, 0% used [0x00000000d7980000,0x00000000d7980000,0x00000000de480000)
  from space 38400K, 50% used [0x00000000de480000,0x00000000df770030,0x00000000e0a00000)
  to   space 36864K, 0% used [0x00000000e4380000,0x00000000e4380000,0x00000000e6780000)
 ParOldGen       total 156672K, used 99844K [0x0000000086c00000, 0x0000000090500000, 0x00000000d7980000)
  object space 156672K, 63% used [0x0000000086c00000,0x000000008cd81298,0x0000000090500000)
 Metaspace       used 6608K, capacity 6810K, committed 7040K, reserved 1056768K
  class space    used 739K, capacity 801K, committed 896K, reserved 1048576K
}
Event: 8.365 GC heap before
{Heap before GC invocations=9 (full 1):
 PSYoungGen      total 147968K, used 128960K [0x00000000d7980000, 0x00000000e6780000, 0x0000000100000000)
  eden space 109568K, 100% used [0x00000000d7980000,0x00000000de480000,0x00000000de480000)
  from space 38400K, 50% used [0x00000000de480000,0x00000000df770030,0x00000000e0a00000)
  to   space 36864K, 0% used [0x00000000e4380000,0x00000000e4380000,0x00000000e6780000)
 ParOldGen       total 156672K, used 99844K [0x0000000086c00000, 0x0000000090500000, 0x00000000d7980000)
  object space 156672K, 63% used [0x0000000086c00000,0x000000008cd81298,0x0000000090500000)
 Metaspace       used 6608K, capacity 6810K, committed 7040K, reserved 1056768K
  class space    used 739K, capacity 801K, committed 896K, reserved 1048576K
Event: 8.389 GC heap after
Heap after GC invocations=9 (full 1):
 PSYoungGen      total 204800K, used 31104K [0x00000000d7980000, 0x00000000e7200000, 0x0000000100000000)
  eden space 167936K, 0% used [0x00000000d7980000,0x00000000d7980000,0x00000000e1d80000)
  from space 36864K, 84% used [0x00000000e4380000,0x00000000e61e0030,0x00000000e6780000)
  to   space 38912K, 0% used [0x00000000e1d80000,0x00000000e1d80000,0x00000000e4380000)
 ParOldGen       total 156672K, used 99844K [0x0000000086c00000, 0x0000000090500000, 0x00000000d7980000)
  object space 156672K, 63% used [0x0000000086c00000,0x000000008cd81298,0x0000000090500000)
 Metaspace       used 6608K, capacity 6810K, committed 7040K, reserved 1056768K
  class space    used 739K, capacity 801K, committed 896K, reserved 1048576K
}
Event: 8.458 GC heap before
{Heap before GC invocations=10 (full 1):
 PSYoungGen      total 204800K, used 185209K [0x00000000d7980000, 0x00000000e7200000, 0x0000000100000000)
  eden space 167936K, 91% used [0x00000000d7980000,0x00000000e0ffe5a0,0x00000000e1d80000)
  from space 36864K, 84% used [0x00000000e4380000,0x00000000e61e0030,0x00000000e6780000)
  to   space 38912K, 0% used [0x00000000e1d80000,0x00000000e1d80000,0x00000000e4380000)
 ParOldGen       total 156672K, used 99844K [0x0000000086c00000, 0x0000000090500000, 0x00000000d7980000)
  object space 156672K, 63% used [0x0000000086c00000,0x000000008cd81298,0x0000000090500000)
 Metaspace       used 6608K, capacity 6810K, committed 7040K, reserved 1056768K
  class space    used 739K, capacity 801K, committed 896K, reserved 1048576K
Event: 8.484 GC heap after
Heap after GC invocations=10 (full 1):
 PSYoungGen      total 206848K, used 24495K [0x00000000d7980000, 0x00000000eaa00000, 0x0000000100000000)
  eden space 167936K, 0% used [0x00000000d7980000,0x00000000d7980000,0x00000000e1d80000)
  from space 38912K, 62% used [0x00000000e1d80000,0x00000000e356bd10,0x00000000e4380000)
  to   space 37888K, 0% used [0x00000000e8500000,0x00000000e8500000,0x00000000eaa00000)
 ParOldGen       total 156672K, used 103052K [0x0000000086c00000, 0x0000000090500000, 0x00000000d7980000)
  object space 156672K, 65% used [0x0000000086c00000,0x000000008d0a32a8,0x0000000090500000)
 Metaspace       used 6608K, capacity 6810K, committed 7040K, reserved 1056768K
  class space    used 739K, capacity 801K, committed 896K, reserved 1048576K
}

