# JRE version: OpenJDK Runtime Environment (8.0_242-b08) (build 1.8.0_242-8u242-b08-0ubuntu3~18.04-b08)
# Java VM: OpenJDK 64-Bit Server VM (25.242-b08 mixed mode linux-amd64 compressed oops)
Heap:
 PSYoungGen      total 183296K, used 6994K [0x0000000786b00000, 0x00000007a9500000, 0x00000007c0000000)
  eden space 176128K, 3% used [0x0000000786b00000,0x00000007871d4ba8,0x0000000791700000)
  from space 7168K, 0% used [0x0000000791700000,0x0000000791700000,0x0000000791e00000)
  to   space 107520K, 0% used [0x00000007a2c00000,0x00000007a2c00000,0x00000007a9500000)
 ParOldGen       total 318464K, used 149497K [0x0000000714000000, 0x0000000727700000, 0x0000000786b00000)
  object space 318464K, 46% used [0x0000000714000000,0x000000071d1fe6c0,0x0000000727700000)
 Metaspace       used 7097K, capacity 7292K, committed 7552K, reserved 1056768K
  class space    used 763K, capacity 834K, committed 896K, reserved 1048576K
GC Heap History (10 events):
Event: 0.845 GC heap before
{Heap before GC invocations=2 (full 0):
 PSYoungGen      total 51200K, used 50091K [0x0000000786b00000, 0x000000078cf00000, 0x00000007c0000000)
  eden space 44032K, 100% used [0x0000000786b00000,0x0000000789600000,0x0000000789600000)
  from space 7168K, 84% used [0x0000000789600000,0x0000000789beae50,0x0000000789d00000)
  to   space 7168K, 0% used [0x000000078c800000,0x000000078c800000,0x000000078cf00000)
 ParOldGen       total 117760K, used 8K [0x0000000714000000, 0x000000071b300000, 0x0000000786b00000)
  object space 117760K, 0% used [0x0000000714000000,0x0000000714002000,0x000000071b300000)
 Metaspace       used 6933K, capacity 7132K, committed 7296K, reserved 1056768K
  class space    used 751K, capacity 802K, committed 896K, reserved 1048576K
Event: 0.850 GC heap after
Heap after GC invocations=2 (full 0):
 PSYoungGen      total 95232K, used 4624K [0x0000000786b00000, 0x000000078cf00000, 0x00000007c0000000)
  eden space 88064K, 0% used [0x0000000786b00000,0x0000000786b00000,0x000000078c100000)
  from space 7168K, 64% used [0x000000078c800000,0x000000078cc84040,0x000000078cf00000)
  to   space 7168K, 0% used [0x000000078c100000,0x000000078c100000,0x000000078c800000)
 ParOldGen       total 117760K, used 16K [0x0000000714000000, 0x000000071b300000, 0x0000000786b00000)
  object space 117760K, 0% used [0x0000000714000000,0x0000000714004000,0x000000071b300000)
 Metaspace       used 6933K, capacity 7132K, committed 7296K, reserved 1056768K
  class space    used 751K, capacity 802K, committed 896K, reserved 1048576K
}
Event: 1.074 GC heap before
{Heap before GC invocations=3 (full 0):
 PSYoungGen      total 95232K, used 92688K [0x0000000786b00000, 0x000000078cf00000, 0x00000007c0000000)
  eden space 88064K, 100% used [0x0000000786b00000,0x000000078c100000,0x000000078c100000)
  from space 7168K, 64% used [0x000000078c800000,0x000000078cc84040,0x000000078cf00000)
  to   space 7168K, 0% used [0x000000078c100000,0x000000078c100000,0x000000078c800000)
 ParOldGen       total 117760K, used 16K [0x0000000714000000, 0x000000071b300000, 0x0000000786b00000)
  object space 117760K, 0% used [0x0000000714000000,0x0000000714004000,0x000000071b300000)
 Metaspace       used 6936K, capacity 7132K, committed 7296K, reserved 1056768K
  class space    used 751K, capacity 802K, committed 896K, reserved 1048576K
Event: 1.087 GC heap after
Heap after GC invocations=3 (full 0):
 PSYoungGen      total 95232K, used 7145K [0x0000000786b00000, 0x0000000792500000, 0x00000007c0000000)
  eden space 88064K, 0% used [0x0000000786b00000,0x0000000786b00000,0x000000078c100000)
  from space 7168K, 99% used [0x000000078c100000,0x000000078c7fa430,0x000000078c800000)
  to   space 7168K, 0% used [0x0000000791e00000,0x0000000791e00000,0x0000000792500000)
 ParOldGen       total 117760K, used 4192K [0x0000000714000000, 0x000000071b300000, 0x0000000786b00000)
  object space 117760K, 3% used [0x0000000714000000,0x0000000714418000,0x000000071b300000)
 Metaspace       used 6936K, capacity 7132K, committed 7296K, reserved 1056768K
  class space    used 751K, capacity 802K, committed 896K, reserved 1048576K
}
Event: 1.156 GC heap before
{Heap before GC invocations=4 (full 0):
 PSYoungGen      total 95232K, used 95209K [0x0000000786b00000, 0x0000000792500000, 0x00000007c0000000)
  eden space 88064K, 100% used [0x0000000786b00000,0x000000078c100000,0x000000078c100000)
  from space 7168K, 99% used [0x000000078c100000,0x000000078c7fa430,0x000000078c800000)
  to   space 7168K, 0% used [0x0000000791e00000,0x0000000791e00000,0x0000000792500000)
 ParOldGen       total 117760K, used 4192K [0x0000000714000000, 0x000000071b300000, 0x0000000786b00000)
  object space 117760K, 3% used [0x0000000714000000,0x0000000714418000,0x000000071b300000)
 Metaspace       used 6937K, capacity 7132K, committed 7296K, reserved 1056768K
  class space    used 751K, capacity 802K, committed 896K, reserved 1048576K
Event: 1.165 GC heap after
Heap after GC invocations=4 (full 0):
 PSYoungGen      total 183296K, used 6224K [0x0000000786b00000, 0x0000000792500000, 0x00000007c0000000)
  eden space 176128K, 0% used [0x0000000786b00000,0x0000000786b00000,0x0000000791700000)
  from space 7168K, 86% used [0x0000000791e00000,0x0000000792414010,0x0000000792500000)
  to   space 7168K, 0% used [0x0000000791700000,0x0000000791700000,0x0000000791e00000)
 ParOldGen       total 117760K, used 12456K [0x0000000714000000, 0x000000071b300000, 0x0000000786b00000)
  object space 117760K, 10% used [0x0000000714000000,0x0000000714c2a010,0x000000071b300000)
 Metaspace       used 6937K, capacity 7132K, committed 7296K, reserved 1056768K
  class space    used 751K, capacity 802K, committed 896K, reserved 1048576K
}
Event: 17.661 GC heap before
{Heap before GC invocations=5 (full 0):
 PSYoungGen      total 183296K, used 182352K [0x0000000786b00000, 0x0000000792500000, 0x00000007c0000000)
  eden space 176128K, 100% used [0x0000000786b00000,0x0000000791700000,0x0000000791700000)
  from space 7168K, 86% used [0x0000000791e00000,0x0000000792414010,0x0000000792500000)
  to   space 7168K, 0% used [0x0000000791700000,0x0000000791700000,0x0000000791e00000)
 ParOldGen       total 117760K, used 12456K [0x0000000714000000, 0x000000071b300000, 0x0000000786b00000)
  object space 117760K, 10% used [0x0000000714000000,0x0000000714c2a010,0x000000071b300000)
 Metaspace       used 7095K, capacity 7292K, committed 7552K, reserved 1056768K
  class space    used 763K, capacity 834K, committed 896K, reserved 1048576K
Event: 18.041 GC heap after
Heap after GC invocations=5 (full 0):
 PSYoungGen      total 183296K, used 7168K [0x0000000786b00000, 0x00000007a9500000, 0x00000007c0000000)
  eden space 176128K, 0% used [0x0000000786b00000,0x0000000786b00000,0x0000000791700000)
  from space 7168K, 100% used [0x0000000791700000,0x0000000791e00000,0x0000000791e00000)
  to   space 107520K, 0% used [0x00000007a2c00000,0x00000007a2c00000,0x00000007a9500000)
 ParOldGen       total 155136K, used 154688K [0x0000000714000000, 0x000000071d780000, 0x0000000786b00000)
  object space 155136K, 99% used [0x0000000714000000,0x000000071d710010,0x000000071d780000)
 Metaspace       used 7095K, capacity 7292K, committed 7552K, reserved 1056768K
  class space    used 763K, capacity 834K, committed 896K, reserved 1048576K
}
Event: 18.041 GC heap before
{Heap before GC invocations=6 (full 1):
 PSYoungGen      total 183296K, used 7168K [0x0000000786b00000, 0x00000007a9500000, 0x00000007c0000000)
  eden space 176128K, 0% used [0x0000000786b00000,0x0000000786b00000,0x0000000791700000)
  from space 7168K, 100% used [0x0000000791700000,0x0000000791e00000,0x0000000791e00000)
  to   space 107520K, 0% used [0x00000007a2c00000,0x00000007a2c00000,0x00000007a9500000)
 ParOldGen       total 155136K, used 154688K [0x0000000714000000, 0x000000071d780000, 0x0000000786b00000)
  object space 155136K, 99% used [0x0000000714000000,0x000000071d710010,0x000000071d780000)
 Metaspace       used 7095K, capacity 7292K, committed 7552K, reserved 1056768K
  class space    used 763K, capacity 834K, committed 896K, reserved 1048576K
Event: 19.024 GC heap after
Heap after GC invocations=6 (full 1):
 PSYoungGen      total 183296K, used 0K [0x0000000786b00000, 0x00000007a9500000, 0x00000007c0000000)
  eden space 176128K, 0% used [0x0000000786b00000,0x0000000786b00000,0x0000000791700000)
  from space 7168K, 0% used [0x0000000791700000,0x0000000791700000,0x0000000791e00000)
  to   space 107520K, 0% used [0x00000007a2c00000,0x00000007a2c00000,0x00000007a9500000)
 ParOldGen       total 318464K, used 149497K [0x0000000714000000, 0x0000000727700000, 0x0000000786b00000)
  object space 318464K, 46% used [0x0000000714000000,0x000000071d1fe6c0,0x0000000727700000)
 Metaspace       used 7095K, capacity 7292K, committed 7552K, reserved 1056768K
  class space    used 763K, capacity 834K, committed 896K, reserved 1048576K
}

