# JRE version: Java(TM) SE Runtime Environment (8.0_91-b14) (build 1.8.0_91-b14)
# Java VM: Java HotSpot(TM) 64-Bit Server VM (25.91-b14 mixed mode linux-amd64 compressed oops)
Heap:
 PSYoungGen      total 2576384K, used 153801K [0x0000000719100000, 0x00000007c0000000, 0x00000007c0000000)
  eden space 2471936K, 1% used [0x0000000719100000,0x000000071c13a6a0,0x00000007aff00000)
  from space 104448K, 99% used [0x00000007b9a00000,0x00000007bfff8040,0x00000007c0000000)
  to   space 131584K, 0% used [0x00000007aff00000,0x00000007aff00000,0x00000007b7f80000)
 ParOldGen       total 343040K, used 154459K [0x00000005cb200000, 0x00000005e0100000, 0x0000000719100000)
  object space 343040K, 45% used [0x00000005cb200000,0x00000005d48d6fc8,0x00000005e0100000)
 Metaspace       used 7886K, capacity 8122K, committed 8192K, reserved 1056768K
  class space    used 881K, capacity 961K, committed 1024K, reserved 1048576K
GC Heap History (10 events):
Event: 16.954 GC heap before
{Heap before GC invocations=10 (full 0):
 PSYoungGen      total 2113024K, used 2110000K [0x0000000719100000, 0x00000007c0000000, 0x00000007c0000000)
  eden space 2042368K, 100% used [0x0000000719100000,0x0000000795b80000,0x0000000795b80000)
  from space 70656K, 95% used [0x0000000795b80000,0x0000000799d8c120,0x000000079a080000)
  to   space 79872K, 0% used [0x00000007bb200000,0x00000007bb200000,0x00000007c0000000)
 ParOldGen       total 343040K, used 49175K [0x00000005cb200000, 0x00000005e0100000, 0x0000000719100000)
  object space 343040K, 14% used [0x00000005cb200000,0x00000005ce205eb8,0x00000005e0100000)
 Metaspace       used 7861K, capacity 7994K, committed 8192K, reserved 1056768K
  class space    used 881K, capacity 961K, committed 1024K, reserved 1048576K
Event: 16.990 GC heap after
Heap after GC invocations=10 (full 0):
 PSYoungGen      total 2618368K, used 79840K [0x0000000719100000, 0x00000007c0000000, 0x00000007c0000000)
  eden space 2538496K, 0% used [0x0000000719100000,0x0000000719100000,0x00000007b4000000)
  from space 79872K, 99% used [0x00000007bb200000,0x00000007bfff8100,0x00000007c0000000)
  to   space 98304K, 0% used [0x00000007b4000000,0x00000007b4000000,0x00000007ba000000)
 ParOldGen       total 343040K, used 68695K [0x00000005cb200000, 0x00000005e0100000, 0x0000000719100000)
  object space 343040K, 20% used [0x00000005cb200000,0x00000005cf515ed8,0x00000005e0100000)
 Metaspace       used 7861K, capacity 7994K, committed 8192K, reserved 1056768K
  class space    used 881K, capacity 961K, committed 1024K, reserved 1048576K
}
Event: 21.625 GC heap before
{Heap before GC invocations=11 (full 0):
 PSYoungGen      total 2618368K, used 2618336K [0x0000000719100000, 0x00000007c0000000, 0x00000007c0000000)
  eden space 2538496K, 100% used [0x0000000719100000,0x00000007b4000000,0x00000007b4000000)
  from space 79872K, 99% used [0x00000007bb200000,0x00000007bfff8100,0x00000007c0000000)
  to   space 98304K, 0% used [0x00000007b4000000,0x00000007b4000000,0x00000007ba000000)
 ParOldGen       total 343040K, used 68695K [0x00000005cb200000, 0x00000005e0100000, 0x0000000719100000)
  object space 343040K, 20% used [0x00000005cb200000,0x00000005cf515ed8,0x00000005e0100000)
 Metaspace       used 7868K, capacity 7994K, committed 8192K, reserved 1056768K
  class space    used 881K, capacity 961K, committed 1024K, reserved 1048576K
Event: 21.652 GC heap after
Heap after GC invocations=11 (full 0):
 PSYoungGen      total 2636800K, used 44384K [0x0000000719100000, 0x00000007c0000000, 0x00000007c0000000)
  eden space 2538496K, 0% used [0x0000000719100000,0x0000000719100000,0x00000007b4000000)
  from space 98304K, 45% used [0x00000007b4000000,0x00000007b6b58160,0x00000007ba000000)
  to   space 93184K, 0% used [0x00000007ba500000,0x00000007ba500000,0x00000007c0000000)
 ParOldGen       total 343040K, used 85175K [0x00000005cb200000, 0x00000005e0100000, 0x0000000719100000)
  object space 343040K, 24% used [0x00000005cb200000,0x00000005d052df08,0x00000005e0100000)
 Metaspace       used 7868K, capacity 7994K, committed 8192K, reserved 1056768K
  class space    used 881K, capacity 961K, committed 1024K, reserved 1048576K
}
Event: 25.816 GC heap before
{Heap before GC invocations=12 (full 0):
 PSYoungGen      total 2636800K, used 2582880K [0x0000000719100000, 0x00000007c0000000, 0x00000007c0000000)
  eden space 2538496K, 100% used [0x0000000719100000,0x00000007b4000000,0x00000007b4000000)
  from space 98304K, 45% used [0x00000007b4000000,0x00000007b6b58160,0x00000007ba000000)
  to   space 93184K, 0% used [0x00000007ba500000,0x00000007ba500000,0x00000007c0000000)
 ParOldGen       total 343040K, used 85175K [0x00000005cb200000, 0x00000005e0100000, 0x0000000719100000)
  object space 343040K, 24% used [0x00000005cb200000,0x00000005d052df08,0x00000005e0100000)
 Metaspace       used 7868K, capacity 7994K, committed 8192K, reserved 1056768K
  class space    used 881K, capacity 961K, committed 1024K, reserved 1048576K
Event: 25.852 GC heap after
Heap after GC invocations=12 (full 0):
 PSYoungGen      total 2635776K, used 64224K [0x0000000719100000, 0x00000007bff00000, 0x00000007c0000000)
  eden space 2543616K, 0% used [0x0000000719100000,0x0000000719100000,0x00000007b4500000)
  from space 92160K, 69% used [0x00000007ba500000,0x00000007be3b8180,0x00000007bff00000)
  to   space 95232K, 0% used [0x00000007b4500000,0x00000007b4500000,0x00000007ba200000)
 ParOldGen       total 343040K, used 110291K [0x00000005cb200000, 0x00000005e0100000, 0x0000000719100000)
  object space 343040K, 32% used [0x00000005cb200000,0x00000005d1db4f78,0x00000005e0100000)
 Metaspace       used 7868K, capacity 7994K, committed 8192K, reserved 1056768K
  class space    used 881K, capacity 961K, committed 1024K, reserved 1048576K
}
Event: 30.102 GC heap before
{Heap before GC invocations=13 (full 0):
 PSYoungGen      total 2635776K, used 2607840K [0x0000000719100000, 0x00000007bff00000, 0x00000007c0000000)
  eden space 2543616K, 100% used [0x0000000719100000,0x00000007b4500000,0x00000007b4500000)
  from space 92160K, 69% used [0x00000007ba500000,0x00000007be3b8180,0x00000007bff00000)
  to   space 95232K, 0% used [0x00000007b4500000,0x00000007b4500000,0x00000007ba200000)
 ParOldGen       total 343040K, used 110291K [0x00000005cb200000, 0x00000005e0100000, 0x0000000719100000)
  object space 343040K, 32% used [0x00000005cb200000,0x00000005d1db4f78,0x00000005e0100000)
 Metaspace       used 7868K, capacity 7994K, committed 8192K, reserved 1056768K
  class space    used 881K, capacity 961K, committed 1024K, reserved 1048576K
Event: 30.142 GC heap after
Heap after GC invocations=13 (full 0):
 PSYoungGen      total 2630656K, used 86976K [0x0000000719100000, 0x00000007c0000000, 0x00000007c0000000)
  eden space 2543616K, 0% used [0x0000000719100000,0x0000000719100000,0x00000007b4500000)
  from space 87040K, 99% used [0x00000007b4500000,0x00000007b99f0130,0x00000007b9a00000)
  to   space 104448K, 0% used [0x00000007b9a00000,0x00000007b9a00000,0x00000007c0000000)
 ParOldGen       total 343040K, used 123643K [0x00000005cb200000, 0x00000005e0100000, 0x0000000719100000)
  object space 343040K, 36% used [0x00000005cb200000,0x00000005d2abefa8,0x00000005e0100000)
 Metaspace       used 7868K, capacity 7994K, committed 8192K, reserved 1056768K
  class space    used 881K, capacity 961K, committed 1024K, reserved 1048576K
}
Event: 37.401 GC heap before
{Heap before GC invocations=14 (full 0):
 PSYoungGen      total 2630656K, used 2630592K [0x0000000719100000, 0x00000007c0000000, 0x00000007c0000000)
  eden space 2543616K, 100% used [0x0000000719100000,0x00000007b4500000,0x00000007b4500000)
  from space 87040K, 99% used [0x00000007b4500000,0x00000007b99f0130,0x00000007b9a00000)
  to   space 104448K, 0% used [0x00000007b9a00000,0x00000007b9a00000,0x00000007c0000000)
 ParOldGen       total 343040K, used 123643K [0x00000005cb200000, 0x00000005e0100000, 0x0000000719100000)
  object space 343040K, 36% used [0x00000005cb200000,0x00000005d2abefa8,0x00000005e0100000)
 Metaspace       used 7886K, capacity 8122K, committed 8192K, reserved 1056768K
  class space    used 881K, capacity 961K, committed 1024K, reserved 1048576K
Event: 37.549 GC heap after
Heap after GC invocations=14 (full 0):
 PSYoungGen      total 2576384K, used 104416K [0x0000000719100000, 0x00000007c0000000, 0x00000007c0000000)
  eden space 2471936K, 0% used [0x0000000719100000,0x0000000719100000,0x00000007aff00000)
  from space 104448K, 99% used [0x00000007b9a00000,0x00000007bfff8040,0x00000007c0000000)
  to   space 131584K, 0% used [0x00000007aff00000,0x00000007aff00000,0x00000007b7f80000)
 ParOldGen       total 343040K, used 154459K [0x00000005cb200000, 0x00000005e0100000, 0x0000000719100000)
  object space 343040K, 45% used [0x00000005cb200000,0x00000005d48d6fc8,0x00000005e0100000)
 Metaspace       used 7886K, capacity 8122K, committed 8192K, reserved 1056768K
  class space    used 881K, capacity 961K, committed 1024K, reserved 1048576K
}

