# JRE version: Java(TM) SE Runtime Environment (8.0_91-b14) (build 1.8.0_91-b14)
# Java VM: Java HotSpot(TM) 64-Bit Server VM (25.91-b14 mixed mode linux-amd64 compressed oops)
Heap:
 PSYoungGen      total 1289216K, used 21076K [0x0000000719100000, 0x0000000799b80000, 0x00000007c0000000)
  eden space 1055744K, 1% used [0x0000000719100000,0x000000071a595130,0x0000000759800000)
  from space 233472K, 0% used [0x0000000773480000,0x0000000773480000,0x0000000781880000)
  to   space 422400K, 0% used [0x0000000759800000,0x0000000759800000,0x0000000773480000)
 ParOldGen       total 1166336K, used 554480K [0x00000005cb200000, 0x0000000612500000, 0x0000000719100000)
  object space 1166336K, 47% used [0x00000005cb200000,0x00000005ecf7c058,0x0000000612500000)
 Metaspace       used 6775K, capacity 6938K, committed 7040K, reserved 1056768K
  class space    used 743K, capacity 801K, committed 896K, reserved 1048576K
GC Heap History (10 events):
Event: 17.587 GC heap before
{Heap before GC invocations=12 (full 1):
 PSYoungGen      total 1189888K, used 1187904K [0x0000000719100000, 0x0000000770180000, 0x00000007c0000000)
  eden space 1021440K, 100% used [0x0000000719100000,0x0000000757680000,0x0000000757680000)
  from space 168448K, 98% used [0x0000000762f00000,0x000000076d190060,0x000000076d380000)
  to   space 188928K, 0% used [0x0000000757680000,0x0000000757680000,0x0000000762f00000)
 ParOldGen       total 624640K, used 277415K [0x00000005cb200000, 0x00000005f1400000, 0x0000000719100000)
  object space 624640K, 44% used [0x00000005cb200000,0x00000005dc0e9ee0,0x00000005f1400000)
 Metaspace       used 6569K, capacity 6746K, committed 7040K, reserved 1056768K
  class space    used 731K, capacity 801K, committed 896K, reserved 1048576K
Event: 17.643 GC heap after
Heap after GC invocations=12 (full 1):
 PSYoungGen      total 1210368K, used 116480K [0x0000000719100000, 0x0000000775900000, 0x00000007c0000000)
  eden space 1021440K, 0% used [0x0000000719100000,0x0000000719100000,0x0000000757680000)
  from space 188928K, 61% used [0x0000000757680000,0x000000075e840030,0x0000000762f00000)
  to   space 187392K, 0% used [0x000000076a200000,0x000000076a200000,0x0000000775900000)
 ParOldGen       total 624640K, used 277415K [0x00000005cb200000, 0x00000005f1400000, 0x0000000719100000)
  object space 624640K, 44% used [0x00000005cb200000,0x00000005dc0e9ee0,0x00000005f1400000)
 Metaspace       used 6569K, capacity 6746K, committed 7040K, reserved 1056768K
  class space    used 731K, capacity 801K, committed 896K, reserved 1048576K
}
Event: 20.110 GC heap before
{Heap before GC invocations=13 (full 1):
 PSYoungGen      total 1210368K, used 1137920K [0x0000000719100000, 0x0000000775900000, 0x00000007c0000000)
  eden space 1021440K, 100% used [0x0000000719100000,0x0000000757680000,0x0000000757680000)
  from space 188928K, 61% used [0x0000000757680000,0x000000075e840030,0x0000000762f00000)
  to   space 187392K, 0% used [0x000000076a200000,0x000000076a200000,0x0000000775900000)
 ParOldGen       total 624640K, used 277415K [0x00000005cb200000, 0x00000005f1400000, 0x0000000719100000)
  object space 624640K, 44% used [0x00000005cb200000,0x00000005dc0e9ee0,0x00000005f1400000)
 Metaspace       used 6579K, capacity 6746K, committed 7040K, reserved 1056768K
  class space    used 731K, capacity 801K, committed 896K, reserved 1048576K
Event: 20.231 GC heap after
Heap after GC invocations=13 (full 1):
 PSYoungGen      total 1303040K, used 187360K [0x0000000719100000, 0x0000000778b00000, 0x00000007c0000000)
  eden space 1115648K, 0% used [0x0000000719100000,0x0000000719100000,0x000000075d280000)
  from space 187392K, 99% used [0x000000076a200000,0x00000007758f8070,0x0000000775900000)
  to   space 212480K, 0% used [0x000000075d280000,0x000000075d280000,0x000000076a200000)
 ParOldGen       total 624640K, used 280311K [0x00000005cb200000, 0x00000005f1400000, 0x0000000719100000)
  object space 624640K, 44% used [0x00000005cb200000,0x00000005dc3bdee0,0x00000005f1400000)
 Metaspace       used 6579K, capacity 6746K, committed 7040K, reserved 1056768K
  class space    used 731K, capacity 801K, committed 896K, reserved 1048576K
}
Event: 22.671 GC heap before
{Heap before GC invocations=14 (full 1):
 PSYoungGen      total 1303040K, used 1303008K [0x0000000719100000, 0x0000000778b00000, 0x00000007c0000000)
  eden space 1115648K, 100% used [0x0000000719100000,0x000000075d280000,0x000000075d280000)
  from space 187392K, 99% used [0x000000076a200000,0x00000007758f8070,0x0000000775900000)
  to   space 212480K, 0% used [0x000000075d280000,0x000000075d280000,0x000000076a200000)
 ParOldGen       total 624640K, used 280311K [0x00000005cb200000, 0x00000005f1400000, 0x0000000719100000)
  object space 624640K, 44% used [0x00000005cb200000,0x00000005dc3bdee0,0x00000005f1400000)
 Metaspace       used 6579K, capacity 6746K, committed 7040K, reserved 1056768K
  class space    used 731K, capacity 801K, committed 896K, reserved 1048576K
Event: 22.776 GC heap after
Heap after GC invocations=14 (full 1):
 PSYoungGen      total 1328128K, used 191968K [0x0000000719100000, 0x0000000781880000, 0x00000007c0000000)
  eden space 1115648K, 0% used [0x0000000719100000,0x0000000719100000,0x000000075d280000)
  from space 212480K, 90% used [0x000000075d280000,0x0000000768df8070,0x000000076a200000)
  to   space 233472K, 0% used [0x0000000773480000,0x0000000773480000,0x0000000781880000)
 ParOldGen       total 624640K, used 280311K [0x00000005cb200000, 0x00000005f1400000, 0x0000000719100000)
  object space 624640K, 44% used [0x00000005cb200000,0x00000005dc3bdee0,0x00000005f1400000)
 Metaspace       used 6579K, capacity 6746K, committed 7040K, reserved 1056768K
  class space    used 731K, capacity 801K, committed 896K, reserved 1048576K
}
Event: 33.608 GC heap before
{Heap before GC invocations=15 (full 1):
 PSYoungGen      total 1328128K, used 1307616K [0x0000000719100000, 0x0000000781880000, 0x00000007c0000000)
  eden space 1115648K, 100% used [0x0000000719100000,0x000000075d280000,0x000000075d280000)
  from space 212480K, 90% used [0x000000075d280000,0x0000000768df8070,0x000000076a200000)
  to   space 233472K, 0% used [0x0000000773480000,0x0000000773480000,0x0000000781880000)
 ParOldGen       total 624640K, used 280311K [0x00000005cb200000, 0x00000005f1400000, 0x0000000719100000)
  object space 624640K, 44% used [0x00000005cb200000,0x00000005dc3bdee0,0x00000005f1400000)
 Metaspace       used 6775K, capacity 6938K, committed 7040K, reserved 1056768K
  class space    used 743K, capacity 801K, committed 896K, reserved 1048576K
Event: 34.504 GC heap after
Heap after GC invocations=15 (full 1):
 PSYoungGen      total 1289216K, used 233440K [0x0000000719100000, 0x0000000799b80000, 0x00000007c0000000)
  eden space 1055744K, 0% used [0x0000000719100000,0x0000000719100000,0x0000000759800000)
  from space 233472K, 99% used [0x0000000773480000,0x0000000781878050,0x0000000781880000)
  to   space 422400K, 0% used [0x0000000759800000,0x0000000759800000,0x0000000773480000)
 ParOldGen       total 705024K, used 704599K [0x00000005cb200000, 0x00000005f6280000, 0x0000000719100000)
  object space 705024K, 99% used [0x00000005cb200000,0x00000005f6215ee0,0x00000005f6280000)
 Metaspace       used 6775K, capacity 6938K, committed 7040K, reserved 1056768K
  class space    used 743K, capacity 801K, committed 896K, reserved 1048576K
}
Event: 34.504 GC heap before
{Heap before GC invocations=16 (full 2):
 PSYoungGen      total 1289216K, used 233440K [0x0000000719100000, 0x0000000799b80000, 0x00000007c0000000)
  eden space 1055744K, 0% used [0x0000000719100000,0x0000000719100000,0x0000000759800000)
  from space 233472K, 99% used [0x0000000773480000,0x0000000781878050,0x0000000781880000)
  to   space 422400K, 0% used [0x0000000759800000,0x0000000759800000,0x0000000773480000)
 ParOldGen       total 705024K, used 704599K [0x00000005cb200000, 0x00000005f6280000, 0x0000000719100000)
  object space 705024K, 99% used [0x00000005cb200000,0x00000005f6215ee0,0x00000005f6280000)
 Metaspace       used 6775K, capacity 6938K, committed 7040K, reserved 1056768K
  class space    used 743K, capacity 801K, committed 896K, reserved 1048576K
Event: 37.624 GC heap after
Heap after GC invocations=16 (full 2):
 PSYoungGen      total 1289216K, used 0K [0x0000000719100000, 0x0000000799b80000, 0x00000007c0000000)
  eden space 1055744K, 0% used [0x0000000719100000,0x0000000719100000,0x0000000759800000)
  from space 233472K, 0% used [0x0000000773480000,0x0000000773480000,0x0000000781880000)
  to   space 422400K, 0% used [0x0000000759800000,0x0000000759800000,0x0000000773480000)
 ParOldGen       total 1166336K, used 554480K [0x00000005cb200000, 0x0000000612500000, 0x0000000719100000)
  object space 1166336K, 47% used [0x00000005cb200000,0x00000005ecf7c058,0x0000000612500000)
 Metaspace       used 6775K, capacity 6938K, committed 7040K, reserved 1056768K
  class space    used 743K, capacity 801K, committed 896K, reserved 1048576K
}

