# JRE version: Java(TM) SE Runtime Environment (8.0_91-b14) (build 1.8.0_91-b14)
# Java VM: Java HotSpot(TM) 64-Bit Server VM (25.91-b14 mixed mode linux-amd64 compressed oops)
Heap:
 PSYoungGen      total 279040K, used 10264K [0x0000000719100000, 0x000000073b200000, 0x00000007c0000000)
  eden space 258048K, 3% used [0x0000000719100000,0x0000000719b06368,0x0000000728d00000)
  from space 20992K, 0% used [0x0000000728d00000,0x0000000728d00000,0x000000072a180000)
  to   space 20992K, 0% used [0x0000000739d80000,0x0000000739d80000,0x000000073b200000)
 ParOldGen       total 720384K, used 283060K [0x00000005cb200000, 0x00000005f7180000, 0x0000000719100000)
  object space 720384K, 39% used [0x00000005cb200000,0x00000005dc66d0d8,0x00000005f7180000)
 Metaspace       used 6606K, capacity 6810K, committed 7040K, reserved 1056768K
  class space    used 737K, capacity 801K, committed 896K, reserved 1048576K
GC Heap History (8 events):
Event: 2.462 GC heap before
{Heap before GC invocations=1 (full 0):
 PSYoungGen      total 150016K, used 129024K [0x0000000719100000, 0x0000000723800000, 0x00000007c0000000)
  eden space 129024K, 100% used [0x0000000719100000,0x0000000720f00000,0x0000000720f00000)
  from space 20992K, 0% used [0x0000000722380000,0x0000000722380000,0x0000000723800000)
  to   space 20992K, 0% used [0x0000000720f00000,0x0000000720f00000,0x0000000722380000)
 ParOldGen       total 343040K, used 0K [0x00000005cb200000, 0x00000005e0100000, 0x0000000719100000)
  object space 343040K, 0% used [0x00000005cb200000,0x00000005cb200000,0x00000005e0100000)
 Metaspace       used 6593K, capacity 6746K, committed 7040K, reserved 1056768K
  class space    used 737K, capacity 801K, committed 896K, reserved 1048576K
Event: 2.617 GC heap after
Heap after GC invocations=1 (full 0):
 PSYoungGen      total 150016K, used 20976K [0x0000000719100000, 0x000000072b600000, 0x00000007c0000000)
  eden space 129024K, 0% used [0x0000000719100000,0x0000000719100000,0x0000000720f00000)
  from space 20992K, 99% used [0x0000000720f00000,0x000000072237c050,0x0000000722380000)
  to   space 20992K, 0% used [0x000000072a180000,0x000000072a180000,0x000000072b600000)
 ParOldGen       total 343040K, used 48372K [0x00000005cb200000, 0x00000005e0100000, 0x0000000719100000)
  object space 343040K, 14% used [0x00000005cb200000,0x00000005ce13d0f0,0x00000005e0100000)
 Metaspace       used 6593K, capacity 6746K, committed 7040K, reserved 1056768K
  class space    used 737K, capacity 801K, committed 896K, reserved 1048576K
}
Event: 2.810 GC heap before
{Heap before GC invocations=2 (full 0):
 PSYoungGen      total 150016K, used 150000K [0x0000000719100000, 0x000000072b600000, 0x00000007c0000000)
  eden space 129024K, 100% used [0x0000000719100000,0x0000000720f00000,0x0000000720f00000)
  from space 20992K, 99% used [0x0000000720f00000,0x000000072237c050,0x0000000722380000)
  to   space 20992K, 0% used [0x000000072a180000,0x000000072a180000,0x000000072b600000)
 ParOldGen       total 343040K, used 48372K [0x00000005cb200000, 0x00000005e0100000, 0x0000000719100000)
  object space 343040K, 14% used [0x00000005cb200000,0x00000005ce13d0f0,0x00000005e0100000)
 Metaspace       used 6605K, capacity 6810K, committed 7040K, reserved 1056768K
  class space    used 737K, capacity 801K, committed 896K, reserved 1048576K
Event: 2.827 GC heap after
Heap after GC invocations=2 (full 0):
 PSYoungGen      total 279040K, used 20960K [0x0000000719100000, 0x000000072b600000, 0x00000007c0000000)
  eden space 258048K, 0% used [0x0000000719100000,0x0000000719100000,0x0000000728d00000)
  from space 20992K, 99% used [0x000000072a180000,0x000000072b5f80b0,0x000000072b600000)
  to   space 20992K, 0% used [0x0000000728d00000,0x0000000728d00000,0x000000072a180000)
 ParOldGen       total 343040K, used 57820K [0x00000005cb200000, 0x00000005e0100000, 0x0000000719100000)
  object space 343040K, 16% used [0x00000005cb200000,0x00000005cea770f0,0x00000005e0100000)
 Metaspace       used 6605K, capacity 6810K, committed 7040K, reserved 1056768K
  class space    used 737K, capacity 801K, committed 896K, reserved 1048576K
}
Event: 6.773 GC heap before
{Heap before GC invocations=3 (full 0):
 PSYoungGen      total 279040K, used 279008K [0x0000000719100000, 0x000000072b600000, 0x00000007c0000000)
  eden space 258048K, 100% used [0x0000000719100000,0x0000000728d00000,0x0000000728d00000)
  from space 20992K, 99% used [0x000000072a180000,0x000000072b5f80b0,0x000000072b600000)
  to   space 20992K, 0% used [0x0000000728d00000,0x0000000728d00000,0x000000072a180000)
 ParOldGen       total 343040K, used 57820K [0x00000005cb200000, 0x00000005e0100000, 0x0000000719100000)
  object space 343040K, 16% used [0x00000005cb200000,0x00000005cea770f0,0x00000005e0100000)
 Metaspace       used 6606K, capacity 6810K, committed 7040K, reserved 1056768K
  class space    used 737K, capacity 801K, committed 896K, reserved 1048576K
Event: 7.117 GC heap after
Heap after GC invocations=3 (full 0):
 PSYoungGen      total 279040K, used 20975K [0x0000000719100000, 0x000000073b200000, 0x00000007c0000000)
  eden space 258048K, 0% used [0x0000000719100000,0x0000000719100000,0x0000000728d00000)
  from space 20992K, 99% used [0x0000000728d00000,0x000000072a17bdb0,0x000000072a180000)
  to   space 20992K, 0% used [0x0000000739d80000,0x0000000739d80000,0x000000073b200000)
 ParOldGen       total 343040K, used 271164K [0x00000005cb200000, 0x00000005e0100000, 0x0000000719100000)
  object space 343040K, 79% used [0x00000005cb200000,0x00000005dbacf0f0,0x00000005e0100000)
 Metaspace       used 6606K, capacity 6810K, committed 7040K, reserved 1056768K
  class space    used 737K, capacity 801K, committed 896K, reserved 1048576K
}
Event: 7.117 GC heap before
{Heap before GC invocations=4 (full 1):
 PSYoungGen      total 279040K, used 20975K [0x0000000719100000, 0x000000073b200000, 0x00000007c0000000)
  eden space 258048K, 0% used [0x0000000719100000,0x0000000719100000,0x0000000728d00000)
  from space 20992K, 99% used [0x0000000728d00000,0x000000072a17bdb0,0x000000072a180000)
  to   space 20992K, 0% used [0x0000000739d80000,0x0000000739d80000,0x000000073b200000)
 ParOldGen       total 343040K, used 271164K [0x00000005cb200000, 0x00000005e0100000, 0x0000000719100000)
  object space 343040K, 79% used [0x00000005cb200000,0x00000005dbacf0f0,0x00000005e0100000)
 Metaspace       used 6606K, capacity 6810K, committed 7040K, reserved 1056768K
  class space    used 737K, capacity 801K, committed 896K, reserved 1048576K
Event: 7.942 GC heap after
Heap after GC invocations=4 (full 1):
 PSYoungGen      total 279040K, used 0K [0x0000000719100000, 0x000000073b200000, 0x00000007c0000000)
  eden space 258048K, 0% used [0x0000000719100000,0x0000000719100000,0x0000000728d00000)
  from space 20992K, 0% used [0x0000000728d00000,0x0000000728d00000,0x000000072a180000)
  to   space 20992K, 0% used [0x0000000739d80000,0x0000000739d80000,0x000000073b200000)
 ParOldGen       total 720384K, used 283060K [0x00000005cb200000, 0x00000005f7180000, 0x0000000719100000)
  object space 720384K, 39% used [0x00000005cb200000,0x00000005dc66d0d8,0x00000005f7180000)
 Metaspace       used 6606K, capacity 6810K, committed 7040K, reserved 1056768K
  class space    used 737K, capacity 801K, committed 896K, reserved 1048576K
}

