# JRE version: Java(TM) SE Runtime Environment (8.0_91-b14) (build 1.8.0_91-b14)
# Java VM: Java HotSpot(TM) 64-Bit Server VM (25.91-b14 mixed mode linux-amd64 compressed oops)
Heap:
 PSYoungGen      total 537088K, used 15394K [0x0000000719100000, 0x000000073b200000, 0x00000007c0000000)
  eden space 516096K, 2% used [0x0000000719100000,0x000000071a008840,0x0000000738900000)
  from space 20992K, 0% used [0x0000000739d80000,0x0000000739d80000,0x000000073b200000)
  to   space 20992K, 0% used [0x0000000738900000,0x0000000738900000,0x0000000739d80000)
 ParOldGen       total 750080K, used 318064K [0x00000005cb200000, 0x00000005f8e80000, 0x0000000719100000)
  object space 750080K, 42% used [0x00000005cb200000,0x00000005de89c010,0x00000005f8e80000)
 Metaspace       used 6558K, capacity 6746K, committed 7040K, reserved 1056768K
  class space    used 731K, capacity 801K, committed 896K, reserved 1048576K
GC Heap History (10 events):
Event: 0.755 GC heap before
{Heap before GC invocations=1 (full 0):
 PSYoungGen      total 150016K, used 129024K [0x0000000719100000, 0x0000000723800000, 0x00000007c0000000)
  eden space 129024K, 100% used [0x0000000719100000,0x0000000720f00000,0x0000000720f00000)
  from space 20992K, 0% used [0x0000000722380000,0x0000000722380000,0x0000000723800000)
  to   space 20992K, 0% used [0x0000000720f00000,0x0000000720f00000,0x0000000722380000)
 ParOldGen       total 343040K, used 0K [0x00000005cb200000, 0x00000005e0100000, 0x0000000719100000)
  object space 343040K, 0% used [0x00000005cb200000,0x00000005cb200000,0x00000005e0100000)
 Metaspace       used 6542K, capacity 6682K, committed 6784K, reserved 1056768K
  class space    used 731K, capacity 801K, committed 896K, reserved 1048576K
Event: 0.806 GC heap after
Heap after GC invocations=1 (full 0):
 PSYoungGen      total 150016K, used 20976K [0x0000000719100000, 0x000000072b600000, 0x00000007c0000000)
  eden space 129024K, 0% used [0x0000000719100000,0x0000000719100000,0x0000000720f00000)
  from space 20992K, 99% used [0x0000000720f00000,0x000000072237c060,0x0000000722380000)
  to   space 20992K, 0% used [0x000000072a180000,0x000000072a180000,0x000000072b600000)
 ParOldGen       total 343040K, used 14418K [0x00000005cb200000, 0x00000005e0100000, 0x0000000719100000)
  object space 343040K, 4% used [0x00000005cb200000,0x00000005cc014a78,0x00000005e0100000)
 Metaspace       used 6542K, capacity 6682K, committed 6784K, reserved 1056768K
  class space    used 731K, capacity 801K, committed 896K, reserved 1048576K
}
Event: 1.073 GC heap before
{Heap before GC invocations=2 (full 0):
 PSYoungGen      total 150016K, used 150000K [0x0000000719100000, 0x000000072b600000, 0x00000007c0000000)
  eden space 129024K, 100% used [0x0000000719100000,0x0000000720f00000,0x0000000720f00000)
  from space 20992K, 99% used [0x0000000720f00000,0x000000072237c060,0x0000000722380000)
  to   space 20992K, 0% used [0x000000072a180000,0x000000072a180000,0x000000072b600000)
 ParOldGen       total 343040K, used 14418K [0x00000005cb200000, 0x00000005e0100000, 0x0000000719100000)
  object space 343040K, 4% used [0x00000005cb200000,0x00000005cc014a78,0x00000005e0100000)
 Metaspace       used 6556K, capacity 6746K, committed 7040K, reserved 1056768K
  class space    used 731K, capacity 801K, committed 896K, reserved 1048576K
Event: 1.093 GC heap after
Heap after GC invocations=2 (full 0):
 PSYoungGen      total 279040K, used 20960K [0x0000000719100000, 0x000000072b600000, 0x00000007c0000000)
  eden space 258048K, 0% used [0x0000000719100000,0x0000000719100000,0x0000000728d00000)
  from space 20992K, 99% used [0x000000072a180000,0x000000072b5f8090,0x000000072b600000)
  to   space 20992K, 0% used [0x0000000728d00000,0x0000000728d00000,0x000000072a180000)
 ParOldGen       total 343040K, used 28626K [0x00000005cb200000, 0x00000005e0100000, 0x0000000719100000)
  object space 343040K, 8% used [0x00000005cb200000,0x00000005ccdf4a78,0x00000005e0100000)
 Metaspace       used 6556K, capacity 6746K, committed 7040K, reserved 1056768K
  class space    used 731K, capacity 801K, committed 896K, reserved 1048576K
}
Event: 2.563 GC heap before
{Heap before GC invocations=3 (full 0):
 PSYoungGen      total 279040K, used 279008K [0x0000000719100000, 0x000000072b600000, 0x00000007c0000000)
  eden space 258048K, 100% used [0x0000000719100000,0x0000000728d00000,0x0000000728d00000)
  from space 20992K, 99% used [0x000000072a180000,0x000000072b5f8090,0x000000072b600000)
  to   space 20992K, 0% used [0x0000000728d00000,0x0000000728d00000,0x000000072a180000)
 ParOldGen       total 343040K, used 28626K [0x00000005cb200000, 0x00000005e0100000, 0x0000000719100000)
  object space 343040K, 8% used [0x00000005cb200000,0x00000005ccdf4a78,0x00000005e0100000)
 Metaspace       used 6556K, capacity 6746K, committed 7040K, reserved 1056768K
  class space    used 731K, capacity 801K, committed 896K, reserved 1048576K
Event: 2.656 GC heap after
Heap after GC invocations=3 (full 0):
 PSYoungGen      total 279040K, used 20983K [0x0000000719100000, 0x000000073b200000, 0x00000007c0000000)
  eden space 258048K, 0% used [0x0000000719100000,0x0000000719100000,0x0000000728d00000)
  from space 20992K, 99% used [0x0000000728d00000,0x000000072a17ddc0,0x000000072a180000)
  to   space 20992K, 0% used [0x0000000739d80000,0x0000000739d80000,0x000000073b200000)
 ParOldGen       total 343040K, used 83658K [0x00000005cb200000, 0x00000005e0100000, 0x0000000719100000)
  object space 343040K, 24% used [0x00000005cb200000,0x00000005d03b2a78,0x00000005e0100000)
 Metaspace       used 6556K, capacity 6746K, committed 7040K, reserved 1056768K
  class space    used 731K, capacity 801K, committed 896K, reserved 1048576K
}
Event: 6.522 GC heap before
{Heap before GC invocations=4 (full 0):
 PSYoungGen      total 279040K, used 279031K [0x0000000719100000, 0x000000073b200000, 0x00000007c0000000)
  eden space 258048K, 100% used [0x0000000719100000,0x0000000728d00000,0x0000000728d00000)
  from space 20992K, 99% used [0x0000000728d00000,0x000000072a17ddc0,0x000000072a180000)
  to   space 20992K, 0% used [0x0000000739d80000,0x0000000739d80000,0x000000073b200000)
 ParOldGen       total 343040K, used 83658K [0x00000005cb200000, 0x00000005e0100000, 0x0000000719100000)
  object space 343040K, 24% used [0x00000005cb200000,0x00000005d03b2a78,0x00000005e0100000)
 Metaspace       used 6558K, capacity 6746K, committed 7040K, reserved 1056768K
  class space    used 731K, capacity 801K, committed 896K, reserved 1048576K
Event: 6.926 GC heap after
Heap after GC invocations=4 (full 0):
 PSYoungGen      total 537088K, used 20967K [0x0000000719100000, 0x000000073b200000, 0x00000007c0000000)
  eden space 516096K, 0% used [0x0000000719100000,0x0000000719100000,0x0000000738900000)
  from space 20992K, 99% used [0x0000000739d80000,0x000000073b1f9da0,0x000000073b200000)
  to   space 20992K, 0% used [0x0000000738900000,0x0000000738900000,0x0000000739d80000)
 ParOldGen       total 343040K, used 316254K [0x00000005cb200000, 0x00000005e0100000, 0x0000000719100000)
  object space 343040K, 92% used [0x00000005cb200000,0x00000005de6d7a98,0x00000005e0100000)
 Metaspace       used 6558K, capacity 6746K, committed 7040K, reserved 1056768K
  class space    used 731K, capacity 801K, committed 896K, reserved 1048576K
}
Event: 6.926 GC heap before
{Heap before GC invocations=5 (full 1):
 PSYoungGen      total 537088K, used 20967K [0x0000000719100000, 0x000000073b200000, 0x00000007c0000000)
  eden space 516096K, 0% used [0x0000000719100000,0x0000000719100000,0x0000000738900000)
  from space 20992K, 99% used [0x0000000739d80000,0x000000073b1f9da0,0x000000073b200000)
  to   space 20992K, 0% used [0x0000000738900000,0x0000000738900000,0x0000000739d80000)
 ParOldGen       total 343040K, used 316254K [0x00000005cb200000, 0x00000005e0100000, 0x0000000719100000)
  object space 343040K, 92% used [0x00000005cb200000,0x00000005de6d7a98,0x00000005e0100000)
 Metaspace       used 6558K, capacity 6746K, committed 7040K, reserved 1056768K
  class space    used 731K, capacity 801K, committed 896K, reserved 1048576K
Event: 8.193 GC heap after
Heap after GC invocations=5 (full 1):
 PSYoungGen      total 537088K, used 0K [0x0000000719100000, 0x000000073b200000, 0x00000007c0000000)
  eden space 516096K, 0% used [0x0000000719100000,0x0000000719100000,0x0000000738900000)
  from space 20992K, 0% used [0x0000000739d80000,0x0000000739d80000,0x000000073b200000)
  to   space 20992K, 0% used [0x0000000738900000,0x0000000738900000,0x0000000739d80000)
 ParOldGen       total 750080K, used 318064K [0x00000005cb200000, 0x00000005f8e80000, 0x0000000719100000)
  object space 750080K, 42% used [0x00000005cb200000,0x00000005de89c010,0x00000005f8e80000)
 Metaspace       used 6558K, capacity 6746K, committed 7040K, reserved 1056768K
  class space    used 731K, capacity 801K, committed 896K, reserved 1048576K
}

