# JRE version: Java(TM) SE Runtime Environment (8.0_91-b14) (build 1.8.0_91-b14)
# Java VM: Java HotSpot(TM) 64-Bit Server VM (25.91-b14 mixed mode linux-amd64 compressed oops)
Heap:
 PSYoungGen      total 1647616K, used 18163K [0x0000000719100000, 0x00000007c0000000, 0x00000007c0000000)
  eden space 912384K, 1% used [0x0000000719100000,0x000000071a2bcf48,0x0000000750c00000)
  from space 735232K, 0% used [0x0000000793200000,0x0000000793200000,0x00000007c0000000)
  to   space 911360K, 0% used [0x0000000750c00000,0x0000000750c00000,0x0000000788600000)
 ParOldGen       total 2020352K, used 1201641K [0x00000005cb200000, 0x0000000646700000, 0x0000000719100000)
  object space 2020352K, 59% used [0x00000005cb200000,0x000000061477a438,0x0000000646700000)
 Metaspace       used 6809K, capacity 6938K, committed 7040K, reserved 1056768K
  class space    used 743K, capacity 801K, committed 896K, reserved 1048576K
GC Heap History (10 events):
Event: 66.933 GC heap before
{Heap before GC invocations=35 (full 2):
 PSYoungGen      total 1921536K, used 1574368K [0x0000000719100000, 0x00000007bd880000, 0x00000007c0000000)
  eden space 1175040K, 100% used [0x0000000719100000,0x0000000760c80000,0x0000000760c80000)
  from space 746496K, 53% used [0x000000078ff80000,0x00000007a8578050,0x00000007bd880000)
  to   space 759808K, 0% used [0x0000000760c80000,0x0000000760c80000,0x000000078f280000)
 ParOldGen       total 1214464K, used 983676K [0x00000005cb200000, 0x0000000615400000, 0x0000000719100000)
  object space 1214464K, 80% used [0x00000005cb200000,0x000000060729f230,0x0000000615400000)
 Metaspace       used 6606K, capacity 6746K, committed 7040K, reserved 1056768K
  class space    used 731K, capacity 801K, committed 896K, reserved 1048576K
Event: 67.040 GC heap after
Heap after GC invocations=35 (full 2):
 PSYoungGen      total 1934848K, used 400736K [0x0000000719100000, 0x00000007bf000000, 0x00000007c0000000)
  eden space 1175040K, 0% used [0x0000000719100000,0x0000000719100000,0x0000000760c80000)
  from space 759808K, 52% used [0x0000000760c80000,0x00000007793d8050,0x000000078f280000)
  to   space 744960K, 0% used [0x0000000791880000,0x0000000791880000,0x00000007bf000000)
 ParOldGen       total 1214464K, used 983676K [0x00000005cb200000, 0x0000000615400000, 0x0000000719100000)
  object space 1214464K, 80% used [0x00000005cb200000,0x000000060729f230,0x0000000615400000)
 Metaspace       used 6606K, capacity 6746K, committed 7040K, reserved 1056768K
  class space    used 731K, capacity 801K, committed 896K, reserved 1048576K
}
Event: 68.690 GC heap before
{Heap before GC invocations=36 (full 2):
 PSYoungGen      total 1934848K, used 1575776K [0x0000000719100000, 0x00000007bf000000, 0x00000007c0000000)
  eden space 1175040K, 100% used [0x0000000719100000,0x0000000760c80000,0x0000000760c80000)
  from space 759808K, 52% used [0x0000000760c80000,0x00000007793d8050,0x000000078f280000)
  to   space 744960K, 0% used [0x0000000791880000,0x0000000791880000,0x00000007bf000000)
 ParOldGen       total 1214464K, used 983676K [0x00000005cb200000, 0x0000000615400000, 0x0000000719100000)
  object space 1214464K, 80% used [0x00000005cb200000,0x000000060729f230,0x0000000615400000)
 Metaspace       used 6609K, capacity 6746K, committed 7040K, reserved 1056768K
  class space    used 731K, capacity 801K, committed 896K, reserved 1048576K
Event: 68.800 GC heap after
Heap after GC invocations=36 (full 2):
 PSYoungGen      total 1937920K, used 420768K [0x0000000719100000, 0x00000007bcb80000, 0x00000007c0000000)
  eden space 1230336K, 0% used [0x0000000719100000,0x0000000719100000,0x0000000764280000)
  from space 707584K, 59% used [0x0000000791880000,0x00000007ab368040,0x00000007bcb80000)
  to   space 725504K, 0% used [0x0000000764280000,0x0000000764280000,0x0000000790700000)
 ParOldGen       total 1214464K, used 983676K [0x00000005cb200000, 0x0000000615400000, 0x0000000719100000)
  object space 1214464K, 80% used [0x00000005cb200000,0x000000060729f230,0x0000000615400000)
 Metaspace       used 6609K, capacity 6746K, committed 7040K, reserved 1056768K
  class space    used 731K, capacity 801K, committed 896K, reserved 1048576K
}
Event: 69.111 GC heap before
{Heap before GC invocations=37 (full 2):
 PSYoungGen      total 1937920K, used 1638640K [0x0000000719100000, 0x00000007bcb80000, 0x00000007c0000000)
  eden space 1230336K, 98% used [0x0000000719100000,0x0000000763654300,0x0000000764280000)
  from space 707584K, 59% used [0x0000000791880000,0x00000007ab368040,0x00000007bcb80000)
  to   space 725504K, 0% used [0x0000000764280000,0x0000000764280000,0x0000000790700000)
 ParOldGen       total 1214464K, used 983676K [0x00000005cb200000, 0x0000000615400000, 0x0000000719100000)
  object space 1214464K, 80% used [0x00000005cb200000,0x000000060729f230,0x0000000615400000)
 Metaspace       used 6609K, capacity 6746K, committed 7040K, reserved 1056768K
  class space    used 731K, capacity 801K, committed 896K, reserved 1048576K
Event: 69.229 GC heap after
Heap after GC invocations=37 (full 2):
 PSYoungGen      total 1955840K, used 561372K [0x0000000719100000, 0x00000007c0000000, 0x00000007c0000000)
  eden space 1230336K, 0% used [0x0000000719100000,0x0000000719100000,0x0000000764280000)
  from space 725504K, 77% used [0x0000000764280000,0x00000007866b7380,0x0000000790700000)
  to   space 735232K, 0% used [0x0000000793200000,0x0000000793200000,0x00000007c0000000)
 ParOldGen       total 1214464K, used 983676K [0x00000005cb200000, 0x0000000615400000, 0x0000000719100000)
  object space 1214464K, 80% used [0x00000005cb200000,0x000000060729f230,0x0000000615400000)
 Metaspace       used 6609K, capacity 6746K, committed 7040K, reserved 1056768K
  class space    used 731K, capacity 801K, committed 896K, reserved 1048576K
}
Event: 85.170 GC heap before
{Heap before GC invocations=38 (full 2):
 PSYoungGen      total 1955840K, used 1791708K [0x0000000719100000, 0x00000007c0000000, 0x00000007c0000000)
  eden space 1230336K, 100% used [0x0000000719100000,0x0000000764280000,0x0000000764280000)
  from space 725504K, 77% used [0x0000000764280000,0x00000007866b7380,0x0000000790700000)
  to   space 735232K, 0% used [0x0000000793200000,0x0000000793200000,0x00000007c0000000)
 ParOldGen       total 1214464K, used 983676K [0x00000005cb200000, 0x0000000615400000, 0x0000000719100000)
  object space 1214464K, 80% used [0x00000005cb200000,0x000000060729f230,0x0000000615400000)
 Metaspace       used 6809K, capacity 6938K, committed 7040K, reserved 1056768K
  class space    used 743K, capacity 801K, committed 896K, reserved 1048576K
Event: 86.540 GC heap after
Heap after GC invocations=38 (full 2):
 PSYoungGen      total 1647616K, used 735200K [0x0000000719100000, 0x00000007c0000000, 0x00000007c0000000)
  eden space 912384K, 0% used [0x0000000719100000,0x0000000719100000,0x0000000750c00000)
  from space 735232K, 99% used [0x0000000793200000,0x00000007bfff8030,0x00000007c0000000)
  to   space 911360K, 0% used [0x0000000750c00000,0x0000000750c00000,0x0000000788600000)
 ParOldGen       total 1559040K, used 1559020K [0x00000005cb200000, 0x000000062a480000, 0x0000000719100000)
  object space 1559040K, 99% used [0x00000005cb200000,0x000000062a47b230,0x000000062a480000)
 Metaspace       used 6809K, capacity 6938K, committed 7040K, reserved 1056768K
  class space    used 743K, capacity 801K, committed 896K, reserved 1048576K
}
Event: 86.540 GC heap before
{Heap before GC invocations=39 (full 3):
 PSYoungGen      total 1647616K, used 735200K [0x0000000719100000, 0x00000007c0000000, 0x00000007c0000000)
  eden space 912384K, 0% used [0x0000000719100000,0x0000000719100000,0x0000000750c00000)
  from space 735232K, 99% used [0x0000000793200000,0x00000007bfff8030,0x00000007c0000000)
  to   space 911360K, 0% used [0x0000000750c00000,0x0000000750c00000,0x0000000788600000)
 ParOldGen       total 1559040K, used 1559020K [0x00000005cb200000, 0x000000062a480000, 0x0000000719100000)
  object space 1559040K, 99% used [0x00000005cb200000,0x000000062a47b230,0x000000062a480000)
 Metaspace       used 6809K, capacity 6938K, committed 7040K, reserved 1056768K
  class space    used 743K, capacity 801K, committed 896K, reserved 1048576K
Event: 89.444 GC heap after
Heap after GC invocations=39 (full 3):
 PSYoungGen      total 1647616K, used 0K [0x0000000719100000, 0x00000007c0000000, 0x00000007c0000000)
  eden space 912384K, 0% used [0x0000000719100000,0x0000000719100000,0x0000000750c00000)
  from space 735232K, 0% used [0x0000000793200000,0x0000000793200000,0x00000007c0000000)
  to   space 911360K, 0% used [0x0000000750c00000,0x0000000750c00000,0x0000000788600000)
 ParOldGen       total 2020352K, used 1201641K [0x00000005cb200000, 0x0000000646700000, 0x0000000719100000)
  object space 2020352K, 59% used [0x00000005cb200000,0x000000061477a438,0x0000000646700000)
 Metaspace       used 6809K, capacity 6938K, committed 7040K, reserved 1056768K
  class space    used 743K, capacity 801K, committed 896K, reserved 1048576K
}

