# JRE version: Java(TM) SE Runtime Environment (8.0_91-b14) (build 1.8.0_91-b14)
# Java VM: Java HotSpot(TM) 64-Bit Server VM (25.91-b14 mixed mode linux-amd64 compressed oops)
Heap:
 PSYoungGen      total 1792512K, used 234351K [0x0000000719100000, 0x000000079b680000, 0x00000007c0000000)
  eden space 1469952K, 1% used [0x0000000719100000,0x000000071adb1fc8,0x0000000772c80000)
  from space 322560K, 63% used [0x0000000787b80000,0x00000007943a9c50,0x000000079b680000)
  to   space 332800K, 0% used [0x0000000772c80000,0x0000000772c80000,0x0000000787180000)
 ParOldGen       total 529920K, used 359652K [0x00000005cb200000, 0x00000005eb780000, 0x0000000719100000)
  object space 529920K, 67% used [0x00000005cb200000,0x00000005e1139098,0x00000005eb780000)
 Metaspace       used 6589K, capacity 6746K, committed 7040K, reserved 1056768K
  class space    used 731K, capacity 801K, committed 896K, reserved 1048576K
GC Heap History (10 events):
Event: 10.618 GC heap before
{Heap before GC invocations=9 (full 1):
 PSYoungGen      total 902144K, used 902128K [0x0000000719100000, 0x0000000774700000, 0x00000007c0000000)
  eden space 749056K, 100% used [0x0000000719100000,0x0000000746c80000,0x0000000746c80000)
  from space 153088K, 99% used [0x0000000746c80000,0x00000007501fc0d0,0x0000000750200000)
  to   space 215552K, 0% used [0x0000000767480000,0x0000000767480000,0x0000000774700000)
 ParOldGen       total 529920K, used 322116K [0x00000005cb200000, 0x00000005eb780000, 0x0000000719100000)
  object space 529920K, 60% used [0x00000005cb200000,0x00000005dec91098,0x00000005eb780000)
 Metaspace       used 6588K, capacity 6746K, committed 7040K, reserved 1056768K
  class space    used 731K, capacity 801K, committed 896K, reserved 1048576K
Event: 10.734 GC heap after
Heap after GC invocations=9 (full 1):
 PSYoungGen      total 1266688K, used 165344K [0x0000000719100000, 0x0000000775b00000, 0x00000007c0000000)
  eden space 1051136K, 0% used [0x0000000719100000,0x0000000719100000,0x0000000759380000)
  from space 215552K, 76% used [0x0000000767480000,0x00000007715f80c0,0x0000000774700000)
  to   space 230400K, 0% used [0x0000000759380000,0x0000000759380000,0x0000000767480000)
 ParOldGen       total 529920K, used 322116K [0x00000005cb200000, 0x00000005eb780000, 0x0000000719100000)
  object space 529920K, 60% used [0x00000005cb200000,0x00000005dec91098,0x00000005eb780000)
 Metaspace       used 6588K, capacity 6746K, committed 7040K, reserved 1056768K
  class space    used 731K, capacity 801K, committed 896K, reserved 1048576K
}
Event: 13.423 GC heap before
{Heap before GC invocations=10 (full 1):
 PSYoungGen      total 1266688K, used 1216480K [0x0000000719100000, 0x0000000775b00000, 0x00000007c0000000)
  eden space 1051136K, 100% used [0x0000000719100000,0x0000000759380000,0x0000000759380000)
  from space 215552K, 76% used [0x0000000767480000,0x00000007715f80c0,0x0000000774700000)
  to   space 230400K, 0% used [0x0000000759380000,0x0000000759380000,0x0000000767480000)
 ParOldGen       total 529920K, used 322116K [0x00000005cb200000, 0x00000005eb780000, 0x0000000719100000)
  object space 529920K, 60% used [0x00000005cb200000,0x00000005dec91098,0x00000005eb780000)
 Metaspace       used 6588K, capacity 6746K, committed 7040K, reserved 1056768K
  class space    used 731K, capacity 801K, committed 896K, reserved 1048576K
Event: 13.517 GC heap after
Heap after GC invocations=10 (full 1):
 PSYoungGen      total 1281536K, used 169232K [0x0000000719100000, 0x0000000785180000, 0x00000007c0000000)
  eden space 1051136K, 0% used [0x0000000719100000,0x0000000719100000,0x0000000759380000)
  from space 230400K, 73% used [0x0000000759380000,0x00000007638c40d0,0x0000000767480000)
  to   space 242176K, 0% used [0x0000000776500000,0x0000000776500000,0x0000000785180000)
 ParOldGen       total 529920K, used 322116K [0x00000005cb200000, 0x00000005eb780000, 0x0000000719100000)
  object space 529920K, 60% used [0x00000005cb200000,0x00000005dec91098,0x00000005eb780000)
 Metaspace       used 6588K, capacity 6746K, committed 7040K, reserved 1056768K
  class space    used 731K, capacity 801K, committed 896K, reserved 1048576K
}
Event: 16.567 GC heap before
{Heap before GC invocations=11 (full 1):
 PSYoungGen      total 1281536K, used 1220368K [0x0000000719100000, 0x0000000785180000, 0x00000007c0000000)
  eden space 1051136K, 100% used [0x0000000719100000,0x0000000759380000,0x0000000759380000)
  from space 230400K, 73% used [0x0000000759380000,0x00000007638c40d0,0x0000000767480000)
  to   space 242176K, 0% used [0x0000000776500000,0x0000000776500000,0x0000000785180000)
 ParOldGen       total 529920K, used 322116K [0x00000005cb200000, 0x00000005eb780000, 0x0000000719100000)
  object space 529920K, 60% used [0x00000005cb200000,0x00000005dec91098,0x00000005eb780000)
 Metaspace       used 6588K, capacity 6746K, committed 7040K, reserved 1056768K
  class space    used 731K, capacity 801K, committed 896K, reserved 1048576K
Event: 16.752 GC heap after
Heap after GC invocations=11 (full 1):
 PSYoungGen      total 1479168K, used 242160K [0x0000000719100000, 0x000000078a880000, 0x00000007c0000000)
  eden space 1236992K, 0% used [0x0000000719100000,0x0000000719100000,0x0000000764900000)
  from space 242176K, 99% used [0x0000000776500000,0x000000078517c0e0,0x0000000785180000)
  to   space 290816K, 0% used [0x0000000764900000,0x0000000764900000,0x0000000776500000)
 ParOldGen       total 529920K, used 359652K [0x00000005cb200000, 0x00000005eb780000, 0x0000000719100000)
  object space 529920K, 67% used [0x00000005cb200000,0x00000005e1139098,0x00000005eb780000)
 Metaspace       used 6588K, capacity 6746K, committed 7040K, reserved 1056768K
  class space    used 731K, capacity 801K, committed 896K, reserved 1048576K
}
Event: 19.011 GC heap before
{Heap before GC invocations=12 (full 1):
 PSYoungGen      total 1479168K, used 1479152K [0x0000000719100000, 0x000000078a880000, 0x00000007c0000000)
  eden space 1236992K, 100% used [0x0000000719100000,0x0000000764900000,0x0000000764900000)
  from space 242176K, 99% used [0x0000000776500000,0x000000078517c0e0,0x0000000785180000)
  to   space 290816K, 0% used [0x0000000764900000,0x0000000764900000,0x0000000776500000)
 ParOldGen       total 529920K, used 359652K [0x00000005cb200000, 0x00000005eb780000, 0x0000000719100000)
  object space 529920K, 67% used [0x00000005cb200000,0x00000005e1139098,0x00000005eb780000)
 Metaspace       used 6588K, capacity 6746K, committed 7040K, reserved 1056768K
  class space    used 731K, capacity 801K, committed 896K, reserved 1048576K
Event: 19.102 GC heap after
Heap after GC invocations=12 (full 1):
 PSYoungGen      total 1527808K, used 277520K [0x0000000719100000, 0x000000079bd00000, 0x00000007c0000000)
  eden space 1236992K, 0% used [0x0000000719100000,0x0000000719100000,0x0000000764900000)
  from space 290816K, 95% used [0x0000000764900000,0x00000007758040e0,0x0000000776500000)
  to   space 329216K, 0% used [0x0000000787b80000,0x0000000787b80000,0x000000079bd00000)
 ParOldGen       total 529920K, used 359652K [0x00000005cb200000, 0x00000005eb780000, 0x0000000719100000)
  object space 529920K, 67% used [0x00000005cb200000,0x00000005e1139098,0x00000005eb780000)
 Metaspace       used 6588K, capacity 6746K, committed 7040K, reserved 1056768K
  class space    used 731K, capacity 801K, committed 896K, reserved 1048576K
}
Event: 23.623 GC heap before
{Heap before GC invocations=13 (full 1):
 PSYoungGen      total 1527808K, used 1514512K [0x0000000719100000, 0x000000079bd00000, 0x00000007c0000000)
  eden space 1236992K, 100% used [0x0000000719100000,0x0000000764900000,0x0000000764900000)
  from space 290816K, 95% used [0x0000000764900000,0x00000007758040e0,0x0000000776500000)
  to   space 329216K, 0% used [0x0000000787b80000,0x0000000787b80000,0x000000079bd00000)
 ParOldGen       total 529920K, used 359652K [0x00000005cb200000, 0x00000005eb780000, 0x0000000719100000)
  object space 529920K, 67% used [0x00000005cb200000,0x00000005e1139098,0x00000005eb780000)
 Metaspace       used 6589K, capacity 6746K, committed 7040K, reserved 1056768K
  class space    used 731K, capacity 801K, committed 896K, reserved 1048576K
Event: 23.817 GC heap after
Heap after GC invocations=13 (full 1):
 PSYoungGen      total 1792512K, used 204967K [0x0000000719100000, 0x000000079b680000, 0x00000007c0000000)
  eden space 1469952K, 0% used [0x0000000719100000,0x0000000719100000,0x0000000772c80000)
  from space 322560K, 63% used [0x0000000787b80000,0x00000007943a9c50,0x000000079b680000)
  to   space 332800K, 0% used [0x0000000772c80000,0x0000000772c80000,0x0000000787180000)
 ParOldGen       total 529920K, used 359652K [0x00000005cb200000, 0x00000005eb780000, 0x0000000719100000)
  object space 529920K, 67% used [0x00000005cb200000,0x00000005e1139098,0x00000005eb780000)
 Metaspace       used 6589K, capacity 6746K, committed 7040K, reserved 1056768K
  class space    used 731K, capacity 801K, committed 896K, reserved 1048576K
}

