# JRE version: Java(TM) SE Runtime Environment (8.0_91-b14) (build 1.8.0_91-b14)
# Java VM: Java HotSpot(TM) 64-Bit Server VM (25.91-b14 mixed mode linux-amd64 compressed oops)
Heap:
 PSYoungGen      total 2148864K, used 32264K [0x0000000719100000, 0x00000007bcb00000, 0x00000007c0000000)
  eden space 1616896K, 1% used [0x0000000719100000,0x000000071b082140,0x000000077bc00000)
  from space 531968K, 0% used [0x000000079c380000,0x000000079c380000,0x00000007bcb00000)
  to   space 531968K, 0% used [0x000000077bc00000,0x000000077bc00000,0x000000079c380000)
 ParOldGen       total 932864K, used 352202K [0x00000005cb200000, 0x0000000604100000, 0x0000000719100000)
  object space 932864K, 37% used [0x00000005cb200000,0x00000005e09f2980,0x0000000604100000)
 Metaspace       used 6871K, capacity 7066K, committed 7296K, reserved 1056768K
  class space    used 751K, capacity 801K, committed 896K, reserved 1048576K
GC Heap History (10 events):
Event: 97.763 GC heap before
{Heap before GC invocations=43 (full 3):
 PSYoungGen      total 2068480K, used 1812128K [0x0000000719100000, 0x00000007bc580000, 0x00000007c0000000)
  eden space 1465344K, 100% used [0x0000000719100000,0x0000000772800000,0x0000000772800000)
  from space 603136K, 57% used [0x0000000796500000,0x00000007ab7a8030,0x00000007bb200000)
  to   space 586752K, 0% used [0x0000000772800000,0x0000000772800000,0x0000000796500000)
 ParOldGen       total 1111040K, used 854282K [0x00000005cb200000, 0x000000060ef00000, 0x0000000719100000)
  object space 1111040K, 76% used [0x00000005cb200000,0x00000005ff442bc0,0x000000060ef00000)
 Metaspace       used 6673K, capacity 6810K, committed 7040K, reserved 1056768K
  class space    used 739K, capacity 801K, committed 896K, reserved 1048576K
Event: 97.860 GC heap after
Heap after GC invocations=43 (full 3):
 PSYoungGen      total 2052096K, used 357504K [0x0000000719100000, 0x00000007bd900000, 0x00000007c0000000)
  eden space 1465344K, 0% used [0x0000000719100000,0x0000000719100000,0x0000000772800000)
  from space 586752K, 60% used [0x0000000772800000,0x0000000788520030,0x0000000796500000)
  to   space 574976K, 0% used [0x000000079a780000,0x000000079a780000,0x00000007bd900000)
 ParOldGen       total 1111040K, used 857162K [0x00000005cb200000, 0x000000060ef00000, 0x0000000719100000)
  object space 1111040K, 77% used [0x00000005cb200000,0x00000005ff712bc0,0x000000060ef00000)
 Metaspace       used 6673K, capacity 6810K, committed 7040K, reserved 1056768K
  class space    used 739K, capacity 801K, committed 896K, reserved 1048576K
}
Event: 99.984 GC heap before
{Heap before GC invocations=44 (full 3):
 PSYoungGen      total 2052096K, used 1822848K [0x0000000719100000, 0x00000007bd900000, 0x00000007c0000000)
  eden space 1465344K, 100% used [0x0000000719100000,0x0000000772800000,0x0000000772800000)
  from space 586752K, 60% used [0x0000000772800000,0x0000000788520030,0x0000000796500000)
  to   space 574976K, 0% used [0x000000079a780000,0x000000079a780000,0x00000007bd900000)
 ParOldGen       total 1111040K, used 857162K [0x00000005cb200000, 0x000000060ef00000, 0x0000000719100000)
  object space 1111040K, 77% used [0x00000005cb200000,0x00000005ff712bc0,0x000000060ef00000)
 Metaspace       used 6673K, capacity 6810K, committed 7040K, reserved 1056768K
  class space    used 739K, capacity 801K, committed 896K, reserved 1048576K
Event: 100.081 GC heap after
Heap after GC invocations=44 (full 3):
 PSYoungGen      total 2130432K, used 361504K [0x0000000719100000, 0x00000007be080000, 0x00000007c0000000)
  eden space 1555456K, 0% used [0x0000000719100000,0x0000000719100000,0x0000000778000000)
  from space 574976K, 62% used [0x000000079a780000,0x00000007b0888030,0x00000007bd900000)
  to   space 564736K, 0% used [0x0000000778000000,0x0000000778000000,0x000000079a780000)
 ParOldGen       total 1111040K, used 857170K [0x00000005cb200000, 0x000000060ef00000, 0x0000000719100000)
  object space 1111040K, 77% used [0x00000005cb200000,0x00000005ff714bc0,0x000000060ef00000)
 Metaspace       used 6673K, capacity 6810K, committed 7040K, reserved 1056768K
  class space    used 739K, capacity 801K, committed 896K, reserved 1048576K
}
Event: 104.000 GC heap before
{Heap before GC invocations=45 (full 3):
 PSYoungGen      total 2130432K, used 1916960K [0x0000000719100000, 0x00000007be080000, 0x00000007c0000000)
  eden space 1555456K, 100% used [0x0000000719100000,0x0000000778000000,0x0000000778000000)
  from space 574976K, 62% used [0x000000079a780000,0x00000007b0888030,0x00000007bd900000)
  to   space 564736K, 0% used [0x0000000778000000,0x0000000778000000,0x000000079a780000)
 ParOldGen       total 1111040K, used 857170K [0x00000005cb200000, 0x000000060ef00000, 0x0000000719100000)
  object space 1111040K, 77% used [0x00000005cb200000,0x00000005ff714bc0,0x000000060ef00000)
 Metaspace       used 6676K, capacity 6810K, committed 7040K, reserved 1056768K
  class space    used 739K, capacity 801K, committed 896K, reserved 1048576K
Event: 104.121 GC heap after
Heap after GC invocations=45 (full 3):
 PSYoungGen      total 2120192K, used 358816K [0x0000000719100000, 0x00000007be000000, 0x00000007c0000000)
  eden space 1555456K, 0% used [0x0000000719100000,0x0000000719100000,0x0000000778000000)
  from space 564736K, 63% used [0x0000000778000000,0x000000078de68030,0x000000079a780000)
  to   space 553472K, 0% used [0x000000079c380000,0x000000079c380000,0x00000007be000000)
 ParOldGen       total 1111040K, used 928490K [0x00000005cb200000, 0x000000060ef00000, 0x0000000719100000)
  object space 1111040K, 83% used [0x00000005cb200000,0x0000000603cbabd0,0x000000060ef00000)
 Metaspace       used 6676K, capacity 6810K, committed 7040K, reserved 1056768K
  class space    used 739K, capacity 801K, committed 896K, reserved 1048576K
}
Event: 105.511 GC heap before
{Heap before GC invocations=46 (full 3):
 PSYoungGen      total 2120192K, used 1914272K [0x0000000719100000, 0x00000007be000000, 0x00000007c0000000)
  eden space 1555456K, 100% used [0x0000000719100000,0x0000000778000000,0x0000000778000000)
  from space 564736K, 63% used [0x0000000778000000,0x000000078de68030,0x000000079a780000)
  to   space 553472K, 0% used [0x000000079c380000,0x000000079c380000,0x00000007be000000)
 ParOldGen       total 1111040K, used 928490K [0x00000005cb200000, 0x000000060ef00000, 0x0000000719100000)
  object space 1111040K, 83% used [0x00000005cb200000,0x0000000603cbabd0,0x000000060ef00000)
 Metaspace       used 6871K, capacity 7066K, committed 7296K, reserved 1056768K
  class space    used 751K, capacity 801K, committed 896K, reserved 1048576K
Event: 105.652 GC heap after
Heap after GC invocations=46 (full 3):
 PSYoungGen      total 2148864K, used 331168K [0x0000000719100000, 0x00000007bcb00000, 0x00000007c0000000)
  eden space 1616896K, 0% used [0x0000000719100000,0x0000000719100000,0x000000077bc00000)
  from space 531968K, 62% used [0x000000079c380000,0x00000007b06e8020,0x00000007bcb00000)
  to   space 531968K, 0% used [0x000000077bc00000,0x000000077bc00000,0x000000079c380000)
 ParOldGen       total 1111040K, used 1005106K [0x00000005cb200000, 0x000000060ef00000, 0x0000000719100000)
  object space 1111040K, 90% used [0x00000005cb200000,0x000000060878cbd0,0x000000060ef00000)
 Metaspace       used 6871K, capacity 7066K, committed 7296K, reserved 1056768K
  class space    used 751K, capacity 801K, committed 896K, reserved 1048576K
}
Event: 105.652 GC heap before
{Heap before GC invocations=47 (full 4):
 PSYoungGen      total 2148864K, used 331168K [0x0000000719100000, 0x00000007bcb00000, 0x00000007c0000000)
  eden space 1616896K, 0% used [0x0000000719100000,0x0000000719100000,0x000000077bc00000)
  from space 531968K, 62% used [0x000000079c380000,0x00000007b06e8020,0x00000007bcb00000)
  to   space 531968K, 0% used [0x000000077bc00000,0x000000077bc00000,0x000000079c380000)
 ParOldGen       total 1111040K, used 1005106K [0x00000005cb200000, 0x000000060ef00000, 0x0000000719100000)
  object space 1111040K, 90% used [0x00000005cb200000,0x000000060878cbd0,0x000000060ef00000)
 Metaspace       used 6871K, capacity 7066K, committed 7296K, reserved 1056768K
  class space    used 751K, capacity 801K, committed 896K, reserved 1048576K
Event: 106.531 GC heap after
Heap after GC invocations=47 (full 4):
 PSYoungGen      total 2148864K, used 0K [0x0000000719100000, 0x00000007bcb00000, 0x00000007c0000000)
  eden space 1616896K, 0% used [0x0000000719100000,0x0000000719100000,0x000000077bc00000)
  from space 531968K, 0% used [0x000000079c380000,0x000000079c380000,0x00000007bcb00000)
  to   space 531968K, 0% used [0x000000077bc00000,0x000000077bc00000,0x000000079c380000)
 ParOldGen       total 932864K, used 352202K [0x00000005cb200000, 0x0000000604100000, 0x0000000719100000)
  object space 932864K, 37% used [0x00000005cb200000,0x00000005e09f2980,0x0000000604100000)
 Metaspace       used 6871K, capacity 7066K, committed 7296K, reserved 1056768K
  class space    used 751K, capacity 801K, committed 896K, reserved 1048576K
}

