# JRE version: Java(TM) SE Runtime Environment (8.0_91-b14) (build 1.8.0_91-b14)
# Java VM: Java HotSpot(TM) 64-Bit Server VM (25.91-b14 mixed mode linux-amd64 compressed oops)
Heap:
 PSYoungGen      total 1633280K, used 234351K [0x0000000719100000, 0x0000000792900000, 0x00000007c0000000)
  eden space 1427456K, 1% used [0x0000000719100000,0x000000071ace11b0,0x0000000770300000)
  from space 205824K, 99% used [0x0000000770300000,0x000000077cbfad20,0x000000077cc00000)
  to   space 256000K, 0% used [0x0000000782f00000,0x0000000782f00000,0x0000000792900000)
 ParOldGen       total 4002816K, used 3105737K [0x00000005cb200000, 0x00000006bf700000, 0x0000000719100000)
  object space 4002816K, 77% used [0x00000005cb200000,0x0000000688af2540,0x00000006bf700000)
 Metaspace       used 6604K, capacity 6746K, committed 7040K, reserved 1056768K
  class space    used 731K, capacity 801K, committed 896K, reserved 1048576K
GC Heap History (10 events):
Event: 208.056 GC heap before
{Heap before GC invocations=113 (full 6):
 PSYoungGen      total 1565696K, used 1373792K [0x0000000719100000, 0x0000000789900000, 0x00000007c0000000)
  eden space 1325056K, 100% used [0x0000000719100000,0x0000000769f00000,0x0000000769f00000)
  from space 240640K, 20% used [0x000000077ae00000,0x000000077dd98000,0x0000000789900000)
  to   space 259072K, 0% used [0x0000000769f00000,0x0000000769f00000,0x0000000779c00000)
 ParOldGen       total 4002816K, used 3061169K [0x00000005cb200000, 0x00000006bf700000, 0x0000000719100000)
  object space 4002816K, 76% used [0x00000005cb200000,0x0000000685f6c540,0x00000006bf700000)
 Metaspace       used 6603K, capacity 6746K, committed 7040K, reserved 1056768K
  class space    used 731K, capacity 801K, committed 896K, reserved 1048576K
Event: 208.110 GC heap after
Heap after GC invocations=113 (full 6):
 PSYoungGen      total 1584128K, used 44064K [0x0000000719100000, 0x000000078af00000, 0x00000007c0000000)
  eden space 1325056K, 0% used [0x0000000719100000,0x0000000719100000,0x0000000769f00000)
  from space 259072K, 17% used [0x0000000769f00000,0x000000076ca08000,0x0000000779c00000)
  to   space 243712K, 0% used [0x000000077c100000,0x000000077c100000,0x000000078af00000)
 ParOldGen       total 4002816K, used 3066745K [0x00000005cb200000, 0x00000006bf700000, 0x0000000719100000)
  object space 4002816K, 76% used [0x00000005cb200000,0x00000006864de540,0x00000006bf700000)
 Metaspace       used 6603K, capacity 6746K, committed 7040K, reserved 1056768K
  class space    used 731K, capacity 801K, committed 896K, reserved 1048576K
}
Event: 210.212 GC heap before
{Heap before GC invocations=114 (full 6):
 PSYoungGen      total 1584128K, used 1369120K [0x0000000719100000, 0x000000078af00000, 0x00000007c0000000)
  eden space 1325056K, 100% used [0x0000000719100000,0x0000000769f00000,0x0000000769f00000)
  from space 259072K, 17% used [0x0000000769f00000,0x000000076ca08000,0x0000000779c00000)
  to   space 243712K, 0% used [0x000000077c100000,0x000000077c100000,0x000000078af00000)
 ParOldGen       total 4002816K, used 3066745K [0x00000005cb200000, 0x00000006bf700000, 0x0000000719100000)
  object space 4002816K, 76% used [0x00000005cb200000,0x00000006864de540,0x00000006bf700000)
 Metaspace       used 6603K, capacity 6746K, committed 7040K, reserved 1056768K
  class space    used 731K, capacity 801K, committed 896K, reserved 1048576K
Event: 210.265 GC heap after
Heap after GC invocations=114 (full 6):
 PSYoungGen      total 1591296K, used 39904K [0x0000000719100000, 0x0000000789280000, 0x00000007c0000000)
  eden space 1376768K, 0% used [0x0000000719100000,0x0000000719100000,0x000000076d180000)
  from space 214528K, 18% used [0x000000077c100000,0x000000077e7f8000,0x0000000789280000)
  to   space 229888K, 0% used [0x000000076d180000,0x000000076d180000,0x000000077b200000)
 ParOldGen       total 4002816K, used 3071841K [0x00000005cb200000, 0x00000006bf700000, 0x0000000719100000)
  object space 4002816K, 76% used [0x00000005cb200000,0x00000006869d8540,0x00000006bf700000)
 Metaspace       used 6603K, capacity 6746K, committed 7040K, reserved 1056768K
  class space    used 731K, capacity 801K, committed 896K, reserved 1048576K
}
Event: 212.428 GC heap before
{Heap before GC invocations=115 (full 6):
 PSYoungGen      total 1591296K, used 1416672K [0x0000000719100000, 0x0000000789280000, 0x00000007c0000000)
  eden space 1376768K, 100% used [0x0000000719100000,0x000000076d180000,0x000000076d180000)
  from space 214528K, 18% used [0x000000077c100000,0x000000077e7f8000,0x0000000789280000)
  to   space 229888K, 0% used [0x000000076d180000,0x000000076d180000,0x000000077b200000)
 ParOldGen       total 4002816K, used 3071841K [0x00000005cb200000, 0x00000006bf700000, 0x0000000719100000)
  object space 4002816K, 76% used [0x00000005cb200000,0x00000006869d8540,0x00000006bf700000)
 Metaspace       used 6603K, capacity 6746K, committed 7040K, reserved 1056768K
  class space    used 731K, capacity 801K, committed 896K, reserved 1048576K
Event: 212.479 GC heap after
Heap after GC invocations=115 (full 6):
 PSYoungGen      total 1606656K, used 37600K [0x0000000719100000, 0x000000078ac80000, 0x00000007c0000000)
  eden space 1376768K, 0% used [0x0000000719100000,0x0000000719100000,0x000000076d180000)
  from space 229888K, 16% used [0x000000076d180000,0x000000076f638000,0x000000077b200000)
  to   space 217088K, 0% used [0x000000077d880000,0x000000077d880000,0x000000078ac80000)
 ParOldGen       total 4002816K, used 3075441K [0x00000005cb200000, 0x00000006bf700000, 0x0000000719100000)
  object space 4002816K, 76% used [0x00000005cb200000,0x0000000686d5c540,0x00000006bf700000)
 Metaspace       used 6603K, capacity 6746K, committed 7040K, reserved 1056768K
  class space    used 731K, capacity 801K, committed 896K, reserved 1048576K
}
Event: 214.754 GC heap before
{Heap before GC invocations=116 (full 6):
 PSYoungGen      total 1606656K, used 1414368K [0x0000000719100000, 0x000000078ac80000, 0x00000007c0000000)
  eden space 1376768K, 100% used [0x0000000719100000,0x000000076d180000,0x000000076d180000)
  from space 229888K, 16% used [0x000000076d180000,0x000000076f638000,0x000000077b200000)
  to   space 217088K, 0% used [0x000000077d880000,0x000000077d880000,0x000000078ac80000)
 ParOldGen       total 4002816K, used 3075441K [0x00000005cb200000, 0x00000006bf700000, 0x0000000719100000)
  object space 4002816K, 76% used [0x00000005cb200000,0x0000000686d5c540,0x00000006bf700000)
 Metaspace       used 6603K, capacity 6746K, committed 7040K, reserved 1056768K
  class space    used 731K, capacity 801K, committed 896K, reserved 1048576K
Event: 214.805 GC heap after
Heap after GC invocations=116 (full 6):
 PSYoungGen      total 1620480K, used 34688K [0x0000000719100000, 0x0000000789500000, 0x00000007c0000000)
  eden space 1427456K, 0% used [0x0000000719100000,0x0000000719100000,0x0000000770300000)
  from space 193024K, 17% used [0x000000077d880000,0x000000077fa60000,0x0000000789500000)
  to   space 205824K, 0% used [0x0000000770300000,0x0000000770300000,0x000000077cc00000)
 ParOldGen       total 4002816K, used 3079137K [0x00000005cb200000, 0x00000006bf700000, 0x0000000719100000)
  object space 4002816K, 76% used [0x00000005cb200000,0x00000006870f8540,0x00000006bf700000)
 Metaspace       used 6603K, capacity 6746K, committed 7040K, reserved 1056768K
  class space    used 731K, capacity 801K, committed 896K, reserved 1048576K
}
Event: 220.184 GC heap before
{Heap before GC invocations=117 (full 6):
 PSYoungGen      total 1620480K, used 1462144K [0x0000000719100000, 0x0000000789500000, 0x00000007c0000000)
  eden space 1427456K, 100% used [0x0000000719100000,0x0000000770300000,0x0000000770300000)
  from space 193024K, 17% used [0x000000077d880000,0x000000077fa60000,0x0000000789500000)
  to   space 205824K, 0% used [0x0000000770300000,0x0000000770300000,0x000000077cc00000)
 ParOldGen       total 4002816K, used 3079137K [0x00000005cb200000, 0x00000006bf700000, 0x0000000719100000)
  object space 4002816K, 76% used [0x00000005cb200000,0x00000006870f8540,0x00000006bf700000)
 Metaspace       used 6604K, capacity 6746K, committed 7040K, reserved 1056768K
  class space    used 731K, capacity 801K, committed 896K, reserved 1048576K
Event: 220.304 GC heap after
Heap after GC invocations=117 (full 6):
 PSYoungGen      total 1633280K, used 205803K [0x0000000719100000, 0x0000000792900000, 0x00000007c0000000)
  eden space 1427456K, 0% used [0x0000000719100000,0x0000000719100000,0x0000000770300000)
  from space 205824K, 99% used [0x0000000770300000,0x000000077cbfad20,0x000000077cc00000)
  to   space 256000K, 0% used [0x0000000782f00000,0x0000000782f00000,0x0000000792900000)
 ParOldGen       total 4002816K, used 3105737K [0x00000005cb200000, 0x00000006bf700000, 0x0000000719100000)
  object space 4002816K, 77% used [0x00000005cb200000,0x0000000688af2540,0x00000006bf700000)
 Metaspace       used 6604K, capacity 6746K, committed 7040K, reserved 1056768K
  class space    used 731K, capacity 801K, committed 896K, reserved 1048576K
}

