# JRE version: Java(TM) SE Runtime Environment (8.0_91-b14) (build 1.8.0_91-b14)
# Java VM: Java HotSpot(TM) 64-Bit Server VM (25.91-b14 mixed mode linux-amd64 compressed oops)
Heap:
 PSYoungGen      total 872960K, used 74182K [0x0000000719100000, 0x0000000757000000, 0x00000007c0000000)
  eden space 757760K, 1% used [0x0000000719100000,0x0000000719fc1798,0x0000000747500000)
  from space 115200K, 51% used [0x000000074ff80000,0x0000000753930090,0x0000000757000000)
  to   space 128512K, 0% used [0x0000000747500000,0x0000000747500000,0x000000074f280000)
 ParOldGen       total 602624K, used 280187K [0x00000005cb200000, 0x00000005efe80000, 0x0000000719100000)
  object space 602624K, 46% used [0x00000005cb200000,0x00000005dc39ee80,0x00000005efe80000)
 Metaspace       used 6773K, capacity 6874K, committed 7040K, reserved 1056768K
  class space    used 743K, capacity 801K, committed 896K, reserved 1048576K
GC Heap History (10 events):
Event: 8.091 GC heap before
{Heap before GC invocations=7 (full 1):
 PSYoungGen      total 520704K, used 520672K [0x0000000719100000, 0x000000074c300000, 0x00000007c0000000)
  eden space 499712K, 100% used [0x0000000719100000,0x0000000737900000,0x0000000737900000)
  from space 20992K, 99% used [0x0000000738900000,0x0000000739d780a0,0x0000000739d80000)
  to   space 168960K, 0% used [0x0000000741e00000,0x0000000741e00000,0x000000074c300000)
 ParOldGen       total 602624K, used 280179K [0x00000005cb200000, 0x00000005efe80000, 0x0000000719100000)
  object space 602624K, 46% used [0x00000005cb200000,0x00000005dc39ce80,0x00000005efe80000)
 Metaspace       used 6564K, capacity 6746K, committed 7040K, reserved 1056768K
  class space    used 731K, capacity 801K, committed 896K, reserved 1048576K
Event: 8.119 GC heap after
Heap after GC invocations=7 (full 1):
 PSYoungGen      total 677376K, used 49696K [0x0000000719100000, 0x0000000755d80000, 0x00000007c0000000)
  eden space 508416K, 0% used [0x0000000719100000,0x0000000719100000,0x0000000738180000)
  from space 168960K, 29% used [0x0000000741e00000,0x0000000744e880c0,0x000000074c300000)
  to   space 160256K, 0% used [0x0000000738180000,0x0000000738180000,0x0000000741e00000)
 ParOldGen       total 602624K, used 280179K [0x00000005cb200000, 0x00000005efe80000, 0x0000000719100000)
  object space 602624K, 46% used [0x00000005cb200000,0x00000005dc39ce80,0x00000005efe80000)
 Metaspace       used 6564K, capacity 6746K, committed 7040K, reserved 1056768K
  class space    used 731K, capacity 801K, committed 896K, reserved 1048576K
}
Event: 8.936 GC heap before
{Heap before GC invocations=8 (full 1):
 PSYoungGen      total 677376K, used 558112K [0x0000000719100000, 0x0000000755d80000, 0x00000007c0000000)
  eden space 508416K, 100% used [0x0000000719100000,0x0000000738180000,0x0000000738180000)
  from space 168960K, 29% used [0x0000000741e00000,0x0000000744e880c0,0x000000074c300000)
  to   space 160256K, 0% used [0x0000000738180000,0x0000000738180000,0x0000000741e00000)
 ParOldGen       total 602624K, used 280179K [0x00000005cb200000, 0x00000005efe80000, 0x0000000719100000)
  object space 602624K, 46% used [0x00000005cb200000,0x00000005dc39ce80,0x00000005efe80000)
 Metaspace       used 6564K, capacity 6746K, committed 7040K, reserved 1056768K
  class space    used 731K, capacity 801K, committed 896K, reserved 1048576K
Event: 8.960 GC heap after
Heap after GC invocations=8 (full 1):
 PSYoungGen      total 668672K, used 71440K [0x0000000719100000, 0x0000000754280000, 0x00000007c0000000)
  eden space 508416K, 0% used [0x0000000719100000,0x0000000719100000,0x0000000738180000)
  from space 160256K, 44% used [0x0000000738180000,0x000000073c7440c0,0x0000000741e00000)
  to   space 147968K, 0% used [0x000000074b200000,0x000000074b200000,0x0000000754280000)
 ParOldGen       total 602624K, used 280179K [0x00000005cb200000, 0x00000005efe80000, 0x0000000719100000)
  object space 602624K, 46% used [0x00000005cb200000,0x00000005dc39ce80,0x00000005efe80000)
 Metaspace       used 6564K, capacity 6746K, committed 7040K, reserved 1056768K
  class space    used 731K, capacity 801K, committed 896K, reserved 1048576K
}
Event: 9.978 GC heap before
{Heap before GC invocations=9 (full 1):
 PSYoungGen      total 668672K, used 579856K [0x0000000719100000, 0x0000000754280000, 0x00000007c0000000)
  eden space 508416K, 100% used [0x0000000719100000,0x0000000738180000,0x0000000738180000)
  from space 160256K, 44% used [0x0000000738180000,0x000000073c7440c0,0x0000000741e00000)
  to   space 147968K, 0% used [0x000000074b200000,0x000000074b200000,0x0000000754280000)
 ParOldGen       total 602624K, used 280179K [0x00000005cb200000, 0x00000005efe80000, 0x0000000719100000)
  object space 602624K, 46% used [0x00000005cb200000,0x00000005dc39ce80,0x00000005efe80000)
 Metaspace       used 6569K, capacity 6746K, committed 7040K, reserved 1056768K
  class space    used 731K, capacity 801K, committed 896K, reserved 1048576K
Event: 10.006 GC heap after
Heap after GC invocations=9 (full 1):
 PSYoungGen      total 777216K, used 65504K [0x0000000719100000, 0x0000000752580000, 0x00000007c0000000)
  eden space 658944K, 0% used [0x0000000719100000,0x0000000719100000,0x0000000741480000)
  from space 118272K, 55% used [0x000000074b200000,0x000000074f1f80b0,0x0000000752580000)
  to   space 139776K, 0% used [0x0000000741480000,0x0000000741480000,0x0000000749d00000)
 ParOldGen       total 602624K, used 280179K [0x00000005cb200000, 0x00000005efe80000, 0x0000000719100000)
  object space 602624K, 46% used [0x00000005cb200000,0x00000005dc39ce80,0x00000005efe80000)
 Metaspace       used 6569K, capacity 6746K, committed 7040K, reserved 1056768K
  class space    used 731K, capacity 801K, committed 896K, reserved 1048576K
}
Event: 11.026 GC heap before
{Heap before GC invocations=10 (full 1):
 PSYoungGen      total 777216K, used 724448K [0x0000000719100000, 0x0000000752580000, 0x00000007c0000000)
  eden space 658944K, 100% used [0x0000000719100000,0x0000000741480000,0x0000000741480000)
  from space 118272K, 55% used [0x000000074b200000,0x000000074f1f80b0,0x0000000752580000)
  to   space 139776K, 0% used [0x0000000741480000,0x0000000741480000,0x0000000749d00000)
 ParOldGen       total 602624K, used 280179K [0x00000005cb200000, 0x00000005efe80000, 0x0000000719100000)
  object space 602624K, 46% used [0x00000005cb200000,0x00000005dc39ce80,0x00000005efe80000)
 Metaspace       used 6569K, capacity 6746K, committed 7040K, reserved 1056768K
  class space    used 731K, capacity 801K, committed 896K, reserved 1048576K
Event: 11.051 GC heap after
Heap after GC invocations=10 (full 1):
 PSYoungGen      total 798720K, used 65136K [0x0000000719100000, 0x0000000758180000, 0x00000007c0000000)
  eden space 658944K, 0% used [0x0000000719100000,0x0000000719100000,0x0000000741480000)
  from space 139776K, 46% used [0x0000000741480000,0x000000074541c0a0,0x0000000749d00000)
  to   space 133120K, 0% used [0x000000074ff80000,0x000000074ff80000,0x0000000758180000)
 ParOldGen       total 602624K, used 280179K [0x00000005cb200000, 0x00000005efe80000, 0x0000000719100000)
  object space 602624K, 46% used [0x00000005cb200000,0x00000005dc39ce80,0x00000005efe80000)
 Metaspace       used 6569K, capacity 6746K, committed 7040K, reserved 1056768K
  class space    used 731K, capacity 801K, committed 896K, reserved 1048576K
}
Event: 12.474 GC heap before
{Heap before GC invocations=11 (full 1):
 PSYoungGen      total 798720K, used 724080K [0x0000000719100000, 0x0000000758180000, 0x00000007c0000000)
  eden space 658944K, 100% used [0x0000000719100000,0x0000000741480000,0x0000000741480000)
  from space 139776K, 46% used [0x0000000741480000,0x000000074541c0a0,0x0000000749d00000)
  to   space 133120K, 0% used [0x000000074ff80000,0x000000074ff80000,0x0000000758180000)
 ParOldGen       total 602624K, used 280179K [0x00000005cb200000, 0x00000005efe80000, 0x0000000719100000)
  object space 602624K, 46% used [0x00000005cb200000,0x00000005dc39ce80,0x00000005efe80000)
 Metaspace       used 6773K, capacity 6874K, committed 7040K, reserved 1056768K
  class space    used 743K, capacity 801K, committed 896K, reserved 1048576K
Event: 12.506 GC heap after
Heap after GC invocations=11 (full 1):
 PSYoungGen      total 872960K, used 59072K [0x0000000719100000, 0x0000000757000000, 0x00000007c0000000)
  eden space 757760K, 0% used [0x0000000719100000,0x0000000719100000,0x0000000747500000)
  from space 115200K, 51% used [0x000000074ff80000,0x0000000753930090,0x0000000757000000)
  to   space 128512K, 0% used [0x0000000747500000,0x0000000747500000,0x000000074f280000)
 ParOldGen       total 602624K, used 280187K [0x00000005cb200000, 0x00000005efe80000, 0x0000000719100000)
  object space 602624K, 46% used [0x00000005cb200000,0x00000005dc39ee80,0x00000005efe80000)
 Metaspace       used 6773K, capacity 6874K, committed 7040K, reserved 1056768K
  class space    used 743K, capacity 801K, committed 896K, reserved 1048576K
}

