# JRE version: Java(TM) SE Runtime Environment (8.0_91-b14) (build 1.8.0_91-b14)
# Java VM: Java HotSpot(TM) 64-Bit Server VM (25.91-b14 mixed mode linux-amd64 compressed oops)
Heap:
 PSYoungGen      total 1823744K, used 481914K [0x0000000719100000, 0x00000007c0000000, 0x00000007c0000000)
  eden space 912384K, 1% used [0x0000000719100000,0x000000071a2bae48,0x0000000750c00000)
  from space 911360K, 50% used [0x0000000750c00000,0x000000076d0e3ce0,0x0000000788600000)
  to   space 911360K, 0% used [0x0000000788600000,0x0000000788600000,0x00000007c0000000)
 ParOldGen       total 5471232K, used 4920599K [0x00000005cb200000, 0x0000000719100000, 0x0000000719100000)
  object space 5471232K, 89% used [0x00000005cb200000,0x00000006f7745db8,0x0000000719100000)
 Metaspace       used 6731K, capacity 6874K, committed 7040K, reserved 1056768K
  class space    used 737K, capacity 801K, committed 896K, reserved 1048576K
GC Heap History (10 events):
Event: 263.549 GC heap before
{Heap before GC invocations=127 (full 15):
 PSYoungGen      total 1823744K, used 912384K [0x0000000719100000, 0x00000007c0000000, 0x00000007c0000000)
  eden space 912384K, 100% used [0x0000000719100000,0x0000000750c00000,0x0000000750c00000)
  from space 911360K, 0% used [0x0000000788600000,0x0000000788600000,0x00000007c0000000)
  to   space 911360K, 0% used [0x0000000750c00000,0x0000000750c00000,0x0000000788600000)
 ParOldGen       total 5471232K, used 5276263K [0x00000005cb200000, 0x0000000719100000, 0x0000000719100000)
  object space 5471232K, 96% used [0x00000005cb200000,0x000000070d299f38,0x0000000719100000)
 Metaspace       used 6731K, capacity 6874K, committed 7040K, reserved 1056768K
  class space    used 737K, capacity 801K, committed 896K, reserved 1048576K
Event: 267.310 GC heap after
Heap after GC invocations=127 (full 15):
 PSYoungGen      total 1823744K, used 0K [0x0000000719100000, 0x00000007c0000000, 0x00000007c0000000)
  eden space 912384K, 0% used [0x0000000719100000,0x0000000719100000,0x0000000750c00000)
  from space 911360K, 0% used [0x0000000788600000,0x0000000788600000,0x00000007c0000000)
  to   space 911360K, 0% used [0x0000000750c00000,0x0000000750c00000,0x0000000788600000)
 ParOldGen       total 5471232K, used 5282184K [0x00000005cb200000, 0x0000000719100000, 0x0000000719100000)
  object space 5471232K, 96% used [0x00000005cb200000,0x000000070d8620e0,0x0000000719100000)
 Metaspace       used 6731K, capacity 6874K, committed 7040K, reserved 1056768K
  class space    used 737K, capacity 801K, committed 896K, reserved 1048576K
}
Event: 270.858 GC heap before
{Heap before GC invocations=128 (full 16):
 PSYoungGen      total 1823744K, used 910887K [0x0000000719100000, 0x00000007c0000000, 0x00000007c0000000)
  eden space 912384K, 99% used [0x0000000719100000,0x0000000750a89cd8,0x0000000750c00000)
  from space 911360K, 0% used [0x0000000788600000,0x0000000788600000,0x00000007c0000000)
  to   space 911360K, 0% used [0x0000000750c00000,0x0000000750c00000,0x0000000788600000)
 ParOldGen       total 5471232K, used 5282184K [0x00000005cb200000, 0x0000000719100000, 0x0000000719100000)
  object space 5471232K, 96% used [0x00000005cb200000,0x000000070d8620e0,0x0000000719100000)
 Metaspace       used 6731K, capacity 6874K, committed 7040K, reserved 1056768K
  class space    used 737K, capacity 801K, committed 896K, reserved 1048576K
Event: 273.967 GC heap after
Heap after GC invocations=128 (full 16):
 PSYoungGen      total 1823744K, used 0K [0x0000000719100000, 0x00000007c0000000, 0x00000007c0000000)
  eden space 912384K, 0% used [0x0000000719100000,0x0000000719100000,0x0000000750c00000)
  from space 911360K, 0% used [0x0000000788600000,0x0000000788600000,0x00000007c0000000)
  to   space 911360K, 0% used [0x0000000750c00000,0x0000000750c00000,0x0000000788600000)
 ParOldGen       total 5471232K, used 4757455K [0x00000005cb200000, 0x0000000719100000, 0x0000000719100000)
  object space 5471232K, 86% used [0x00000005cb200000,0x00000006ed7f3da8,0x0000000719100000)
 Metaspace       used 6731K, capacity 6874K, committed 7040K, reserved 1056768K
  class space    used 737K, capacity 801K, committed 896K, reserved 1048576K
}
Event: 280.425 GC heap before
{Heap before GC invocations=129 (full 16):
 PSYoungGen      total 1823744K, used 912384K [0x0000000719100000, 0x00000007c0000000, 0x00000007c0000000)
  eden space 912384K, 100% used [0x0000000719100000,0x0000000750c00000,0x0000000750c00000)
  from space 911360K, 0% used [0x0000000788600000,0x0000000788600000,0x00000007c0000000)
  to   space 911360K, 0% used [0x0000000750c00000,0x0000000750c00000,0x0000000788600000)
 ParOldGen       total 5471232K, used 4757455K [0x00000005cb200000, 0x0000000719100000, 0x0000000719100000)
  object space 5471232K, 86% used [0x00000005cb200000,0x00000006ed7f3da8,0x0000000719100000)
 Metaspace       used 6731K, capacity 6874K, committed 7040K, reserved 1056768K
  class space    used 737K, capacity 801K, committed 896K, reserved 1048576K
Event: 280.573 GC heap after
Heap after GC invocations=129 (full 16):
 PSYoungGen      total 1823744K, used 419136K [0x0000000719100000, 0x00000007c0000000, 0x00000007c0000000)
  eden space 912384K, 0% used [0x0000000719100000,0x0000000719100000,0x0000000750c00000)
  from space 911360K, 45% used [0x0000000750c00000,0x000000076a550040,0x0000000788600000)
  to   space 911360K, 0% used [0x0000000788600000,0x0000000788600000,0x00000007c0000000)
 ParOldGen       total 5471232K, used 4757455K [0x00000005cb200000, 0x0000000719100000, 0x0000000719100000)
  object space 5471232K, 86% used [0x00000005cb200000,0x00000006ed7f3da8,0x0000000719100000)
 Metaspace       used 6731K, capacity 6874K, committed 7040K, reserved 1056768K
  class space    used 737K, capacity 801K, committed 896K, reserved 1048576K
}
Event: 285.458 GC heap before
{Heap before GC invocations=130 (full 16):
 PSYoungGen      total 1823744K, used 1331520K [0x0000000719100000, 0x00000007c0000000, 0x00000007c0000000)
  eden space 912384K, 100% used [0x0000000719100000,0x0000000750c00000,0x0000000750c00000)
  from space 911360K, 45% used [0x0000000750c00000,0x000000076a550040,0x0000000788600000)
  to   space 911360K, 0% used [0x0000000788600000,0x0000000788600000,0x00000007c0000000)
 ParOldGen       total 5471232K, used 4757455K [0x00000005cb200000, 0x0000000719100000, 0x0000000719100000)
  object space 5471232K, 86% used [0x00000005cb200000,0x00000006ed7f3da8,0x0000000719100000)
 Metaspace       used 6731K, capacity 6874K, committed 7040K, reserved 1056768K
  class space    used 737K, capacity 801K, committed 896K, reserved 1048576K
Event: 285.648 GC heap after
Heap after GC invocations=130 (full 16):
 PSYoungGen      total 1823744K, used 436640K [0x0000000719100000, 0x00000007c0000000, 0x00000007c0000000)
  eden space 912384K, 0% used [0x0000000719100000,0x0000000719100000,0x0000000750c00000)
  from space 911360K, 47% used [0x0000000788600000,0x00000007a3068030,0x00000007c0000000)
  to   space 911360K, 0% used [0x0000000750c00000,0x0000000750c00000,0x0000000788600000)
 ParOldGen       total 5471232K, used 4920591K [0x00000005cb200000, 0x0000000719100000, 0x0000000719100000)
  object space 5471232K, 89% used [0x00000005cb200000,0x00000006f7743db8,0x0000000719100000)
 Metaspace       used 6731K, capacity 6874K, committed 7040K, reserved 1056768K
  class space    used 737K, capacity 801K, committed 896K, reserved 1048576K
}
Event: 291.958 GC heap before
{Heap before GC invocations=131 (full 16):
 PSYoungGen      total 1823744K, used 1349024K [0x0000000719100000, 0x00000007c0000000, 0x00000007c0000000)
  eden space 912384K, 100% used [0x0000000719100000,0x0000000750c00000,0x0000000750c00000)
  from space 911360K, 47% used [0x0000000788600000,0x00000007a3068030,0x00000007c0000000)
  to   space 911360K, 0% used [0x0000000750c00000,0x0000000750c00000,0x0000000788600000)
 ParOldGen       total 5471232K, used 4920591K [0x00000005cb200000, 0x0000000719100000, 0x0000000719100000)
  object space 5471232K, 89% used [0x00000005cb200000,0x00000006f7743db8,0x0000000719100000)
 Metaspace       used 6731K, capacity 6874K, committed 7040K, reserved 1056768K
  class space    used 737K, capacity 801K, committed 896K, reserved 1048576K
Event: 292.304 GC heap after
Heap after GC invocations=131 (full 16):
 PSYoungGen      total 1823744K, used 463759K [0x0000000719100000, 0x00000007c0000000, 0x00000007c0000000)
  eden space 912384K, 0% used [0x0000000719100000,0x0000000719100000,0x0000000750c00000)
  from space 911360K, 50% used [0x0000000750c00000,0x000000076d0e3ce0,0x0000000788600000)
  to   space 911360K, 0% used [0x0000000788600000,0x0000000788600000,0x00000007c0000000)
 ParOldGen       total 5471232K, used 4920599K [0x00000005cb200000, 0x0000000719100000, 0x0000000719100000)
  object space 5471232K, 89% used [0x00000005cb200000,0x00000006f7745db8,0x0000000719100000)
 Metaspace       used 6731K, capacity 6874K, committed 7040K, reserved 1056768K
  class space    used 737K, capacity 801K, committed 896K, reserved 1048576K
}

