# JRE version: Java(TM) SE Runtime Environment (8.0_91-b14) (build 1.8.0_91-b14)
# Java VM: Java HotSpot(TM) 64-Bit Server VM (25.91-b14 mixed mode linux-amd64 compressed oops)
Heap:
 PSYoungGen      total 2072064K, used 206690K [0x0000000719100000, 0x00000007bb800000, 0x00000007c0000000)
  eden space 1646592K, 1% used [0x0000000719100000,0x000000071b1247b8,0x000000077d900000)
  from space 425472K, 40% used [0x000000077d900000,0x00000007882b4070,0x0000000797880000)
  to   space 400896K, 0% used [0x00000007a3080000,0x00000007a3080000,0x00000007bb800000)
 ParOldGen       total 591360K, used 441526K [0x00000005cb200000, 0x00000005ef380000, 0x0000000719100000)
  object space 591360K, 74% used [0x00000005cb200000,0x00000005e612dbd0,0x00000005ef380000)
 Metaspace       used 6790K, capacity 6938K, committed 7040K, reserved 1056768K
  class space    used 743K, capacity 801K, committed 896K, reserved 1048576K
GC Heap History (10 events):
Event: 20.923 GC heap before
{Heap before GC invocations=14 (full 1):
 PSYoungGen      total 1451520K, used 1451488K [0x0000000719100000, 0x0000000788b80000, 0x00000007c0000000)
  eden space 1212928K, 100% used [0x0000000719100000,0x0000000763180000,0x0000000763180000)
  from space 238592K, 99% used [0x0000000774400000,0x0000000782cf8140,0x0000000782d00000)
  to   space 281088K, 0% used [0x0000000763180000,0x0000000763180000,0x0000000774400000)
 ParOldGen       total 591360K, used 369734K [0x00000005cb200000, 0x00000005ef380000, 0x0000000719100000)
  object space 591360K, 62% used [0x00000005cb200000,0x00000005e1b11bb0,0x00000005ef380000)
 Metaspace       used 6578K, capacity 6746K, committed 7040K, reserved 1056768K
  class space    used 731K, capacity 801K, committed 896K, reserved 1048576K
Event: 21.039 GC heap after
Heap after GC invocations=14 (full 1):
 PSYoungGen      total 1494016K, used 281056K [0x0000000719100000, 0x0000000799c80000, 0x00000007c0000000)
  eden space 1212928K, 0% used [0x0000000719100000,0x0000000719100000,0x0000000763180000)
  from space 281088K, 99% used [0x0000000763180000,0x00000007743f80e0,0x0000000774400000)
  to   space 337920K, 0% used [0x0000000785280000,0x0000000785280000,0x0000000799c80000)
 ParOldGen       total 591360K, used 402302K [0x00000005cb200000, 0x00000005ef380000, 0x0000000719100000)
  object space 591360K, 68% used [0x00000005cb200000,0x00000005e3adfbb0,0x00000005ef380000)
 Metaspace       used 6578K, capacity 6746K, committed 7040K, reserved 1056768K
  class space    used 731K, capacity 801K, committed 896K, reserved 1048576K
}
Event: 22.677 GC heap before
{Heap before GC invocations=15 (full 1):
 PSYoungGen      total 1494016K, used 1493984K [0x0000000719100000, 0x0000000799c80000, 0x00000007c0000000)
  eden space 1212928K, 100% used [0x0000000719100000,0x0000000763180000,0x0000000763180000)
  from space 281088K, 99% used [0x0000000763180000,0x00000007743f80e0,0x0000000774400000)
  to   space 337920K, 0% used [0x0000000785280000,0x0000000785280000,0x0000000799c80000)
 ParOldGen       total 591360K, used 402302K [0x00000005cb200000, 0x00000005ef380000, 0x0000000719100000)
  object space 591360K, 68% used [0x00000005cb200000,0x00000005e3adfbb0,0x00000005ef380000)
 Metaspace       used 6578K, capacity 6746K, committed 7040K, reserved 1056768K
  class space    used 731K, capacity 801K, committed 896K, reserved 1048576K
Event: 22.777 GC heap after
Heap after GC invocations=15 (full 1):
 PSYoungGen      total 1749504K, used 248272K [0x0000000719100000, 0x000000079cf00000, 0x00000007c0000000)
  eden space 1411584K, 0% used [0x0000000719100000,0x0000000719100000,0x000000076f380000)
  from space 337920K, 73% used [0x0000000785280000,0x00000007944f40b0,0x0000000799c80000)
  to   space 359424K, 0% used [0x000000076f380000,0x000000076f380000,0x0000000785280000)
 ParOldGen       total 591360K, used 441518K [0x00000005cb200000, 0x00000005ef380000, 0x0000000719100000)
  object space 591360K, 74% used [0x00000005cb200000,0x00000005e612bbd0,0x00000005ef380000)
 Metaspace       used 6578K, capacity 6746K, committed 7040K, reserved 1056768K
  class space    used 731K, capacity 801K, committed 896K, reserved 1048576K
}
Event: 25.353 GC heap before
{Heap before GC invocations=16 (full 1):
 PSYoungGen      total 1749504K, used 1659856K [0x0000000719100000, 0x000000079cf00000, 0x00000007c0000000)
  eden space 1411584K, 100% used [0x0000000719100000,0x000000076f380000,0x000000076f380000)
  from space 337920K, 73% used [0x0000000785280000,0x00000007944f40b0,0x0000000799c80000)
  to   space 359424K, 0% used [0x000000076f380000,0x000000076f380000,0x0000000785280000)
 ParOldGen       total 591360K, used 441518K [0x00000005cb200000, 0x00000005ef380000, 0x0000000719100000)
  object space 591360K, 74% used [0x00000005cb200000,0x00000005e612bbd0,0x00000005ef380000)
 Metaspace       used 6579K, capacity 6746K, committed 7040K, reserved 1056768K
  class space    used 731K, capacity 801K, committed 896K, reserved 1048576K
Event: 25.487 GC heap after
Heap after GC invocations=16 (full 1):
 PSYoungGen      total 1771008K, used 299216K [0x0000000719100000, 0x00000007af980000, 0x00000007c0000000)
  eden space 1411584K, 0% used [0x0000000719100000,0x0000000719100000,0x000000076f380000)
  from space 359424K, 83% used [0x000000076f380000,0x00000007817b40c0,0x0000000785280000)
  to   space 394240K, 0% used [0x0000000797880000,0x0000000797880000,0x00000007af980000)
 ParOldGen       total 591360K, used 441518K [0x00000005cb200000, 0x00000005ef380000, 0x0000000719100000)
  object space 591360K, 74% used [0x00000005cb200000,0x00000005e612bbd0,0x00000005ef380000)
 Metaspace       used 6579K, capacity 6746K, committed 7040K, reserved 1056768K
  class space    used 731K, capacity 801K, committed 896K, reserved 1048576K
}
Event: 27.324 GC heap before
{Heap before GC invocations=17 (full 1):
 PSYoungGen      total 1771008K, used 1710800K [0x0000000719100000, 0x00000007af980000, 0x00000007c0000000)
  eden space 1411584K, 100% used [0x0000000719100000,0x000000076f380000,0x000000076f380000)
  from space 359424K, 83% used [0x000000076f380000,0x00000007817b40c0,0x0000000785280000)
  to   space 394240K, 0% used [0x0000000797880000,0x0000000797880000,0x00000007af980000)
 ParOldGen       total 591360K, used 441518K [0x00000005cb200000, 0x00000005ef380000, 0x0000000719100000)
  object space 591360K, 74% used [0x00000005cb200000,0x00000005e612bbd0,0x00000005ef380000)
 Metaspace       used 6579K, capacity 6746K, committed 7040K, reserved 1056768K
  class space    used 731K, capacity 801K, committed 896K, reserved 1048576K
Event: 27.434 GC heap after
Heap after GC invocations=17 (full 1):
 PSYoungGen      total 2040832K, used 308720K [0x0000000719100000, 0x00000007b3d00000, 0x00000007c0000000)
  eden space 1646592K, 0% used [0x0000000719100000,0x0000000719100000,0x000000077d900000)
  from space 394240K, 78% used [0x0000000797880000,0x00000007aa5fc0c0,0x00000007af980000)
  to   space 425472K, 0% used [0x000000077d900000,0x000000077d900000,0x0000000797880000)
 ParOldGen       total 591360K, used 441518K [0x00000005cb200000, 0x00000005ef380000, 0x0000000719100000)
  object space 591360K, 74% used [0x00000005cb200000,0x00000005e612bbd0,0x00000005ef380000)
 Metaspace       used 6579K, capacity 6746K, committed 7040K, reserved 1056768K
  class space    used 731K, capacity 801K, committed 896K, reserved 1048576K
}
Event: 28.722 GC heap before
{Heap before GC invocations=18 (full 1):
 PSYoungGen      total 2040832K, used 1955312K [0x0000000719100000, 0x00000007b3d00000, 0x00000007c0000000)
  eden space 1646592K, 100% used [0x0000000719100000,0x000000077d900000,0x000000077d900000)
  from space 394240K, 78% used [0x0000000797880000,0x00000007aa5fc0c0,0x00000007af980000)
  to   space 425472K, 0% used [0x000000077d900000,0x000000077d900000,0x0000000797880000)
 ParOldGen       total 591360K, used 441518K [0x00000005cb200000, 0x00000005ef380000, 0x0000000719100000)
  object space 591360K, 74% used [0x00000005cb200000,0x00000005e612bbd0,0x00000005ef380000)
 Metaspace       used 6790K, capacity 6938K, committed 7040K, reserved 1056768K
  class space    used 743K, capacity 801K, committed 896K, reserved 1048576K
Event: 28.793 GC heap after
Heap after GC invocations=18 (full 1):
 PSYoungGen      total 2072064K, used 173776K [0x0000000719100000, 0x00000007bb800000, 0x00000007c0000000)
  eden space 1646592K, 0% used [0x0000000719100000,0x0000000719100000,0x000000077d900000)
  from space 425472K, 40% used [0x000000077d900000,0x00000007882b4070,0x0000000797880000)
  to   space 400896K, 0% used [0x00000007a3080000,0x00000007a3080000,0x00000007bb800000)
 ParOldGen       total 591360K, used 441526K [0x00000005cb200000, 0x00000005ef380000, 0x0000000719100000)
  object space 591360K, 74% used [0x00000005cb200000,0x00000005e612dbd0,0x00000005ef380000)
 Metaspace       used 6790K, capacity 6938K, committed 7040K, reserved 1056768K
  class space    used 743K, capacity 801K, committed 896K, reserved 1048576K
}

