# JRE version: Java(TM) SE Runtime Environment (8.0_91-b14) (build 1.8.0_91-b14)
# Java VM: Java HotSpot(TM) 64-Bit Server VM (25.91-b14 mixed mode linux-amd64 compressed oops)
Heap:
 PSYoungGen      total 1415168K, used 178171K [0x0000000719100000, 0x000000078c400000, 0x00000007c0000000)
  eden space 1058304K, 1% used [0x0000000719100000,0x000000071a5a0ff8,0x0000000759a80000)
  from space 356864K, 44% used [0x0000000759a80000,0x00000007633ddc80,0x000000076f700000)
  to   space 336896K, 0% used [0x0000000777b00000,0x0000000777b00000,0x000000078c400000)
 ParOldGen       total 556544K, used 331287K [0x00000005cb200000, 0x00000005ed180000, 0x0000000719100000)
  object space 556544K, 59% used [0x00000005cb200000,0x00000005df585e08,0x00000005ed180000)
 Metaspace       used 6585K, capacity 6746K, committed 7040K, reserved 1056768K
  class space    used 731K, capacity 801K, committed 896K, reserved 1048576K
GC Heap History (10 events):
Event: 9.385 GC heap before
{Heap before GC invocations=10 (full 1):
 PSYoungGen      total 1059328K, used 1014672K [0x0000000719100000, 0x0000000769a00000, 0x00000007c0000000)
  eden space 844800K, 100% used [0x0000000719100000,0x000000074ca00000,0x000000074ca00000)
  from space 214528K, 79% used [0x000000075ac80000,0x0000000765264110,0x0000000767e00000)
  to   space 231936K, 0% used [0x000000074ca00000,0x000000074ca00000,0x000000075ac80000)
 ParOldGen       total 556544K, used 313743K [0x00000005cb200000, 0x00000005ed180000, 0x0000000719100000)
  object space 556544K, 56% used [0x00000005cb200000,0x00000005de463e08,0x00000005ed180000)
 Metaspace       used 6570K, capacity 6746K, committed 7040K, reserved 1056768K
  class space    used 731K, capacity 801K, committed 896K, reserved 1048576K
Event: 9.438 GC heap after
Heap after GC invocations=10 (full 1):
 PSYoungGen      total 1076736K, used 174864K [0x0000000719100000, 0x0000000772d80000, 0x00000007c0000000)
  eden space 844800K, 0% used [0x0000000719100000,0x0000000719100000,0x000000074ca00000)
  from space 231936K, 75% used [0x000000074ca00000,0x00000007574c4110,0x000000075ac80000)
  to   space 245760K, 0% used [0x0000000763d80000,0x0000000763d80000,0x0000000772d80000)
 ParOldGen       total 556544K, used 313743K [0x00000005cb200000, 0x00000005ed180000, 0x0000000719100000)
  object space 556544K, 56% used [0x00000005cb200000,0x00000005de463e08,0x00000005ed180000)
 Metaspace       used 6570K, capacity 6746K, committed 7040K, reserved 1056768K
  class space    used 731K, capacity 801K, committed 896K, reserved 1048576K
}
Event: 11.110 GC heap before
{Heap before GC invocations=11 (full 1):
 PSYoungGen      total 1076736K, used 1019664K [0x0000000719100000, 0x0000000772d80000, 0x00000007c0000000)
  eden space 844800K, 100% used [0x0000000719100000,0x000000074ca00000,0x000000074ca00000)
  from space 231936K, 75% used [0x000000074ca00000,0x00000007574c4110,0x000000075ac80000)
  to   space 245760K, 0% used [0x0000000763d80000,0x0000000763d80000,0x0000000772d80000)
 ParOldGen       total 556544K, used 313743K [0x00000005cb200000, 0x00000005ed180000, 0x0000000719100000)
  object space 556544K, 56% used [0x00000005cb200000,0x00000005de463e08,0x00000005ed180000)
 Metaspace       used 6570K, capacity 6746K, committed 7040K, reserved 1056768K
  class space    used 731K, capacity 801K, committed 896K, reserved 1048576K
Event: 11.186 GC heap after
Heap after GC invocations=11 (full 1):
 PSYoungGen      total 1197056K, used 226000K [0x0000000719100000, 0x0000000776200000, 0x00000007c0000000)
  eden space 951296K, 0% used [0x0000000719100000,0x0000000719100000,0x0000000753200000)
  from space 245760K, 91% used [0x0000000763d80000,0x0000000771a34150,0x0000000772d80000)
  to   space 273920K, 0% used [0x0000000753200000,0x0000000753200000,0x0000000763d80000)
 ParOldGen       total 556544K, used 313743K [0x00000005cb200000, 0x00000005ed180000, 0x0000000719100000)
  object space 556544K, 56% used [0x00000005cb200000,0x00000005de463e08,0x00000005ed180000)
 Metaspace       used 6570K, capacity 6746K, committed 7040K, reserved 1056768K
  class space    used 731K, capacity 801K, committed 896K, reserved 1048576K
}
Event: 13.503 GC heap before
{Heap before GC invocations=12 (full 1):
 PSYoungGen      total 1197056K, used 1177296K [0x0000000719100000, 0x0000000776200000, 0x00000007c0000000)
  eden space 951296K, 100% used [0x0000000719100000,0x0000000753200000,0x0000000753200000)
  from space 245760K, 91% used [0x0000000763d80000,0x0000000771a34150,0x0000000772d80000)
  to   space 273920K, 0% used [0x0000000753200000,0x0000000753200000,0x0000000763d80000)
 ParOldGen       total 556544K, used 313743K [0x00000005cb200000, 0x00000005ed180000, 0x0000000719100000)
  object space 556544K, 56% used [0x00000005cb200000,0x00000005de463e08,0x00000005ed180000)
 Metaspace       used 6570K, capacity 6746K, committed 7040K, reserved 1056768K
  class space    used 731K, capacity 801K, committed 896K, reserved 1048576K
Event: 13.596 GC heap after
Heap after GC invocations=12 (full 1):
 PSYoungGen      total 1225216K, used 273904K [0x0000000719100000, 0x0000000783000000, 0x00000007c0000000)
  eden space 951296K, 0% used [0x0000000719100000,0x0000000719100000,0x0000000753200000)
  from space 273920K, 99% used [0x0000000753200000,0x0000000763d7c120,0x0000000763d80000)
  to   space 320512K, 0% used [0x000000076f700000,0x000000076f700000,0x0000000783000000)
 ParOldGen       total 556544K, used 331287K [0x00000005cb200000, 0x00000005ed180000, 0x0000000719100000)
  object space 556544K, 59% used [0x00000005cb200000,0x00000005df585e08,0x00000005ed180000)
 Metaspace       used 6570K, capacity 6746K, committed 7040K, reserved 1056768K
  class space    used 731K, capacity 801K, committed 896K, reserved 1048576K
}
Event: 15.219 GC heap before
{Heap before GC invocations=13 (full 1):
 PSYoungGen      total 1225216K, used 1225200K [0x0000000719100000, 0x0000000783000000, 0x00000007c0000000)
  eden space 951296K, 100% used [0x0000000719100000,0x0000000753200000,0x0000000753200000)
  from space 273920K, 99% used [0x0000000753200000,0x0000000763d7c120,0x0000000763d80000)
  to   space 320512K, 0% used [0x000000076f700000,0x000000076f700000,0x0000000783000000)
 ParOldGen       total 556544K, used 331287K [0x00000005cb200000, 0x00000005ed180000, 0x0000000719100000)
  object space 556544K, 59% used [0x00000005cb200000,0x00000005df585e08,0x00000005ed180000)
 Metaspace       used 6570K, capacity 6746K, committed 7040K, reserved 1056768K
  class space    used 731K, capacity 801K, committed 896K, reserved 1048576K
Event: 15.323 GC heap after
Heap after GC invocations=13 (full 1):
 PSYoungGen      total 1378816K, used 287680K [0x0000000719100000, 0x0000000787f80000, 0x00000007c0000000)
  eden space 1058304K, 0% used [0x0000000719100000,0x0000000719100000,0x0000000759a80000)
  from space 320512K, 89% used [0x000000076f700000,0x0000000780ff0110,0x0000000783000000)
  to   space 356864K, 0% used [0x0000000759a80000,0x0000000759a80000,0x000000076f700000)
 ParOldGen       total 556544K, used 331287K [0x00000005cb200000, 0x00000005ed180000, 0x0000000719100000)
  object space 556544K, 59% used [0x00000005cb200000,0x00000005df585e08,0x00000005ed180000)
 Metaspace       used 6570K, capacity 6746K, committed 7040K, reserved 1056768K
  class space    used 731K, capacity 801K, committed 896K, reserved 1048576K
}
Event: 17.699 GC heap before
{Heap before GC invocations=14 (full 1):
 PSYoungGen      total 1378816K, used 1345984K [0x0000000719100000, 0x0000000787f80000, 0x00000007c0000000)
  eden space 1058304K, 100% used [0x0000000719100000,0x0000000759a80000,0x0000000759a80000)
  from space 320512K, 89% used [0x000000076f700000,0x0000000780ff0110,0x0000000783000000)
  to   space 356864K, 0% used [0x0000000759a80000,0x0000000759a80000,0x000000076f700000)
 ParOldGen       total 556544K, used 331287K [0x00000005cb200000, 0x00000005ed180000, 0x0000000719100000)
  object space 556544K, 59% used [0x00000005cb200000,0x00000005df585e08,0x00000005ed180000)
 Metaspace       used 6585K, capacity 6746K, committed 7040K, reserved 1056768K
  class space    used 731K, capacity 801K, committed 896K, reserved 1048576K
Event: 17.765 GC heap after
Heap after GC invocations=14 (full 1):
 PSYoungGen      total 1415168K, used 157047K [0x0000000719100000, 0x000000078c400000, 0x00000007c0000000)
  eden space 1058304K, 0% used [0x0000000719100000,0x0000000719100000,0x0000000759a80000)
  from space 356864K, 44% used [0x0000000759a80000,0x00000007633ddc80,0x000000076f700000)
  to   space 336896K, 0% used [0x0000000777b00000,0x0000000777b00000,0x000000078c400000)
 ParOldGen       total 556544K, used 331287K [0x00000005cb200000, 0x00000005ed180000, 0x0000000719100000)
  object space 556544K, 59% used [0x00000005cb200000,0x00000005df585e08,0x00000005ed180000)
 Metaspace       used 6585K, capacity 6746K, committed 7040K, reserved 1056768K
  class space    used 731K, capacity 801K, committed 896K, reserved 1048576K
}

