# JRE version: Java(TM) SE Runtime Environment (8.0_91-b14) (build 1.8.0_91-b14)
# Java VM: Java HotSpot(TM) 64-Bit Server VM (25.91-b14 mixed mode linux-amd64 compressed oops)
Heap:
 PSYoungGen      total 537088K, used 10242K [0x0000000719100000, 0x000000073b200000, 0x00000007c0000000)
  eden space 516096K, 1% used [0x0000000719100000,0x0000000719b00968,0x0000000738900000)
  from space 20992K, 0% used [0x0000000739d80000,0x0000000739d80000,0x000000073b200000)
  to   space 20992K, 0% used [0x0000000738900000,0x0000000738900000,0x0000000739d80000)
 ParOldGen       total 994304K, used 676337K [0x00000005cb200000, 0x0000000607d00000, 0x0000000719100000)
  object space 994304K, 68% used [0x00000005cb200000,0x00000005f467c490,0x0000000607d00000)
 Metaspace       used 6687K, capacity 6810K, committed 7040K, reserved 1056768K
  class space    used 743K, capacity 801K, committed 896K, reserved 1048576K
GC Heap History (10 events):
Event: 0.846 GC heap before
{Heap before GC invocations=2 (full 0):
 PSYoungGen      total 150016K, used 149988K [0x0000000719100000, 0x000000072b600000, 0x00000007c0000000)
  eden space 129024K, 100% used [0x0000000719100000,0x0000000720f00000,0x0000000720f00000)
  from space 20992K, 99% used [0x0000000720f00000,0x0000000722379040,0x0000000722380000)
  to   space 20992K, 0% used [0x000000072a180000,0x000000072a180000,0x000000072b600000)
 ParOldGen       total 343040K, used 6047K [0x00000005cb200000, 0x00000005e0100000, 0x0000000719100000)
  object space 343040K, 1% used [0x00000005cb200000,0x00000005cb7e7fd8,0x00000005e0100000)
 Metaspace       used 6511K, capacity 6682K, committed 6784K, reserved 1056768K
  class space    used 731K, capacity 801K, committed 896K, reserved 1048576K
Event: 0.854 GC heap after
Heap after GC invocations=2 (full 0):
 PSYoungGen      total 279040K, used 20976K [0x0000000719100000, 0x000000072b600000, 0x00000007c0000000)
  eden space 258048K, 0% used [0x0000000719100000,0x0000000719100000,0x0000000728d00000)
  from space 20992K, 99% used [0x000000072a180000,0x000000072b5fc040,0x000000072b600000)
  to   space 20992K, 0% used [0x0000000728d00000,0x0000000728d00000,0x000000072a180000)
 ParOldGen       total 343040K, used 11239K [0x00000005cb200000, 0x00000005e0100000, 0x0000000719100000)
  object space 343040K, 3% used [0x00000005cb200000,0x00000005cbcf9fd8,0x00000005e0100000)
 Metaspace       used 6511K, capacity 6682K, committed 6784K, reserved 1056768K
  class space    used 731K, capacity 801K, committed 896K, reserved 1048576K
}
Event: 0.944 GC heap before
{Heap before GC invocations=3 (full 0):
 PSYoungGen      total 279040K, used 268556K [0x0000000719100000, 0x000000072b600000, 0x00000007c0000000)
  eden space 258048K, 95% used [0x0000000719100000,0x00000007282c7378,0x0000000728d00000)
  from space 20992K, 99% used [0x000000072a180000,0x000000072b5fc040,0x000000072b600000)
  to   space 20992K, 0% used [0x0000000728d00000,0x0000000728d00000,0x000000072a180000)
 ParOldGen       total 343040K, used 11239K [0x00000005cb200000, 0x00000005e0100000, 0x0000000719100000)
  object space 343040K, 3% used [0x00000005cb200000,0x00000005cbcf9fd8,0x00000005e0100000)
 Metaspace       used 6511K, capacity 6682K, committed 6784K, reserved 1056768K
  class space    used 731K, capacity 801K, committed 896K, reserved 1048576K
Event: 0.961 GC heap after
Heap after GC invocations=3 (full 0):
 PSYoungGen      total 279040K, used 13664K [0x0000000719100000, 0x000000073b200000, 0x00000007c0000000)
  eden space 258048K, 0% used [0x0000000719100000,0x0000000719100000,0x0000000728d00000)
  from space 20992K, 65% used [0x0000000728d00000,0x0000000729a58010,0x000000072a180000)
  to   space 20992K, 0% used [0x0000000739d80000,0x0000000739d80000,0x000000073b200000)
 ParOldGen       total 343040K, used 41007K [0x00000005cb200000, 0x00000005e0100000, 0x0000000719100000)
  object space 343040K, 11% used [0x00000005cb200000,0x00000005cda0bfe8,0x00000005e0100000)
 Metaspace       used 6511K, capacity 6682K, committed 6784K, reserved 1056768K
  class space    used 731K, capacity 801K, committed 896K, reserved 1048576K
}
Event: 11.857 GC heap before
{Heap before GC invocations=4 (full 0):
 PSYoungGen      total 279040K, used 271712K [0x0000000719100000, 0x000000073b200000, 0x00000007c0000000)
  eden space 258048K, 100% used [0x0000000719100000,0x0000000728d00000,0x0000000728d00000)
  from space 20992K, 65% used [0x0000000728d00000,0x0000000729a58010,0x000000072a180000)
  to   space 20992K, 0% used [0x0000000739d80000,0x0000000739d80000,0x000000073b200000)
 ParOldGen       total 343040K, used 41007K [0x00000005cb200000, 0x00000005e0100000, 0x0000000719100000)
  object space 343040K, 11% used [0x00000005cb200000,0x00000005cda0bfe8,0x00000005e0100000)
 Metaspace       used 6682K, capacity 6810K, committed 7040K, reserved 1056768K
  class space    used 743K, capacity 801K, committed 896K, reserved 1048576K
Event: 12.280 GC heap after
Heap after GC invocations=4 (full 0):
 PSYoungGen      total 537088K, used 20976K [0x0000000719100000, 0x000000073b200000, 0x00000007c0000000)
  eden space 516096K, 0% used [0x0000000719100000,0x0000000719100000,0x0000000738900000)
  from space 20992K, 99% used [0x0000000739d80000,0x000000073b1fc020,0x000000073b200000)
  to   space 20992K, 0% used [0x0000000738900000,0x0000000738900000,0x0000000739d80000)
 ParOldGen       total 343040K, used 195847K [0x00000005cb200000, 0x00000005e0100000, 0x0000000719100000)
  object space 343040K, 57% used [0x00000005cb200000,0x00000005d7141fe8,0x00000005e0100000)
 Metaspace       used 6682K, capacity 6810K, committed 7040K, reserved 1056768K
  class space    used 743K, capacity 801K, committed 896K, reserved 1048576K
}
Event: 47.219 GC heap before
{Heap before GC invocations=5 (full 0):
 PSYoungGen      total 537088K, used 537072K [0x0000000719100000, 0x000000073b200000, 0x00000007c0000000)
  eden space 516096K, 100% used [0x0000000719100000,0x0000000738900000,0x0000000738900000)
  from space 20992K, 99% used [0x0000000739d80000,0x000000073b1fc020,0x000000073b200000)
  to   space 20992K, 0% used [0x0000000738900000,0x0000000738900000,0x0000000739d80000)
 ParOldGen       total 343040K, used 195847K [0x00000005cb200000, 0x00000005e0100000, 0x0000000719100000)
  object space 343040K, 57% used [0x00000005cb200000,0x00000005d7141fe8,0x00000005e0100000)
 Metaspace       used 6684K, capacity 6810K, committed 7040K, reserved 1056768K
  class space    used 743K, capacity 801K, committed 896K, reserved 1048576K
Event: 48.236 GC heap after
Heap after GC invocations=5 (full 0):
 PSYoungGen      total 537088K, used 537072K [0x0000000719100000, 0x000000073b200000, 0x00000007c0000000)
  eden space 516096K, 100% used [0x0000000719100000,0x0000000738900000,0x0000000738900000)
  from space 20992K, 99% used [0x0000000739d80000,0x000000073b1fc020,0x000000073b200000)
  to   space 20992K, 99% used [0x0000000738900000,0x0000000739d7c020,0x0000000739d80000)
 ParOldGen       total 683520K, used 683239K [0x00000005cb200000, 0x00000005f4d80000, 0x0000000719100000)
  object space 683520K, 99% used [0x00000005cb200000,0x00000005f4d39fe8,0x00000005f4d80000)
 Metaspace       used 6684K, capacity 6810K, committed 7040K, reserved 1056768K
  class space    used 743K, capacity 801K, committed 896K, reserved 1048576K
}
Event: 48.236 GC heap before
{Heap before GC invocations=6 (full 1):
 PSYoungGen      total 537088K, used 537072K [0x0000000719100000, 0x000000073b200000, 0x00000007c0000000)
  eden space 516096K, 100% used [0x0000000719100000,0x0000000738900000,0x0000000738900000)
  from space 20992K, 99% used [0x0000000739d80000,0x000000073b1fc020,0x000000073b200000)
  to   space 20992K, 99% used [0x0000000738900000,0x0000000739d7c020,0x0000000739d80000)
 ParOldGen       total 683520K, used 683239K [0x00000005cb200000, 0x00000005f4d80000, 0x0000000719100000)
  object space 683520K, 99% used [0x00000005cb200000,0x00000005f4d39fe8,0x00000005f4d80000)
 Metaspace       used 6684K, capacity 6810K, committed 7040K, reserved 1056768K
  class space    used 743K, capacity 801K, committed 896K, reserved 1048576K
Event: 50.667 GC heap after
Heap after GC invocations=6 (full 1):
 PSYoungGen      total 537088K, used 0K [0x0000000719100000, 0x000000073b200000, 0x00000007c0000000)
  eden space 516096K, 0% used [0x0000000719100000,0x0000000719100000,0x0000000738900000)
  from space 20992K, 0% used [0x0000000739d80000,0x0000000739d80000,0x000000073b200000)
  to   space 20992K, 0% used [0x0000000738900000,0x0000000738900000,0x0000000739d80000)
 ParOldGen       total 994304K, used 676337K [0x00000005cb200000, 0x0000000607d00000, 0x0000000719100000)
  object space 994304K, 68% used [0x00000005cb200000,0x00000005f467c490,0x0000000607d00000)
 Metaspace       used 6684K, capacity 6810K, committed 7040K, reserved 1056768K
  class space    used 743K, capacity 801K, committed 896K, reserved 1048576K
}

