# JRE version: Java(TM) SE Runtime Environment (8.0_91-b14) (build 1.8.0_91-b14)
# Java VM: Java HotSpot(TM) 64-Bit Server VM (25.91-b14 mixed mode linux-amd64 compressed oops)
Heap:
 PSYoungGen      total 2012160K, used 748536K [0x0000000719100000, 0x00000007c0000000, 0x00000007c0000000)
  eden space 1289216K, 1% used [0x0000000719100000,0x000000071aa06068,0x0000000767c00000)
  from space 722944K, 99% used [0x0000000767c00000,0x0000000793df8010,0x0000000793e00000)
  to   space 722944K, 0% used [0x0000000793e00000,0x0000000793e00000,0x00000007c0000000)
 ParOldGen       total 2250240K, used 1798755K [0x00000005cb200000, 0x0000000654780000, 0x0000000719100000)
  object space 2250240K, 79% used [0x00000005cb200000,0x0000000638e98f30,0x0000000654780000)
 Metaspace       used 6786K, capacity 6938K, committed 7040K, reserved 1056768K
  class space    used 743K, capacity 801K, committed 896K, reserved 1048576K
GC Heap History (10 events):
Event: 150.854 GC heap before
{Heap before GC invocations=66 (full 5):
 PSYoungGen      total 1839616K, used 1614752K [0x0000000719100000, 0x00000007a9600000, 0x00000007c0000000)
  eden space 1319936K, 100% used [0x0000000719100000,0x0000000769a00000,0x0000000769a00000)
  from space 519680K, 56% used [0x0000000789700000,0x000000079b6e8030,0x00000007a9280000)
  to   space 521216K, 0% used [0x0000000769a00000,0x0000000769a00000,0x0000000789700000)
 ParOldGen       total 2250240K, used 1231155K [0x00000005cb200000, 0x0000000654780000, 0x0000000719100000)
  object space 2250240K, 54% used [0x00000005cb200000,0x000000061644cf20,0x0000000654780000)
 Metaspace       used 6574K, capacity 6746K, committed 7040K, reserved 1056768K
  class space    used 731K, capacity 801K, committed 896K, reserved 1048576K
Event: 150.942 GC heap after
Heap after GC invocations=66 (full 5):
 PSYoungGen      total 1841152K, used 369248K [0x0000000719100000, 0x00000007b2400000, 0x00000007c0000000)
  eden space 1319936K, 0% used [0x0000000719100000,0x0000000719100000,0x0000000769a00000)
  from space 521216K, 70% used [0x0000000769a00000,0x0000000780298030,0x0000000789700000)
  to   space 548352K, 0% used [0x0000000790c80000,0x0000000790c80000,0x00000007b2400000)
 ParOldGen       total 2250240K, used 1231155K [0x00000005cb200000, 0x0000000654780000, 0x0000000719100000)
  object space 2250240K, 54% used [0x00000005cb200000,0x000000061644cf20,0x0000000654780000)
 Metaspace       used 6574K, capacity 6746K, committed 7040K, reserved 1056768K
  class space    used 731K, capacity 801K, committed 896K, reserved 1048576K
}
Event: 151.285 GC heap before
{Heap before GC invocations=67 (full 5):
 PSYoungGen      total 1841152K, used 1689184K [0x0000000719100000, 0x00000007b2400000, 0x00000007c0000000)
  eden space 1319936K, 100% used [0x0000000719100000,0x0000000769a00000,0x0000000769a00000)
  from space 521216K, 70% used [0x0000000769a00000,0x0000000780298030,0x0000000789700000)
  to   space 548352K, 0% used [0x0000000790c80000,0x0000000790c80000,0x00000007b2400000)
 ParOldGen       total 2250240K, used 1231155K [0x00000005cb200000, 0x0000000654780000, 0x0000000719100000)
  object space 2250240K, 54% used [0x00000005cb200000,0x000000061644cf20,0x0000000654780000)
 Metaspace       used 6574K, capacity 6746K, committed 7040K, reserved 1056768K
  class space    used 731K, capacity 801K, committed 896K, reserved 1048576K
Event: 151.382 GC heap after
Heap after GC invocations=67 (full 5):
 PSYoungGen      total 1892864K, used 501580K [0x0000000719100000, 0x00000007be280000, 0x00000007c0000000)
  eden space 1344512K, 0% used [0x0000000719100000,0x0000000719100000,0x000000076b200000)
  from space 548352K, 91% used [0x0000000790c80000,0x00000007af653238,0x00000007b2400000)
  to   space 616960K, 0% used [0x000000076b200000,0x000000076b200000,0x0000000790c80000)
 ParOldGen       total 2250240K, used 1231155K [0x00000005cb200000, 0x0000000654780000, 0x0000000719100000)
  object space 2250240K, 54% used [0x00000005cb200000,0x000000061644cf20,0x0000000654780000)
 Metaspace       used 6574K, capacity 6746K, committed 7040K, reserved 1056768K
  class space    used 731K, capacity 801K, committed 896K, reserved 1048576K
}
Event: 151.791 GC heap before
{Heap before GC invocations=68 (full 5):
 PSYoungGen      total 1892864K, used 1846092K [0x0000000719100000, 0x00000007be280000, 0x00000007c0000000)
  eden space 1344512K, 100% used [0x0000000719100000,0x000000076b200000,0x000000076b200000)
  from space 548352K, 91% used [0x0000000790c80000,0x00000007af653238,0x00000007b2400000)
  to   space 616960K, 0% used [0x000000076b200000,0x000000076b200000,0x0000000790c80000)
 ParOldGen       total 2250240K, used 1231155K [0x00000005cb200000, 0x0000000654780000, 0x0000000719100000)
  object space 2250240K, 54% used [0x00000005cb200000,0x000000061644cf20,0x0000000654780000)
 Metaspace       used 6574K, capacity 6746K, committed 7040K, reserved 1056768K
  class space    used 731K, capacity 801K, committed 896K, reserved 1048576K
Event: 151.889 GC heap after
Heap after GC invocations=68 (full 5):
 PSYoungGen      total 1961472K, used 475180K [0x0000000719100000, 0x00000007c0000000, 0x00000007c0000000)
  eden space 1344512K, 0% used [0x0000000719100000,0x0000000719100000,0x000000076b200000)
  from space 616960K, 77% used [0x000000076b200000,0x000000078820b228,0x0000000790c80000)
  to   space 662016K, 0% used [0x0000000797980000,0x0000000797980000,0x00000007c0000000)
 ParOldGen       total 2250240K, used 1322299K [0x00000005cb200000, 0x0000000654780000, 0x0000000719100000)
  object space 2250240K, 58% used [0x00000005cb200000,0x000000061bd4ef30,0x0000000654780000)
 Metaspace       used 6574K, capacity 6746K, committed 7040K, reserved 1056768K
  class space    used 731K, capacity 801K, committed 896K, reserved 1048576K
}
Event: 152.188 GC heap before
{Heap before GC invocations=69 (full 5):
 PSYoungGen      total 1961472K, used 1733279K [0x0000000719100000, 0x00000007c0000000, 0x00000007c0000000)
  eden space 1344512K, 93% used [0x0000000719100000,0x0000000765d9ca20,0x000000076b200000)
  from space 616960K, 77% used [0x000000076b200000,0x000000078820b228,0x0000000790c80000)
  to   space 662016K, 0% used [0x0000000797980000,0x0000000797980000,0x00000007c0000000)
 ParOldGen       total 2250240K, used 1322299K [0x00000005cb200000, 0x0000000654780000, 0x0000000719100000)
  object space 2250240K, 58% used [0x00000005cb200000,0x000000061bd4ef30,0x0000000654780000)
 Metaspace       used 6574K, capacity 6746K, committed 7040K, reserved 1056768K
  class space    used 731K, capacity 801K, committed 896K, reserved 1048576K
Event: 152.271 GC heap after
Heap after GC invocations=69 (full 5):
 PSYoungGen      total 1951232K, used 546937K [0x0000000719100000, 0x00000007c0000000, 0x00000007c0000000)
  eden space 1289216K, 0% used [0x0000000719100000,0x0000000719100000,0x0000000767c00000)
  from space 662016K, 82% used [0x0000000797980000,0x00000007b8f9e410,0x00000007c0000000)
  to   space 722944K, 0% used [0x0000000767c00000,0x0000000767c00000,0x0000000793e00000)
 ParOldGen       total 2250240K, used 1373931K [0x00000005cb200000, 0x0000000654780000, 0x0000000719100000)
  object space 2250240K, 61% used [0x00000005cb200000,0x000000061efbaf30,0x0000000654780000)
 Metaspace       used 6574K, capacity 6746K, committed 7040K, reserved 1056768K
  class space    used 731K, capacity 801K, committed 896K, reserved 1048576K
}
Event: 170.850 GC heap before
{Heap before GC invocations=70 (full 5):
 PSYoungGen      total 1951232K, used 1836153K [0x0000000719100000, 0x00000007c0000000, 0x00000007c0000000)
  eden space 1289216K, 100% used [0x0000000719100000,0x0000000767c00000,0x0000000767c00000)
  from space 662016K, 82% used [0x0000000797980000,0x00000007b8f9e410,0x00000007c0000000)
  to   space 722944K, 0% used [0x0000000767c00000,0x0000000767c00000,0x0000000793e00000)
 ParOldGen       total 2250240K, used 1373931K [0x00000005cb200000, 0x0000000654780000, 0x0000000719100000)
  object space 2250240K, 61% used [0x00000005cb200000,0x000000061efbaf30,0x0000000654780000)
 Metaspace       used 6786K, capacity 6938K, committed 7040K, reserved 1056768K
  class space    used 743K, capacity 801K, committed 896K, reserved 1048576K
Event: 172.124 GC heap after
Heap after GC invocations=70 (full 5):
 PSYoungGen      total 2012160K, used 722912K [0x0000000719100000, 0x00000007c0000000, 0x00000007c0000000)
  eden space 1289216K, 0% used [0x0000000719100000,0x0000000719100000,0x0000000767c00000)
  from space 722944K, 99% used [0x0000000767c00000,0x0000000793df8010,0x0000000793e00000)
  to   space 722944K, 0% used [0x0000000793e00000,0x0000000793e00000,0x00000007c0000000)
 ParOldGen       total 2250240K, used 1798755K [0x00000005cb200000, 0x0000000654780000, 0x0000000719100000)
  object space 2250240K, 79% used [0x00000005cb200000,0x0000000638e98f30,0x0000000654780000)
 Metaspace       used 6786K, capacity 6938K, committed 7040K, reserved 1056768K
  class space    used 743K, capacity 801K, committed 896K, reserved 1048576K
}

