# JRE version: Java(TM) SE Runtime Environment (8.0_91-b14) (build 1.8.0_91-b14)
# Java VM: Java HotSpot(TM) 64-Bit Server VM (25.91-b14 mixed mode linux-amd64 compressed oops)
Heap:
 PSYoungGen      total 2160128K, used 39994K [0x0000000719100000, 0x00000007c0000000, 0x00000007c0000000)
  eden space 2002944K, 1% used [0x0000000719100000,0x000000071b80ead0,0x0000000793500000)
  from space 157184K, 0% used [0x00000007b6680000,0x00000007b6680000,0x00000007c0000000)
  to   space 366080K, 0% used [0x0000000793500000,0x0000000793500000,0x00000007a9a80000)
 ParOldGen       total 1198592K, used 616170K [0x00000005cb200000, 0x0000000614480000, 0x0000000719100000)
  object space 1198592K, 51% used [0x00000005cb200000,0x00000005f0bbaaa8,0x0000000614480000)
 Metaspace       used 6867K, capacity 7002K, committed 7296K, reserved 1056768K
  class space    used 751K, capacity 801K, committed 896K, reserved 1048576K
GC Heap History (10 events):
Event: 16.597 GC heap before
{Heap before GC invocations=12 (full 1):
 PSYoungGen      total 2620416K, used 112608K [0x0000000719100000, 0x00000007c0000000, 0x00000007c0000000)
  eden space 2507776K, 0% used [0x0000000719100000,0x0000000719100000,0x00000007b2200000)
  from space 112640K, 99% used [0x00000007b2200000,0x00000007b8ff8030,0x00000007b9000000)
  to   space 114688K, 0% used [0x00000007b9000000,0x00000007b9000000,0x00000007c0000000)
 ParOldGen       total 343040K, used 319957K [0x00000005cb200000, 0x00000005e0100000, 0x0000000719100000)
  object space 343040K, 93% used [0x00000005cb200000,0x00000005dea754f8,0x00000005e0100000)
 Metaspace       used 6652K, capacity 6810K, committed 7040K, reserved 1056768K
  class space    used 739K, capacity 801K, committed 896K, reserved 1048576K
Event: 17.195 GC heap after
Heap after GC invocations=12 (full 1):
 PSYoungGen      total 2620416K, used 0K [0x0000000719100000, 0x00000007c0000000, 0x00000007c0000000)
  eden space 2507776K, 0% used [0x0000000719100000,0x0000000719100000,0x00000007b2200000)
  from space 112640K, 0% used [0x00000007b2200000,0x00000007b2200000,0x00000007b9000000)
  to   space 114688K, 0% used [0x00000007b9000000,0x00000007b9000000,0x00000007c0000000)
 ParOldGen       total 593920K, used 320758K [0x00000005cb200000, 0x00000005ef600000, 0x0000000719100000)
  object space 593920K, 54% used [0x00000005cb200000,0x00000005deb3db88,0x00000005ef600000)
 Metaspace       used 6652K, capacity 6810K, committed 7040K, reserved 1056768K
  class space    used 739K, capacity 801K, committed 896K, reserved 1048576K
}
Event: 20.277 GC heap before
{Heap before GC invocations=13 (full 1):
 PSYoungGen      total 2620416K, used 2507776K [0x0000000719100000, 0x00000007c0000000, 0x00000007c0000000)
  eden space 2507776K, 100% used [0x0000000719100000,0x00000007b2200000,0x00000007b2200000)
  from space 112640K, 0% used [0x00000007b2200000,0x00000007b2200000,0x00000007b9000000)
  to   space 114688K, 0% used [0x00000007b9000000,0x00000007b9000000,0x00000007c0000000)
 ParOldGen       total 593920K, used 320758K [0x00000005cb200000, 0x00000005ef600000, 0x0000000719100000)
  object space 593920K, 54% used [0x00000005cb200000,0x00000005deb3db88,0x00000005ef600000)
 Metaspace       used 6657K, capacity 6810K, committed 7040K, reserved 1056768K
  class space    used 739K, capacity 801K, committed 896K, reserved 1048576K
Event: 20.323 GC heap after
Heap after GC invocations=13 (full 1):
 PSYoungGen      total 2557952K, used 82288K [0x0000000719100000, 0x00000007c0000000, 0x00000007c0000000)
  eden space 2443264K, 0% used [0x0000000719100000,0x0000000719100000,0x00000007ae300000)
  from space 114688K, 71% used [0x00000007b9000000,0x00000007be05c040,0x00000007c0000000)
  to   space 145920K, 0% used [0x00000007ae300000,0x00000007ae300000,0x00000007b7180000)
 ParOldGen       total 593920K, used 320758K [0x00000005cb200000, 0x00000005ef600000, 0x0000000719100000)
  object space 593920K, 54% used [0x00000005cb200000,0x00000005deb3db88,0x00000005ef600000)
 Metaspace       used 6657K, capacity 6810K, committed 7040K, reserved 1056768K
  class space    used 739K, capacity 801K, committed 896K, reserved 1048576K
}
Event: 23.438 GC heap before
{Heap before GC invocations=14 (full 1):
 PSYoungGen      total 2557952K, used 2525552K [0x0000000719100000, 0x00000007c0000000, 0x00000007c0000000)
  eden space 2443264K, 100% used [0x0000000719100000,0x00000007ae300000,0x00000007ae300000)
  from space 114688K, 71% used [0x00000007b9000000,0x00000007be05c040,0x00000007c0000000)
  to   space 145920K, 0% used [0x00000007ae300000,0x00000007ae300000,0x00000007b7180000)
 ParOldGen       total 593920K, used 320758K [0x00000005cb200000, 0x00000005ef600000, 0x0000000719100000)
  object space 593920K, 54% used [0x00000005cb200000,0x00000005deb3db88,0x00000005ef600000)
 Metaspace       used 6657K, capacity 6810K, committed 7040K, reserved 1056768K
  class space    used 739K, capacity 801K, committed 896K, reserved 1048576K
Event: 23.476 GC heap after
Heap after GC invocations=14 (full 1):
 PSYoungGen      total 2566656K, used 123104K [0x0000000719100000, 0x00000007c0000000, 0x00000007c0000000)
  eden space 2443264K, 0% used [0x0000000719100000,0x0000000719100000,0x00000007ae300000)
  from space 123392K, 99% used [0x00000007ae300000,0x00000007b5b38030,0x00000007b5b80000)
  to   space 157184K, 0% used [0x00000007b6680000,0x00000007b6680000,0x00000007c0000000)
 ParOldGen       total 593920K, used 320758K [0x00000005cb200000, 0x00000005ef600000, 0x0000000719100000)
  object space 593920K, 54% used [0x00000005cb200000,0x00000005deb3db88,0x00000005ef600000)
 Metaspace       used 6657K, capacity 6810K, committed 7040K, reserved 1056768K
  class space    used 739K, capacity 801K, committed 896K, reserved 1048576K
}
Event: 34.374 GC heap before
{Heap before GC invocations=15 (full 1):
 PSYoungGen      total 2566656K, used 2566368K [0x0000000719100000, 0x00000007c0000000, 0x00000007c0000000)
  eden space 2443264K, 100% used [0x0000000719100000,0x00000007ae300000,0x00000007ae300000)
  from space 123392K, 99% used [0x00000007ae300000,0x00000007b5b38030,0x00000007b5b80000)
  to   space 157184K, 0% used [0x00000007b6680000,0x00000007b6680000,0x00000007c0000000)
 ParOldGen       total 593920K, used 320758K [0x00000005cb200000, 0x00000005ef600000, 0x0000000719100000)
  object space 593920K, 54% used [0x00000005cb200000,0x00000005deb3db88,0x00000005ef600000)
 Metaspace       used 6867K, capacity 7002K, committed 7296K, reserved 1056768K
  class space    used 751K, capacity 801K, committed 896K, reserved 1048576K
Event: 35.132 GC heap after
Heap after GC invocations=15 (full 1):
 PSYoungGen      total 2160128K, used 157152K [0x0000000719100000, 0x00000007c0000000, 0x00000007c0000000)
  eden space 2002944K, 0% used [0x0000000719100000,0x0000000719100000,0x0000000793500000)
  from space 157184K, 99% used [0x00000007b6680000,0x00000007bfff8040,0x00000007c0000000)
  to   space 366080K, 0% used [0x0000000793500000,0x0000000793500000,0x00000007a9a80000)
 ParOldGen       total 827904K, used 827582K [0x00000005cb200000, 0x00000005fda80000, 0x0000000719100000)
  object space 827904K, 99% used [0x00000005cb200000,0x00000005fda2fb88,0x00000005fda80000)
 Metaspace       used 6867K, capacity 7002K, committed 7296K, reserved 1056768K
  class space    used 751K, capacity 801K, committed 896K, reserved 1048576K
}
Event: 35.132 GC heap before
{Heap before GC invocations=16 (full 2):
 PSYoungGen      total 2160128K, used 157152K [0x0000000719100000, 0x00000007c0000000, 0x00000007c0000000)
  eden space 2002944K, 0% used [0x0000000719100000,0x0000000719100000,0x0000000793500000)
  from space 157184K, 99% used [0x00000007b6680000,0x00000007bfff8040,0x00000007c0000000)
  to   space 366080K, 0% used [0x0000000793500000,0x0000000793500000,0x00000007a9a80000)
 ParOldGen       total 827904K, used 827582K [0x00000005cb200000, 0x00000005fda80000, 0x0000000719100000)
  object space 827904K, 99% used [0x00000005cb200000,0x00000005fda2fb88,0x00000005fda80000)
 Metaspace       used 6867K, capacity 7002K, committed 7296K, reserved 1056768K
  class space    used 751K, capacity 801K, committed 896K, reserved 1048576K
Event: 37.155 GC heap after
Heap after GC invocations=16 (full 2):
 PSYoungGen      total 2160128K, used 0K [0x0000000719100000, 0x00000007c0000000, 0x00000007c0000000)
  eden space 2002944K, 0% used [0x0000000719100000,0x0000000719100000,0x0000000793500000)
  from space 157184K, 0% used [0x00000007b6680000,0x00000007b6680000,0x00000007c0000000)
  to   space 366080K, 0% used [0x0000000793500000,0x0000000793500000,0x00000007a9a80000)
 ParOldGen       total 1198592K, used 616170K [0x00000005cb200000, 0x0000000614480000, 0x0000000719100000)
  object space 1198592K, 51% used [0x00000005cb200000,0x00000005f0bbaaa8,0x0000000614480000)
 Metaspace       used 6867K, capacity 7002K, committed 7296K, reserved 1056768K
  class space    used 751K, capacity 801K, committed 896K, reserved 1048576K
}

