# JRE version: Java(TM) SE Runtime Environment (8.0_91-b14) (build 1.8.0_91-b14)
# Java VM: Java HotSpot(TM) 64-Bit Server VM (25.91-b14 mixed mode linux-amd64 compressed oops)
Heap:
 PSYoungGen      total 150016K, used 2537K [0x0000000719100000, 0x0000000723800000, 0x00000007c0000000)
  eden space 129024K, 1% used [0x0000000719100000,0x000000071937a460,0x0000000720f00000)
  from space 20992K, 0% used [0x0000000720f00000,0x0000000720f00000,0x0000000722380000)
  to   space 20992K, 0% used [0x0000000722380000,0x0000000722380000,0x0000000723800000)
 ParOldGen       total 596992K, used 338568K [0x00000005cb200000, 0x00000005ef900000, 0x0000000719100000)
  object space 596992K, 56% used [0x00000005cb200000,0x00000005dfca21c0,0x00000005ef900000)
 Metaspace       used 6477K, capacity 6618K, committed 6784K, reserved 1056768K
  class space    used 731K, capacity 801K, committed 896K, reserved 1048576K
GC Heap History (8 events):
Event: 47.228 GC heap before
{Heap before GC invocations=1 (full 0):
 PSYoungGen      total 150016K, used 129024K [0x0000000719100000, 0x0000000723800000, 0x00000007c0000000)
  eden space 129024K, 100% used [0x0000000719100000,0x0000000720f00000,0x0000000720f00000)
  from space 20992K, 0% used [0x0000000722380000,0x0000000722380000,0x0000000723800000)
  to   space 20992K, 0% used [0x0000000720f00000,0x0000000720f00000,0x0000000722380000)
 ParOldGen       total 343040K, used 0K [0x00000005cb200000, 0x00000005e0100000, 0x0000000719100000)
  object space 343040K, 0% used [0x00000005cb200000,0x00000005cb200000,0x00000005e0100000)
 Metaspace       used 6462K, capacity 6618K, committed 6784K, reserved 1056768K
  class space    used 731K, capacity 801K, committed 896K, reserved 1048576K
Event: 47.508 GC heap after
Heap after GC invocations=1 (full 0):
 PSYoungGen      total 150016K, used 20992K [0x0000000719100000, 0x0000000723800000, 0x00000007c0000000)
  eden space 129024K, 0% used [0x0000000719100000,0x0000000719100000,0x0000000720f00000)
  from space 20992K, 100% used [0x0000000720f00000,0x0000000722380000,0x0000000722380000)
  to   space 20992K, 0% used [0x0000000722380000,0x0000000722380000,0x0000000723800000)
 ParOldGen       total 343040K, used 91827K [0x00000005cb200000, 0x00000005e0100000, 0x0000000719100000)
  object space 343040K, 26% used [0x00000005cb200000,0x00000005d0bacf90,0x00000005e0100000)
 Metaspace       used 6462K, capacity 6618K, committed 6784K, reserved 1056768K
  class space    used 731K, capacity 801K, committed 896K, reserved 1048576K
}
Event: 180.660 GC heap before
{Heap before GC invocations=2 (full 0):
 PSYoungGen      total 150016K, used 150016K [0x0000000719100000, 0x0000000723800000, 0x00000007c0000000)
  eden space 129024K, 100% used [0x0000000719100000,0x0000000720f00000,0x0000000720f00000)
  from space 20992K, 100% used [0x0000000720f00000,0x0000000722380000,0x0000000722380000)
  to   space 20992K, 0% used [0x0000000722380000,0x0000000722380000,0x0000000723800000)
 ParOldGen       total 343040K, used 91827K [0x00000005cb200000, 0x00000005e0100000, 0x0000000719100000)
  object space 343040K, 26% used [0x00000005cb200000,0x00000005d0bacf90,0x00000005e0100000)
 Metaspace       used 6473K, capacity 6618K, committed 6784K, reserved 1056768K
  class space    used 731K, capacity 801K, committed 896K, reserved 1048576K
Event: 180.847 GC heap after
Heap after GC invocations=2 (full 0):
 PSYoungGen      total 150016K, used 20960K [0x0000000719100000, 0x0000000723800000, 0x00000007c0000000)
  eden space 129024K, 0% used [0x0000000719100000,0x0000000719100000,0x0000000720f00000)
  from space 20992K, 99% used [0x0000000722380000,0x00000007237f8030,0x0000000723800000)
  to   space 20992K, 0% used [0x0000000720f00000,0x0000000720f00000,0x0000000722380000)
 ParOldGen       total 343040K, used 204979K [0x00000005cb200000, 0x00000005e0100000, 0x0000000719100000)
  object space 343040K, 59% used [0x00000005cb200000,0x00000005d7a2cf90,0x00000005e0100000)
 Metaspace       used 6473K, capacity 6618K, committed 6784K, reserved 1056768K
  class space    used 731K, capacity 801K, committed 896K, reserved 1048576K
}
Event: 405.397 GC heap before
{Heap before GC invocations=3 (full 0):
 PSYoungGen      total 150016K, used 149984K [0x0000000719100000, 0x0000000723800000, 0x00000007c0000000)
  eden space 129024K, 100% used [0x0000000719100000,0x0000000720f00000,0x0000000720f00000)
  from space 20992K, 99% used [0x0000000722380000,0x00000007237f8030,0x0000000723800000)
  to   space 20992K, 0% used [0x0000000720f00000,0x0000000720f00000,0x0000000722380000)
 ParOldGen       total 343040K, used 204979K [0x00000005cb200000, 0x00000005e0100000, 0x0000000719100000)
  object space 343040K, 59% used [0x00000005cb200000,0x00000005d7a2cf90,0x00000005e0100000)
 Metaspace       used 6474K, capacity 6618K, committed 6784K, reserved 1056768K
  class space    used 731K, capacity 801K, committed 896K, reserved 1048576K
Event: 405.620 GC heap after
Heap after GC invocations=3 (full 0):
 PSYoungGen      total 150016K, used 20960K [0x0000000719100000, 0x0000000723800000, 0x00000007c0000000)
  eden space 129024K, 0% used [0x0000000719100000,0x0000000719100000,0x0000000720f00000)
  from space 20992K, 99% used [0x0000000720f00000,0x0000000722378010,0x0000000722380000)
  to   space 20992K, 0% used [0x0000000722380000,0x0000000722380000,0x0000000723800000)
 ParOldGen       total 343040K, used 323475K [0x00000005cb200000, 0x00000005e0100000, 0x0000000719100000)
  object space 343040K, 94% used [0x00000005cb200000,0x00000005dede4f90,0x00000005e0100000)
 Metaspace       used 6474K, capacity 6618K, committed 6784K, reserved 1056768K
  class space    used 731K, capacity 801K, committed 896K, reserved 1048576K
}
Event: 405.620 GC heap before
{Heap before GC invocations=4 (full 1):
 PSYoungGen      total 150016K, used 20960K [0x0000000719100000, 0x0000000723800000, 0x00000007c0000000)
  eden space 129024K, 0% used [0x0000000719100000,0x0000000719100000,0x0000000720f00000)
  from space 20992K, 99% used [0x0000000720f00000,0x0000000722378010,0x0000000722380000)
  to   space 20992K, 0% used [0x0000000722380000,0x0000000722380000,0x0000000723800000)
 ParOldGen       total 343040K, used 323475K [0x00000005cb200000, 0x00000005e0100000, 0x0000000719100000)
  object space 343040K, 94% used [0x00000005cb200000,0x00000005dede4f90,0x00000005e0100000)
 Metaspace       used 6474K, capacity 6618K, committed 6784K, reserved 1056768K
  class space    used 731K, capacity 801K, committed 896K, reserved 1048576K
Event: 407.451 GC heap after
Heap after GC invocations=4 (full 1):
 PSYoungGen      total 150016K, used 0K [0x0000000719100000, 0x0000000723800000, 0x00000007c0000000)
  eden space 129024K, 0% used [0x0000000719100000,0x0000000719100000,0x0000000720f00000)
  from space 20992K, 0% used [0x0000000720f00000,0x0000000720f00000,0x0000000722380000)
  to   space 20992K, 0% used [0x0000000722380000,0x0000000722380000,0x0000000723800000)
 ParOldGen       total 596992K, used 338568K [0x00000005cb200000, 0x00000005ef900000, 0x0000000719100000)
  object space 596992K, 56% used [0x00000005cb200000,0x00000005dfca21c0,0x00000005ef900000)
 Metaspace       used 6474K, capacity 6618K, committed 6784K, reserved 1056768K
  class space    used 731K, capacity 801K, committed 896K, reserved 1048576K
}

