# JRE version: Java(TM) SE Runtime Environment (8.0_91-b14) (build 1.8.0_91-b14)
# Java VM: Java HotSpot(TM) 64-Bit Server VM (25.91-b14 mixed mode linux-amd64 compressed oops)
Heap:
 PSYoungGen      total 1868288K, used 289990K [0x0000000719100000, 0x00000007bb200000, 0x00000007c0000000)
  eden space 1114112K, 1% used [0x0000000719100000,0x000000071a6b98d8,0x000000075d100000)
  from space 754176K, 35% used [0x000000075d100000,0x000000076d678040,0x000000078b180000)
  to   space 723456K, 0% used [0x000000078ef80000,0x000000078ef80000,0x00000007bb200000)
 ParOldGen       total 1791488K, used 1272904K [0x00000005cb200000, 0x0000000638780000, 0x0000000719100000)
  object space 1791488K, 71% used [0x00000005cb200000,0x0000000618d12018,0x0000000638780000)
 Metaspace       used 6858K, capacity 7002K, committed 7296K, reserved 1056768K
  class space    used 743K, capacity 801K, committed 896K, reserved 1048576K
GC Heap History (10 events):
Event: 100.562 GC heap before
{Heap before GC invocations=41 (full 4):
 PSYoungGen      total 1867264K, used 1104192K [0x0000000719100000, 0x00000007c0000000, 0x00000007c0000000)
  eden space 1006592K, 100% used [0x0000000719100000,0x0000000756800000,0x0000000756800000)
  from space 860672K, 11% used [0x000000078b780000,0x00000007916d0030,0x00000007c0000000)
  to   space 864256K, 0% used [0x0000000756800000,0x0000000756800000,0x000000078b400000)
 ParOldGen       total 1791488K, used 1176791K [0x00000005cb200000, 0x0000000638780000, 0x0000000719100000)
  object space 1791488K, 65% used [0x00000005cb200000,0x0000000612f35fc8,0x0000000638780000)
 Metaspace       used 6661K, capacity 6810K, committed 7040K, reserved 1056768K
  class space    used 731K, capacity 801K, committed 896K, reserved 1048576K
Event: 100.641 GC heap after
Heap after GC invocations=41 (full 4):
 PSYoungGen      total 1213440K, used 206352K [0x0000000719100000, 0x00000007bd580000, 0x00000007c0000000)
  eden space 1006592K, 0% used [0x0000000719100000,0x0000000719100000,0x0000000756800000)
  from space 206848K, 99% used [0x0000000756800000,0x0000000763184070,0x0000000763200000)
  to   space 840704K, 0% used [0x000000078a080000,0x000000078a080000,0x00000007bd580000)
 ParOldGen       total 1791488K, used 1217271K [0x00000005cb200000, 0x0000000638780000, 0x0000000719100000)
  object space 1791488K, 67% used [0x00000005cb200000,0x00000006156bdfd8,0x0000000638780000)
 Metaspace       used 6661K, capacity 6810K, committed 7040K, reserved 1056768K
  class space    used 731K, capacity 801K, committed 896K, reserved 1048576K
}
Event: 102.942 GC heap before
{Heap before GC invocations=42 (full 4):
 PSYoungGen      total 1213440K, used 1212944K [0x0000000719100000, 0x00000007bd580000, 0x00000007c0000000)
  eden space 1006592K, 100% used [0x0000000719100000,0x0000000756800000,0x0000000756800000)
  from space 206848K, 99% used [0x0000000756800000,0x0000000763184070,0x0000000763200000)
  to   space 840704K, 0% used [0x000000078a080000,0x000000078a080000,0x00000007bd580000)
 ParOldGen       total 1791488K, used 1217271K [0x00000005cb200000, 0x0000000638780000, 0x0000000719100000)
  object space 1791488K, 67% used [0x00000005cb200000,0x00000006156bdfd8,0x0000000638780000)
 Metaspace       used 6661K, capacity 6810K, committed 7040K, reserved 1056768K
  class space    used 731K, capacity 801K, committed 896K, reserved 1048576K
Event: 103.038 GC heap after
Heap after GC invocations=42 (full 4):
 PSYoungGen      total 1892864K, used 306880K [0x0000000719100000, 0x00000007bfb00000, 0x00000007c0000000)
  eden space 1052160K, 0% used [0x0000000719100000,0x0000000719100000,0x0000000759480000)
  from space 840704K, 36% used [0x000000078a080000,0x000000079cc30070,0x00000007bd580000)
  to   space 798720K, 0% used [0x0000000759480000,0x0000000759480000,0x000000078a080000)
 ParOldGen       total 1791488K, used 1217271K [0x00000005cb200000, 0x0000000638780000, 0x0000000719100000)
  object space 1791488K, 67% used [0x00000005cb200000,0x00000006156bdfd8,0x0000000638780000)
 Metaspace       used 6661K, capacity 6810K, committed 7040K, reserved 1056768K
  class space    used 731K, capacity 801K, committed 896K, reserved 1048576K
}
Event: 104.811 GC heap before
{Heap before GC invocations=43 (full 4):
 PSYoungGen      total 1892864K, used 1359040K [0x0000000719100000, 0x00000007bfb00000, 0x00000007c0000000)
  eden space 1052160K, 100% used [0x0000000719100000,0x0000000759480000,0x0000000759480000)
  from space 840704K, 36% used [0x000000078a080000,0x000000079cc30070,0x00000007bd580000)
  to   space 798720K, 0% used [0x0000000759480000,0x0000000759480000,0x000000078a080000)
 ParOldGen       total 1791488K, used 1217271K [0x00000005cb200000, 0x0000000638780000, 0x0000000719100000)
  object space 1791488K, 67% used [0x00000005cb200000,0x00000006156bdfd8,0x0000000638780000)
 Metaspace       used 6661K, capacity 6810K, committed 7040K, reserved 1056768K
  class space    used 731K, capacity 801K, committed 896K, reserved 1048576K
Event: 104.925 GC heap after
Heap after GC invocations=43 (full 4):
 PSYoungGen      total 1850880K, used 396720K [0x0000000719100000, 0x00000007ba400000, 0x00000007c0000000)
  eden space 1052160K, 0% used [0x0000000719100000,0x0000000719100000,0x0000000759480000)
  from space 798720K, 49% used [0x0000000759480000,0x00000007717ec080,0x000000078a080000)
  to   space 772608K, 0% used [0x000000078b180000,0x000000078b180000,0x00000007ba400000)
 ParOldGen       total 1791488K, used 1217271K [0x00000005cb200000, 0x0000000638780000, 0x0000000719100000)
  object space 1791488K, 67% used [0x00000005cb200000,0x00000006156bdfd8,0x0000000638780000)
 Metaspace       used 6661K, capacity 6810K, committed 7040K, reserved 1056768K
  class space    used 731K, capacity 801K, committed 896K, reserved 1048576K
}
Event: 109.288 GC heap before
{Heap before GC invocations=44 (full 4):
 PSYoungGen      total 1850880K, used 1448880K [0x0000000719100000, 0x00000007ba400000, 0x00000007c0000000)
  eden space 1052160K, 100% used [0x0000000719100000,0x0000000759480000,0x0000000759480000)
  from space 798720K, 49% used [0x0000000759480000,0x00000007717ec080,0x000000078a080000)
  to   space 772608K, 0% used [0x000000078b180000,0x000000078b180000,0x00000007ba400000)
 ParOldGen       total 1791488K, used 1217271K [0x00000005cb200000, 0x0000000638780000, 0x0000000719100000)
  object space 1791488K, 67% used [0x00000005cb200000,0x00000006156bdfd8,0x0000000638780000)
 Metaspace       used 6661K, capacity 6810K, committed 7040K, reserved 1056768K
  class space    used 731K, capacity 801K, committed 896K, reserved 1048576K
Event: 109.373 GC heap after
Heap after GC invocations=44 (full 4):
 PSYoungGen      total 1886720K, used 210176K [0x0000000719100000, 0x00000007bc280000, 0x00000007c0000000)
  eden space 1114112K, 0% used [0x0000000719100000,0x0000000719100000,0x000000075d100000)
  from space 772608K, 27% used [0x000000078b180000,0x0000000797ec0040,0x00000007ba400000)
  to   space 754176K, 0% used [0x000000075d100000,0x000000075d100000,0x000000078b180000)
 ParOldGen       total 1791488K, used 1272896K [0x00000005cb200000, 0x0000000638780000, 0x0000000719100000)
  object space 1791488K, 71% used [0x00000005cb200000,0x0000000618d10018,0x0000000638780000)
 Metaspace       used 6661K, capacity 6810K, committed 7040K, reserved 1056768K
  class space    used 731K, capacity 801K, committed 896K, reserved 1048576K
}
Event: 112.738 GC heap before
{Heap before GC invocations=45 (full 4):
 PSYoungGen      total 1886720K, used 1324288K [0x0000000719100000, 0x00000007bc280000, 0x00000007c0000000)
  eden space 1114112K, 100% used [0x0000000719100000,0x000000075d100000,0x000000075d100000)
  from space 772608K, 27% used [0x000000078b180000,0x0000000797ec0040,0x00000007ba400000)
  to   space 754176K, 0% used [0x000000075d100000,0x000000075d100000,0x000000078b180000)
 ParOldGen       total 1791488K, used 1272896K [0x00000005cb200000, 0x0000000638780000, 0x0000000719100000)
  object space 1791488K, 71% used [0x00000005cb200000,0x0000000618d10018,0x0000000638780000)
 Metaspace       used 6858K, capacity 7002K, committed 7296K, reserved 1056768K
  class space    used 743K, capacity 801K, committed 896K, reserved 1048576K
Event: 112.841 GC heap after
Heap after GC invocations=45 (full 4):
 PSYoungGen      total 1868288K, used 267744K [0x0000000719100000, 0x00000007bb200000, 0x00000007c0000000)
  eden space 1114112K, 0% used [0x0000000719100000,0x0000000719100000,0x000000075d100000)
  from space 754176K, 35% used [0x000000075d100000,0x000000076d678040,0x000000078b180000)
  to   space 723456K, 0% used [0x000000078ef80000,0x000000078ef80000,0x00000007bb200000)
 ParOldGen       total 1791488K, used 1272904K [0x00000005cb200000, 0x0000000638780000, 0x0000000719100000)
  object space 1791488K, 71% used [0x00000005cb200000,0x0000000618d12018,0x0000000638780000)
 Metaspace       used 6858K, capacity 7002K, committed 7296K, reserved 1056768K
  class space    used 743K, capacity 801K, committed 896K, reserved 1048576K
}

