# JRE version: Java(TM) SE Runtime Environment (8.0_91-b14) (build 1.8.0_91-b14)
# Java VM: Java HotSpot(TM) 64-Bit Server VM (25.91-b14 mixed mode linux-amd64 compressed oops)
Heap:
 PSYoungGen      total 2082304K, used 681315K [0x0000000719100000, 0x00000007c0000000, 0x00000007c0000000)
  eden space 1429504K, 1% used [0x0000000719100000,0x000000071ace0eb0,0x0000000770500000)
  from space 652800K, 99% used [0x0000000770500000,0x0000000798278040,0x0000000798280000)
  to   space 652800K, 0% used [0x0000000798280000,0x0000000798280000,0x00000007c0000000)
 ParOldGen       total 1079296K, used 737868K [0x00000005cb200000, 0x000000060d000000, 0x0000000719100000)
  object space 1079296K, 68% used [0x00000005cb200000,0x00000005f82930a8,0x000000060d000000)
 Metaspace       used 6793K, capacity 6938K, committed 7040K, reserved 1056768K
  class space    used 743K, capacity 801K, committed 896K, reserved 1048576K
GC Heap History (10 events):
Event: 54.412 GC heap before
{Heap before GC invocations=23 (full 2):
 PSYoungGen      total 2201088K, used 2199456K [0x0000000719100000, 0x00000007c0000000, 0x00000007c0000000)
  eden space 1800192K, 100% used [0x0000000719100000,0x0000000786f00000,0x0000000786f00000)
  from space 400896K, 99% used [0x00000007a7880000,0x00000007bfe68050,0x00000007c0000000)
  to   space 467456K, 0% used [0x0000000786f00000,0x0000000786f00000,0x00000007a3780000)
 ParOldGen       total 1079296K, used 610676K [0x00000005cb200000, 0x000000060d000000, 0x0000000719100000)
  object space 1079296K, 56% used [0x00000005cb200000,0x00000005f065d0a8,0x000000060d000000)
 Metaspace       used 6585K, capacity 6746K, committed 7040K, reserved 1056768K
  class space    used 731K, capacity 801K, committed 896K, reserved 1048576K
Event: 54.537 GC heap after
Heap after GC invocations=23 (full 2):
 PSYoungGen      total 2232832K, used 432256K [0x0000000719100000, 0x00000007c0000000, 0x00000007c0000000)
  eden space 1800192K, 0% used [0x0000000719100000,0x0000000719100000,0x0000000786f00000)
  from space 432640K, 99% used [0x0000000786f00000,0x00000007a1520050,0x00000007a1580000)
  to   space 502272K, 0% used [0x00000007a1580000,0x00000007a1580000,0x00000007c0000000)
 ParOldGen       total 1079296K, used 610676K [0x00000005cb200000, 0x000000060d000000, 0x0000000719100000)
  object space 1079296K, 56% used [0x00000005cb200000,0x00000005f065d0a8,0x000000060d000000)
 Metaspace       used 6585K, capacity 6746K, committed 7040K, reserved 1056768K
  class space    used 731K, capacity 801K, committed 896K, reserved 1048576K
}
Event: 56.983 GC heap before
{Heap before GC invocations=24 (full 2):
 PSYoungGen      total 2232832K, used 2232448K [0x0000000719100000, 0x00000007c0000000, 0x00000007c0000000)
  eden space 1800192K, 100% used [0x0000000719100000,0x0000000786f00000,0x0000000786f00000)
  from space 432640K, 99% used [0x0000000786f00000,0x00000007a1520050,0x00000007a1580000)
  to   space 502272K, 0% used [0x00000007a1580000,0x00000007a1580000,0x00000007c0000000)
 ParOldGen       total 1079296K, used 610676K [0x00000005cb200000, 0x000000060d000000, 0x0000000719100000)
  object space 1079296K, 56% used [0x00000005cb200000,0x00000005f065d0a8,0x000000060d000000)
 Metaspace       used 6585K, capacity 6746K, committed 7040K, reserved 1056768K
  class space    used 731K, capacity 801K, committed 896K, reserved 1048576K
Event: 57.125 GC heap after
Heap after GC invocations=24 (full 2):
 PSYoungGen      total 2051584K, used 453632K [0x0000000719100000, 0x00000007c0000000, 0x00000007c0000000)
  eden space 1549312K, 0% used [0x0000000719100000,0x0000000719100000,0x0000000777a00000)
  from space 502272K, 90% used [0x00000007a1580000,0x00000007bd080050,0x00000007c0000000)
  to   space 592896K, 0% used [0x0000000777a00000,0x0000000777a00000,0x000000079bd00000)
 ParOldGen       total 1079296K, used 610676K [0x00000005cb200000, 0x000000060d000000, 0x0000000719100000)
  object space 1079296K, 56% used [0x00000005cb200000,0x00000005f065d0a8,0x000000060d000000)
 Metaspace       used 6585K, capacity 6746K, committed 7040K, reserved 1056768K
  class space    used 731K, capacity 801K, committed 896K, reserved 1048576K
}
Event: 59.355 GC heap before
{Heap before GC invocations=25 (full 2):
 PSYoungGen      total 2051584K, used 2002944K [0x0000000719100000, 0x00000007c0000000, 0x00000007c0000000)
  eden space 1549312K, 100% used [0x0000000719100000,0x0000000777a00000,0x0000000777a00000)
  from space 502272K, 90% used [0x00000007a1580000,0x00000007bd080050,0x00000007c0000000)
  to   space 592896K, 0% used [0x0000000777a00000,0x0000000777a00000,0x000000079bd00000)
 ParOldGen       total 1079296K, used 610676K [0x00000005cb200000, 0x000000060d000000, 0x0000000719100000)
  object space 1079296K, 56% used [0x00000005cb200000,0x00000005f065d0a8,0x000000060d000000)
 Metaspace       used 6585K, capacity 6746K, committed 7040K, reserved 1056768K
  class space    used 731K, capacity 801K, committed 896K, reserved 1048576K
Event: 59.484 GC heap after
Heap after GC invocations=25 (full 2):
 PSYoungGen      total 2011648K, used 462304K [0x0000000719100000, 0x00000007c0000000, 0x00000007c0000000)
  eden space 1549312K, 0% used [0x0000000719100000,0x0000000719100000,0x0000000777a00000)
  from space 462336K, 99% used [0x0000000777a00000,0x0000000793d78050,0x0000000793d80000)
  to   space 643584K, 0% used [0x0000000798b80000,0x0000000798b80000,0x00000007c0000000)
 ParOldGen       total 1079296K, used 610676K [0x00000005cb200000, 0x000000060d000000, 0x0000000719100000)
  object space 1079296K, 56% used [0x00000005cb200000,0x00000005f065d0a8,0x000000060d000000)
 Metaspace       used 6585K, capacity 6746K, committed 7040K, reserved 1056768K
  class space    used 731K, capacity 801K, committed 896K, reserved 1048576K
}
Event: 61.846 GC heap before
{Heap before GC invocations=26 (full 2):
 PSYoungGen      total 2011648K, used 2011616K [0x0000000719100000, 0x00000007c0000000, 0x00000007c0000000)
  eden space 1549312K, 100% used [0x0000000719100000,0x0000000777a00000,0x0000000777a00000)
  from space 462336K, 99% used [0x0000000777a00000,0x0000000793d78050,0x0000000793d80000)
  to   space 643584K, 0% used [0x0000000798b80000,0x0000000798b80000,0x00000007c0000000)
 ParOldGen       total 1079296K, used 610676K [0x00000005cb200000, 0x000000060d000000, 0x0000000719100000)
  object space 1079296K, 56% used [0x00000005cb200000,0x00000005f065d0a8,0x000000060d000000)
 Metaspace       used 6588K, capacity 6746K, committed 7040K, reserved 1056768K
  class space    used 731K, capacity 801K, committed 896K, reserved 1048576K
Event: 61.966 GC heap after
Heap after GC invocations=26 (full 2):
 PSYoungGen      total 2073088K, used 381056K [0x0000000719100000, 0x00000007c0000000, 0x00000007c0000000)
  eden space 1429504K, 0% used [0x0000000719100000,0x0000000719100000,0x0000000770500000)
  from space 643584K, 59% used [0x0000000798b80000,0x00000007affa0050,0x00000007c0000000)
  to   space 652800K, 0% used [0x0000000770500000,0x0000000770500000,0x0000000798280000)
 ParOldGen       total 1079296K, used 610676K [0x00000005cb200000, 0x000000060d000000, 0x0000000719100000)
  object space 1079296K, 56% used [0x00000005cb200000,0x00000005f065d0a8,0x000000060d000000)
 Metaspace       used 6588K, capacity 6746K, committed 7040K, reserved 1056768K
  class space    used 731K, capacity 801K, committed 896K, reserved 1048576K
}
Event: 69.931 GC heap before
{Heap before GC invocations=27 (full 2):
 PSYoungGen      total 2073088K, used 1810560K [0x0000000719100000, 0x00000007c0000000, 0x00000007c0000000)
  eden space 1429504K, 100% used [0x0000000719100000,0x0000000770500000,0x0000000770500000)
  from space 643584K, 59% used [0x0000000798b80000,0x00000007affa0050,0x00000007c0000000)
  to   space 652800K, 0% used [0x0000000770500000,0x0000000770500000,0x0000000798280000)
 ParOldGen       total 1079296K, used 610676K [0x00000005cb200000, 0x000000060d000000, 0x0000000719100000)
  object space 1079296K, 56% used [0x00000005cb200000,0x00000005f065d0a8,0x000000060d000000)
 Metaspace       used 6793K, capacity 6938K, committed 7040K, reserved 1056768K
  class space    used 743K, capacity 801K, committed 896K, reserved 1048576K
Event: 70.514 GC heap after
Heap after GC invocations=27 (full 2):
 PSYoungGen      total 2082304K, used 652768K [0x0000000719100000, 0x00000007c0000000, 0x00000007c0000000)
  eden space 1429504K, 0% used [0x0000000719100000,0x0000000719100000,0x0000000770500000)
  from space 652800K, 99% used [0x0000000770500000,0x0000000798278040,0x0000000798280000)
  to   space 652800K, 0% used [0x0000000798280000,0x0000000798280000,0x00000007c0000000)
 ParOldGen       total 1079296K, used 737868K [0x00000005cb200000, 0x000000060d000000, 0x0000000719100000)
  object space 1079296K, 68% used [0x00000005cb200000,0x00000005f82930a8,0x000000060d000000)
 Metaspace       used 6793K, capacity 6938K, committed 7040K, reserved 1056768K
  class space    used 743K, capacity 801K, committed 896K, reserved 1048576K
}

