# JRE version: Java(TM) SE Runtime Environment (8.0_91-b14) (build 1.8.0_91-b14)
# Java VM: Java HotSpot(TM) 64-Bit Server VM (25.91-b14 mixed mode linux-amd64 compressed oops)
Heap:
 PSYoungGen      total 279040K, used 19361K [0x0000000719100000, 0x000000073b200000, 0x00000007c0000000)
  eden space 258048K, 1% used [0x0000000719100000,0x00000007195f4880,0x0000000728d00000)
  from space 20992K, 68% used [0x0000000728d00000,0x0000000729af3be8,0x000000072a180000)
  to   space 20992K, 0% used [0x0000000739d80000,0x0000000739d80000,0x000000073b200000)
 ParOldGen       total 862208K, used 417215K [0x00000005cb200000, 0x00000005ffc00000, 0x0000000719100000)
  object space 862208K, 48% used [0x00000005cb200000,0x00000005e496ff08,0x00000005ffc00000)
 Metaspace       used 6615K, capacity 6746K, committed 7040K, reserved 1056768K
  class space    used 739K, capacity 801K, committed 896K, reserved 1048576K
GC Heap History (8 events):
Event: 1.945 GC heap before
{Heap before GC invocations=1 (full 0):
 PSYoungGen      total 150016K, used 129024K [0x0000000719100000, 0x0000000723800000, 0x00000007c0000000)
  eden space 129024K, 100% used [0x0000000719100000,0x0000000720f00000,0x0000000720f00000)
  from space 20992K, 0% used [0x0000000722380000,0x0000000722380000,0x0000000723800000)
  to   space 20992K, 0% used [0x0000000720f00000,0x0000000720f00000,0x0000000722380000)
 ParOldGen       total 343040K, used 0K [0x00000005cb200000, 0x00000005e0100000, 0x0000000719100000)
  object space 343040K, 0% used [0x00000005cb200000,0x00000005cb200000,0x00000005e0100000)
 Metaspace       used 6578K, capacity 6746K, committed 7040K, reserved 1056768K
  class space    used 739K, capacity 801K, committed 896K, reserved 1048576K
Event: 2.206 GC heap after
Heap after GC invocations=1 (full 0):
 PSYoungGen      total 150016K, used 20992K [0x0000000719100000, 0x000000072b600000, 0x00000007c0000000)
  eden space 129024K, 0% used [0x0000000719100000,0x0000000719100000,0x0000000720f00000)
  from space 20992K, 100% used [0x0000000720f00000,0x0000000722380000,0x0000000722380000)
  to   space 20992K, 0% used [0x000000072a180000,0x000000072a180000,0x000000072b600000)
 ParOldGen       total 343040K, used 86113K [0x00000005cb200000, 0x00000005e0100000, 0x0000000719100000)
  object space 343040K, 25% used [0x00000005cb200000,0x00000005d06187a0,0x00000005e0100000)
 Metaspace       used 6578K, capacity 6746K, committed 7040K, reserved 1056768K
  class space    used 739K, capacity 801K, committed 896K, reserved 1048576K
}
Event: 3.808 GC heap before
{Heap before GC invocations=2 (full 0):
 PSYoungGen      total 150016K, used 150016K [0x0000000719100000, 0x000000072b600000, 0x00000007c0000000)
  eden space 129024K, 100% used [0x0000000719100000,0x0000000720f00000,0x0000000720f00000)
  from space 20992K, 100% used [0x0000000720f00000,0x0000000722380000,0x0000000722380000)
  to   space 20992K, 0% used [0x000000072a180000,0x000000072a180000,0x000000072b600000)
 ParOldGen       total 343040K, used 86113K [0x00000005cb200000, 0x00000005e0100000, 0x0000000719100000)
  object space 343040K, 25% used [0x00000005cb200000,0x00000005d06187a0,0x00000005e0100000)
 Metaspace       used 6607K, capacity 6746K, committed 7040K, reserved 1056768K
  class space    used 739K, capacity 801K, committed 896K, reserved 1048576K
Event: 3.993 GC heap after
Heap after GC invocations=2 (full 0):
 PSYoungGen      total 279040K, used 20976K [0x0000000719100000, 0x000000072b600000, 0x00000007c0000000)
  eden space 258048K, 0% used [0x0000000719100000,0x0000000719100000,0x0000000728d00000)
  from space 20992K, 99% used [0x000000072a180000,0x000000072b5fc010,0x000000072b600000)
  to   space 20992K, 0% used [0x0000000728d00000,0x0000000728d00000,0x000000072a180000)
 ParOldGen       total 343040K, used 194785K [0x00000005cb200000, 0x00000005e0100000, 0x0000000719100000)
  object space 343040K, 56% used [0x00000005cb200000,0x00000005d70387a0,0x00000005e0100000)
 Metaspace       used 6607K, capacity 6746K, committed 7040K, reserved 1056768K
  class space    used 739K, capacity 801K, committed 896K, reserved 1048576K
}
Event: 7.491 GC heap before
{Heap before GC invocations=3 (full 0):
 PSYoungGen      total 279040K, used 279024K [0x0000000719100000, 0x000000072b600000, 0x00000007c0000000)
  eden space 258048K, 100% used [0x0000000719100000,0x0000000728d00000,0x0000000728d00000)
  from space 20992K, 99% used [0x000000072a180000,0x000000072b5fc010,0x000000072b600000)
  to   space 20992K, 0% used [0x0000000728d00000,0x0000000728d00000,0x000000072a180000)
 ParOldGen       total 343040K, used 194785K [0x00000005cb200000, 0x00000005e0100000, 0x0000000719100000)
  object space 343040K, 56% used [0x00000005cb200000,0x00000005d70387a0,0x00000005e0100000)
 Metaspace       used 6615K, capacity 6746K, committed 7040K, reserved 1056768K
  class space    used 739K, capacity 801K, committed 896K, reserved 1048576K
Event: 7.843 GC heap after
Heap after GC invocations=3 (full 0):
 PSYoungGen      total 279040K, used 20976K [0x0000000719100000, 0x000000073b200000, 0x00000007c0000000)
  eden space 258048K, 0% used [0x0000000719100000,0x0000000719100000,0x0000000728d00000)
  from space 20992K, 99% used [0x0000000728d00000,0x000000072a17c010,0x000000072a180000)
  to   space 20992K, 0% used [0x0000000739d80000,0x0000000739d80000,0x000000073b200000)
 ParOldGen       total 417280K, used 417133K [0x00000005cb200000, 0x00000005e4980000, 0x0000000719100000)
  object space 417280K, 99% used [0x00000005cb200000,0x00000005e495b7e0,0x00000005e4980000)
 Metaspace       used 6615K, capacity 6746K, committed 7040K, reserved 1056768K
  class space    used 739K, capacity 801K, committed 896K, reserved 1048576K
}
Event: 7.843 GC heap before
{Heap before GC invocations=4 (full 1):
 PSYoungGen      total 279040K, used 20976K [0x0000000719100000, 0x000000073b200000, 0x00000007c0000000)
  eden space 258048K, 0% used [0x0000000719100000,0x0000000719100000,0x0000000728d00000)
  from space 20992K, 99% used [0x0000000728d00000,0x000000072a17c010,0x000000072a180000)
  to   space 20992K, 0% used [0x0000000739d80000,0x0000000739d80000,0x000000073b200000)
 ParOldGen       total 417280K, used 417133K [0x00000005cb200000, 0x00000005e4980000, 0x0000000719100000)
  object space 417280K, 99% used [0x00000005cb200000,0x00000005e495b7e0,0x00000005e4980000)
 Metaspace       used 6615K, capacity 6746K, committed 7040K, reserved 1056768K
  class space    used 739K, capacity 801K, committed 896K, reserved 1048576K
Event: 9.647 GC heap after
Heap after GC invocations=4 (full 1):
 PSYoungGen      total 279040K, used 14286K [0x0000000719100000, 0x000000073b200000, 0x00000007c0000000)
  eden space 258048K, 0% used [0x0000000719100000,0x0000000719100000,0x0000000728d00000)
  from space 20992K, 68% used [0x0000000728d00000,0x0000000729af3be8,0x000000072a180000)
  to   space 20992K, 0% used [0x0000000739d80000,0x0000000739d80000,0x000000073b200000)
 ParOldGen       total 862208K, used 417215K [0x00000005cb200000, 0x00000005ffc00000, 0x0000000719100000)
  object space 862208K, 48% used [0x00000005cb200000,0x00000005e496ff08,0x00000005ffc00000)
 Metaspace       used 6615K, capacity 6746K, committed 7040K, reserved 1056768K
  class space    used 739K, capacity 801K, committed 896K, reserved 1048576K
}

