# JRE version: Java(TM) SE Runtime Environment (8.0_91-b14) (build 1.8.0_91-b14)
# Java VM: Java HotSpot(TM) 64-Bit Server VM (25.91-b14 mixed mode linux-amd64 compressed oops)
Heap:
 PSYoungGen      total 2037248K, used 54223K [0x0000000719100000, 0x00000007c0000000, 0x00000007c0000000)
  eden space 1819136K, 2% used [0x0000000719100000,0x000000071c5f3c38,0x0000000788180000)
  from space 218112K, 0% used [0x0000000788180000,0x0000000788180000,0x0000000795680000)
  to   space 630272K, 0% used [0x0000000799880000,0x0000000799880000,0x00000007c0000000)
 ParOldGen       total 1952768K, used 615981K [0x00000005cb200000, 0x0000000642500000, 0x0000000719100000)
  object space 1952768K, 31% used [0x00000005cb200000,0x00000005f0b8b4f8,0x0000000642500000)
 Metaspace       used 6743K, capacity 6874K, committed 7040K, reserved 1056768K
  class space    used 743K, capacity 801K, committed 896K, reserved 1048576K
GC Heap History (10 events):
Event: 30.867 GC heap before
{Heap before GC invocations=15 (full 2):
 PSYoungGen      total 1650688K, used 1435648K [0x0000000719100000, 0x000000078db80000, 0x00000007c0000000)
  eden space 1435648K, 100% used [0x0000000719100000,0x0000000770b00000,0x0000000770b00000)
  from space 215040K, 0% used [0x000000077e080000,0x000000077e080000,0x000000078b280000)
  to   space 218624K, 0% used [0x0000000770b00000,0x0000000770b00000,0x000000077e080000)
 ParOldGen       total 1043456K, used 532505K [0x00000005cb200000, 0x000000060ad00000, 0x0000000719100000)
  object space 1043456K, 51% used [0x00000005cb200000,0x00000005eba066c8,0x000000060ad00000)
 Metaspace       used 6528K, capacity 6746K, committed 7040K, reserved 1056768K
  class space    used 731K, capacity 801K, committed 896K, reserved 1048576K
Event: 30.870 GC heap after
Heap after GC invocations=15 (full 2):
 PSYoungGen      total 1654272K, used 64K [0x0000000719100000, 0x00000007a2d00000, 0x00000007c0000000)
  eden space 1435648K, 0% used [0x0000000719100000,0x0000000719100000,0x0000000770b00000)
  from space 218624K, 0% used [0x0000000770b00000,0x0000000770b10000,0x000000077e080000)
  to   space 219648K, 0% used [0x0000000795680000,0x0000000795680000,0x00000007a2d00000)
 ParOldGen       total 1043456K, used 532505K [0x00000005cb200000, 0x000000060ad00000, 0x0000000719100000)
  object space 1043456K, 51% used [0x00000005cb200000,0x00000005eba066c8,0x000000060ad00000)
 Metaspace       used 6528K, capacity 6746K, committed 7040K, reserved 1056768K
  class space    used 731K, capacity 801K, committed 896K, reserved 1048576K
}
Event: 31.192 GC heap before
{Heap before GC invocations=16 (full 2):
 PSYoungGen      total 1654272K, used 1427505K [0x0000000719100000, 0x00000007a2d00000, 0x00000007c0000000)
  eden space 1435648K, 99% used [0x0000000719100000,0x00000007702fc600,0x0000000770b00000)
  from space 218624K, 0% used [0x0000000770b00000,0x0000000770b10000,0x000000077e080000)
  to   space 219648K, 0% used [0x0000000795680000,0x0000000795680000,0x00000007a2d00000)
 ParOldGen       total 1043456K, used 532505K [0x00000005cb200000, 0x000000060ad00000, 0x0000000719100000)
  object space 1043456K, 51% used [0x00000005cb200000,0x00000005eba066c8,0x000000060ad00000)
 Metaspace       used 6528K, capacity 6746K, committed 7040K, reserved 1056768K
  class space    used 731K, capacity 801K, committed 896K, reserved 1048576K
Event: 31.443 GC heap after
Heap after GC invocations=16 (full 2):
 PSYoungGen      total 2038784K, used 64K [0x0000000719100000, 0x00000007a9c80000, 0x00000007c0000000)
  eden space 1819136K, 0% used [0x0000000719100000,0x0000000719100000,0x0000000788180000)
  from space 219648K, 0% used [0x0000000795680000,0x0000000795690000,0x00000007a2d00000)
  to   space 218112K, 0% used [0x0000000788180000,0x0000000788180000,0x0000000795680000)
 ParOldGen       total 2125824K, used 1613849K [0x00000005cb200000, 0x000000064ce00000, 0x0000000719100000)
  object space 2125824K, 75% used [0x00000005cb200000,0x000000062da066e8,0x000000064ce00000)
 Metaspace       used 6528K, capacity 6746K, committed 7040K, reserved 1056768K
  class space    used 731K, capacity 801K, committed 896K, reserved 1048576K
}
Event: 31.443 GC heap before
{Heap before GC invocations=17 (full 3):
 PSYoungGen      total 2038784K, used 64K [0x0000000719100000, 0x00000007a9c80000, 0x00000007c0000000)
  eden space 1819136K, 0% used [0x0000000719100000,0x0000000719100000,0x0000000788180000)
  from space 219648K, 0% used [0x0000000795680000,0x0000000795690000,0x00000007a2d00000)
  to   space 218112K, 0% used [0x0000000788180000,0x0000000788180000,0x0000000795680000)
 ParOldGen       total 2125824K, used 1613849K [0x00000005cb200000, 0x000000064ce00000, 0x0000000719100000)
  object space 2125824K, 75% used [0x00000005cb200000,0x000000062da066e8,0x000000064ce00000)
 Metaspace       used 6528K, capacity 6746K, committed 7040K, reserved 1056768K
  class space    used 731K, capacity 801K, committed 896K, reserved 1048576K
Event: 32.009 GC heap after
Heap after GC invocations=17 (full 3):
 PSYoungGen      total 2038784K, used 0K [0x0000000719100000, 0x00000007a9c80000, 0x00000007c0000000)
  eden space 1819136K, 0% used [0x0000000719100000,0x0000000719100000,0x0000000788180000)
  from space 219648K, 0% used [0x0000000795680000,0x0000000795680000,0x00000007a2d00000)
  to   space 218112K, 0% used [0x0000000788180000,0x0000000788180000,0x0000000795680000)
 ParOldGen       total 1746944K, used 794890K [0x00000005cb200000, 0x0000000635c00000, 0x0000000719100000)
  object space 1746944K, 45% used [0x00000005cb200000,0x00000005fba42868,0x0000000635c00000)
 Metaspace       used 6528K, capacity 6746K, committed 7040K, reserved 1056768K
  class space    used 731K, capacity 801K, committed 896K, reserved 1048576K
}
Event: 52.741 GC heap before
{Heap before GC invocations=18 (full 3):
 PSYoungGen      total 2038784K, used 1819136K [0x0000000719100000, 0x00000007a9c80000, 0x00000007c0000000)
  eden space 1819136K, 100% used [0x0000000719100000,0x0000000788180000,0x0000000788180000)
  from space 219648K, 0% used [0x0000000795680000,0x0000000795680000,0x00000007a2d00000)
  to   space 218112K, 0% used [0x0000000788180000,0x0000000788180000,0x0000000795680000)
 ParOldGen       total 1746944K, used 794890K [0x00000005cb200000, 0x0000000635c00000, 0x0000000719100000)
  object space 1746944K, 45% used [0x00000005cb200000,0x00000005fba42868,0x0000000635c00000)
 Metaspace       used 6743K, capacity 6874K, committed 7040K, reserved 1056768K
  class space    used 743K, capacity 801K, committed 896K, reserved 1048576K
Event: 53.245 GC heap after
Heap after GC invocations=18 (full 3):
 PSYoungGen      total 2037248K, used 218112K [0x0000000719100000, 0x00000007c0000000, 0x00000007c0000000)
  eden space 1819136K, 0% used [0x0000000719100000,0x0000000719100000,0x0000000788180000)
  from space 218112K, 100% used [0x0000000788180000,0x0000000795680000,0x0000000795680000)
  to   space 630272K, 0% used [0x0000000799880000,0x0000000799880000,0x00000007c0000000)
 ParOldGen       total 1799168K, used 1798669K [0x00000005cb200000, 0x0000000638f00000, 0x0000000719100000)
  object space 1799168K, 99% used [0x00000005cb200000,0x0000000638e83440,0x0000000638f00000)
 Metaspace       used 6743K, capacity 6874K, committed 7040K, reserved 1056768K
  class space    used 743K, capacity 801K, committed 896K, reserved 1048576K
}
Event: 53.245 GC heap before
{Heap before GC invocations=19 (full 4):
 PSYoungGen      total 2037248K, used 218112K [0x0000000719100000, 0x00000007c0000000, 0x00000007c0000000)
  eden space 1819136K, 0% used [0x0000000719100000,0x0000000719100000,0x0000000788180000)
  from space 218112K, 100% used [0x0000000788180000,0x0000000795680000,0x0000000795680000)
  to   space 630272K, 0% used [0x0000000799880000,0x0000000799880000,0x00000007c0000000)
 ParOldGen       total 1799168K, used 1798669K [0x00000005cb200000, 0x0000000638f00000, 0x0000000719100000)
  object space 1799168K, 99% used [0x00000005cb200000,0x0000000638e83440,0x0000000638f00000)
 Metaspace       used 6743K, capacity 6874K, committed 7040K, reserved 1056768K
  class space    used 743K, capacity 801K, committed 896K, reserved 1048576K
Event: 54.310 GC heap after
Heap after GC invocations=19 (full 4):
 PSYoungGen      total 2037248K, used 0K [0x0000000719100000, 0x00000007c0000000, 0x00000007c0000000)
  eden space 1819136K, 0% used [0x0000000719100000,0x0000000719100000,0x0000000788180000)
  from space 218112K, 0% used [0x0000000788180000,0x0000000788180000,0x0000000795680000)
  to   space 630272K, 0% used [0x0000000799880000,0x0000000799880000,0x00000007c0000000)
 ParOldGen       total 1952768K, used 615981K [0x00000005cb200000, 0x0000000642500000, 0x0000000719100000)
  object space 1952768K, 31% used [0x00000005cb200000,0x00000005f0b8b4f8,0x0000000642500000)
 Metaspace       used 6743K, capacity 6874K, committed 7040K, reserved 1056768K
  class space    used 743K, capacity 801K, committed 896K, reserved 1048576K
}

