# JRE version: Java(TM) SE Runtime Environment (8.0_91-b14) (build 1.8.0_91-b14)
# Java VM: Java HotSpot(TM) 64-Bit Server VM (25.91-b14 mixed mode linux-amd64 compressed oops)
Heap:
 PSYoungGen      total 1726976K, used 28925K [0x0000000719100000, 0x00000007c0000000, 0x00000007c0000000)
  eden space 1446400K, 1% used [0x0000000719100000,0x000000071ad3f680,0x0000000771580000)
  from space 280576K, 0% used [0x0000000798600000,0x0000000798600000,0x00000007a9800000)
  to   space 639488K, 0% used [0x0000000771580000,0x0000000771580000,0x0000000798600000)
 ParOldGen       total 2224640K, used 1334939K [0x00000005cb200000, 0x0000000652e80000, 0x0000000719100000)
  object space 2224640K, 60% used [0x00000005cb200000,0x000000061c9a6d70,0x0000000652e80000)
 Metaspace       used 6565K, capacity 6746K, committed 7040K, reserved 1056768K
  class space    used 731K, capacity 801K, committed 896K, reserved 1048576K
GC Heap History (10 events):
Event: 23.392 GC heap before
{Heap before GC invocations=15 (full 2):
 PSYoungGen      total 1542144K, used 1344512K [0x0000000719100000, 0x0000000795500000, 0x00000007c0000000)
  eden space 1344512K, 100% used [0x0000000719100000,0x000000076b200000,0x000000076b200000)
  from space 197632K, 0% used [0x000000077cf80000,0x000000077cf80000,0x0000000789080000)
  to   space 292352K, 0% used [0x000000076b200000,0x000000076b200000,0x000000077cf80000)
 ParOldGen       total 1029632K, used 555396K [0x00000005cb200000, 0x0000000609f80000, 0x0000000719100000)
  object space 1029632K, 53% used [0x00000005cb200000,0x00000005ed061228,0x0000000609f80000)
 Metaspace       used 6560K, capacity 6746K, committed 7040K, reserved 1056768K
  class space    used 731K, capacity 801K, committed 896K, reserved 1048576K
Event: 23.436 GC heap after
Heap after GC invocations=15 (full 2):
 PSYoungGen      total 1636864K, used 51456K [0x0000000719100000, 0x000000079e200000, 0x00000007c0000000)
  eden space 1344512K, 0% used [0x0000000719100000,0x0000000719100000,0x000000076b200000)
  from space 292352K, 17% used [0x000000076b200000,0x000000076e440000,0x000000077cf80000)
  to   space 294400K, 0% used [0x000000078c280000,0x000000078c280000,0x000000079e200000)
 ParOldGen       total 1029632K, used 555396K [0x00000005cb200000, 0x0000000609f80000, 0x0000000719100000)
  object space 1029632K, 53% used [0x00000005cb200000,0x00000005ed061228,0x0000000609f80000)
 Metaspace       used 6560K, capacity 6746K, committed 7040K, reserved 1056768K
  class space    used 731K, capacity 801K, committed 896K, reserved 1048576K
}
Event: 25.821 GC heap before
{Heap before GC invocations=16 (full 2):
 PSYoungGen      total 1636864K, used 1395968K [0x0000000719100000, 0x000000079e200000, 0x00000007c0000000)
  eden space 1344512K, 100% used [0x0000000719100000,0x000000076b200000,0x000000076b200000)
  from space 292352K, 17% used [0x000000076b200000,0x000000076e440000,0x000000077cf80000)
  to   space 294400K, 0% used [0x000000078c280000,0x000000078c280000,0x000000079e200000)
 ParOldGen       total 1029632K, used 555396K [0x00000005cb200000, 0x0000000609f80000, 0x0000000719100000)
  object space 1029632K, 53% used [0x00000005cb200000,0x00000005ed061228,0x0000000609f80000)
 Metaspace       used 6560K, capacity 6746K, committed 7040K, reserved 1056768K
  class space    used 731K, capacity 801K, committed 896K, reserved 1048576K
Event: 25.866 GC heap after
Heap after GC invocations=16 (full 2):
 PSYoungGen      total 1826304K, used 82176K [0x0000000719100000, 0x000000079bf80000, 0x00000007c0000000)
  eden space 1567232K, 0% used [0x0000000719100000,0x0000000719100000,0x0000000778b80000)
  from space 259072K, 31% used [0x000000078c280000,0x00000007912c0010,0x000000079bf80000)
  to   space 288768K, 0% used [0x0000000778b80000,0x0000000778b80000,0x000000078a580000)
 ParOldGen       total 1029632K, used 555396K [0x00000005cb200000, 0x0000000609f80000, 0x0000000719100000)
  object space 1029632K, 53% used [0x00000005cb200000,0x00000005ed061228,0x0000000609f80000)
 Metaspace       used 6560K, capacity 6746K, committed 7040K, reserved 1056768K
  class space    used 731K, capacity 801K, committed 896K, reserved 1048576K
}
Event: 28.631 GC heap before
{Heap before GC invocations=17 (full 2):
 PSYoungGen      total 1826304K, used 1649408K [0x0000000719100000, 0x000000079bf80000, 0x00000007c0000000)
  eden space 1567232K, 100% used [0x0000000719100000,0x0000000778b80000,0x0000000778b80000)
  from space 259072K, 31% used [0x000000078c280000,0x00000007912c0010,0x000000079bf80000)
  to   space 288768K, 0% used [0x0000000778b80000,0x0000000778b80000,0x000000078a580000)
 ParOldGen       total 1029632K, used 555396K [0x00000005cb200000, 0x0000000609f80000, 0x0000000719100000)
  object space 1029632K, 53% used [0x00000005cb200000,0x00000005ed061228,0x0000000609f80000)
 Metaspace       used 6560K, capacity 6746K, committed 7040K, reserved 1056768K
  class space    used 731K, capacity 801K, committed 896K, reserved 1048576K
Event: 28.686 GC heap after
Heap after GC invocations=17 (full 2):
 PSYoungGen      total 1856000K, used 91840K [0x0000000719100000, 0x00000007a9800000, 0x00000007c0000000)
  eden space 1567232K, 0% used [0x0000000719100000,0x0000000719100000,0x0000000778b80000)
  from space 288768K, 31% used [0x0000000778b80000,0x000000077e530010,0x000000078a580000)
  to   space 280576K, 0% used [0x0000000798600000,0x0000000798600000,0x00000007a9800000)
 ParOldGen       total 1029632K, used 555396K [0x00000005cb200000, 0x0000000609f80000, 0x0000000719100000)
  object space 1029632K, 53% used [0x00000005cb200000,0x00000005ed061228,0x0000000609f80000)
 Metaspace       used 6560K, capacity 6746K, committed 7040K, reserved 1056768K
  class space    used 731K, capacity 801K, committed 896K, reserved 1048576K
}
Event: 47.147 GC heap before
{Heap before GC invocations=18 (full 2):
 PSYoungGen      total 1856000K, used 1659072K [0x0000000719100000, 0x00000007a9800000, 0x00000007c0000000)
  eden space 1567232K, 100% used [0x0000000719100000,0x0000000778b80000,0x0000000778b80000)
  from space 288768K, 31% used [0x0000000778b80000,0x000000077e530010,0x000000078a580000)
  to   space 280576K, 0% used [0x0000000798600000,0x0000000798600000,0x00000007a9800000)
 ParOldGen       total 1029632K, used 555396K [0x00000005cb200000, 0x0000000609f80000, 0x0000000719100000)
  object space 1029632K, 53% used [0x00000005cb200000,0x00000005ed061228,0x0000000609f80000)
 Metaspace       used 6565K, capacity 6746K, committed 7040K, reserved 1056768K
  class space    used 731K, capacity 801K, committed 896K, reserved 1048576K
Event: 48.724 GC heap after
Heap after GC invocations=18 (full 2):
 PSYoungGen      total 1726976K, used 280560K [0x0000000719100000, 0x00000007c0000000, 0x00000007c0000000)
  eden space 1446400K, 0% used [0x0000000719100000,0x0000000719100000,0x0000000771580000)
  from space 280576K, 99% used [0x0000000798600000,0x00000007a97fc220,0x00000007a9800000)
  to   space 639488K, 0% used [0x0000000771580000,0x0000000771580000,0x0000000798600000)
 ParOldGen       total 1415680K, used 1415404K [0x00000005cb200000, 0x0000000621880000, 0x0000000719100000)
  object space 1415680K, 99% used [0x00000005cb200000,0x000000062183b228,0x0000000621880000)
 Metaspace       used 6565K, capacity 6746K, committed 7040K, reserved 1056768K
  class space    used 731K, capacity 801K, committed 896K, reserved 1048576K
}
Event: 48.724 GC heap before
{Heap before GC invocations=19 (full 3):
 PSYoungGen      total 1726976K, used 280560K [0x0000000719100000, 0x00000007c0000000, 0x00000007c0000000)
  eden space 1446400K, 0% used [0x0000000719100000,0x0000000719100000,0x0000000771580000)
  from space 280576K, 99% used [0x0000000798600000,0x00000007a97fc220,0x00000007a9800000)
  to   space 639488K, 0% used [0x0000000771580000,0x0000000771580000,0x0000000798600000)
 ParOldGen       total 1415680K, used 1415404K [0x00000005cb200000, 0x0000000621880000, 0x0000000719100000)
  object space 1415680K, 99% used [0x00000005cb200000,0x000000062183b228,0x0000000621880000)
 Metaspace       used 6565K, capacity 6746K, committed 7040K, reserved 1056768K
  class space    used 731K, capacity 801K, committed 896K, reserved 1048576K
Event: 52.840 GC heap after
Heap after GC invocations=19 (full 3):
 PSYoungGen      total 1726976K, used 0K [0x0000000719100000, 0x00000007c0000000, 0x00000007c0000000)
  eden space 1446400K, 0% used [0x0000000719100000,0x0000000719100000,0x0000000771580000)
  from space 280576K, 0% used [0x0000000798600000,0x0000000798600000,0x00000007a9800000)
  to   space 639488K, 0% used [0x0000000771580000,0x0000000771580000,0x0000000798600000)
 ParOldGen       total 2224640K, used 1334939K [0x00000005cb200000, 0x0000000652e80000, 0x0000000719100000)
  object space 2224640K, 60% used [0x00000005cb200000,0x000000061c9a6d70,0x0000000652e80000)
 Metaspace       used 6565K, capacity 6746K, committed 7040K, reserved 1056768K
  class space    used 731K, capacity 801K, committed 896K, reserved 1048576K
}

