# JRE version: Java(TM) SE Runtime Environment (8.0_91-b14) (build 1.8.0_91-b14)
# Java VM: Java HotSpot(TM) 64-Bit Server VM (25.91-b14 mixed mode linux-amd64 compressed oops)
Heap:
 PSYoungGen      total 1113088K, used 20481K [0x0000000719100000, 0x00000007c0000000, 0x00000007c0000000)
  eden space 1032192K, 1% used [0x0000000719100000,0x000000071a5005d0,0x0000000758100000)
  from space 80896K, 0% used [0x0000000758100000,0x0000000758100000,0x000000075d000000)
  to   space 562176K, 0% used [0x000000079db00000,0x000000079db00000,0x00000007c0000000)
 ParOldGen       total 1732608K, used 1047735K [0x00000005cb200000, 0x0000000634e00000, 0x0000000719100000)
  object space 1732608K, 60% used [0x00000005cb200000,0x000000060b12dcf0,0x0000000634e00000)
 Metaspace       used 6690K, capacity 6810K, committed 7040K, reserved 1056768K
  class space    used 743K, capacity 801K, committed 896K, reserved 1048576K
GC Heap History (10 events):
Event: 1.943 GC heap before
{Heap before GC invocations=4 (full 0):
 PSYoungGen      total 279040K, used 279024K [0x0000000719100000, 0x000000073b200000, 0x00000007c0000000)
  eden space 258048K, 100% used [0x0000000719100000,0x0000000728d00000,0x0000000728d00000)
  from space 20992K, 99% used [0x0000000728d00000,0x000000072a17c030,0x000000072a180000)
  to   space 20992K, 0% used [0x0000000739d80000,0x0000000739d80000,0x000000073b200000)
 ParOldGen       total 343040K, used 92576K [0x00000005cb200000, 0x00000005e0100000, 0x0000000719100000)
  object space 343040K, 26% used [0x00000005cb200000,0x00000005d0c681d8,0x00000005e0100000)
 Metaspace       used 6515K, capacity 6682K, committed 6784K, reserved 1056768K
  class space    used 731K, capacity 801K, committed 896K, reserved 1048576K
Event: 1.968 GC heap after
Heap after GC invocations=4 (full 0):
 PSYoungGen      total 537088K, used 5552K [0x0000000719100000, 0x000000073b200000, 0x00000007c0000000)
  eden space 516096K, 0% used [0x0000000719100000,0x0000000719100000,0x0000000738900000)
  from space 20992K, 26% used [0x0000000739d80000,0x000000073a2ec020,0x000000073b200000)
  to   space 20992K, 0% used [0x0000000738900000,0x0000000738900000,0x0000000739d80000)
 ParOldGen       total 343040K, used 123680K [0x00000005cb200000, 0x00000005e0100000, 0x0000000719100000)
  object space 343040K, 36% used [0x00000005cb200000,0x00000005d2ac81e8,0x00000005e0100000)
 Metaspace       used 6515K, capacity 6682K, committed 6784K, reserved 1056768K
  class space    used 731K, capacity 801K, committed 896K, reserved 1048576K
}
Event: 2.168 GC heap before
{Heap before GC invocations=5 (full 0):
 PSYoungGen      total 537088K, used 521648K [0x0000000719100000, 0x000000073b200000, 0x00000007c0000000)
  eden space 516096K, 100% used [0x0000000719100000,0x0000000738900000,0x0000000738900000)
  from space 20992K, 26% used [0x0000000739d80000,0x000000073a2ec020,0x000000073b200000)
  to   space 20992K, 0% used [0x0000000738900000,0x0000000738900000,0x0000000739d80000)
 ParOldGen       total 343040K, used 123680K [0x00000005cb200000, 0x00000005e0100000, 0x0000000719100000)
  object space 343040K, 36% used [0x00000005cb200000,0x00000005d2ac81e8,0x00000005e0100000)
 Metaspace       used 6515K, capacity 6682K, committed 6784K, reserved 1056768K
  class space    used 731K, capacity 801K, committed 896K, reserved 1048576K
Event: 2.204 GC heap after
Heap after GC invocations=5 (full 0):
 PSYoungGen      total 537088K, used 5552K [0x0000000719100000, 0x0000000762600000, 0x00000007c0000000)
  eden space 516096K, 0% used [0x0000000719100000,0x0000000719100000,0x0000000738900000)
  from space 20992K, 26% used [0x0000000738900000,0x0000000738e6c020,0x0000000739d80000)
  to   space 84480K, 0% used [0x000000075d380000,0x000000075d380000,0x0000000762600000)
 ParOldGen       total 343040K, used 185888K [0x00000005cb200000, 0x00000005e0100000, 0x0000000719100000)
  object space 343040K, 54% used [0x00000005cb200000,0x00000005d67881f8,0x00000005e0100000)
 Metaspace       used 6515K, capacity 6682K, committed 6784K, reserved 1056768K
  class space    used 731K, capacity 801K, committed 896K, reserved 1048576K
}
Event: 3.060 GC heap before
{Heap before GC invocations=6 (full 0):
 PSYoungGen      total 537088K, used 521648K [0x0000000719100000, 0x0000000762600000, 0x00000007c0000000)
  eden space 516096K, 100% used [0x0000000719100000,0x0000000738900000,0x0000000738900000)
  from space 20992K, 26% used [0x0000000738900000,0x0000000738e6c020,0x0000000739d80000)
  to   space 84480K, 0% used [0x000000075d380000,0x000000075d380000,0x0000000762600000)
 ParOldGen       total 343040K, used 185888K [0x00000005cb200000, 0x00000005e0100000, 0x0000000719100000)
  object space 343040K, 54% used [0x00000005cb200000,0x00000005d67881f8,0x00000005e0100000)
 Metaspace       used 6681K, capacity 6810K, committed 7040K, reserved 1056768K
  class space    used 743K, capacity 801K, committed 896K, reserved 1048576K
Event: 3.084 GC heap after
Heap after GC invocations=6 (full 0):
 PSYoungGen      total 1109504K, used 14992K [0x0000000719100000, 0x0000000761f00000, 0x00000007c0000000)
  eden space 1032192K, 0% used [0x0000000719100000,0x0000000719100000,0x0000000758100000)
  from space 77312K, 19% used [0x000000075d380000,0x000000075e224020,0x0000000761f00000)
  to   space 80896K, 0% used [0x0000000758100000,0x0000000758100000,0x000000075d000000)
 ParOldGen       total 343040K, used 185896K [0x00000005cb200000, 0x00000005e0100000, 0x0000000719100000)
  object space 343040K, 54% used [0x00000005cb200000,0x00000005d678a1f8,0x00000005e0100000)
 Metaspace       used 6681K, capacity 6810K, committed 7040K, reserved 1056768K
  class space    used 743K, capacity 801K, committed 896K, reserved 1048576K
}
Event: 79.111 GC heap before
{Heap before GC invocations=7 (full 0):
 PSYoungGen      total 1109504K, used 1047184K [0x0000000719100000, 0x0000000761f00000, 0x00000007c0000000)
  eden space 1032192K, 100% used [0x0000000719100000,0x0000000758100000,0x0000000758100000)
  from space 77312K, 19% used [0x000000075d380000,0x000000075e224020,0x0000000761f00000)
  to   space 80896K, 0% used [0x0000000758100000,0x0000000758100000,0x000000075d000000)
 ParOldGen       total 343040K, used 185896K [0x00000005cb200000, 0x00000005e0100000, 0x0000000719100000)
  object space 343040K, 54% used [0x00000005cb200000,0x00000005d678a1f8,0x00000005e0100000)
 Metaspace       used 6689K, capacity 6810K, committed 7040K, reserved 1056768K
  class space    used 743K, capacity 801K, committed 896K, reserved 1048576K
Event: 81.576 GC heap after
Heap after GC invocations=7 (full 0):
 PSYoungGen      total 1113088K, used 80896K [0x0000000719100000, 0x00000007c0000000, 0x00000007c0000000)
  eden space 1032192K, 0% used [0x0000000719100000,0x0000000719100000,0x0000000758100000)
  from space 80896K, 100% used [0x0000000758100000,0x000000075d000000,0x000000075d000000)
  to   space 562176K, 0% used [0x000000079db00000,0x000000079db00000,0x00000007c0000000)
 ParOldGen       total 1109504K, used 1109503K [0x00000005cb200000, 0x000000060ed80000, 0x0000000719100000)
  object space 1109504K, 99% used [0x00000005cb200000,0x000000060ed7fd48,0x000000060ed80000)
 Metaspace       used 6689K, capacity 6810K, committed 7040K, reserved 1056768K
  class space    used 743K, capacity 801K, committed 896K, reserved 1048576K
}
Event: 81.576 GC heap before
{Heap before GC invocations=8 (full 1):
 PSYoungGen      total 1113088K, used 80896K [0x0000000719100000, 0x00000007c0000000, 0x00000007c0000000)
  eden space 1032192K, 0% used [0x0000000719100000,0x0000000719100000,0x0000000758100000)
  from space 80896K, 100% used [0x0000000758100000,0x000000075d000000,0x000000075d000000)
  to   space 562176K, 0% used [0x000000079db00000,0x000000079db00000,0x00000007c0000000)
 ParOldGen       total 1109504K, used 1109503K [0x00000005cb200000, 0x000000060ed80000, 0x0000000719100000)
  object space 1109504K, 99% used [0x00000005cb200000,0x000000060ed7fd48,0x000000060ed80000)
 Metaspace       used 6689K, capacity 6810K, committed 7040K, reserved 1056768K
  class space    used 743K, capacity 801K, committed 896K, reserved 1048576K
Event: 85.318 GC heap after
Heap after GC invocations=8 (full 1):
 PSYoungGen      total 1113088K, used 0K [0x0000000719100000, 0x00000007c0000000, 0x00000007c0000000)
  eden space 1032192K, 0% used [0x0000000719100000,0x0000000719100000,0x0000000758100000)
  from space 80896K, 0% used [0x0000000758100000,0x0000000758100000,0x000000075d000000)
  to   space 562176K, 0% used [0x000000079db00000,0x000000079db00000,0x00000007c0000000)
 ParOldGen       total 1732608K, used 1047735K [0x00000005cb200000, 0x0000000634e00000, 0x0000000719100000)
  object space 1732608K, 60% used [0x00000005cb200000,0x000000060b12dcf0,0x0000000634e00000)
 Metaspace       used 6689K, capacity 6810K, committed 7040K, reserved 1056768K
  class space    used 743K, capacity 801K, committed 896K, reserved 1048576K
}

