# JRE version: Java(TM) SE Runtime Environment (8.0_91-b14) (build 1.8.0_91-b14)
# Java VM: Java HotSpot(TM) 64-Bit Server VM (25.91-b14 mixed mode linux-amd64 compressed oops)
Heap:
 PSYoungGen      total 1698816K, used 21421K [0x0000000719100000, 0x00000007c0000000, 0x00000007c0000000)
  eden space 1078272K, 1% used [0x0000000719100000,0x000000071a5eb7c8,0x000000075ae00000)
  from space 620544K, 0% used [0x0000000797d00000,0x0000000797d00000,0x00000007bdb00000)
  to   space 828416K, 0% used [0x000000075ae00000,0x000000075ae00000,0x000000078d700000)
 ParOldGen       total 1783808K, used 988474K [0x00000005cb200000, 0x0000000638000000, 0x0000000719100000)
  object space 1783808K, 55% used [0x00000005cb200000,0x000000060774ea70,0x0000000638000000)
 Metaspace       used 6887K, capacity 7066K, committed 7296K, reserved 1056768K
  class space    used 751K, capacity 801K, committed 896K, reserved 1048576K
GC Heap History (10 events):
Event: 108.523 GC heap before
{Heap before GC invocations=44 (full 3):
 PSYoungGen      total 2004992K, used 1665056K [0x0000000719100000, 0x00000007c0000000, 0x00000007c0000000)
  eden space 1298944K, 100% used [0x0000000719100000,0x0000000768580000,0x0000000768580000)
  from space 706048K, 51% used [0x0000000791780000,0x00000007a7d08030,0x00000007bc900000)
  to   space 673792K, 0% used [0x0000000768580000,0x0000000768580000,0x0000000791780000)
 ParOldGen       total 1372672K, used 1010066K [0x00000005cb200000, 0x000000061ee80000, 0x0000000719100000)
  object space 1372672K, 73% used [0x00000005cb200000,0x0000000608c64968,0x000000061ee80000)
 Metaspace       used 6684K, capacity 6810K, committed 7040K, reserved 1056768K
  class space    used 739K, capacity 801K, committed 896K, reserved 1048576K
Event: 108.626 GC heap after
Heap after GC invocations=44 (full 3):
 PSYoungGen      total 1972736K, used 361504K [0x0000000719100000, 0x00000007ba980000, 0x00000007c0000000)
  eden space 1298944K, 0% used [0x0000000719100000,0x0000000719100000,0x0000000768580000)
  from space 673792K, 53% used [0x0000000768580000,0x000000077e688030,0x0000000791780000)
  to   space 645632K, 0% used [0x0000000793300000,0x0000000793300000,0x00000007ba980000)
 ParOldGen       total 1372672K, used 1018506K [0x00000005cb200000, 0x000000061ee80000, 0x0000000719100000)
  object space 1372672K, 74% used [0x00000005cb200000,0x00000006094a2968,0x000000061ee80000)
 Metaspace       used 6684K, capacity 6810K, committed 7040K, reserved 1056768K
  class space    used 739K, capacity 801K, committed 896K, reserved 1048576K
}
Event: 111.267 GC heap before
{Heap before GC invocations=45 (full 3):
 PSYoungGen      total 1972736K, used 1660448K [0x0000000719100000, 0x00000007ba980000, 0x00000007c0000000)
  eden space 1298944K, 100% used [0x0000000719100000,0x0000000768580000,0x0000000768580000)
  from space 673792K, 53% used [0x0000000768580000,0x000000077e688030,0x0000000791780000)
  to   space 645632K, 0% used [0x0000000793300000,0x0000000793300000,0x00000007ba980000)
 ParOldGen       total 1372672K, used 1018506K [0x00000005cb200000, 0x000000061ee80000, 0x0000000719100000)
  object space 1372672K, 74% used [0x00000005cb200000,0x00000006094a2968,0x000000061ee80000)
 Metaspace       used 6684K, capacity 6810K, committed 7040K, reserved 1056768K
  class space    used 739K, capacity 801K, committed 896K, reserved 1048576K
Event: 111.383 GC heap after
Heap after GC invocations=45 (full 3):
 PSYoungGen      total 2013184K, used 281504K [0x0000000719100000, 0x00000007bcc80000, 0x00000007c0000000)
  eden space 1367552K, 0% used [0x0000000719100000,0x0000000719100000,0x000000076c880000)
  from space 645632K, 43% used [0x0000000793300000,0x00000007a45e8020,0x00000007ba980000)
  to   space 633344K, 0% used [0x000000076c880000,0x000000076c880000,0x0000000793300000)
 ParOldGen       total 1372672K, used 1127330K [0x00000005cb200000, 0x000000061ee80000, 0x0000000719100000)
  object space 1372672K, 82% used [0x00000005cb200000,0x000000060fee89a8,0x000000061ee80000)
 Metaspace       used 6684K, capacity 6810K, committed 7040K, reserved 1056768K
  class space    used 739K, capacity 801K, committed 896K, reserved 1048576K
}
Event: 113.267 GC heap before
{Heap before GC invocations=46 (full 3):
 PSYoungGen      total 2013184K, used 1613367K [0x0000000719100000, 0x00000007bcc80000, 0x00000007c0000000)
  eden space 1367552K, 97% used [0x0000000719100000,0x000000076a5a5d58,0x000000076c880000)
  from space 645632K, 43% used [0x0000000793300000,0x00000007a45e8020,0x00000007ba980000)
  to   space 633344K, 0% used [0x000000076c880000,0x000000076c880000,0x0000000793300000)
 ParOldGen       total 1372672K, used 1127330K [0x00000005cb200000, 0x000000061ee80000, 0x0000000719100000)
  object space 1372672K, 82% used [0x00000005cb200000,0x000000060fee89a8,0x000000061ee80000)
 Metaspace       used 6687K, capacity 6810K, committed 7040K, reserved 1056768K
  class space    used 739K, capacity 801K, committed 896K, reserved 1048576K
Event: 113.374 GC heap after
Heap after GC invocations=46 (full 3):
 PSYoungGen      total 2000896K, used 400640K [0x0000000719100000, 0x00000007bdb00000, 0x00000007c0000000)
  eden space 1367552K, 0% used [0x0000000719100000,0x0000000719100000,0x000000076c880000)
  from space 633344K, 63% used [0x000000076c880000,0x0000000784fc0040,0x0000000793300000)
  to   space 620544K, 0% used [0x0000000797d00000,0x0000000797d00000,0x00000007bdb00000)
 ParOldGen       total 1372672K, used 1192314K [0x00000005cb200000, 0x000000061ee80000, 0x0000000719100000)
  object space 1372672K, 86% used [0x00000005cb200000,0x0000000613e5e9a8,0x000000061ee80000)
 Metaspace       used 6687K, capacity 6810K, committed 7040K, reserved 1056768K
  class space    used 739K, capacity 801K, committed 896K, reserved 1048576K
}
Event: 127.422 GC heap before
{Heap before GC invocations=47 (full 3):
 PSYoungGen      total 2000896K, used 1768192K [0x0000000719100000, 0x00000007bdb00000, 0x00000007c0000000)
  eden space 1367552K, 100% used [0x0000000719100000,0x000000076c880000,0x000000076c880000)
  from space 633344K, 63% used [0x000000076c880000,0x0000000784fc0040,0x0000000793300000)
  to   space 620544K, 0% used [0x0000000797d00000,0x0000000797d00000,0x00000007bdb00000)
 ParOldGen       total 1372672K, used 1192314K [0x00000005cb200000, 0x000000061ee80000, 0x0000000719100000)
  object space 1372672K, 86% used [0x00000005cb200000,0x0000000613e5e9a8,0x000000061ee80000)
 Metaspace       used 6887K, capacity 7066K, committed 7296K, reserved 1056768K
  class space    used 751K, capacity 801K, committed 896K, reserved 1048576K
Event: 128.468 GC heap after
Heap after GC invocations=47 (full 3):
 PSYoungGen      total 1698816K, used 620512K [0x0000000719100000, 0x00000007c0000000, 0x00000007c0000000)
  eden space 1078272K, 0% used [0x0000000719100000,0x0000000719100000,0x000000075ae00000)
  from space 620544K, 99% used [0x0000000797d00000,0x00000007bdaf8020,0x00000007bdb00000)
  to   space 828416K, 0% used [0x000000075ae00000,0x000000075ae00000,0x000000078d700000)
 ParOldGen       total 1568768K, used 1568738K [0x00000005cb200000, 0x000000062ae00000, 0x0000000719100000)
  object space 1568768K, 99% used [0x00000005cb200000,0x000000062adf89a8,0x000000062ae00000)
 Metaspace       used 6887K, capacity 7066K, committed 7296K, reserved 1056768K
  class space    used 751K, capacity 801K, committed 896K, reserved 1048576K
}
Event: 128.468 GC heap before
{Heap before GC invocations=48 (full 4):
 PSYoungGen      total 1698816K, used 620512K [0x0000000719100000, 0x00000007c0000000, 0x00000007c0000000)
  eden space 1078272K, 0% used [0x0000000719100000,0x0000000719100000,0x000000075ae00000)
  from space 620544K, 99% used [0x0000000797d00000,0x00000007bdaf8020,0x00000007bdb00000)
  to   space 828416K, 0% used [0x000000075ae00000,0x000000075ae00000,0x000000078d700000)
 ParOldGen       total 1568768K, used 1568738K [0x00000005cb200000, 0x000000062ae00000, 0x0000000719100000)
  object space 1568768K, 99% used [0x00000005cb200000,0x000000062adf89a8,0x000000062ae00000)
 Metaspace       used 6887K, capacity 7066K, committed 7296K, reserved 1056768K
  class space    used 751K, capacity 801K, committed 896K, reserved 1048576K
Event: 130.725 GC heap after
Heap after GC invocations=48 (full 4):
 PSYoungGen      total 1698816K, used 0K [0x0000000719100000, 0x00000007c0000000, 0x00000007c0000000)
  eden space 1078272K, 0% used [0x0000000719100000,0x0000000719100000,0x000000075ae00000)
  from space 620544K, 0% used [0x0000000797d00000,0x0000000797d00000,0x00000007bdb00000)
  to   space 828416K, 0% used [0x000000075ae00000,0x000000075ae00000,0x000000078d700000)
 ParOldGen       total 1783808K, used 988474K [0x00000005cb200000, 0x0000000638000000, 0x0000000719100000)
  object space 1783808K, 55% used [0x00000005cb200000,0x000000060774ea70,0x0000000638000000)
 Metaspace       used 6887K, capacity 7066K, committed 7296K, reserved 1056768K
  class space    used 751K, capacity 801K, committed 896K, reserved 1048576K
}

