# JRE version: Java(TM) SE Runtime Environment (8.0_91-b14) (build 1.8.0_91-b14)
# Java VM: Java HotSpot(TM) 64-Bit Server VM (25.91-b14 mixed mode linux-amd64 compressed oops)
Heap:
 PSYoungGen      total 537088K, used 21981K [0x0000000719100000, 0x000000073b200000, 0x00000007c0000000)
  eden space 516096K, 1% used [0x0000000719100000,0x0000000719b01720,0x0000000738900000)
  from space 20992K, 55% used [0x0000000739d80000,0x000000073a8f60d0,0x000000073b200000)
  to   space 20992K, 0% used [0x0000000738900000,0x0000000738900000,0x0000000739d80000)
 ParOldGen       total 876032K, used 386953K [0x00000005cb200000, 0x0000000600980000, 0x0000000719100000)
  object space 876032K, 44% used [0x00000005cb200000,0x00000005e2be26c8,0x0000000600980000)
 Metaspace       used 6620K, capacity 6810K, committed 7040K, reserved 1056768K
  class space    used 739K, capacity 801K, committed 896K, reserved 1048576K
GC Heap History (10 events):
Event: 0.726 GC heap before
{Heap before GC invocations=1 (full 0):
 PSYoungGen      total 150016K, used 129024K [0x0000000719100000, 0x0000000723800000, 0x00000007c0000000)
  eden space 129024K, 100% used [0x0000000719100000,0x0000000720f00000,0x0000000720f00000)
  from space 20992K, 0% used [0x0000000722380000,0x0000000722380000,0x0000000723800000)
  to   space 20992K, 0% used [0x0000000720f00000,0x0000000720f00000,0x0000000722380000)
 ParOldGen       total 343040K, used 0K [0x00000005cb200000, 0x00000005e0100000, 0x0000000719100000)
  object space 343040K, 0% used [0x00000005cb200000,0x00000005cb200000,0x00000005e0100000)
 Metaspace       used 6608K, capacity 6746K, committed 7040K, reserved 1056768K
  class space    used 739K, capacity 801K, committed 896K, reserved 1048576K
Event: 0.773 GC heap after
Heap after GC invocations=1 (full 0):
 PSYoungGen      total 150016K, used 20976K [0x0000000719100000, 0x000000072b600000, 0x00000007c0000000)
  eden space 129024K, 0% used [0x0000000719100000,0x0000000719100000,0x0000000720f00000)
  from space 20992K, 99% used [0x0000000720f00000,0x000000072237c090,0x0000000722380000)
  to   space 20992K, 0% used [0x000000072a180000,0x000000072a180000,0x000000072b600000)
 ParOldGen       total 343040K, used 19272K [0x00000005cb200000, 0x00000005e0100000, 0x0000000719100000)
  object space 343040K, 5% used [0x00000005cb200000,0x00000005cc4d21f0,0x00000005e0100000)
 Metaspace       used 6608K, capacity 6746K, committed 7040K, reserved 1056768K
  class space    used 739K, capacity 801K, committed 896K, reserved 1048576K
}
Event: 1.033 GC heap before
{Heap before GC invocations=2 (full 0):
 PSYoungGen      total 150016K, used 150000K [0x0000000719100000, 0x000000072b600000, 0x00000007c0000000)
  eden space 129024K, 100% used [0x0000000719100000,0x0000000720f00000,0x0000000720f00000)
  from space 20992K, 99% used [0x0000000720f00000,0x000000072237c090,0x0000000722380000)
  to   space 20992K, 0% used [0x000000072a180000,0x000000072a180000,0x000000072b600000)
 ParOldGen       total 343040K, used 19272K [0x00000005cb200000, 0x00000005e0100000, 0x0000000719100000)
  object space 343040K, 5% used [0x00000005cb200000,0x00000005cc4d21f0,0x00000005e0100000)
 Metaspace       used 6618K, capacity 6810K, committed 7040K, reserved 1056768K
  class space    used 739K, capacity 801K, committed 896K, reserved 1048576K
Event: 1.044 GC heap after
Heap after GC invocations=2 (full 0):
 PSYoungGen      total 279040K, used 20960K [0x0000000719100000, 0x000000072b600000, 0x00000007c0000000)
  eden space 258048K, 0% used [0x0000000719100000,0x0000000719100000,0x0000000728d00000)
  from space 20992K, 99% used [0x000000072a180000,0x000000072b5f8070,0x000000072b600000)
  to   space 20992K, 0% used [0x0000000728d00000,0x0000000728d00000,0x000000072a180000)
 ParOldGen       total 343040K, used 20480K [0x00000005cb200000, 0x00000005e0100000, 0x0000000719100000)
  object space 343040K, 5% used [0x00000005cb200000,0x00000005cc6001f0,0x00000005e0100000)
 Metaspace       used 6618K, capacity 6810K, committed 7040K, reserved 1056768K
  class space    used 739K, capacity 801K, committed 896K, reserved 1048576K
}
Event: 3.586 GC heap before
{Heap before GC invocations=3 (full 0):
 PSYoungGen      total 279040K, used 279008K [0x0000000719100000, 0x000000072b600000, 0x00000007c0000000)
  eden space 258048K, 100% used [0x0000000719100000,0x0000000728d00000,0x0000000728d00000)
  from space 20992K, 99% used [0x000000072a180000,0x000000072b5f8070,0x000000072b600000)
  to   space 20992K, 0% used [0x0000000728d00000,0x0000000728d00000,0x000000072a180000)
 ParOldGen       total 343040K, used 20480K [0x00000005cb200000, 0x00000005e0100000, 0x0000000719100000)
  object space 343040K, 5% used [0x00000005cb200000,0x00000005cc6001f0,0x00000005e0100000)
 Metaspace       used 6618K, capacity 6810K, committed 7040K, reserved 1056768K
  class space    used 739K, capacity 801K, committed 896K, reserved 1048576K
Event: 3.814 GC heap after
Heap after GC invocations=3 (full 0):
 PSYoungGen      total 279040K, used 20965K [0x0000000719100000, 0x000000073b200000, 0x00000007c0000000)
  eden space 258048K, 0% used [0x0000000719100000,0x0000000719100000,0x0000000728d00000)
  from space 20992K, 99% used [0x0000000728d00000,0x000000072a179730,0x000000072a180000)
  to   space 20992K, 0% used [0x0000000739d80000,0x0000000739d80000,0x000000073b200000)
 ParOldGen       total 343040K, used 154760K [0x00000005cb200000, 0x00000005e0100000, 0x0000000719100000)
  object space 343040K, 45% used [0x00000005cb200000,0x00000005d49221f0,0x00000005e0100000)
 Metaspace       used 6618K, capacity 6810K, committed 7040K, reserved 1056768K
  class space    used 739K, capacity 801K, committed 896K, reserved 1048576K
}
Event: 7.589 GC heap before
{Heap before GC invocations=4 (full 0):
 PSYoungGen      total 279040K, used 279013K [0x0000000719100000, 0x000000073b200000, 0x00000007c0000000)
  eden space 258048K, 100% used [0x0000000719100000,0x0000000728d00000,0x0000000728d00000)
  from space 20992K, 99% used [0x0000000728d00000,0x000000072a179730,0x000000072a180000)
  to   space 20992K, 0% used [0x0000000739d80000,0x0000000739d80000,0x000000073b200000)
 ParOldGen       total 343040K, used 154760K [0x00000005cb200000, 0x00000005e0100000, 0x0000000719100000)
  object space 343040K, 45% used [0x00000005cb200000,0x00000005d49221f0,0x00000005e0100000)
 Metaspace       used 6620K, capacity 6810K, committed 7040K, reserved 1056768K
  class space    used 739K, capacity 801K, committed 896K, reserved 1048576K
Event: 7.968 GC heap after
Heap after GC invocations=4 (full 0):
 PSYoungGen      total 537088K, used 20965K [0x0000000719100000, 0x000000073b200000, 0x00000007c0000000)
  eden space 516096K, 0% used [0x0000000719100000,0x0000000719100000,0x0000000738900000)
  from space 20992K, 99% used [0x0000000739d80000,0x000000073b1f9710,0x000000073b200000)
  to   space 20992K, 0% used [0x0000000738900000,0x0000000738900000,0x0000000739d80000)
 ParOldGen       total 387072K, used 386760K [0x00000005cb200000, 0x00000005e2c00000, 0x0000000719100000)
  object space 387072K, 99% used [0x00000005cb200000,0x00000005e2bb21f0,0x00000005e2c00000)
 Metaspace       used 6620K, capacity 6810K, committed 7040K, reserved 1056768K
  class space    used 739K, capacity 801K, committed 896K, reserved 1048576K
}
Event: 7.968 GC heap before
{Heap before GC invocations=5 (full 1):
 PSYoungGen      total 537088K, used 20965K [0x0000000719100000, 0x000000073b200000, 0x00000007c0000000)
  eden space 516096K, 0% used [0x0000000719100000,0x0000000719100000,0x0000000738900000)
  from space 20992K, 99% used [0x0000000739d80000,0x000000073b1f9710,0x000000073b200000)
  to   space 20992K, 0% used [0x0000000738900000,0x0000000738900000,0x0000000739d80000)
 ParOldGen       total 387072K, used 386760K [0x00000005cb200000, 0x00000005e2c00000, 0x0000000719100000)
  object space 387072K, 99% used [0x00000005cb200000,0x00000005e2bb21f0,0x00000005e2c00000)
 Metaspace       used 6620K, capacity 6810K, committed 7040K, reserved 1056768K
  class space    used 739K, capacity 801K, committed 896K, reserved 1048576K
Event: 9.670 GC heap after
Heap after GC invocations=5 (full 1):
 PSYoungGen      total 537088K, used 11736K [0x0000000719100000, 0x000000073b200000, 0x00000007c0000000)
  eden space 516096K, 0% used [0x0000000719100000,0x0000000719100000,0x0000000738900000)
  from space 20992K, 55% used [0x0000000739d80000,0x000000073a8f60d0,0x000000073b200000)
  to   space 20992K, 0% used [0x0000000738900000,0x0000000738900000,0x0000000739d80000)
 ParOldGen       total 876032K, used 386953K [0x00000005cb200000, 0x0000000600980000, 0x0000000719100000)
  object space 876032K, 44% used [0x00000005cb200000,0x00000005e2be26c8,0x0000000600980000)
 Metaspace       used 6620K, capacity 6810K, committed 7040K, reserved 1056768K
  class space    used 739K, capacity 801K, committed 896K, reserved 1048576K
}

