# JRE version: Java(TM) SE Runtime Environment (8.0_91-b14) (build 1.8.0_91-b14)
# Java VM: Java HotSpot(TM) 64-Bit Server VM (25.91-b14 mixed mode linux-amd64 compressed oops)
Heap:
 PSYoungGen      total 150016K, used 2542K [0x0000000719100000, 0x0000000723800000, 0x00000007c0000000)
  eden space 129024K, 1% used [0x0000000719100000,0x000000071937bbe0,0x0000000720f00000)
  from space 20992K, 0% used [0x0000000720f00000,0x0000000720f00000,0x0000000722380000)
  to   space 20992K, 0% used [0x0000000722380000,0x0000000722380000,0x0000000723800000)
 ParOldGen       total 594432K, used 336857K [0x00000005cb200000, 0x00000005ef680000, 0x0000000719100000)
  object space 594432K, 56% used [0x00000005cb200000,0x00000005dfaf6740,0x00000005ef680000)
 Metaspace       used 6491K, capacity 6618K, committed 6784K, reserved 1056768K
  class space    used 731K, capacity 801K, committed 896K, reserved 1048576K
GC Heap History (8 events):
Event: 54.857 GC heap before
{Heap before GC invocations=1 (full 0):
 PSYoungGen      total 150016K, used 129024K [0x0000000719100000, 0x0000000723800000, 0x00000007c0000000)
  eden space 129024K, 100% used [0x0000000719100000,0x0000000720f00000,0x0000000720f00000)
  from space 20992K, 0% used [0x0000000722380000,0x0000000722380000,0x0000000723800000)
  to   space 20992K, 0% used [0x0000000720f00000,0x0000000720f00000,0x0000000722380000)
 ParOldGen       total 343040K, used 0K [0x00000005cb200000, 0x00000005e0100000, 0x0000000719100000)
  object space 343040K, 0% used [0x00000005cb200000,0x00000005cb200000,0x00000005e0100000)
 Metaspace       used 6476K, capacity 6618K, committed 6784K, reserved 1056768K
  class space    used 731K, capacity 801K, committed 896K, reserved 1048576K
Event: 55.129 GC heap after
Heap after GC invocations=1 (full 0):
 PSYoungGen      total 150016K, used 20976K [0x0000000719100000, 0x0000000723800000, 0x00000007c0000000)
  eden space 129024K, 0% used [0x0000000719100000,0x0000000719100000,0x0000000720f00000)
  from space 20992K, 99% used [0x0000000720f00000,0x000000072237c010,0x0000000722380000)
  to   space 20992K, 0% used [0x0000000722380000,0x0000000722380000,0x0000000723800000)
 ParOldGen       total 343040K, used 91658K [0x00000005cb200000, 0x00000005e0100000, 0x0000000719100000)
  object space 343040K, 26% used [0x00000005cb200000,0x00000005d0b82878,0x00000005e0100000)
 Metaspace       used 6476K, capacity 6618K, committed 6784K, reserved 1056768K
  class space    used 731K, capacity 801K, committed 896K, reserved 1048576K
}
Event: 214.463 GC heap before
{Heap before GC invocations=2 (full 0):
 PSYoungGen      total 150016K, used 150000K [0x0000000719100000, 0x0000000723800000, 0x00000007c0000000)
  eden space 129024K, 100% used [0x0000000719100000,0x0000000720f00000,0x0000000720f00000)
  from space 20992K, 99% used [0x0000000720f00000,0x000000072237c010,0x0000000722380000)
  to   space 20992K, 0% used [0x0000000722380000,0x0000000722380000,0x0000000723800000)
 ParOldGen       total 343040K, used 91658K [0x00000005cb200000, 0x00000005e0100000, 0x0000000719100000)
  object space 343040K, 26% used [0x00000005cb200000,0x00000005d0b82878,0x00000005e0100000)
 Metaspace       used 6488K, capacity 6618K, committed 6784K, reserved 1056768K
  class space    used 731K, capacity 801K, committed 896K, reserved 1048576K
Event: 214.665 GC heap after
Heap after GC invocations=2 (full 0):
 PSYoungGen      total 150016K, used 20976K [0x0000000719100000, 0x0000000723800000, 0x00000007c0000000)
  eden space 129024K, 0% used [0x0000000719100000,0x0000000719100000,0x0000000720f00000)
  from space 20992K, 99% used [0x0000000722380000,0x00000007237fc020,0x0000000723800000)
  to   space 20992K, 0% used [0x0000000720f00000,0x0000000720f00000,0x0000000722380000)
 ParOldGen       total 343040K, used 204530K [0x00000005cb200000, 0x00000005e0100000, 0x0000000719100000)
  object space 343040K, 59% used [0x00000005cb200000,0x00000005d79bc878,0x00000005e0100000)
 Metaspace       used 6488K, capacity 6618K, committed 6784K, reserved 1056768K
  class space    used 731K, capacity 801K, committed 896K, reserved 1048576K
}
Event: 480.353 GC heap before
{Heap before GC invocations=3 (full 0):
 PSYoungGen      total 150016K, used 150000K [0x0000000719100000, 0x0000000723800000, 0x00000007c0000000)
  eden space 129024K, 100% used [0x0000000719100000,0x0000000720f00000,0x0000000720f00000)
  from space 20992K, 99% used [0x0000000722380000,0x00000007237fc020,0x0000000723800000)
  to   space 20992K, 0% used [0x0000000720f00000,0x0000000720f00000,0x0000000722380000)
 ParOldGen       total 343040K, used 204530K [0x00000005cb200000, 0x00000005e0100000, 0x0000000719100000)
  object space 343040K, 59% used [0x00000005cb200000,0x00000005d79bc878,0x00000005e0100000)
 Metaspace       used 6488K, capacity 6618K, committed 6784K, reserved 1056768K
  class space    used 731K, capacity 801K, committed 896K, reserved 1048576K
Event: 480.544 GC heap after
Heap after GC invocations=3 (full 0):
 PSYoungGen      total 150016K, used 20976K [0x0000000719100000, 0x0000000723800000, 0x00000007c0000000)
  eden space 129024K, 0% used [0x0000000719100000,0x0000000719100000,0x0000000720f00000)
  from space 20992K, 99% used [0x0000000720f00000,0x000000072237c020,0x0000000722380000)
  to   space 20992K, 0% used [0x0000000722380000,0x0000000722380000,0x0000000723800000)
 ParOldGen       total 343040K, used 322514K [0x00000005cb200000, 0x00000005e0100000, 0x0000000719100000)
  object space 343040K, 94% used [0x00000005cb200000,0x00000005decf4878,0x00000005e0100000)
 Metaspace       used 6488K, capacity 6618K, committed 6784K, reserved 1056768K
  class space    used 731K, capacity 801K, committed 896K, reserved 1048576K
}
Event: 480.544 GC heap before
{Heap before GC invocations=4 (full 1):
 PSYoungGen      total 150016K, used 20976K [0x0000000719100000, 0x0000000723800000, 0x00000007c0000000)
  eden space 129024K, 0% used [0x0000000719100000,0x0000000719100000,0x0000000720f00000)
  from space 20992K, 99% used [0x0000000720f00000,0x000000072237c020,0x0000000722380000)
  to   space 20992K, 0% used [0x0000000722380000,0x0000000722380000,0x0000000723800000)
 ParOldGen       total 343040K, used 322514K [0x00000005cb200000, 0x00000005e0100000, 0x0000000719100000)
  object space 343040K, 94% used [0x00000005cb200000,0x00000005decf4878,0x00000005e0100000)
 Metaspace       used 6488K, capacity 6618K, committed 6784K, reserved 1056768K
  class space    used 731K, capacity 801K, committed 896K, reserved 1048576K
Event: 481.768 GC heap after
Heap after GC invocations=4 (full 1):
 PSYoungGen      total 150016K, used 0K [0x0000000719100000, 0x0000000723800000, 0x00000007c0000000)
  eden space 129024K, 0% used [0x0000000719100000,0x0000000719100000,0x0000000720f00000)
  from space 20992K, 0% used [0x0000000720f00000,0x0000000720f00000,0x0000000722380000)
  to   space 20992K, 0% used [0x0000000722380000,0x0000000722380000,0x0000000723800000)
 ParOldGen       total 594432K, used 336857K [0x00000005cb200000, 0x00000005ef680000, 0x0000000719100000)
  object space 594432K, 56% used [0x00000005cb200000,0x00000005dfaf6740,0x00000005ef680000)
 Metaspace       used 6488K, capacity 6618K, committed 6784K, reserved 1056768K
  class space    used 731K, capacity 801K, committed 896K, reserved 1048576K
}

