# JRE version: Java(TM) SE Runtime Environment (8.0_91-b14) (build 1.8.0_91-b14)
# Java VM: Java HotSpot(TM) 64-Bit Server VM (25.91-b14 mixed mode linux-amd64 compressed oops)
Heap:
 PSYoungGen      total 2068480K, used 39366K [0x0000000719100000, 0x00000007ac800000, 0x00000007c0000000)
  eden space 1976320K, 1% used [0x0000000719100000,0x000000071b771988,0x0000000791b00000)
  from space 92160K, 0% used [0x000000079c800000,0x000000079c800000,0x00000007a2200000)
  to   space 177152K, 0% used [0x0000000791b00000,0x0000000791b00000,0x000000079c800000)
 ParOldGen       total 651776K, used 334826K [0x00000005cb200000, 0x00000005f2e80000, 0x0000000719100000)
  object space 651776K, 51% used [0x00000005cb200000,0x00000005df8faa58,0x00000005f2e80000)
 Metaspace       used 6777K, capacity 6874K, committed 7040K, reserved 1056768K
  class space    used 743K, capacity 801K, committed 896K, reserved 1048576K
GC Heap History (10 events):
Event: 4.030 GC heap before
{Heap before GC invocations=5 (full 0):
 PSYoungGen      total 537088K, used 537072K [0x0000000719100000, 0x000000073b200000, 0x00000007c0000000)
  eden space 516096K, 100% used [0x0000000719100000,0x0000000738900000,0x0000000738900000)
  from space 20992K, 99% used [0x0000000739d80000,0x000000073b1fc080,0x000000073b200000)
  to   space 20992K, 0% used [0x0000000738900000,0x0000000738900000,0x0000000739d80000)
 ParOldGen       total 343040K, used 114141K [0x00000005cb200000, 0x00000005e0100000, 0x0000000719100000)
  object space 343040K, 33% used [0x00000005cb200000,0x00000005d2177770,0x00000005e0100000)
 Metaspace       used 6562K, capacity 6746K, committed 7040K, reserved 1056768K
  class space    used 731K, capacity 801K, committed 896K, reserved 1048576K
Event: 4.071 GC heap after
Heap after GC invocations=5 (full 0):
 PSYoungGen      total 537088K, used 20960K [0x0000000719100000, 0x0000000762900000, 0x00000007c0000000)
  eden space 516096K, 0% used [0x0000000719100000,0x0000000719100000,0x0000000738900000)
  from space 20992K, 99% used [0x0000000738900000,0x0000000739d78070,0x0000000739d80000)
  to   space 86016K, 0% used [0x000000075d500000,0x000000075d500000,0x0000000762900000)
 ParOldGen       total 343040K, used 162257K [0x00000005cb200000, 0x00000005e0100000, 0x0000000719100000)
  object space 343040K, 47% used [0x00000005cb200000,0x00000005d50747d0,0x00000005e0100000)
 Metaspace       used 6562K, capacity 6746K, committed 7040K, reserved 1056768K
  class space    used 731K, capacity 801K, committed 896K, reserved 1048576K
}
Event: 4.827 GC heap before
{Heap before GC invocations=6 (full 0):
 PSYoungGen      total 537088K, used 537056K [0x0000000719100000, 0x0000000762900000, 0x00000007c0000000)
  eden space 516096K, 100% used [0x0000000719100000,0x0000000738900000,0x0000000738900000)
  from space 20992K, 99% used [0x0000000738900000,0x0000000739d78070,0x0000000739d80000)
  to   space 86016K, 0% used [0x000000075d500000,0x000000075d500000,0x0000000762900000)
 ParOldGen       total 343040K, used 162257K [0x00000005cb200000, 0x00000005e0100000, 0x0000000719100000)
  object space 343040K, 47% used [0x00000005cb200000,0x00000005d50747d0,0x00000005e0100000)
 Metaspace       used 6562K, capacity 6746K, committed 7040K, reserved 1056768K
  class space    used 731K, capacity 801K, committed 896K, reserved 1048576K
Event: 4.852 GC heap after
Heap after GC invocations=6 (full 0):
 PSYoungGen      total 1116672K, used 25792K [0x0000000719100000, 0x0000000762c00000, 0x00000007c0000000)
  eden space 1030656K, 0% used [0x0000000719100000,0x0000000719100000,0x0000000757f80000)
  from space 86016K, 29% used [0x000000075d500000,0x000000075ee30070,0x0000000762900000)
  to   space 87552K, 0% used [0x0000000757f80000,0x0000000757f80000,0x000000075d500000)
 ParOldGen       total 343040K, used 162257K [0x00000005cb200000, 0x00000005e0100000, 0x0000000719100000)
  object space 343040K, 47% used [0x00000005cb200000,0x00000005d50747d0,0x00000005e0100000)
 Metaspace       used 6562K, capacity 6746K, committed 7040K, reserved 1056768K
  class space    used 731K, capacity 801K, committed 896K, reserved 1048576K
}
Event: 6.614 GC heap before
{Heap before GC invocations=7 (full 0):
 PSYoungGen      total 1116672K, used 1056448K [0x0000000719100000, 0x0000000762c00000, 0x00000007c0000000)
  eden space 1030656K, 100% used [0x0000000719100000,0x0000000757f80000,0x0000000757f80000)
  from space 86016K, 29% used [0x000000075d500000,0x000000075ee30070,0x0000000762900000)
  to   space 87552K, 0% used [0x0000000757f80000,0x0000000757f80000,0x000000075d500000)
 ParOldGen       total 343040K, used 162257K [0x00000005cb200000, 0x00000005e0100000, 0x0000000719100000)
  object space 343040K, 47% used [0x00000005cb200000,0x00000005d50747d0,0x00000005e0100000)
 Metaspace       used 6565K, capacity 6746K, committed 7040K, reserved 1056768K
  class space    used 731K, capacity 801K, committed 896K, reserved 1048576K
Event: 6.660 GC heap after
Heap after GC invocations=7 (full 0):
 PSYoungGen      total 1118208K, used 68704K [0x0000000719100000, 0x00000007a2200000, 0x00000007c0000000)
  eden space 1030656K, 0% used [0x0000000719100000,0x0000000719100000,0x0000000757f80000)
  from space 87552K, 78% used [0x0000000757f80000,0x000000075c298070,0x000000075d500000)
  to   space 92160K, 0% used [0x000000079c800000,0x000000079c800000,0x00000007a2200000)
 ParOldGen       total 343040K, used 178336K [0x00000005cb200000, 0x00000005e0100000, 0x0000000719100000)
  object space 343040K, 51% used [0x00000005cb200000,0x00000005d6028340,0x00000005e0100000)
 Metaspace       used 6565K, capacity 6746K, committed 7040K, reserved 1056768K
  class space    used 731K, capacity 801K, committed 896K, reserved 1048576K
}
Event: 11.337 GC heap before
{Heap before GC invocations=8 (full 0):
 PSYoungGen      total 1118208K, used 1099360K [0x0000000719100000, 0x00000007a2200000, 0x00000007c0000000)
  eden space 1030656K, 100% used [0x0000000719100000,0x0000000757f80000,0x0000000757f80000)
  from space 87552K, 78% used [0x0000000757f80000,0x000000075c298070,0x000000075d500000)
  to   space 92160K, 0% used [0x000000079c800000,0x000000079c800000,0x00000007a2200000)
 ParOldGen       total 343040K, used 178336K [0x00000005cb200000, 0x00000005e0100000, 0x0000000719100000)
  object space 343040K, 51% used [0x00000005cb200000,0x00000005d6028340,0x00000005e0100000)
 Metaspace       used 6777K, capacity 6874K, committed 7040K, reserved 1056768K
  class space    used 743K, capacity 801K, committed 896K, reserved 1048576K
Event: 11.693 GC heap after
Heap after GC invocations=8 (full 0):
 PSYoungGen      total 2068480K, used 92128K [0x0000000719100000, 0x00000007ac800000, 0x00000007c0000000)
  eden space 1976320K, 0% used [0x0000000719100000,0x0000000719100000,0x0000000791b00000)
  from space 92160K, 99% used [0x000000079c800000,0x00000007a21f8030,0x00000007a2200000)
  to   space 177152K, 0% used [0x0000000791b00000,0x0000000791b00000,0x000000079c800000)
 ParOldGen       total 344064K, used 343600K [0x00000005cb200000, 0x00000005e0200000, 0x0000000719100000)
  object space 344064K, 99% used [0x00000005cb200000,0x00000005e018c340,0x00000005e0200000)
 Metaspace       used 6777K, capacity 6874K, committed 7040K, reserved 1056768K
  class space    used 743K, capacity 801K, committed 896K, reserved 1048576K
}
Event: 11.693 GC heap before
{Heap before GC invocations=9 (full 1):
 PSYoungGen      total 2068480K, used 92128K [0x0000000719100000, 0x00000007ac800000, 0x00000007c0000000)
  eden space 1976320K, 0% used [0x0000000719100000,0x0000000719100000,0x0000000791b00000)
  from space 92160K, 99% used [0x000000079c800000,0x00000007a21f8030,0x00000007a2200000)
  to   space 177152K, 0% used [0x0000000791b00000,0x0000000791b00000,0x000000079c800000)
 ParOldGen       total 344064K, used 343600K [0x00000005cb200000, 0x00000005e0200000, 0x0000000719100000)
  object space 344064K, 99% used [0x00000005cb200000,0x00000005e018c340,0x00000005e0200000)
 Metaspace       used 6777K, capacity 6874K, committed 7040K, reserved 1056768K
  class space    used 743K, capacity 801K, committed 896K, reserved 1048576K
Event: 12.626 GC heap after
Heap after GC invocations=9 (full 1):
 PSYoungGen      total 2068480K, used 0K [0x0000000719100000, 0x00000007ac800000, 0x00000007c0000000)
  eden space 1976320K, 0% used [0x0000000719100000,0x0000000719100000,0x0000000791b00000)
  from space 92160K, 0% used [0x000000079c800000,0x000000079c800000,0x00000007a2200000)
  to   space 177152K, 0% used [0x0000000791b00000,0x0000000791b00000,0x000000079c800000)
 ParOldGen       total 651776K, used 334826K [0x00000005cb200000, 0x00000005f2e80000, 0x0000000719100000)
  object space 651776K, 51% used [0x00000005cb200000,0x00000005df8faa58,0x00000005f2e80000)
 Metaspace       used 6777K, capacity 6874K, committed 7040K, reserved 1056768K
  class space    used 743K, capacity 801K, committed 896K, reserved 1048576K
}

