# JRE version: Java(TM) SE Runtime Environment (8.0_91-b14) (build 1.8.0_91-b14)
# Java VM: Java HotSpot(TM) 64-Bit Server VM (25.91-b14 mixed mode linux-amd64 compressed oops)
Heap:
 PSYoungGen      total 279040K, used 10263K [0x0000000719100000, 0x000000073b200000, 0x00000007c0000000)
  eden space 258048K, 3% used [0x0000000719100000,0x0000000719b05fc8,0x0000000728d00000)
  from space 20992K, 0% used [0x0000000728d00000,0x0000000728d00000,0x000000072a180000)
  to   space 20992K, 0% used [0x0000000739d80000,0x0000000739d80000,0x000000073b200000)
 ParOldGen       total 591872K, used 204323K [0x00000005cb200000, 0x00000005ef400000, 0x0000000719100000)
  object space 591872K, 34% used [0x00000005cb200000,0x00000005d7988c48,0x00000005ef400000)
 Metaspace       used 6574K, capacity 6746K, committed 7040K, reserved 1056768K
  class space    used 731K, capacity 801K, committed 896K, reserved 1048576K
GC Heap History (8 events):
Event: 0.833 GC heap before
{Heap before GC invocations=1 (full 0):
 PSYoungGen      total 150016K, used 129024K [0x0000000719100000, 0x0000000723800000, 0x00000007c0000000)
  eden space 129024K, 100% used [0x0000000719100000,0x0000000720f00000,0x0000000720f00000)
  from space 20992K, 0% used [0x0000000722380000,0x0000000722380000,0x0000000723800000)
  to   space 20992K, 0% used [0x0000000720f00000,0x0000000720f00000,0x0000000722380000)
 ParOldGen       total 343040K, used 0K [0x00000005cb200000, 0x00000005e0100000, 0x0000000719100000)
  object space 343040K, 0% used [0x00000005cb200000,0x00000005cb200000,0x00000005e0100000)
 Metaspace       used 6556K, capacity 6682K, committed 6784K, reserved 1056768K
  class space    used 731K, capacity 801K, committed 896K, reserved 1048576K
Event: 0.890 GC heap after
Heap after GC invocations=1 (full 0):
 PSYoungGen      total 150016K, used 20976K [0x0000000719100000, 0x000000072b600000, 0x00000007c0000000)
  eden space 129024K, 0% used [0x0000000719100000,0x0000000719100000,0x0000000720f00000)
  from space 20992K, 99% used [0x0000000720f00000,0x000000072237c0b0,0x0000000722380000)
  to   space 20992K, 0% used [0x000000072a180000,0x000000072a180000,0x000000072b600000)
 ParOldGen       total 343040K, used 30346K [0x00000005cb200000, 0x00000005e0100000, 0x0000000719100000)
  object space 343040K, 8% used [0x00000005cb200000,0x00000005ccfa2840,0x00000005e0100000)
 Metaspace       used 6556K, capacity 6682K, committed 6784K, reserved 1056768K
  class space    used 731K, capacity 801K, committed 896K, reserved 1048576K
}
Event: 1.168 GC heap before
{Heap before GC invocations=2 (full 0):
 PSYoungGen      total 150016K, used 150000K [0x0000000719100000, 0x000000072b600000, 0x00000007c0000000)
  eden space 129024K, 100% used [0x0000000719100000,0x0000000720f00000,0x0000000720f00000)
  from space 20992K, 99% used [0x0000000720f00000,0x000000072237c0b0,0x0000000722380000)
  to   space 20992K, 0% used [0x000000072a180000,0x000000072a180000,0x000000072b600000)
 ParOldGen       total 343040K, used 30346K [0x00000005cb200000, 0x00000005e0100000, 0x0000000719100000)
  object space 343040K, 8% used [0x00000005cb200000,0x00000005ccfa2840,0x00000005e0100000)
 Metaspace       used 6572K, capacity 6746K, committed 7040K, reserved 1056768K
  class space    used 731K, capacity 801K, committed 896K, reserved 1048576K
Event: 1.185 GC heap after
Heap after GC invocations=2 (full 0):
 PSYoungGen      total 279040K, used 20960K [0x0000000719100000, 0x000000072b600000, 0x00000007c0000000)
  eden space 258048K, 0% used [0x0000000719100000,0x0000000719100000,0x0000000728d00000)
  from space 20992K, 99% used [0x000000072a180000,0x000000072b5f80e0,0x000000072b600000)
  to   space 20992K, 0% used [0x0000000728d00000,0x0000000728d00000,0x000000072a180000)
 ParOldGen       total 343040K, used 39842K [0x00000005cb200000, 0x00000005e0100000, 0x0000000719100000)
  object space 343040K, 11% used [0x00000005cb200000,0x00000005cd8e8860,0x00000005e0100000)
 Metaspace       used 6572K, capacity 6746K, committed 7040K, reserved 1056768K
  class space    used 731K, capacity 801K, committed 896K, reserved 1048576K
}
Event: 4.570 GC heap before
{Heap before GC invocations=3 (full 0):
 PSYoungGen      total 279040K, used 279008K [0x0000000719100000, 0x000000072b600000, 0x00000007c0000000)
  eden space 258048K, 100% used [0x0000000719100000,0x0000000728d00000,0x0000000728d00000)
  from space 20992K, 99% used [0x000000072a180000,0x000000072b5f80e0,0x000000072b600000)
  to   space 20992K, 0% used [0x0000000728d00000,0x0000000728d00000,0x000000072a180000)
 ParOldGen       total 343040K, used 39842K [0x00000005cb200000, 0x00000005e0100000, 0x0000000719100000)
  object space 343040K, 11% used [0x00000005cb200000,0x00000005cd8e8860,0x00000005e0100000)
 Metaspace       used 6572K, capacity 6746K, committed 7040K, reserved 1056768K
  class space    used 731K, capacity 801K, committed 896K, reserved 1048576K
Event: 4.850 GC heap after
Heap after GC invocations=3 (full 0):
 PSYoungGen      total 279040K, used 20985K [0x0000000719100000, 0x000000073b200000, 0x00000007c0000000)
  eden space 258048K, 0% used [0x0000000719100000,0x0000000719100000,0x0000000728d00000)
  from space 20992K, 99% used [0x0000000728d00000,0x000000072a17e630,0x000000072a180000)
  to   space 20992K, 0% used [0x0000000739d80000,0x0000000739d80000,0x000000073b200000)
 ParOldGen       total 343040K, used 203346K [0x00000005cb200000, 0x00000005e0100000, 0x0000000719100000)
  object space 343040K, 59% used [0x00000005cb200000,0x00000005d7894860,0x00000005e0100000)
 Metaspace       used 6572K, capacity 6746K, committed 7040K, reserved 1056768K
  class space    used 731K, capacity 801K, committed 896K, reserved 1048576K
}
Event: 4.850 GC heap before
{Heap before GC invocations=4 (full 1):
 PSYoungGen      total 279040K, used 20985K [0x0000000719100000, 0x000000073b200000, 0x00000007c0000000)
  eden space 258048K, 0% used [0x0000000719100000,0x0000000719100000,0x0000000728d00000)
  from space 20992K, 99% used [0x0000000728d00000,0x000000072a17e630,0x000000072a180000)
  to   space 20992K, 0% used [0x0000000739d80000,0x0000000739d80000,0x000000073b200000)
 ParOldGen       total 343040K, used 203346K [0x00000005cb200000, 0x00000005e0100000, 0x0000000719100000)
  object space 343040K, 59% used [0x00000005cb200000,0x00000005d7894860,0x00000005e0100000)
 Metaspace       used 6572K, capacity 6746K, committed 7040K, reserved 1056768K
  class space    used 731K, capacity 801K, committed 896K, reserved 1048576K
Event: 5.571 GC heap after
Heap after GC invocations=4 (full 1):
 PSYoungGen      total 279040K, used 0K [0x0000000719100000, 0x000000073b200000, 0x00000007c0000000)
  eden space 258048K, 0% used [0x0000000719100000,0x0000000719100000,0x0000000728d00000)
  from space 20992K, 0% used [0x0000000728d00000,0x0000000728d00000,0x000000072a180000)
  to   space 20992K, 0% used [0x0000000739d80000,0x0000000739d80000,0x000000073b200000)
 ParOldGen       total 591872K, used 204323K [0x00000005cb200000, 0x00000005ef400000, 0x0000000719100000)
  object space 591872K, 34% used [0x00000005cb200000,0x00000005d7988c48,0x00000005ef400000)
 Metaspace       used 6572K, capacity 6746K, committed 7040K, reserved 1056768K
  class space    used 731K, capacity 801K, committed 896K, reserved 1048576K
}

