# JRE version: Java(TM) SE Runtime Environment (8.0_91-b14) (build 1.8.0_91-b14)
# Java VM: Java HotSpot(TM) 64-Bit Server VM (25.91-b14 mixed mode linux-amd64 compressed oops)
Heap:
 PSYoungGen      total 279040K, used 31243K [0x0000000719100000, 0x000000072b600000, 0x00000007c0000000)
  eden space 258048K, 3% used [0x0000000719100000,0x0000000719b06f08,0x0000000728d00000)
  from space 20992K, 99% used [0x000000072a180000,0x000000072b5fc010,0x000000072b600000)
  to   space 20992K, 0% used [0x0000000728d00000,0x0000000728d00000,0x000000072a180000)
 ParOldGen       total 343040K, used 155133K [0x00000005cb200000, 0x00000005e0100000, 0x0000000719100000)
  object space 343040K, 45% used [0x00000005cb200000,0x00000005d497f7a8,0x00000005e0100000)
 Metaspace       used 6584K, capacity 6746K, committed 7040K, reserved 1056768K
  class space    used 739K, capacity 801K, committed 896K, reserved 1048576K
GC Heap History (4 events):
Event: 1.698 GC heap before
{Heap before GC invocations=1 (full 0):
 PSYoungGen      total 150016K, used 129024K [0x0000000719100000, 0x0000000723800000, 0x00000007c0000000)
  eden space 129024K, 100% used [0x0000000719100000,0x0000000720f00000,0x0000000720f00000)
  from space 20992K, 0% used [0x0000000722380000,0x0000000722380000,0x0000000723800000)
  to   space 20992K, 0% used [0x0000000720f00000,0x0000000720f00000,0x0000000722380000)
 ParOldGen       total 343040K, used 0K [0x00000005cb200000, 0x00000005e0100000, 0x0000000719100000)
  object space 343040K, 0% used [0x00000005cb200000,0x00000005cb200000,0x00000005e0100000)
 Metaspace       used 6572K, capacity 6746K, committed 7040K, reserved 1056768K
  class space    used 739K, capacity 801K, committed 896K, reserved 1048576K
Event: 1.920 GC heap after
Heap after GC invocations=1 (full 0):
 PSYoungGen      total 150016K, used 20992K [0x0000000719100000, 0x000000072b600000, 0x00000007c0000000)
  eden space 129024K, 0% used [0x0000000719100000,0x0000000719100000,0x0000000720f00000)
  from space 20992K, 100% used [0x0000000720f00000,0x0000000722380000,0x0000000722380000)
  to   space 20992K, 0% used [0x000000072a180000,0x000000072a180000,0x000000072b600000)
 ParOldGen       total 343040K, used 66613K [0x00000005cb200000, 0x00000005e0100000, 0x0000000719100000)
  object space 343040K, 19% used [0x00000005cb200000,0x00000005cf30d7a8,0x00000005e0100000)
 Metaspace       used 6572K, capacity 6746K, committed 7040K, reserved 1056768K
  class space    used 739K, capacity 801K, committed 896K, reserved 1048576K
}
Event: 3.485 GC heap before
{Heap before GC invocations=2 (full 0):
 PSYoungGen      total 150016K, used 150016K [0x0000000719100000, 0x000000072b600000, 0x00000007c0000000)
  eden space 129024K, 100% used [0x0000000719100000,0x0000000720f00000,0x0000000720f00000)
  from space 20992K, 100% used [0x0000000720f00000,0x0000000722380000,0x0000000722380000)
  to   space 20992K, 0% used [0x000000072a180000,0x000000072a180000,0x000000072b600000)
 ParOldGen       total 343040K, used 66613K [0x00000005cb200000, 0x00000005e0100000, 0x0000000719100000)
  object space 343040K, 19% used [0x00000005cb200000,0x00000005cf30d7a8,0x00000005e0100000)
 Metaspace       used 6584K, capacity 6746K, committed 7040K, reserved 1056768K
  class space    used 739K, capacity 801K, committed 896K, reserved 1048576K
Event: 3.640 GC heap after
Heap after GC invocations=2 (full 0):
 PSYoungGen      total 279040K, used 20976K [0x0000000719100000, 0x000000072b600000, 0x00000007c0000000)
  eden space 258048K, 0% used [0x0000000719100000,0x0000000719100000,0x0000000728d00000)
  from space 20992K, 99% used [0x000000072a180000,0x000000072b5fc010,0x000000072b600000)
  to   space 20992K, 0% used [0x0000000728d00000,0x0000000728d00000,0x000000072a180000)
 ParOldGen       total 343040K, used 155133K [0x00000005cb200000, 0x00000005e0100000, 0x0000000719100000)
  object space 343040K, 45% used [0x00000005cb200000,0x00000005d497f7a8,0x00000005e0100000)
 Metaspace       used 6584K, capacity 6746K, committed 7040K, reserved 1056768K
  class space    used 739K, capacity 801K, committed 896K, reserved 1048576K
}

