# JRE version: Java(TM) SE Runtime Environment (8.0_91-b14) (build 1.8.0_91-b14)
# Java VM: Java HotSpot(TM) 64-Bit Server VM (25.91-b14 mixed mode linux-amd64 compressed oops)
Heap:
 PSYoungGen      total 1019904K, used 133205K [0x0000000719100000, 0x0000000775380000, 0x00000007c0000000)
  eden space 904704K, 1% used [0x0000000719100000,0x000000071a29d520,0x0000000750480000)
  from space 115200K, 99% used [0x0000000759980000,0x00000007609f8040,0x0000000760a00000)
  to   space 152576K, 0% used [0x0000000750480000,0x0000000750480000,0x0000000759980000)
 ParOldGen       total 557568K, used 265384K [0x00000005cb200000, 0x00000005ed280000, 0x0000000719100000)
  object space 557568K, 47% used [0x00000005cb200000,0x00000005db52a370,0x00000005ed280000)
 Metaspace       used 6845K, capacity 7002K, committed 7296K, reserved 1056768K
  class space    used 751K, capacity 801K, committed 896K, reserved 1048576K
GC Heap History (10 events):
Event: 3.971 GC heap before
{Heap before GC invocations=5 (full 0):
 PSYoungGen      total 537088K, used 537056K [0x0000000719100000, 0x000000073b200000, 0x00000007c0000000)
  eden space 516096K, 100% used [0x0000000719100000,0x0000000738900000,0x0000000738900000)
  from space 20992K, 99% used [0x0000000739d80000,0x000000073b1f8070,0x000000073b200000)
  to   space 20992K, 0% used [0x0000000738900000,0x0000000738900000,0x0000000739d80000)
 ParOldGen       total 343040K, used 104154K [0x00000005cb200000, 0x00000005e0100000, 0x0000000719100000)
  object space 343040K, 30% used [0x00000005cb200000,0x00000005d17b6a10,0x00000005e0100000)
 Metaspace       used 6621K, capacity 6810K, committed 7040K, reserved 1056768K
  class space    used 739K, capacity 801K, committed 896K, reserved 1048576K
Event: 4.042 GC heap after
Heap after GC invocations=5 (full 0):
 PSYoungGen      total 537088K, used 20960K [0x0000000719100000, 0x0000000769200000, 0x00000007c0000000)
  eden space 516096K, 0% used [0x0000000719100000,0x0000000719100000,0x0000000738900000)
  from space 20992K, 99% used [0x0000000738900000,0x0000000739d78080,0x0000000739d80000)
  to   space 139776K, 0% used [0x0000000760980000,0x0000000760980000,0x0000000769200000)
 ParOldGen       total 343040K, used 227462K [0x00000005cb200000, 0x00000005e0100000, 0x0000000719100000)
  object space 343040K, 66% used [0x00000005cb200000,0x00000005d9021be0,0x00000005e0100000)
 Metaspace       used 6621K, capacity 6810K, committed 7040K, reserved 1056768K
  class space    used 739K, capacity 801K, committed 896K, reserved 1048576K
}
Event: 4.042 GC heap before
{Heap before GC invocations=6 (full 1):
 PSYoungGen      total 537088K, used 20960K [0x0000000719100000, 0x0000000769200000, 0x00000007c0000000)
  eden space 516096K, 0% used [0x0000000719100000,0x0000000719100000,0x0000000738900000)
  from space 20992K, 99% used [0x0000000738900000,0x0000000739d78080,0x0000000739d80000)
  to   space 139776K, 0% used [0x0000000760980000,0x0000000760980000,0x0000000769200000)
 ParOldGen       total 343040K, used 227462K [0x00000005cb200000, 0x00000005e0100000, 0x0000000719100000)
  object space 343040K, 66% used [0x00000005cb200000,0x00000005d9021be0,0x00000005e0100000)
 Metaspace       used 6621K, capacity 6810K, committed 7040K, reserved 1056768K
  class space    used 739K, capacity 801K, committed 896K, reserved 1048576K
Event: 4.444 GC heap after
Heap after GC invocations=6 (full 1):
 PSYoungGen      total 537088K, used 0K [0x0000000719100000, 0x0000000769200000, 0x00000007c0000000)
  eden space 516096K, 0% used [0x0000000719100000,0x0000000719100000,0x0000000738900000)
  from space 20992K, 0% used [0x0000000738900000,0x0000000738900000,0x0000000739d80000)
  to   space 139776K, 0% used [0x0000000760980000,0x0000000760980000,0x0000000769200000)
 ParOldGen       total 557568K, used 232184K [0x00000005cb200000, 0x00000005ed280000, 0x0000000719100000)
  object space 557568K, 41% used [0x00000005cb200000,0x00000005d94be370,0x00000005ed280000)
 Metaspace       used 6621K, capacity 6810K, committed 7040K, reserved 1056768K
  class space    used 739K, capacity 801K, committed 896K, reserved 1048576K
}
Event: 5.772 GC heap before
{Heap before GC invocations=7 (full 1):
 PSYoungGen      total 537088K, used 516096K [0x0000000719100000, 0x0000000769200000, 0x00000007c0000000)
  eden space 516096K, 100% used [0x0000000719100000,0x0000000738900000,0x0000000738900000)
  from space 20992K, 0% used [0x0000000738900000,0x0000000738900000,0x0000000739d80000)
  to   space 139776K, 0% used [0x0000000760980000,0x0000000760980000,0x0000000769200000)
 ParOldGen       total 557568K, used 232184K [0x00000005cb200000, 0x00000005ed280000, 0x0000000719100000)
  object space 557568K, 41% used [0x00000005cb200000,0x00000005d94be370,0x00000005ed280000)
 Metaspace       used 6623K, capacity 6810K, committed 7040K, reserved 1056768K
  class space    used 739K, capacity 801K, committed 896K, reserved 1048576K
Event: 5.801 GC heap after
Heap after GC invocations=7 (full 1):
 PSYoungGen      total 766976K, used 66656K [0x0000000719100000, 0x0000000764b00000, 0x00000007c0000000)
  eden space 699904K, 0% used [0x0000000719100000,0x0000000719100000,0x0000000743c80000)
  from space 67072K, 99% used [0x0000000760980000,0x0000000764a98070,0x0000000764b00000)
  to   space 128512K, 0% used [0x0000000755000000,0x0000000755000000,0x000000075cd80000)
 ParOldGen       total 557568K, used 232184K [0x00000005cb200000, 0x00000005ed280000, 0x0000000719100000)
  object space 557568K, 41% used [0x00000005cb200000,0x00000005d94be370,0x00000005ed280000)
 Metaspace       used 6623K, capacity 6810K, committed 7040K, reserved 1056768K
  class space    used 739K, capacity 801K, committed 896K, reserved 1048576K
}
Event: 7.184 GC heap before
{Heap before GC invocations=8 (full 1):
 PSYoungGen      total 766976K, used 766560K [0x0000000719100000, 0x0000000764b00000, 0x00000007c0000000)
  eden space 699904K, 100% used [0x0000000719100000,0x0000000743c80000,0x0000000743c80000)
  from space 67072K, 99% used [0x0000000760980000,0x0000000764a98070,0x0000000764b00000)
  to   space 128512K, 0% used [0x0000000755000000,0x0000000755000000,0x000000075cd80000)
 ParOldGen       total 557568K, used 232184K [0x00000005cb200000, 0x00000005ed280000, 0x0000000719100000)
  object space 557568K, 41% used [0x00000005cb200000,0x00000005d94be370,0x00000005ed280000)
 Metaspace       used 6623K, capacity 6810K, committed 7040K, reserved 1056768K
  class space    used 739K, capacity 801K, committed 896K, reserved 1048576K
Event: 7.212 GC heap after
Heap after GC invocations=8 (full 1):
 PSYoungGen      total 997376K, used 74800K [0x0000000719100000, 0x0000000760a00000, 0x00000007c0000000)
  eden space 922112K, 0% used [0x0000000719100000,0x0000000719100000,0x0000000751580000)
  from space 75264K, 99% used [0x0000000755000000,0x000000075990c060,0x0000000759980000)
  to   space 115200K, 0% used [0x0000000759980000,0x0000000759980000,0x0000000760a00000)
 ParOldGen       total 557568K, used 232184K [0x00000005cb200000, 0x00000005ed280000, 0x0000000719100000)
  object space 557568K, 41% used [0x00000005cb200000,0x00000005d94be370,0x00000005ed280000)
 Metaspace       used 6623K, capacity 6810K, committed 7040K, reserved 1056768K
  class space    used 739K, capacity 801K, committed 896K, reserved 1048576K
}
Event: 9.386 GC heap before
{Heap before GC invocations=9 (full 1):
 PSYoungGen      total 997376K, used 996912K [0x0000000719100000, 0x0000000760a00000, 0x00000007c0000000)
  eden space 922112K, 100% used [0x0000000719100000,0x0000000751580000,0x0000000751580000)
  from space 75264K, 99% used [0x0000000755000000,0x000000075990c060,0x0000000759980000)
  to   space 115200K, 0% used [0x0000000759980000,0x0000000759980000,0x0000000760a00000)
 ParOldGen       total 557568K, used 232184K [0x00000005cb200000, 0x00000005ed280000, 0x0000000719100000)
  object space 557568K, 41% used [0x00000005cb200000,0x00000005d94be370,0x00000005ed280000)
 Metaspace       used 6845K, capacity 7002K, committed 7296K, reserved 1056768K
  class space    used 751K, capacity 801K, committed 896K, reserved 1048576K
Event: 9.462 GC heap after
Heap after GC invocations=9 (full 1):
 PSYoungGen      total 1019904K, used 115168K [0x0000000719100000, 0x0000000775380000, 0x00000007c0000000)
  eden space 904704K, 0% used [0x0000000719100000,0x0000000719100000,0x0000000750480000)
  from space 115200K, 99% used [0x0000000759980000,0x00000007609f8040,0x0000000760a00000)
  to   space 152576K, 0% used [0x0000000750480000,0x0000000750480000,0x0000000759980000)
 ParOldGen       total 557568K, used 265384K [0x00000005cb200000, 0x00000005ed280000, 0x0000000719100000)
  object space 557568K, 47% used [0x00000005cb200000,0x00000005db52a370,0x00000005ed280000)
 Metaspace       used 6845K, capacity 7002K, committed 7296K, reserved 1056768K
  class space    used 751K, capacity 801K, committed 896K, reserved 1048576K
}

