# JRE version: Java(TM) SE Runtime Environment (8.0_91-b14) (build 1.8.0_91-b14)
# Java VM: Java HotSpot(TM) 64-Bit Server VM (25.91-b14 mixed mode linux-amd64 compressed oops)
Heap:
 PSYoungGen      total 1859584K, used 560622K [0x0000000719100000, 0x00000007c0000000, 0x00000007c0000000)
  eden space 1122304K, 1% used [0x0000000719100000,0x000000071a6d38f0,0x000000075d900000)
  from space 737280K, 73% used [0x000000075d900000,0x000000077e6a8010,0x000000078a900000)
  to   space 799744K, 0% used [0x000000078f300000,0x000000078f300000,0x00000007c0000000)
 ParOldGen       total 1495040K, used 908781K [0x00000005cb200000, 0x0000000626600000, 0x0000000719100000)
  object space 1495040K, 60% used [0x00000005cb200000,0x000000060297b658,0x0000000626600000)
 Metaspace       used 6783K, capacity 6938K, committed 7040K, reserved 1056768K
  class space    used 743K, capacity 801K, committed 896K, reserved 1048576K
GC Heap History (10 events):
Event: 86.516 GC heap before
{Heap before GC invocations=38 (full 3):
 PSYoungGen      total 1781760K, used 945632K [0x0000000719100000, 0x00000007bd700000, 0x00000007c0000000)
  eden space 912384K, 100% used [0x0000000719100000,0x0000000750c00000,0x0000000750c00000)
  from space 869376K, 3% used [0x0000000788600000,0x000000078a678000,0x00000007bd700000)
  to   space 890368K, 0% used [0x0000000750c00000,0x0000000750c00000,0x0000000787180000)
 ParOldGen       total 1495040K, used 908773K [0x00000005cb200000, 0x0000000626600000, 0x0000000719100000)
  object space 1495040K, 60% used [0x00000005cb200000,0x0000000602979658,0x0000000626600000)
 Metaspace       used 6561K, capacity 6746K, committed 7040K, reserved 1056768K
  class space    used 731K, capacity 801K, committed 896K, reserved 1048576K
Event: 86.542 GC heap after
Heap after GC invocations=38 (full 3):
 PSYoungGen      total 1802752K, used 35168K [0x0000000719100000, 0x00000007bdf80000, 0x00000007c0000000)
  eden space 912384K, 0% used [0x0000000719100000,0x0000000719100000,0x0000000750c00000)
  from space 890368K, 3% used [0x0000000750c00000,0x0000000752e58000,0x0000000787180000)
  to   space 863232K, 0% used [0x0000000789480000,0x0000000789480000,0x00000007bdf80000)
 ParOldGen       total 1495040K, used 908773K [0x00000005cb200000, 0x0000000626600000, 0x0000000719100000)
  object space 1495040K, 60% used [0x00000005cb200000,0x0000000602979658,0x0000000626600000)
 Metaspace       used 6561K, capacity 6746K, committed 7040K, reserved 1056768K
  class space    used 731K, capacity 801K, committed 896K, reserved 1048576K
}
Event: 87.966 GC heap before
{Heap before GC invocations=39 (full 3):
 PSYoungGen      total 1802752K, used 913841K [0x0000000719100000, 0x00000007bdf80000, 0x00000007c0000000)
  eden space 912384K, 96% used [0x0000000719100000,0x000000074eb14480,0x0000000750c00000)
  from space 890368K, 3% used [0x0000000750c00000,0x0000000752e58000,0x0000000787180000)
  to   space 863232K, 0% used [0x0000000789480000,0x0000000789480000,0x00000007bdf80000)
 ParOldGen       total 1495040K, used 908773K [0x00000005cb200000, 0x0000000626600000, 0x0000000719100000)
  object space 1495040K, 60% used [0x00000005cb200000,0x0000000602979658,0x0000000626600000)
 Metaspace       used 6568K, capacity 6746K, committed 7040K, reserved 1056768K
  class space    used 731K, capacity 801K, committed 896K, reserved 1048576K
Event: 88.014 GC heap after
Heap after GC invocations=39 (full 3):
 PSYoungGen      total 1747456K, used 161984K [0x0000000719100000, 0x00000007b8080000, 0x00000007c0000000)
  eden space 981504K, 0% used [0x0000000719100000,0x0000000719100000,0x0000000754f80000)
  from space 765952K, 21% used [0x0000000789480000,0x00000007932b0030,0x00000007b8080000)
  to   space 811520K, 0% used [0x0000000754f80000,0x0000000754f80000,0x0000000786800000)
 ParOldGen       total 1495040K, used 908773K [0x00000005cb200000, 0x0000000626600000, 0x0000000719100000)
  object space 1495040K, 60% used [0x00000005cb200000,0x0000000602979658,0x0000000626600000)
 Metaspace       used 6568K, capacity 6746K, committed 7040K, reserved 1056768K
  class space    used 731K, capacity 801K, committed 896K, reserved 1048576K
}
Event: 88.270 GC heap before
{Heap before GC invocations=40 (full 3):
 PSYoungGen      total 1747456K, used 1143488K [0x0000000719100000, 0x00000007b8080000, 0x00000007c0000000)
  eden space 981504K, 100% used [0x0000000719100000,0x0000000754f80000,0x0000000754f80000)
  from space 765952K, 21% used [0x0000000789480000,0x00000007932b0030,0x00000007b8080000)
  to   space 811520K, 0% used [0x0000000754f80000,0x0000000754f80000,0x0000000786800000)
 ParOldGen       total 1495040K, used 908773K [0x00000005cb200000, 0x0000000626600000, 0x0000000719100000)
  object space 1495040K, 60% used [0x00000005cb200000,0x0000000602979658,0x0000000626600000)
 Metaspace       used 6568K, capacity 6746K, committed 7040K, reserved 1056768K
  class space    used 731K, capacity 801K, committed 896K, reserved 1048576K
Event: 88.309 GC heap after
Heap after GC invocations=40 (full 3):
 PSYoungGen      total 1793024K, used 248134K [0x0000000719100000, 0x00000007b9a00000, 0x00000007c0000000)
  eden space 981504K, 0% used [0x0000000719100000,0x0000000719100000,0x0000000754f80000)
  from space 811520K, 30% used [0x0000000754f80000,0x00000007641d1828,0x0000000786800000)
  to   space 761856K, 0% used [0x000000078b200000,0x000000078b200000,0x00000007b9a00000)
 ParOldGen       total 1495040K, used 908773K [0x00000005cb200000, 0x0000000626600000, 0x0000000719100000)
  object space 1495040K, 60% used [0x00000005cb200000,0x0000000602979658,0x0000000626600000)
 Metaspace       used 6568K, capacity 6746K, committed 7040K, reserved 1056768K
  class space    used 731K, capacity 801K, committed 896K, reserved 1048576K
}
Event: 88.625 GC heap before
{Heap before GC invocations=41 (full 3):
 PSYoungGen      total 1793024K, used 1229638K [0x0000000719100000, 0x00000007b9a00000, 0x00000007c0000000)
  eden space 981504K, 100% used [0x0000000719100000,0x0000000754f80000,0x0000000754f80000)
  from space 811520K, 30% used [0x0000000754f80000,0x00000007641d1828,0x0000000786800000)
  to   space 761856K, 0% used [0x000000078b200000,0x000000078b200000,0x00000007b9a00000)
 ParOldGen       total 1495040K, used 908773K [0x00000005cb200000, 0x0000000626600000, 0x0000000719100000)
  object space 1495040K, 60% used [0x00000005cb200000,0x0000000602979658,0x0000000626600000)
 Metaspace       used 6568K, capacity 6746K, committed 7040K, reserved 1056768K
  class space    used 731K, capacity 801K, committed 896K, reserved 1048576K
Event: 88.666 GC heap after
Heap after GC invocations=41 (full 3):
 PSYoungGen      total 1850368K, used 303366K [0x0000000719100000, 0x00000007b7900000, 0x00000007c0000000)
  eden space 1122304K, 0% used [0x0000000719100000,0x0000000719100000,0x000000075d900000)
  from space 728064K, 41% used [0x000000078b200000,0x000000079da41828,0x00000007b7900000)
  to   space 737280K, 0% used [0x000000075d900000,0x000000075d900000,0x000000078a900000)
 ParOldGen       total 1495040K, used 908773K [0x00000005cb200000, 0x0000000626600000, 0x0000000719100000)
  object space 1495040K, 60% used [0x00000005cb200000,0x0000000602979658,0x0000000626600000)
 Metaspace       used 6568K, capacity 6746K, committed 7040K, reserved 1056768K
  class space    used 731K, capacity 801K, committed 896K, reserved 1048576K
}
Event: 97.294 GC heap before
{Heap before GC invocations=42 (full 3):
 PSYoungGen      total 1850368K, used 1425670K [0x0000000719100000, 0x00000007b7900000, 0x00000007c0000000)
  eden space 1122304K, 100% used [0x0000000719100000,0x000000075d900000,0x000000075d900000)
  from space 728064K, 41% used [0x000000078b200000,0x000000079da41828,0x00000007b7900000)
  to   space 737280K, 0% used [0x000000075d900000,0x000000075d900000,0x000000078a900000)
 ParOldGen       total 1495040K, used 908773K [0x00000005cb200000, 0x0000000626600000, 0x0000000719100000)
  object space 1495040K, 60% used [0x00000005cb200000,0x0000000602979658,0x0000000626600000)
 Metaspace       used 6783K, capacity 6938K, committed 7040K, reserved 1056768K
  class space    used 743K, capacity 801K, committed 896K, reserved 1048576K
Event: 97.865 GC heap after
Heap after GC invocations=42 (full 3):
 PSYoungGen      total 1859584K, used 538272K [0x0000000719100000, 0x00000007c0000000, 0x00000007c0000000)
  eden space 1122304K, 0% used [0x0000000719100000,0x0000000719100000,0x000000075d900000)
  from space 737280K, 73% used [0x000000075d900000,0x000000077e6a8010,0x000000078a900000)
  to   space 799744K, 0% used [0x000000078f300000,0x000000078f300000,0x00000007c0000000)
 ParOldGen       total 1495040K, used 908781K [0x00000005cb200000, 0x0000000626600000, 0x0000000719100000)
  object space 1495040K, 60% used [0x00000005cb200000,0x000000060297b658,0x0000000626600000)
 Metaspace       used 6783K, capacity 6938K, committed 7040K, reserved 1056768K
  class space    used 743K, capacity 801K, committed 896K, reserved 1048576K
}

