# JRE version: Java(TM) SE Runtime Environment (8.0_91-b14) (build 1.8.0_91-b14)
# Java VM: Java HotSpot(TM) 64-Bit Server VM (25.91-b14 mixed mode linux-amd64 compressed oops)
Heap:
 PSYoungGen      total 1488384K, used 28936K [0x0000000719100000, 0x00000007c0000000, 0x00000007c0000000)
  eden space 1269760K, 1% used [0x0000000719100000,0x000000071a9c9a80,0x0000000766900000)
  from space 218624K, 1% used [0x00000007b2a80000,0x00000007b2df86a8,0x00000007c0000000)
  to   space 732672K, 0% used [0x0000000766900000,0x0000000766900000,0x0000000793480000)
 ParOldGen       total 2869248K, used 1762527K [0x00000005cb200000, 0x000000067a400000, 0x0000000719100000)
  object space 2869248K, 61% used [0x00000005cb200000,0x0000000636b37e60,0x000000067a400000)
 Metaspace       used 6644K, capacity 6810K, committed 7040K, reserved 1056768K
  class space    used 739K, capacity 801K, committed 896K, reserved 1048576K
GC Heap History (10 events):
Event: 16.688 GC heap before
{Heap before GC invocations=11 (full 1):
 PSYoungGen      total 2143232K, used 1964442K [0x0000000719100000, 0x00000007c0000000, 0x00000007c0000000)
  eden space 1954304K, 100% used [0x0000000719100000,0x0000000790580000,0x0000000790580000)
  from space 188928K, 5% used [0x0000000790580000,0x0000000790f66b60,0x000000079be00000)
  to   space 180736K, 0% used [0x00000007b4f80000,0x00000007b4f80000,0x00000007c0000000)
 ParOldGen       total 644096K, used 342776K [0x00000005cb200000, 0x00000005f2700000, 0x0000000719100000)
  object space 644096K, 53% used [0x00000005cb200000,0x00000005e00be1c0,0x00000005f2700000)
 Metaspace       used 6644K, capacity 6810K, committed 7040K, reserved 1056768K
  class space    used 739K, capacity 801K, committed 896K, reserved 1048576K
Event: 16.798 GC heap after
Heap after GC invocations=11 (full 1):
 PSYoungGen      total 2482688K, used 180704K [0x0000000719100000, 0x00000007c0000000, 0x00000007c0000000)
  eden space 2301952K, 0% used [0x0000000719100000,0x0000000719100000,0x00000007a5900000)
  from space 180736K, 99% used [0x00000007b4f80000,0x00000007bfff8040,0x00000007c0000000)
  to   space 216576K, 0% used [0x00000007a5900000,0x00000007a5900000,0x00000007b2c80000)
 ParOldGen       total 644096K, used 367976K [0x00000005cb200000, 0x00000005f2700000, 0x0000000719100000)
  object space 644096K, 57% used [0x00000005cb200000,0x00000005e195a1c0,0x00000005f2700000)
 Metaspace       used 6644K, capacity 6810K, committed 7040K, reserved 1056768K
  class space    used 739K, capacity 801K, committed 896K, reserved 1048576K
}
Event: 21.152 GC heap before
{Heap before GC invocations=12 (full 1):
 PSYoungGen      total 2482688K, used 2482656K [0x0000000719100000, 0x00000007c0000000, 0x00000007c0000000)
  eden space 2301952K, 100% used [0x0000000719100000,0x00000007a5900000,0x00000007a5900000)
  from space 180736K, 99% used [0x00000007b4f80000,0x00000007bfff8040,0x00000007c0000000)
  to   space 216576K, 0% used [0x00000007a5900000,0x00000007a5900000,0x00000007b2c80000)
 ParOldGen       total 644096K, used 367976K [0x00000005cb200000, 0x00000005f2700000, 0x0000000719100000)
  object space 644096K, 57% used [0x00000005cb200000,0x00000005e195a1c0,0x00000005f2700000)
 Metaspace       used 6644K, capacity 6810K, committed 7040K, reserved 1056768K
  class space    used 739K, capacity 801K, committed 896K, reserved 1048576K
Event: 21.227 GC heap after
Heap after GC invocations=12 (full 1):
 PSYoungGen      total 2315264K, used 13120K [0x0000000719100000, 0x00000007c0000000, 0x00000007c0000000)
  eden space 2301952K, 0% used [0x0000000719100000,0x0000000719100000,0x00000007a5900000)
  from space 13312K, 98% used [0x00000007a5900000,0x00000007a65d0000,0x00000007a6600000)
  to   space 218624K, 0% used [0x00000007b2a80000,0x00000007b2a80000,0x00000007c0000000)
 ParOldGen       total 644096K, used 549168K [0x00000005cb200000, 0x00000005f2700000, 0x0000000719100000)
  object space 644096K, 85% used [0x00000005cb200000,0x00000005eca4c200,0x00000005f2700000)
 Metaspace       used 6644K, capacity 6810K, committed 7040K, reserved 1056768K
  class space    used 739K, capacity 801K, committed 896K, reserved 1048576K
}
Event: 21.227 GC heap before
{Heap before GC invocations=13 (full 2):
 PSYoungGen      total 2315264K, used 13120K [0x0000000719100000, 0x00000007c0000000, 0x00000007c0000000)
  eden space 2301952K, 0% used [0x0000000719100000,0x0000000719100000,0x00000007a5900000)
  from space 13312K, 98% used [0x00000007a5900000,0x00000007a65d0000,0x00000007a6600000)
  to   space 218624K, 0% used [0x00000007b2a80000,0x00000007b2a80000,0x00000007c0000000)
 ParOldGen       total 644096K, used 549168K [0x00000005cb200000, 0x00000005f2700000, 0x0000000719100000)
  object space 644096K, 85% used [0x00000005cb200000,0x00000005eca4c200,0x00000005f2700000)
 Metaspace       used 6644K, capacity 6810K, committed 7040K, reserved 1056768K
  class space    used 739K, capacity 801K, committed 896K, reserved 1048576K
Event: 22.029 GC heap after
Heap after GC invocations=13 (full 2):
 PSYoungGen      total 2315264K, used 0K [0x0000000719100000, 0x00000007c0000000, 0x00000007c0000000)
  eden space 2301952K, 0% used [0x0000000719100000,0x0000000719100000,0x00000007a5900000)
  from space 13312K, 0% used [0x00000007a5900000,0x00000007a5900000,0x00000007a6600000)
  to   space 218624K, 0% used [0x00000007b2a80000,0x00000007b2a80000,0x00000007c0000000)
 ParOldGen       total 966656K, used 468180K [0x00000005cb200000, 0x0000000606200000, 0x0000000719100000)
  object space 966656K, 48% used [0x00000005cb200000,0x00000005e7b35358,0x0000000606200000)
 Metaspace       used 6644K, capacity 6810K, committed 7040K, reserved 1056768K
  class space    used 739K, capacity 801K, committed 896K, reserved 1048576K
}
Event: 47.033 GC heap before
{Heap before GC invocations=14 (full 2):
 PSYoungGen      total 2315264K, used 2301952K [0x0000000719100000, 0x00000007c0000000, 0x00000007c0000000)
  eden space 2301952K, 100% used [0x0000000719100000,0x00000007a5900000,0x00000007a5900000)
  from space 13312K, 0% used [0x00000007a5900000,0x00000007a5900000,0x00000007a6600000)
  to   space 218624K, 0% used [0x00000007b2a80000,0x00000007b2a80000,0x00000007c0000000)
 ParOldGen       total 966656K, used 468180K [0x00000005cb200000, 0x0000000606200000, 0x0000000719100000)
  object space 966656K, 48% used [0x00000005cb200000,0x00000005e7b35358,0x0000000606200000)
 Metaspace       used 6644K, capacity 6810K, committed 7040K, reserved 1056768K
  class space    used 739K, capacity 801K, committed 896K, reserved 1048576K
Event: 49.139 GC heap after
Heap after GC invocations=14 (full 2):
 PSYoungGen      total 1488384K, used 218597K [0x0000000719100000, 0x00000007c0000000, 0x00000007c0000000)
  eden space 1269760K, 0% used [0x0000000719100000,0x0000000719100000,0x0000000766900000)
  from space 218624K, 99% used [0x00000007b2a80000,0x00000007bfff97f0,0x00000007c0000000)
  to   space 732672K, 0% used [0x0000000766900000,0x0000000766900000,0x0000000793480000)
 ParOldGen       total 1762816K, used 1762764K [0x00000005cb200000, 0x0000000636b80000, 0x0000000719100000)
  object space 1762816K, 99% used [0x00000005cb200000,0x0000000636b73358,0x0000000636b80000)
 Metaspace       used 6644K, capacity 6810K, committed 7040K, reserved 1056768K
  class space    used 739K, capacity 801K, committed 896K, reserved 1048576K
}
Event: 49.139 GC heap before
{Heap before GC invocations=15 (full 3):
 PSYoungGen      total 1488384K, used 218597K [0x0000000719100000, 0x00000007c0000000, 0x00000007c0000000)
  eden space 1269760K, 0% used [0x0000000719100000,0x0000000719100000,0x0000000766900000)
  from space 218624K, 99% used [0x00000007b2a80000,0x00000007bfff97f0,0x00000007c0000000)
  to   space 732672K, 0% used [0x0000000766900000,0x0000000766900000,0x0000000793480000)
 ParOldGen       total 1762816K, used 1762764K [0x00000005cb200000, 0x0000000636b80000, 0x0000000719100000)
  object space 1762816K, 99% used [0x00000005cb200000,0x0000000636b73358,0x0000000636b80000)
 Metaspace       used 6644K, capacity 6810K, committed 7040K, reserved 1056768K
  class space    used 739K, capacity 801K, committed 896K, reserved 1048576K
Event: 53.997 GC heap after
Heap after GC invocations=15 (full 3):
 PSYoungGen      total 1488384K, used 3553K [0x0000000719100000, 0x00000007c0000000, 0x00000007c0000000)
  eden space 1269760K, 0% used [0x0000000719100000,0x0000000719100000,0x0000000766900000)
  from space 218624K, 1% used [0x00000007b2a80000,0x00000007b2df86a8,0x00000007c0000000)
  to   space 732672K, 0% used [0x0000000766900000,0x0000000766900000,0x0000000793480000)
 ParOldGen       total 2869248K, used 1762527K [0x00000005cb200000, 0x000000067a400000, 0x0000000719100000)
  object space 2869248K, 61% used [0x00000005cb200000,0x0000000636b37e60,0x000000067a400000)
 Metaspace       used 6644K, capacity 6810K, committed 7040K, reserved 1056768K
  class space    used 739K, capacity 801K, committed 896K, reserved 1048576K
}

