# JRE version: Java(TM) SE Runtime Environment (8.0_91-b14) (build 1.8.0_91-b14)
# Java VM: Java HotSpot(TM) 64-Bit Server VM (25.91-b14 mixed mode linux-amd64 compressed oops)
Heap:
 PSYoungGen      total 279040K, used 54881K [0x0000000719100000, 0x000000073b200000, 0x00000007c0000000)
  eden space 258048K, 15% used [0x0000000719100000,0x000000071b8a4388,0x0000000728d00000)
  from space 20992K, 68% used [0x0000000728d00000,0x0000000729af4160,0x000000072a180000)
  to   space 20992K, 0% used [0x0000000739d80000,0x0000000739d80000,0x000000073b200000)
 ParOldGen       total 724992K, used 348259K [0x00000005cb200000, 0x00000005f7600000, 0x0000000719100000)
  object space 724992K, 48% used [0x00000005cb200000,0x00000005e0618cf0,0x00000005f7600000)
 Metaspace       used 6603K, capacity 6810K, committed 7040K, reserved 1056768K
  class space    used 737K, capacity 801K, committed 896K, reserved 1048576K
GC Heap History (8 events):
Event: 1.989 GC heap before
{Heap before GC invocations=1 (full 0):
 PSYoungGen      total 150016K, used 129024K [0x0000000719100000, 0x0000000723800000, 0x00000007c0000000)
  eden space 129024K, 100% used [0x0000000719100000,0x0000000720f00000,0x0000000720f00000)
  from space 20992K, 0% used [0x0000000722380000,0x0000000722380000,0x0000000723800000)
  to   space 20992K, 0% used [0x0000000720f00000,0x0000000720f00000,0x0000000722380000)
 ParOldGen       total 343040K, used 0K [0x00000005cb200000, 0x00000005e0100000, 0x0000000719100000)
  object space 343040K, 0% used [0x00000005cb200000,0x00000005cb200000,0x00000005e0100000)
 Metaspace       used 6554K, capacity 6682K, committed 6784K, reserved 1056768K
  class space    used 737K, capacity 801K, committed 896K, reserved 1048576K
Event: 2.259 GC heap after
Heap after GC invocations=1 (full 0):
 PSYoungGen      total 150016K, used 20992K [0x0000000719100000, 0x000000072b600000, 0x00000007c0000000)
  eden space 129024K, 0% used [0x0000000719100000,0x0000000719100000,0x0000000720f00000)
  from space 20992K, 100% used [0x0000000720f00000,0x0000000722380000,0x0000000722380000)
  to   space 20992K, 0% used [0x000000072a180000,0x000000072a180000,0x000000072b600000)
 ParOldGen       total 343040K, used 86722K [0x00000005cb200000, 0x00000005e0100000, 0x0000000719100000)
  object space 343040K, 25% used [0x00000005cb200000,0x00000005d06b0b10,0x00000005e0100000)
 Metaspace       used 6554K, capacity 6682K, committed 6784K, reserved 1056768K
  class space    used 737K, capacity 801K, committed 896K, reserved 1048576K
}
Event: 3.874 GC heap before
{Heap before GC invocations=2 (full 0):
 PSYoungGen      total 150016K, used 150016K [0x0000000719100000, 0x000000072b600000, 0x00000007c0000000)
  eden space 129024K, 100% used [0x0000000719100000,0x0000000720f00000,0x0000000720f00000)
  from space 20992K, 100% used [0x0000000720f00000,0x0000000722380000,0x0000000722380000)
  to   space 20992K, 0% used [0x000000072a180000,0x000000072a180000,0x000000072b600000)
 ParOldGen       total 343040K, used 86722K [0x00000005cb200000, 0x00000005e0100000, 0x0000000719100000)
  object space 343040K, 25% used [0x00000005cb200000,0x00000005d06b0b10,0x00000005e0100000)
 Metaspace       used 6583K, capacity 6746K, committed 7040K, reserved 1056768K
  class space    used 737K, capacity 801K, committed 896K, reserved 1048576K
Event: 4.059 GC heap after
Heap after GC invocations=2 (full 0):
 PSYoungGen      total 279040K, used 20960K [0x0000000719100000, 0x000000072b600000, 0x00000007c0000000)
  eden space 258048K, 0% used [0x0000000719100000,0x0000000719100000,0x0000000728d00000)
  from space 20992K, 99% used [0x000000072a180000,0x000000072b5f8020,0x000000072b600000)
  to   space 20992K, 0% used [0x0000000728d00000,0x0000000728d00000,0x000000072a180000)
 ParOldGen       total 343040K, used 194970K [0x00000005cb200000, 0x00000005e0100000, 0x0000000719100000)
  object space 343040K, 56% used [0x00000005cb200000,0x00000005d7066b10,0x00000005e0100000)
 Metaspace       used 6583K, capacity 6746K, committed 7040K, reserved 1056768K
  class space    used 737K, capacity 801K, committed 896K, reserved 1048576K
}
Event: 6.575 GC heap before
{Heap before GC invocations=3 (full 0):
 PSYoungGen      total 279040K, used 279008K [0x0000000719100000, 0x000000072b600000, 0x00000007c0000000)
  eden space 258048K, 100% used [0x0000000719100000,0x0000000728d00000,0x0000000728d00000)
  from space 20992K, 99% used [0x000000072a180000,0x000000072b5f8020,0x000000072b600000)
  to   space 20992K, 0% used [0x0000000728d00000,0x0000000728d00000,0x000000072a180000)
 ParOldGen       total 343040K, used 194970K [0x00000005cb200000, 0x00000005e0100000, 0x0000000719100000)
  object space 343040K, 56% used [0x00000005cb200000,0x00000005d7066b10,0x00000005e0100000)
 Metaspace       used 6600K, capacity 6810K, committed 7040K, reserved 1056768K
  class space    used 737K, capacity 801K, committed 896K, reserved 1048576K
Event: 6.819 GC heap after
Heap after GC invocations=3 (full 0):
 PSYoungGen      total 279040K, used 20992K [0x0000000719100000, 0x000000073b200000, 0x00000007c0000000)
  eden space 258048K, 0% used [0x0000000719100000,0x0000000719100000,0x0000000728d00000)
  from space 20992K, 100% used [0x0000000728d00000,0x000000072a180000,0x000000072a180000)
  to   space 20992K, 0% used [0x0000000739d80000,0x0000000739d80000,0x000000073b200000)
 ParOldGen       total 348672K, used 348611K [0x00000005cb200000, 0x00000005e0680000, 0x0000000719100000)
  object space 348672K, 99% used [0x00000005cb200000,0x00000005e0670e10,0x00000005e0680000)
 Metaspace       used 6600K, capacity 6810K, committed 7040K, reserved 1056768K
  class space    used 737K, capacity 801K, committed 896K, reserved 1048576K
}
Event: 6.819 GC heap before
{Heap before GC invocations=4 (full 1):
 PSYoungGen      total 279040K, used 20992K [0x0000000719100000, 0x000000073b200000, 0x00000007c0000000)
  eden space 258048K, 0% used [0x0000000719100000,0x0000000719100000,0x0000000728d00000)
  from space 20992K, 100% used [0x0000000728d00000,0x000000072a180000,0x000000072a180000)
  to   space 20992K, 0% used [0x0000000739d80000,0x0000000739d80000,0x000000073b200000)
 ParOldGen       total 348672K, used 348611K [0x00000005cb200000, 0x00000005e0680000, 0x0000000719100000)
  object space 348672K, 99% used [0x00000005cb200000,0x00000005e0670e10,0x00000005e0680000)
 Metaspace       used 6600K, capacity 6810K, committed 7040K, reserved 1056768K
  class space    used 737K, capacity 801K, committed 896K, reserved 1048576K
Event: 8.409 GC heap after
Heap after GC invocations=4 (full 1):
 PSYoungGen      total 279040K, used 14288K [0x0000000719100000, 0x000000073b200000, 0x00000007c0000000)
  eden space 258048K, 0% used [0x0000000719100000,0x0000000719100000,0x0000000728d00000)
  from space 20992K, 68% used [0x0000000728d00000,0x0000000729af4160,0x000000072a180000)
  to   space 20992K, 0% used [0x0000000739d80000,0x0000000739d80000,0x000000073b200000)
 ParOldGen       total 724992K, used 348259K [0x00000005cb200000, 0x00000005f7600000, 0x0000000719100000)
  object space 724992K, 48% used [0x00000005cb200000,0x00000005e0618cf0,0x00000005f7600000)
 Metaspace       used 6600K, capacity 6810K, committed 7040K, reserved 1056768K
  class space    used 737K, capacity 801K, committed 896K, reserved 1048576K
}

