# JRE version: Java(TM) SE Runtime Environment (8.0_91-b14) (build 1.8.0_91-b14)
# Java VM: Java HotSpot(TM) 64-Bit Server VM (25.91-b14 mixed mode linux-amd64 compressed oops)
Heap:
 PSYoungGen      total 1839616K, used 590862K [0x0000000719100000, 0x00000007c0000000, 0x00000007c0000000)
  eden space 1157632K, 1% used [0x0000000719100000,0x000000071a7939c8,0x000000075fb80000)
  from space 681984K, 83% used [0x000000078e380000,0x00000007b0df0020,0x00000007b7d80000)
  to   space 761856K, 0% used [0x000000075fb80000,0x000000075fb80000,0x000000078e380000)
 ParOldGen       total 1498112K, used 729309K [0x00000005cb200000, 0x0000000626900000, 0x0000000719100000)
  object space 1498112K, 48% used [0x00000005cb200000,0x00000005f7a37498,0x0000000626900000)
 Metaspace       used 6877K, capacity 7066K, committed 7296K, reserved 1056768K
  class space    used 751K, capacity 801K, committed 896K, reserved 1048576K
GC Heap History (10 events):
Event: 147.004 GC heap before
{Heap before GC invocations=56 (full 4):
 PSYoungGen      total 1214976K, used 1214848K [0x0000000719100000, 0x00000007c0000000, 0x00000007c0000000)
  eden space 1208320K, 100% used [0x0000000719100000,0x0000000762d00000,0x0000000762d00000)
  from space 6656K, 98% used [0x0000000762d00000,0x0000000763360000,0x0000000763380000)
  to   space 774144K, 0% used [0x0000000790c00000,0x0000000790c00000,0x00000007c0000000)
 ParOldGen       total 1498112K, used 729301K [0x00000005cb200000, 0x0000000626900000, 0x0000000719100000)
  object space 1498112K, 48% used [0x00000005cb200000,0x00000005f7a35498,0x0000000626900000)
 Metaspace       used 6678K, capacity 6810K, committed 7040K, reserved 1056768K
  class space    used 739K, capacity 801K, committed 896K, reserved 1048576K
Event: 147.031 GC heap after
Heap after GC invocations=56 (full 4):
 PSYoungGen      total 1959936K, used 10048K [0x0000000719100000, 0x00000007c0000000, 0x00000007c0000000)
  eden space 1185792K, 0% used [0x0000000719100000,0x0000000719100000,0x0000000761700000)
  from space 774144K, 1% used [0x0000000790c00000,0x00000007915d0000,0x00000007c0000000)
  to   space 774656K, 0% used [0x0000000761700000,0x0000000761700000,0x0000000790b80000)
 ParOldGen       total 1498112K, used 729301K [0x00000005cb200000, 0x0000000626900000, 0x0000000719100000)
  object space 1498112K, 48% used [0x00000005cb200000,0x00000005f7a35498,0x0000000626900000)
 Metaspace       used 6678K, capacity 6810K, committed 7040K, reserved 1056768K
  class space    used 739K, capacity 801K, committed 896K, reserved 1048576K
}
Event: 148.979 GC heap before
{Heap before GC invocations=57 (full 4):
 PSYoungGen      total 1959936K, used 1195840K [0x0000000719100000, 0x00000007c0000000, 0x00000007c0000000)
  eden space 1185792K, 100% used [0x0000000719100000,0x0000000761700000,0x0000000761700000)
  from space 774144K, 1% used [0x0000000790c00000,0x00000007915d0000,0x00000007c0000000)
  to   space 774656K, 0% used [0x0000000761700000,0x0000000761700000,0x0000000790b80000)
 ParOldGen       total 1498112K, used 729301K [0x00000005cb200000, 0x0000000626900000, 0x0000000719100000)
  object space 1498112K, 48% used [0x00000005cb200000,0x00000005f7a35498,0x0000000626900000)
 Metaspace       used 6678K, capacity 6810K, committed 7040K, reserved 1056768K
  class space    used 739K, capacity 801K, committed 896K, reserved 1048576K
Event: 149.007 GC heap after
Heap after GC invocations=57 (full 4):
 PSYoungGen      total 1202176K, used 16128K [0x0000000719100000, 0x00000007bf080000, 0x00000007c0000000)
  eden space 1185792K, 0% used [0x0000000719100000,0x0000000719100000,0x0000000761700000)
  from space 16384K, 98% used [0x0000000761700000,0x00000007626c0000,0x0000000762700000)
  to   space 766464K, 0% used [0x0000000790400000,0x0000000790400000,0x00000007bf080000)
 ParOldGen       total 1498112K, used 729301K [0x00000005cb200000, 0x0000000626900000, 0x0000000719100000)
  object space 1498112K, 48% used [0x00000005cb200000,0x00000005f7a35498,0x0000000626900000)
 Metaspace       used 6678K, capacity 6810K, committed 7040K, reserved 1056768K
  class space    used 739K, capacity 801K, committed 896K, reserved 1048576K
}
Event: 151.422 GC heap before
{Heap before GC invocations=58 (full 4):
 PSYoungGen      total 1202176K, used 1201920K [0x0000000719100000, 0x00000007bf080000, 0x00000007c0000000)
  eden space 1185792K, 100% used [0x0000000719100000,0x0000000761700000,0x0000000761700000)
  from space 16384K, 98% used [0x0000000761700000,0x00000007626c0000,0x0000000762700000)
  to   space 766464K, 0% used [0x0000000790400000,0x0000000790400000,0x00000007bf080000)
 ParOldGen       total 1498112K, used 729301K [0x00000005cb200000, 0x0000000626900000, 0x0000000719100000)
  object space 1498112K, 48% used [0x00000005cb200000,0x00000005f7a35498,0x0000000626900000)
 Metaspace       used 6678K, capacity 6810K, committed 7040K, reserved 1056768K
  class space    used 739K, capacity 801K, committed 896K, reserved 1048576K
Event: 151.474 GC heap after
Heap after GC invocations=58 (full 4):
 PSYoungGen      total 1988096K, used 141728K [0x0000000719100000, 0x00000007c0000000, 0x00000007c0000000)
  eden space 1221632K, 0% used [0x0000000719100000,0x0000000719100000,0x0000000763a00000)
  from space 766464K, 18% used [0x0000000790400000,0x0000000798e68020,0x00000007bf080000)
  to   space 731136K, 0% used [0x0000000763a00000,0x0000000763a00000,0x0000000790400000)
 ParOldGen       total 1498112K, used 729301K [0x00000005cb200000, 0x0000000626900000, 0x0000000719100000)
  object space 1498112K, 48% used [0x00000005cb200000,0x00000005f7a35498,0x0000000626900000)
 Metaspace       used 6678K, capacity 6810K, committed 7040K, reserved 1056768K
  class space    used 739K, capacity 801K, committed 896K, reserved 1048576K
}
Event: 153.687 GC heap before
{Heap before GC invocations=59 (full 4):
 PSYoungGen      total 1988096K, used 1363360K [0x0000000719100000, 0x00000007c0000000, 0x00000007c0000000)
  eden space 1221632K, 100% used [0x0000000719100000,0x0000000763a00000,0x0000000763a00000)
  from space 766464K, 18% used [0x0000000790400000,0x0000000798e68020,0x00000007bf080000)
  to   space 731136K, 0% used [0x0000000763a00000,0x0000000763a00000,0x0000000790400000)
 ParOldGen       total 1498112K, used 729301K [0x00000005cb200000, 0x0000000626900000, 0x0000000719100000)
  object space 1498112K, 48% used [0x00000005cb200000,0x00000005f7a35498,0x0000000626900000)
 Metaspace       used 6681K, capacity 6810K, committed 7040K, reserved 1056768K
  class space    used 739K, capacity 801K, committed 896K, reserved 1048576K
Event: 153.742 GC heap after
Heap after GC invocations=59 (full 4):
 PSYoungGen      total 1448448K, used 226368K [0x0000000719100000, 0x00000007b7d80000, 0x00000007c0000000)
  eden space 1221632K, 0% used [0x0000000719100000,0x0000000719100000,0x0000000763a00000)
  from space 226816K, 99% used [0x0000000763a00000,0x0000000771710030,0x0000000771780000)
  to   space 681984K, 0% used [0x000000078e380000,0x000000078e380000,0x00000007b7d80000)
 ParOldGen       total 1498112K, used 729301K [0x00000005cb200000, 0x0000000626900000, 0x0000000719100000)
  object space 1498112K, 48% used [0x00000005cb200000,0x00000005f7a35498,0x0000000626900000)
 Metaspace       used 6681K, capacity 6810K, committed 7040K, reserved 1056768K
  class space    used 739K, capacity 801K, committed 896K, reserved 1048576K
}
Event: 161.327 GC heap before
{Heap before GC invocations=60 (full 4):
 PSYoungGen      total 1448448K, used 1448000K [0x0000000719100000, 0x00000007b7d80000, 0x00000007c0000000)
  eden space 1221632K, 100% used [0x0000000719100000,0x0000000763a00000,0x0000000763a00000)
  from space 226816K, 99% used [0x0000000763a00000,0x0000000771710030,0x0000000771780000)
  to   space 681984K, 0% used [0x000000078e380000,0x000000078e380000,0x00000007b7d80000)
 ParOldGen       total 1498112K, used 729301K [0x00000005cb200000, 0x0000000626900000, 0x0000000719100000)
  object space 1498112K, 48% used [0x00000005cb200000,0x00000005f7a35498,0x0000000626900000)
 Metaspace       used 6877K, capacity 7066K, committed 7296K, reserved 1056768K
  class space    used 751K, capacity 801K, committed 896K, reserved 1048576K
Event: 161.853 GC heap after
Heap after GC invocations=60 (full 4):
 PSYoungGen      total 1839616K, used 567744K [0x0000000719100000, 0x00000007c0000000, 0x00000007c0000000)
  eden space 1157632K, 0% used [0x0000000719100000,0x0000000719100000,0x000000075fb80000)
  from space 681984K, 83% used [0x000000078e380000,0x00000007b0df0020,0x00000007b7d80000)
  to   space 761856K, 0% used [0x000000075fb80000,0x000000075fb80000,0x000000078e380000)
 ParOldGen       total 1498112K, used 729309K [0x00000005cb200000, 0x0000000626900000, 0x0000000719100000)
  object space 1498112K, 48% used [0x00000005cb200000,0x00000005f7a37498,0x0000000626900000)
 Metaspace       used 6877K, capacity 7066K, committed 7296K, reserved 1056768K
  class space    used 751K, capacity 801K, committed 896K, reserved 1048576K
}

