# JRE version: Java(TM) SE Runtime Environment (8.0_91-b14) (build 1.8.0_91-b14)
# Java VM: Java HotSpot(TM) 64-Bit Server VM (25.91-b14 mixed mode linux-amd64 compressed oops)
Heap:
 PSYoungGen      total 279040K, used 19909K [0x0000000719100000, 0x000000073b200000, 0x00000007c0000000)
  eden space 258048K, 1% used [0x0000000719100000,0x00000007195fbfd8,0x0000000728d00000)
  from space 20992K, 70% used [0x0000000728d00000,0x0000000729b75718,0x000000072a180000)
  to   space 20992K, 0% used [0x0000000739d80000,0x0000000739d80000,0x000000073b200000)
 ParOldGen       total 758784K, used 347131K [0x00000005cb200000, 0x00000005f9700000, 0x0000000719100000)
  object space 758784K, 45% used [0x00000005cb200000,0x00000005e04feee8,0x00000005f9700000)
 Metaspace       used 6508K, capacity 6682K, committed 6784K, reserved 1056768K
  class space    used 731K, capacity 801K, committed 896K, reserved 1048576K
GC Heap History (8 events):
Event: 1.727 GC heap before
{Heap before GC invocations=1 (full 0):
 PSYoungGen      total 150016K, used 129024K [0x0000000719100000, 0x0000000723800000, 0x00000007c0000000)
  eden space 129024K, 100% used [0x0000000719100000,0x0000000720f00000,0x0000000720f00000)
  from space 20992K, 0% used [0x0000000722380000,0x0000000722380000,0x0000000723800000)
  to   space 20992K, 0% used [0x0000000720f00000,0x0000000720f00000,0x0000000722380000)
 ParOldGen       total 343040K, used 0K [0x00000005cb200000, 0x00000005e0100000, 0x0000000719100000)
  object space 343040K, 0% used [0x00000005cb200000,0x00000005cb200000,0x00000005e0100000)
 Metaspace       used 6496K, capacity 6682K, committed 6784K, reserved 1056768K
  class space    used 731K, capacity 801K, committed 896K, reserved 1048576K
Event: 1.968 GC heap after
Heap after GC invocations=1 (full 0):
 PSYoungGen      total 150016K, used 20960K [0x0000000719100000, 0x000000072b600000, 0x00000007c0000000)
  eden space 129024K, 0% used [0x0000000719100000,0x0000000719100000,0x0000000720f00000)
  from space 20992K, 99% used [0x0000000720f00000,0x0000000722378020,0x0000000722380000)
  to   space 20992K, 0% used [0x000000072a180000,0x000000072a180000,0x000000072b600000)
 ParOldGen       total 343040K, used 68170K [0x00000005cb200000, 0x00000005e0100000, 0x0000000719100000)
  object space 343040K, 19% used [0x00000005cb200000,0x00000005cf492910,0x00000005e0100000)
 Metaspace       used 6496K, capacity 6682K, committed 6784K, reserved 1056768K
  class space    used 731K, capacity 801K, committed 896K, reserved 1048576K
}
Event: 3.601 GC heap before
{Heap before GC invocations=2 (full 0):
 PSYoungGen      total 150016K, used 149984K [0x0000000719100000, 0x000000072b600000, 0x00000007c0000000)
  eden space 129024K, 100% used [0x0000000719100000,0x0000000720f00000,0x0000000720f00000)
  from space 20992K, 99% used [0x0000000720f00000,0x0000000722378020,0x0000000722380000)
  to   space 20992K, 0% used [0x000000072a180000,0x000000072a180000,0x000000072b600000)
 ParOldGen       total 343040K, used 68170K [0x00000005cb200000, 0x00000005e0100000, 0x0000000719100000)
  object space 343040K, 19% used [0x00000005cb200000,0x00000005cf492910,0x00000005e0100000)
 Metaspace       used 6508K, capacity 6682K, committed 6784K, reserved 1056768K
  class space    used 731K, capacity 801K, committed 896K, reserved 1048576K
Event: 3.768 GC heap after
Heap after GC invocations=2 (full 0):
 PSYoungGen      total 279040K, used 20992K [0x0000000719100000, 0x000000072b600000, 0x00000007c0000000)
  eden space 258048K, 0% used [0x0000000719100000,0x0000000719100000,0x0000000728d00000)
  from space 20992K, 100% used [0x000000072a180000,0x000000072b600000,0x000000072b600000)
  to   space 20992K, 0% used [0x0000000728d00000,0x0000000728d00000,0x000000072a180000)
 ParOldGen       total 343040K, used 157338K [0x00000005cb200000, 0x00000005e0100000, 0x0000000719100000)
  object space 343040K, 45% used [0x00000005cb200000,0x00000005d4ba6910,0x00000005e0100000)
 Metaspace       used 6508K, capacity 6682K, committed 6784K, reserved 1056768K
  class space    used 731K, capacity 801K, committed 896K, reserved 1048576K
}
Event: 7.198 GC heap before
{Heap before GC invocations=3 (full 0):
 PSYoungGen      total 279040K, used 279040K [0x0000000719100000, 0x000000072b600000, 0x00000007c0000000)
  eden space 258048K, 100% used [0x0000000719100000,0x0000000728d00000,0x0000000728d00000)
  from space 20992K, 100% used [0x000000072a180000,0x000000072b600000,0x000000072b600000)
  to   space 20992K, 0% used [0x0000000728d00000,0x0000000728d00000,0x000000072a180000)
 ParOldGen       total 343040K, used 157338K [0x00000005cb200000, 0x00000005e0100000, 0x0000000719100000)
  object space 343040K, 45% used [0x00000005cb200000,0x00000005d4ba6910,0x00000005e0100000)
 Metaspace       used 6508K, capacity 6682K, committed 6784K, reserved 1056768K
  class space    used 731K, capacity 801K, committed 896K, reserved 1048576K
Event: 7.494 GC heap after
Heap after GC invocations=3 (full 0):
 PSYoungGen      total 279040K, used 20992K [0x0000000719100000, 0x000000073b200000, 0x00000007c0000000)
  eden space 258048K, 0% used [0x0000000719100000,0x0000000719100000,0x0000000728d00000)
  from space 20992K, 100% used [0x0000000728d00000,0x000000072a180000,0x000000072a180000)
  to   space 20992K, 0% used [0x0000000739d80000,0x0000000739d80000,0x000000073b200000)
 ParOldGen       total 347136K, used 346978K [0x00000005cb200000, 0x00000005e0500000, 0x0000000719100000)
  object space 347136K, 99% used [0x00000005cb200000,0x00000005e04d8910,0x00000005e0500000)
 Metaspace       used 6508K, capacity 6682K, committed 6784K, reserved 1056768K
  class space    used 731K, capacity 801K, committed 896K, reserved 1048576K
}
Event: 7.494 GC heap before
{Heap before GC invocations=4 (full 1):
 PSYoungGen      total 279040K, used 20992K [0x0000000719100000, 0x000000073b200000, 0x00000007c0000000)
  eden space 258048K, 0% used [0x0000000719100000,0x0000000719100000,0x0000000728d00000)
  from space 20992K, 100% used [0x0000000728d00000,0x000000072a180000,0x000000072a180000)
  to   space 20992K, 0% used [0x0000000739d80000,0x0000000739d80000,0x000000073b200000)
 ParOldGen       total 347136K, used 346978K [0x00000005cb200000, 0x00000005e0500000, 0x0000000719100000)
  object space 347136K, 99% used [0x00000005cb200000,0x00000005e04d8910,0x00000005e0500000)
 Metaspace       used 6508K, capacity 6682K, committed 6784K, reserved 1056768K
  class space    used 731K, capacity 801K, committed 896K, reserved 1048576K
Event: 9.085 GC heap after
Heap after GC invocations=4 (full 1):
 PSYoungGen      total 279040K, used 14805K [0x0000000719100000, 0x000000073b200000, 0x00000007c0000000)
  eden space 258048K, 0% used [0x0000000719100000,0x0000000719100000,0x0000000728d00000)
  from space 20992K, 70% used [0x0000000728d00000,0x0000000729b75718,0x000000072a180000)
  to   space 20992K, 0% used [0x0000000739d80000,0x0000000739d80000,0x000000073b200000)
 ParOldGen       total 758784K, used 347131K [0x00000005cb200000, 0x00000005f9700000, 0x0000000719100000)
  object space 758784K, 45% used [0x00000005cb200000,0x00000005e04feee8,0x00000005f9700000)
 Metaspace       used 6508K, capacity 6682K, committed 6784K, reserved 1056768K
  class space    used 731K, capacity 801K, committed 896K, reserved 1048576K
}

