# JRE version: Java(TM) SE Runtime Environment (8.0_91-b14) (build 1.8.0_91-b14)
# Java VM: Java HotSpot(TM) 64-Bit Server VM (25.91-b14 mixed mode linux-amd64 compressed oops)
Heap:
 PSYoungGen      total 2429440K, used 42368K [0x0000000719100000, 0x00000007c0000000, 0x00000007c0000000)
  eden space 2123776K, 1% used [0x0000000719100000,0x000000071ba601e0,0x000000079ab00000)
  from space 305664K, 0% used [0x000000079ab00000,0x000000079ab00000,0x00000007ad580000)
  to   space 305664K, 0% used [0x00000007ad580000,0x00000007ad580000,0x00000007c0000000)
 ParOldGen       total 1711104K, used 884645K [0x00000005cb200000, 0x0000000633900000, 0x0000000719100000)
  object space 1711104K, 51% used [0x00000005cb200000,0x00000006011e95a0,0x0000000633900000)
 Metaspace       used 6867K, capacity 7066K, committed 7296K, reserved 1056768K
  class space    used 751K, capacity 801K, committed 896K, reserved 1048576K
GC Heap History (10 events):
Event: 28.583 GC heap before
{Heap before GC invocations=14 (full 2):
 PSYoungGen      total 2482688K, used 2230272K [0x0000000719100000, 0x00000007c0000000, 0x00000007c0000000)
  eden space 2230272K, 100% used [0x0000000719100000,0x00000007a1300000,0x00000007a1300000)
  from space 252416K, 0% used [0x00000007a1300000,0x00000007a1300000,0x00000007b0980000)
  to   space 252416K, 0% used [0x00000007b0980000,0x00000007b0980000,0x00000007c0000000)
 ParOldGen       total 926720K, used 437760K [0x00000005cb200000, 0x0000000603b00000, 0x0000000719100000)
  object space 926720K, 47% used [0x00000005cb200000,0x00000005e5d80298,0x0000000603b00000)
 Metaspace       used 6670K, capacity 6810K, committed 7040K, reserved 1056768K
  class space    used 739K, capacity 801K, committed 896K, reserved 1048576K
Event: 28.630 GC heap after
Heap after GC invocations=14 (full 2):
 PSYoungGen      total 2467328K, used 122816K [0x0000000719100000, 0x00000007bf100000, 0x00000007c0000000)
  eden space 2230272K, 0% used [0x0000000719100000,0x0000000719100000,0x00000007a1300000)
  from space 237056K, 51% used [0x00000007b0980000,0x00000007b8170050,0x00000007bf100000)
  to   space 244736K, 0% used [0x00000007a1300000,0x00000007a1300000,0x00000007b0200000)
 ParOldGen       total 926720K, used 437760K [0x00000005cb200000, 0x0000000603b00000, 0x0000000719100000)
  object space 926720K, 47% used [0x00000005cb200000,0x00000005e5d80298,0x0000000603b00000)
 Metaspace       used 6670K, capacity 6810K, committed 7040K, reserved 1056768K
  class space    used 739K, capacity 801K, committed 896K, reserved 1048576K
}
Event: 32.623 GC heap before
{Heap before GC invocations=15 (full 2):
 PSYoungGen      total 2467328K, used 2351441K [0x0000000719100000, 0x00000007bf100000, 0x00000007c0000000)
  eden space 2230272K, 99% used [0x0000000719100000,0x00000007a1164440,0x00000007a1300000)
  from space 237056K, 51% used [0x00000007b0980000,0x00000007b8170050,0x00000007bf100000)
  to   space 244736K, 0% used [0x00000007a1300000,0x00000007a1300000,0x00000007b0200000)
 ParOldGen       total 926720K, used 437760K [0x00000005cb200000, 0x0000000603b00000, 0x0000000719100000)
  object space 926720K, 47% used [0x00000005cb200000,0x00000005e5d80298,0x0000000603b00000)
 Metaspace       used 6670K, capacity 6810K, committed 7040K, reserved 1056768K
  class space    used 739K, capacity 801K, committed 896K, reserved 1048576K
Event: 32.681 GC heap after
Heap after GC invocations=15 (full 2):
 PSYoungGen      total 2420736K, used 190144K [0x0000000719100000, 0x00000007c0000000, 0x00000007c0000000)
  eden space 2230272K, 0% used [0x0000000719100000,0x0000000719100000,0x00000007a1300000)
  from space 190464K, 99% used [0x00000007a1300000,0x00000007accb0060,0x00000007acd00000)
  to   space 262144K, 0% used [0x00000007b0000000,0x00000007b0000000,0x00000007c0000000)
 ParOldGen       total 926720K, used 437760K [0x00000005cb200000, 0x0000000603b00000, 0x0000000719100000)
  object space 926720K, 47% used [0x00000005cb200000,0x00000005e5d80298,0x0000000603b00000)
 Metaspace       used 6670K, capacity 6810K, committed 7040K, reserved 1056768K
  class space    used 739K, capacity 801K, committed 896K, reserved 1048576K
}
Event: 37.321 GC heap before
{Heap before GC invocations=16 (full 2):
 PSYoungGen      total 2420736K, used 2420416K [0x0000000719100000, 0x00000007c0000000, 0x00000007c0000000)
  eden space 2230272K, 100% used [0x0000000719100000,0x00000007a1300000,0x00000007a1300000)
  from space 190464K, 99% used [0x00000007a1300000,0x00000007accb0060,0x00000007acd00000)
  to   space 262144K, 0% used [0x00000007b0000000,0x00000007b0000000,0x00000007c0000000)
 ParOldGen       total 926720K, used 437760K [0x00000005cb200000, 0x0000000603b00000, 0x0000000719100000)
  object space 926720K, 47% used [0x00000005cb200000,0x00000005e5d80298,0x0000000603b00000)
 Metaspace       used 6670K, capacity 6810K, committed 7040K, reserved 1056768K
  class space    used 739K, capacity 801K, committed 896K, reserved 1048576K
Event: 37.400 GC heap after
Heap after GC invocations=16 (full 2):
 PSYoungGen      total 2385920K, used 262112K [0x0000000719100000, 0x00000007c0000000, 0x00000007c0000000)
  eden space 2123776K, 0% used [0x0000000719100000,0x0000000719100000,0x000000079ab00000)
  from space 262144K, 99% used [0x00000007b0000000,0x00000007bfff8060,0x00000007c0000000)
  to   space 305664K, 0% used [0x000000079ab00000,0x000000079ab00000,0x00000007ad580000)
 ParOldGen       total 926720K, used 446984K [0x00000005cb200000, 0x0000000603b00000, 0x0000000719100000)
  object space 926720K, 48% used [0x00000005cb200000,0x00000005e6682298,0x0000000603b00000)
 Metaspace       used 6670K, capacity 6810K, committed 7040K, reserved 1056768K
  class space    used 739K, capacity 801K, committed 896K, reserved 1048576K
}
Event: 52.941 GC heap before
{Heap before GC invocations=17 (full 2):
 PSYoungGen      total 2385920K, used 2385888K [0x0000000719100000, 0x00000007c0000000, 0x00000007c0000000)
  eden space 2123776K, 100% used [0x0000000719100000,0x000000079ab00000,0x000000079ab00000)
  from space 262144K, 99% used [0x00000007b0000000,0x00000007bfff8060,0x00000007c0000000)
  to   space 305664K, 0% used [0x000000079ab00000,0x000000079ab00000,0x00000007ad580000)
 ParOldGen       total 926720K, used 446984K [0x00000005cb200000, 0x0000000603b00000, 0x0000000719100000)
  object space 926720K, 48% used [0x00000005cb200000,0x00000005e6682298,0x0000000603b00000)
 Metaspace       used 6867K, capacity 7066K, committed 7296K, reserved 1056768K
  class space    used 751K, capacity 801K, committed 896K, reserved 1048576K
Event: 54.035 GC heap after
Heap after GC invocations=17 (full 2):
 PSYoungGen      total 2429440K, used 305632K [0x0000000719100000, 0x00000007c0000000, 0x00000007c0000000)
  eden space 2123776K, 0% used [0x0000000719100000,0x0000000719100000,0x000000079ab00000)
  from space 305664K, 99% used [0x000000079ab00000,0x00000007ad578020,0x00000007ad580000)
  to   space 305664K, 0% used [0x00000007ad580000,0x00000007ad580000,0x00000007c0000000)
 ParOldGen       total 1086976K, used 1086832K [0x00000005cb200000, 0x000000060d780000, 0x0000000719100000)
  object space 1086976K, 99% used [0x00000005cb200000,0x000000060d75c2b8,0x000000060d780000)
 Metaspace       used 6867K, capacity 7066K, committed 7296K, reserved 1056768K
  class space    used 751K, capacity 801K, committed 896K, reserved 1048576K
}
Event: 54.035 GC heap before
{Heap before GC invocations=18 (full 3):
 PSYoungGen      total 2429440K, used 305632K [0x0000000719100000, 0x00000007c0000000, 0x00000007c0000000)
  eden space 2123776K, 0% used [0x0000000719100000,0x0000000719100000,0x000000079ab00000)
  from space 305664K, 99% used [0x000000079ab00000,0x00000007ad578020,0x00000007ad580000)
  to   space 305664K, 0% used [0x00000007ad580000,0x00000007ad580000,0x00000007c0000000)
 ParOldGen       total 1086976K, used 1086832K [0x00000005cb200000, 0x000000060d780000, 0x0000000719100000)
  object space 1086976K, 99% used [0x00000005cb200000,0x000000060d75c2b8,0x000000060d780000)
 Metaspace       used 6867K, capacity 7066K, committed 7296K, reserved 1056768K
  class space    used 751K, capacity 801K, committed 896K, reserved 1048576K
Event: 56.519 GC heap after
Heap after GC invocations=18 (full 3):
 PSYoungGen      total 2429440K, used 0K [0x0000000719100000, 0x00000007c0000000, 0x00000007c0000000)
  eden space 2123776K, 0% used [0x0000000719100000,0x0000000719100000,0x000000079ab00000)
  from space 305664K, 0% used [0x000000079ab00000,0x000000079ab00000,0x00000007ad580000)
  to   space 305664K, 0% used [0x00000007ad580000,0x00000007ad580000,0x00000007c0000000)
 ParOldGen       total 1711104K, used 884645K [0x00000005cb200000, 0x0000000633900000, 0x0000000719100000)
  object space 1711104K, 51% used [0x00000005cb200000,0x00000006011e95a0,0x0000000633900000)
 Metaspace       used 6867K, capacity 7066K, committed 7296K, reserved 1056768K
  class space    used 751K, capacity 801K, committed 896K, reserved 1048576K
}

