# JRE version: Java(TM) SE Runtime Environment (8.0_91-b14) (build 1.8.0_91-b14)
# Java VM: Java HotSpot(TM) 64-Bit Server VM (25.91-b14 mixed mode linux-amd64 compressed oops)
Heap:
 PSYoungGen      total 1496064K, used 18907K [0x0000000719100000, 0x00000007c0000000, 0x00000007c0000000)
  eden space 950272K, 1% used [0x0000000719100000,0x000000071a376c28,0x0000000753100000)
  from space 545792K, 0% used [0x000000079eb00000,0x000000079eb00000,0x00000007c0000000)
  to   space 892416K, 0% used [0x0000000753100000,0x0000000753100000,0x0000000789880000)
 ParOldGen       total 2171904K, used 1264822K [0x00000005cb200000, 0x000000064fb00000, 0x0000000719100000)
  object space 2171904K, 58% used [0x00000005cb200000,0x000000061852da98,0x000000064fb00000)
 Metaspace       used 6876K, capacity 7066K, committed 7296K, reserved 1056768K
  class space    used 749K, capacity 801K, committed 896K, reserved 1048576K
GC Heap History (10 events):
Event: 106.799 GC heap before
{Heap before GC invocations=42 (full 3):
 PSYoungGen      total 2132480K, used 1807328K [0x0000000719100000, 0x00000007bd300000, 0x00000007c0000000)
  eden space 1615872K, 100% used [0x0000000719100000,0x000000077bb00000,0x000000077bb00000)
  from space 516608K, 37% used [0x000000079da80000,0x00000007a9578010,0x00000007bd300000)
  to   space 536576K, 0% used [0x000000077bb00000,0x000000077bb00000,0x000000079c700000)
 ParOldGen       total 1588736K, used 1171299K [0x00000005cb200000, 0x000000062c180000, 0x0000000719100000)
  object space 1588736K, 73% used [0x00000005cb200000,0x00000006129d8f00,0x000000062c180000)
 Metaspace       used 6680K, capacity 6810K, committed 7040K, reserved 1056768K
  class space    used 736K, capacity 801K, committed 896K, reserved 1048576K
Event: 106.887 GC heap after
Heap after GC invocations=42 (full 3):
 PSYoungGen      total 2152448K, used 130784K [0x0000000719100000, 0x00000007c0000000, 0x00000007c0000000)
  eden space 1615872K, 0% used [0x0000000719100000,0x0000000719100000,0x000000077bb00000)
  from space 536576K, 24% used [0x000000077bb00000,0x0000000783ab8010,0x000000079c700000)
  to   space 528896K, 0% used [0x000000079fb80000,0x000000079fb80000,0x00000007c0000000)
 ParOldGen       total 1588736K, used 1243755K [0x00000005cb200000, 0x000000062c180000, 0x0000000719100000)
  object space 1588736K, 78% used [0x00000005cb200000,0x000000061709af00,0x000000062c180000)
 Metaspace       used 6680K, capacity 6810K, committed 7040K, reserved 1056768K
  class space    used 736K, capacity 801K, committed 896K, reserved 1048576K
}
Event: 109.534 GC heap before
{Heap before GC invocations=43 (full 3):
 PSYoungGen      total 2152448K, used 1746656K [0x0000000719100000, 0x00000007c0000000, 0x00000007c0000000)
  eden space 1615872K, 100% used [0x0000000719100000,0x000000077bb00000,0x000000077bb00000)
  from space 536576K, 24% used [0x000000077bb00000,0x0000000783ab8010,0x000000079c700000)
  to   space 528896K, 0% used [0x000000079fb80000,0x000000079fb80000,0x00000007c0000000)
 ParOldGen       total 1588736K, used 1243755K [0x00000005cb200000, 0x000000062c180000, 0x0000000719100000)
  object space 1588736K, 78% used [0x00000005cb200000,0x000000061709af00,0x000000062c180000)
 Metaspace       used 6680K, capacity 6810K, committed 7040K, reserved 1056768K
  class space    used 736K, capacity 801K, committed 896K, reserved 1048576K
Event: 109.596 GC heap after
Heap after GC invocations=43 (full 3):
 PSYoungGen      total 2183680K, used 94656K [0x0000000719100000, 0x00000007bf180000, 0x00000007c0000000)
  eden space 1669632K, 0% used [0x0000000719100000,0x0000000719100000,0x000000077ef80000)
  from space 514048K, 18% used [0x000000079fb80000,0x00000007a57f0010,0x00000007bf180000)
  to   space 525312K, 0% used [0x000000077ef80000,0x000000077ef80000,0x000000079f080000)
 ParOldGen       total 1588736K, used 1295891K [0x00000005cb200000, 0x000000062c180000, 0x0000000719100000)
  object space 1588736K, 81% used [0x00000005cb200000,0x000000061a384f10,0x000000062c180000)
 Metaspace       used 6680K, capacity 6810K, committed 7040K, reserved 1056768K
  class space    used 736K, capacity 801K, committed 896K, reserved 1048576K
}
Event: 112.761 GC heap before
{Heap before GC invocations=44 (full 3):
 PSYoungGen      total 2183680K, used 1754243K [0x0000000719100000, 0x00000007bf180000, 0x00000007c0000000)
  eden space 1669632K, 99% used [0x0000000719100000,0x000000077e5b0eb8,0x000000077ef80000)
  from space 514048K, 18% used [0x000000079fb80000,0x00000007a57f0010,0x00000007bf180000)
  to   space 525312K, 0% used [0x000000077ef80000,0x000000077ef80000,0x000000079f080000)
 ParOldGen       total 1588736K, used 1295891K [0x00000005cb200000, 0x000000062c180000, 0x0000000719100000)
  object space 1588736K, 81% used [0x00000005cb200000,0x000000061a384f10,0x000000062c180000)
 Metaspace       used 6683K, capacity 6810K, committed 7040K, reserved 1056768K
  class space    used 736K, capacity 801K, committed 896K, reserved 1048576K
Event: 112.841 GC heap after
Heap after GC invocations=44 (full 3):
 PSYoungGen      total 2032640K, used 362976K [0x0000000719100000, 0x00000007c0000000, 0x00000007c0000000)
  eden space 1669632K, 0% used [0x0000000719100000,0x0000000719100000,0x000000077ef80000)
  from space 363008K, 99% used [0x000000077ef80000,0x00000007951f8040,0x0000000795200000)
  to   space 545792K, 0% used [0x000000079eb00000,0x000000079eb00000,0x00000007c0000000)
 ParOldGen       total 1588736K, used 1295891K [0x00000005cb200000, 0x000000062c180000, 0x0000000719100000)
  object space 1588736K, 81% used [0x00000005cb200000,0x000000061a384f10,0x000000062c180000)
 Metaspace       used 6683K, capacity 6810K, committed 7040K, reserved 1056768K
  class space    used 736K, capacity 801K, committed 896K, reserved 1048576K
}
Event: 133.789 GC heap before
{Heap before GC invocations=45 (full 3):
 PSYoungGen      total 2032640K, used 2032608K [0x0000000719100000, 0x00000007c0000000, 0x00000007c0000000)
  eden space 1669632K, 100% used [0x0000000719100000,0x000000077ef80000,0x000000077ef80000)
  from space 363008K, 99% used [0x000000077ef80000,0x00000007951f8040,0x0000000795200000)
  to   space 545792K, 0% used [0x000000079eb00000,0x000000079eb00000,0x00000007c0000000)
 ParOldGen       total 1588736K, used 1295891K [0x00000005cb200000, 0x000000062c180000, 0x0000000719100000)
  object space 1588736K, 81% used [0x00000005cb200000,0x000000061a384f10,0x000000062c180000)
 Metaspace       used 6876K, capacity 7066K, committed 7296K, reserved 1056768K
  class space    used 749K, capacity 801K, committed 896K, reserved 1048576K
Event: 135.539 GC heap after
Heap after GC invocations=45 (full 3):
 PSYoungGen      total 1496064K, used 545760K [0x0000000719100000, 0x00000007c0000000, 0x00000007c0000000)
  eden space 950272K, 0% used [0x0000000719100000,0x0000000719100000,0x0000000753100000)
  from space 545792K, 99% used [0x000000079eb00000,0x00000007bfff8020,0x00000007c0000000)
  to   space 892416K, 0% used [0x0000000753100000,0x0000000753100000,0x0000000789880000)
 ParOldGen       total 2009088K, used 2008843K [0x00000005cb200000, 0x0000000645c00000, 0x0000000719100000)
  object space 2009088K, 99% used [0x00000005cb200000,0x0000000645bc2f10,0x0000000645c00000)
 Metaspace       used 6876K, capacity 7066K, committed 7296K, reserved 1056768K
  class space    used 749K, capacity 801K, committed 896K, reserved 1048576K
}
Event: 135.539 GC heap before
{Heap before GC invocations=46 (full 4):
 PSYoungGen      total 1496064K, used 545760K [0x0000000719100000, 0x00000007c0000000, 0x00000007c0000000)
  eden space 950272K, 0% used [0x0000000719100000,0x0000000719100000,0x0000000753100000)
  from space 545792K, 99% used [0x000000079eb00000,0x00000007bfff8020,0x00000007c0000000)
  to   space 892416K, 0% used [0x0000000753100000,0x0000000753100000,0x0000000789880000)
 ParOldGen       total 2009088K, used 2008843K [0x00000005cb200000, 0x0000000645c00000, 0x0000000719100000)
  object space 2009088K, 99% used [0x00000005cb200000,0x0000000645bc2f10,0x0000000645c00000)
 Metaspace       used 6876K, capacity 7066K, committed 7296K, reserved 1056768K
  class space    used 749K, capacity 801K, committed 896K, reserved 1048576K
Event: 139.549 GC heap after
Heap after GC invocations=46 (full 4):
 PSYoungGen      total 1496064K, used 0K [0x0000000719100000, 0x00000007c0000000, 0x00000007c0000000)
  eden space 950272K, 0% used [0x0000000719100000,0x0000000719100000,0x0000000753100000)
  from space 545792K, 0% used [0x000000079eb00000,0x000000079eb00000,0x00000007c0000000)
  to   space 892416K, 0% used [0x0000000753100000,0x0000000753100000,0x0000000789880000)
 ParOldGen       total 2171904K, used 1264822K [0x00000005cb200000, 0x000000064fb00000, 0x0000000719100000)
  object space 2171904K, 58% used [0x00000005cb200000,0x000000061852da98,0x000000064fb00000)
 Metaspace       used 6876K, capacity 7066K, committed 7296K, reserved 1056768K
  class space    used 749K, capacity 801K, committed 896K, reserved 1048576K
}

