# JRE version: Java(TM) SE Runtime Environment (8.0_91-b14) (build 1.8.0_91-b14)
# Java VM: Java HotSpot(TM) 64-Bit Server VM (25.91-b14 mixed mode linux-amd64 compressed oops)
Heap:
 PSYoungGen      total 279040K, used 19369K [0x0000000719100000, 0x000000073b200000, 0x00000007c0000000)
  eden space 258048K, 1% used [0x0000000719100000,0x00000007195f7798,0x0000000728d00000)
  from space 20992K, 68% used [0x0000000728d00000,0x0000000729af2ee8,0x000000072a180000)
  to   space 20992K, 0% used [0x0000000739d80000,0x0000000739d80000,0x000000073b200000)
 ParOldGen       total 877568K, used 424802K [0x00000005cb200000, 0x0000000600b00000, 0x0000000719100000)
  object space 877568K, 48% used [0x00000005cb200000,0x00000005e50d8a80,0x0000000600b00000)
 Metaspace       used 6510K, capacity 6682K, committed 6784K, reserved 1056768K
  class space    used 731K, capacity 801K, committed 896K, reserved 1048576K
GC Heap History (8 events):
Event: 2.072 GC heap before
{Heap before GC invocations=1 (full 0):
 PSYoungGen      total 150016K, used 129024K [0x0000000719100000, 0x0000000723800000, 0x00000007c0000000)
  eden space 129024K, 100% used [0x0000000719100000,0x0000000720f00000,0x0000000720f00000)
  from space 20992K, 0% used [0x0000000722380000,0x0000000722380000,0x0000000723800000)
  to   space 20992K, 0% used [0x0000000720f00000,0x0000000720f00000,0x0000000722380000)
 ParOldGen       total 343040K, used 0K [0x00000005cb200000, 0x00000005e0100000, 0x0000000719100000)
  object space 343040K, 0% used [0x00000005cb200000,0x00000005cb200000,0x00000005e0100000)
 Metaspace       used 6498K, capacity 6682K, committed 6784K, reserved 1056768K
  class space    used 731K, capacity 801K, committed 896K, reserved 1048576K
Event: 2.337 GC heap after
Heap after GC invocations=1 (full 0):
 PSYoungGen      total 150016K, used 20976K [0x0000000719100000, 0x000000072b600000, 0x00000007c0000000)
  eden space 129024K, 0% used [0x0000000719100000,0x0000000719100000,0x0000000720f00000)
  from space 20992K, 99% used [0x0000000720f00000,0x000000072237c010,0x0000000722380000)
  to   space 20992K, 0% used [0x000000072a180000,0x000000072a180000,0x000000072b600000)
 ParOldGen       total 343040K, used 86206K [0x00000005cb200000, 0x00000005e0100000, 0x0000000719100000)
  object space 343040K, 25% used [0x00000005cb200000,0x00000005d062fbd8,0x00000005e0100000)
 Metaspace       used 6498K, capacity 6682K, committed 6784K, reserved 1056768K
  class space    used 731K, capacity 801K, committed 896K, reserved 1048576K
}
Event: 4.301 GC heap before
{Heap before GC invocations=2 (full 0):
 PSYoungGen      total 150016K, used 150000K [0x0000000719100000, 0x000000072b600000, 0x00000007c0000000)
  eden space 129024K, 100% used [0x0000000719100000,0x0000000720f00000,0x0000000720f00000)
  from space 20992K, 99% used [0x0000000720f00000,0x000000072237c010,0x0000000722380000)
  to   space 20992K, 0% used [0x000000072a180000,0x000000072a180000,0x000000072b600000)
 ParOldGen       total 343040K, used 86206K [0x00000005cb200000, 0x00000005e0100000, 0x0000000719100000)
  object space 343040K, 25% used [0x00000005cb200000,0x00000005d062fbd8,0x00000005e0100000)
 Metaspace       used 6510K, capacity 6682K, committed 6784K, reserved 1056768K
  class space    used 731K, capacity 801K, committed 896K, reserved 1048576K
Event: 4.486 GC heap after
Heap after GC invocations=2 (full 0):
 PSYoungGen      total 279040K, used 20976K [0x0000000719100000, 0x000000072b600000, 0x00000007c0000000)
  eden space 258048K, 0% used [0x0000000719100000,0x0000000719100000,0x0000000728d00000)
  from space 20992K, 99% used [0x000000072a180000,0x000000072b5fc010,0x000000072b600000)
  to   space 20992K, 0% used [0x0000000728d00000,0x0000000728d00000,0x000000072a180000)
 ParOldGen       total 343040K, used 195462K [0x00000005cb200000, 0x00000005e0100000, 0x0000000719100000)
  object space 343040K, 56% used [0x00000005cb200000,0x00000005d70e1bd8,0x00000005e0100000)
 Metaspace       used 6510K, capacity 6682K, committed 6784K, reserved 1056768K
  class space    used 731K, capacity 801K, committed 896K, reserved 1048576K
}
Event: 8.356 GC heap before
{Heap before GC invocations=3 (full 0):
 PSYoungGen      total 279040K, used 279024K [0x0000000719100000, 0x000000072b600000, 0x00000007c0000000)
  eden space 258048K, 100% used [0x0000000719100000,0x0000000728d00000,0x0000000728d00000)
  from space 20992K, 99% used [0x000000072a180000,0x000000072b5fc010,0x000000072b600000)
  to   space 20992K, 0% used [0x0000000728d00000,0x0000000728d00000,0x000000072a180000)
 ParOldGen       total 343040K, used 195462K [0x00000005cb200000, 0x00000005e0100000, 0x0000000719100000)
  object space 343040K, 56% used [0x00000005cb200000,0x00000005d70e1bd8,0x00000005e0100000)
 Metaspace       used 6510K, capacity 6682K, committed 6784K, reserved 1056768K
  class space    used 731K, capacity 801K, committed 896K, reserved 1048576K
Event: 8.736 GC heap after
Heap after GC invocations=3 (full 0):
 PSYoungGen      total 279040K, used 20960K [0x0000000719100000, 0x000000073b200000, 0x00000007c0000000)
  eden space 258048K, 0% used [0x0000000719100000,0x0000000719100000,0x0000000728d00000)
  from space 20992K, 99% used [0x0000000728d00000,0x000000072a178020,0x000000072a180000)
  to   space 20992K, 0% used [0x0000000739d80000,0x0000000739d80000,0x000000073b200000)
 ParOldGen       total 424960K, used 424734K [0x00000005cb200000, 0x00000005e5100000, 0x0000000719100000)
  object space 424960K, 99% used [0x00000005cb200000,0x00000005e50c7bd8,0x00000005e5100000)
 Metaspace       used 6510K, capacity 6682K, committed 6784K, reserved 1056768K
  class space    used 731K, capacity 801K, committed 896K, reserved 1048576K
}
Event: 8.736 GC heap before
{Heap before GC invocations=4 (full 1):
 PSYoungGen      total 279040K, used 20960K [0x0000000719100000, 0x000000073b200000, 0x00000007c0000000)
  eden space 258048K, 0% used [0x0000000719100000,0x0000000719100000,0x0000000728d00000)
  from space 20992K, 99% used [0x0000000728d00000,0x000000072a178020,0x000000072a180000)
  to   space 20992K, 0% used [0x0000000739d80000,0x0000000739d80000,0x000000073b200000)
 ParOldGen       total 424960K, used 424734K [0x00000005cb200000, 0x00000005e5100000, 0x0000000719100000)
  object space 424960K, 99% used [0x00000005cb200000,0x00000005e50c7bd8,0x00000005e5100000)
 Metaspace       used 6510K, capacity 6682K, committed 6784K, reserved 1056768K
  class space    used 731K, capacity 801K, committed 896K, reserved 1048576K
Event: 10.578 GC heap after
Heap after GC invocations=4 (full 1):
 PSYoungGen      total 279040K, used 14283K [0x0000000719100000, 0x000000073b200000, 0x00000007c0000000)
  eden space 258048K, 0% used [0x0000000719100000,0x0000000719100000,0x0000000728d00000)
  from space 20992K, 68% used [0x0000000728d00000,0x0000000729af2ee8,0x000000072a180000)
  to   space 20992K, 0% used [0x0000000739d80000,0x0000000739d80000,0x000000073b200000)
 ParOldGen       total 877568K, used 424802K [0x00000005cb200000, 0x0000000600b00000, 0x0000000719100000)
  object space 877568K, 48% used [0x00000005cb200000,0x00000005e50d8a80,0x0000000600b00000)
 Metaspace       used 6510K, capacity 6682K, committed 6784K, reserved 1056768K
  class space    used 731K, capacity 801K, committed 896K, reserved 1048576K
}

