# JRE version: Java(TM) SE Runtime Environment (8.0_91-b14) (build 1.8.0_91-b14)
# Java VM: Java HotSpot(TM) 64-Bit Server VM (25.91-b14 mixed mode linux-amd64 compressed oops)
Heap:
 PSYoungGen      total 2080768K, used 125751K [0x0000000719100000, 0x00000007a4a00000, 0x00000007c0000000)
  eden space 1994752K, 1% used [0x0000000719100000,0x000000071b7d5ea0,0x0000000792d00000)
  from space 86016K, 99% used [0x000000079a800000,0x000000079fbf8030,0x000000079fc00000)
  to   space 125952K, 0% used [0x0000000792d00000,0x0000000792d00000,0x000000079a800000)
 ParOldGen       total 343040K, used 180841K [0x00000005cb200000, 0x00000005e0100000, 0x0000000719100000)
  object space 343040K, 52% used [0x00000005cb200000,0x00000005d629a5c8,0x00000005e0100000)
 Metaspace       used 6789K, capacity 6938K, committed 7040K, reserved 1056768K
  class space    used 743K, capacity 801K, committed 896K, reserved 1048576K
GC Heap History (10 events):
Event: 1.663 GC heap before
{Heap before GC invocations=4 (full 0):
 PSYoungGen      total 279040K, used 279008K [0x0000000719100000, 0x000000073b200000, 0x00000007c0000000)
  eden space 258048K, 100% used [0x0000000719100000,0x0000000728d00000,0x0000000728d00000)
  from space 20992K, 99% used [0x0000000728d00000,0x000000072a1780d0,0x000000072a180000)
  to   space 20992K, 0% used [0x0000000739d80000,0x0000000739d80000,0x000000073b200000)
 ParOldGen       total 343040K, used 32962K [0x00000005cb200000, 0x00000005e0100000, 0x0000000719100000)
  object space 343040K, 9% used [0x00000005cb200000,0x00000005cd2308e8,0x00000005e0100000)
 Metaspace       used 6577K, capacity 6746K, committed 7040K, reserved 1056768K
  class space    used 731K, capacity 801K, committed 896K, reserved 1048576K
Event: 1.699 GC heap after
Heap after GC invocations=4 (full 0):
 PSYoungGen      total 537088K, used 20960K [0x0000000719100000, 0x000000073b200000, 0x00000007c0000000)
  eden space 516096K, 0% used [0x0000000719100000,0x0000000719100000,0x0000000738900000)
  from space 20992K, 99% used [0x0000000739d80000,0x000000073b1f80a0,0x000000073b200000)
  to   space 20992K, 0% used [0x0000000738900000,0x0000000738900000,0x0000000739d80000)
 ParOldGen       total 343040K, used 73746K [0x00000005cb200000, 0x00000005e0100000, 0x0000000719100000)
  object space 343040K, 21% used [0x00000005cb200000,0x00000005cfa049f8,0x00000005e0100000)
 Metaspace       used 6577K, capacity 6746K, committed 7040K, reserved 1056768K
  class space    used 731K, capacity 801K, committed 896K, reserved 1048576K
}
Event: 2.643 GC heap before
{Heap before GC invocations=5 (full 0):
 PSYoungGen      total 537088K, used 537056K [0x0000000719100000, 0x000000073b200000, 0x00000007c0000000)
  eden space 516096K, 100% used [0x0000000719100000,0x0000000738900000,0x0000000738900000)
  from space 20992K, 99% used [0x0000000739d80000,0x000000073b1f80a0,0x000000073b200000)
  to   space 20992K, 0% used [0x0000000738900000,0x0000000738900000,0x0000000739d80000)
 ParOldGen       total 343040K, used 73746K [0x00000005cb200000, 0x00000005e0100000, 0x0000000719100000)
  object space 343040K, 21% used [0x00000005cb200000,0x00000005cfa049f8,0x00000005e0100000)
 Metaspace       used 6577K, capacity 6746K, committed 7040K, reserved 1056768K
  class space    used 731K, capacity 801K, committed 896K, reserved 1048576K
Event: 2.674 GC heap after
Heap after GC invocations=5 (full 0):
 PSYoungGen      total 537088K, used 20960K [0x0000000719100000, 0x0000000760000000, 0x00000007c0000000)
  eden space 516096K, 0% used [0x0000000719100000,0x0000000719100000,0x0000000738900000)
  from space 20992K, 99% used [0x0000000738900000,0x0000000739d780c0,0x0000000739d80000)
  to   space 65024K, 0% used [0x000000075c080000,0x000000075c080000,0x0000000760000000)
 ParOldGen       total 343040K, used 102802K [0x00000005cb200000, 0x00000005e0100000, 0x0000000719100000)
  object space 343040K, 29% used [0x00000005cb200000,0x00000005d16649f8,0x00000005e0100000)
 Metaspace       used 6577K, capacity 6746K, committed 7040K, reserved 1056768K
  class space    used 731K, capacity 801K, committed 896K, reserved 1048576K
}
Event: 3.616 GC heap before
{Heap before GC invocations=6 (full 0):
 PSYoungGen      total 537088K, used 537056K [0x0000000719100000, 0x0000000760000000, 0x00000007c0000000)
  eden space 516096K, 100% used [0x0000000719100000,0x0000000738900000,0x0000000738900000)
  from space 20992K, 99% used [0x0000000738900000,0x0000000739d780c0,0x0000000739d80000)
  to   space 65024K, 0% used [0x000000075c080000,0x000000075c080000,0x0000000760000000)
 ParOldGen       total 343040K, used 102802K [0x00000005cb200000, 0x00000005e0100000, 0x0000000719100000)
  object space 343040K, 29% used [0x00000005cb200000,0x00000005d16649f8,0x00000005e0100000)
 Metaspace       used 6577K, capacity 6746K, committed 7040K, reserved 1056768K
  class space    used 731K, capacity 801K, committed 896K, reserved 1048576K
Event: 3.657 GC heap after
Heap after GC invocations=6 (full 0):
 PSYoungGen      total 1082368K, used 65008K [0x0000000719100000, 0x0000000761d00000, 0x00000007c0000000)
  eden space 1017344K, 0% used [0x0000000719100000,0x0000000719100000,0x0000000757280000)
  from space 65024K, 99% used [0x000000075c080000,0x000000075fffc0c0,0x0000000760000000)
  to   space 79872K, 0% used [0x0000000757280000,0x0000000757280000,0x000000075c080000)
 ParOldGen       total 343040K, used 112562K [0x00000005cb200000, 0x00000005e0100000, 0x0000000719100000)
  object space 343040K, 32% used [0x00000005cb200000,0x00000005d1fec9f8,0x00000005e0100000)
 Metaspace       used 6577K, capacity 6746K, committed 7040K, reserved 1056768K
  class space    used 731K, capacity 801K, committed 896K, reserved 1048576K
}
Event: 5.381 GC heap before
{Heap before GC invocations=7 (full 0):
 PSYoungGen      total 1082368K, used 1082352K [0x0000000719100000, 0x0000000761d00000, 0x00000007c0000000)
  eden space 1017344K, 100% used [0x0000000719100000,0x0000000757280000,0x0000000757280000)
  from space 65024K, 99% used [0x000000075c080000,0x000000075fffc0c0,0x0000000760000000)
  to   space 79872K, 0% used [0x0000000757280000,0x0000000757280000,0x000000075c080000)
 ParOldGen       total 343040K, used 112562K [0x00000005cb200000, 0x00000005e0100000, 0x0000000719100000)
  object space 343040K, 32% used [0x00000005cb200000,0x00000005d1fec9f8,0x00000005e0100000)
 Metaspace       used 6577K, capacity 6746K, committed 7040K, reserved 1056768K
  class space    used 731K, capacity 801K, committed 896K, reserved 1048576K
Event: 5.420 GC heap after
Heap after GC invocations=7 (full 0):
 PSYoungGen      total 1097216K, used 67776K [0x0000000719100000, 0x000000079fc00000, 0x00000007c0000000)
  eden space 1017344K, 0% used [0x0000000719100000,0x0000000719100000,0x0000000757280000)
  from space 79872K, 84% used [0x0000000757280000,0x000000075b4b0070,0x000000075c080000)
  to   space 86016K, 0% used [0x000000079a800000,0x000000079a800000,0x000000079fc00000)
 ParOldGen       total 343040K, used 115321K [0x00000005cb200000, 0x00000005e0100000, 0x0000000719100000)
  object space 343040K, 33% used [0x00000005cb200000,0x00000005d229e588,0x00000005e0100000)
 Metaspace       used 6577K, capacity 6746K, committed 7040K, reserved 1056768K
  class space    used 731K, capacity 801K, committed 896K, reserved 1048576K
}
Event: 8.203 GC heap before
{Heap before GC invocations=8 (full 0):
 PSYoungGen      total 1097216K, used 1085120K [0x0000000719100000, 0x000000079fc00000, 0x00000007c0000000)
  eden space 1017344K, 100% used [0x0000000719100000,0x0000000757280000,0x0000000757280000)
  from space 79872K, 84% used [0x0000000757280000,0x000000075b4b0070,0x000000075c080000)
  to   space 86016K, 0% used [0x000000079a800000,0x000000079a800000,0x000000079fc00000)
 ParOldGen       total 343040K, used 115321K [0x00000005cb200000, 0x00000005e0100000, 0x0000000719100000)
  object space 343040K, 33% used [0x00000005cb200000,0x00000005d229e588,0x00000005e0100000)
 Metaspace       used 6787K, capacity 6938K, committed 7040K, reserved 1056768K
  class space    used 743K, capacity 801K, committed 896K, reserved 1048576K
Event: 8.345 GC heap after
Heap after GC invocations=8 (full 0):
 PSYoungGen      total 2080768K, used 85984K [0x0000000719100000, 0x00000007a4a00000, 0x00000007c0000000)
  eden space 1994752K, 0% used [0x0000000719100000,0x0000000719100000,0x0000000792d00000)
  from space 86016K, 99% used [0x000000079a800000,0x000000079fbf8030,0x000000079fc00000)
  to   space 125952K, 0% used [0x0000000792d00000,0x0000000792d00000,0x000000079a800000)
 ParOldGen       total 343040K, used 180841K [0x00000005cb200000, 0x00000005e0100000, 0x0000000719100000)
  object space 343040K, 52% used [0x00000005cb200000,0x00000005d629a5c8,0x00000005e0100000)
 Metaspace       used 6787K, capacity 6938K, committed 7040K, reserved 1056768K
  class space    used 743K, capacity 801K, committed 896K, reserved 1048576K
}

