# JRE version: Java(TM) SE Runtime Environment (8.0_91-b14) (build 1.8.0_91-b14)
# Java VM: Java HotSpot(TM) 64-Bit Server VM (25.91-b14 mixed mode linux-amd64 compressed oops)
Heap:
 PSYoungGen      total 2093056K, used 645371K [0x0000000719100000, 0x00000007c0000000, 0x00000007c0000000)
  eden space 1477120K, 1% used [0x0000000719100000,0x000000071adc6cd0,0x0000000773380000)
  from space 615936K, 99% used [0x0000000773380000,0x0000000798cf8030,0x0000000798d00000)
  to   space 642048K, 0% used [0x0000000798d00000,0x0000000798d00000,0x00000007c0000000)
 ParOldGen       total 955904K, used 595063K [0x00000005cb200000, 0x0000000605780000, 0x0000000719100000)
  object space 955904K, 62% used [0x00000005cb200000,0x00000005ef71dfd0,0x0000000605780000)
 Metaspace       used 6778K, capacity 6938K, committed 7040K, reserved 1056768K
  class space    used 743K, capacity 801K, committed 896K, reserved 1048576K
GC Heap History (10 events):
Event: 41.448 GC heap before
{Heap before GC invocations=23 (full 2):
 PSYoungGen      total 2116096K, used 2032800K [0x0000000719100000, 0x00000007c0000000, 0x00000007c0000000)
  eden space 1611776K, 100% used [0x0000000719100000,0x000000077b700000,0x000000077b700000)
  from space 504320K, 83% used [0x00000007a1380000,0x00000007baea8060,0x00000007c0000000)
  to   space 561664K, 0% used [0x000000077b700000,0x000000077b700000,0x000000079db80000)
 ParOldGen       total 955904K, used 522479K [0x00000005cb200000, 0x0000000605780000, 0x0000000719100000)
  object space 955904K, 54% used [0x00000005cb200000,0x00000005eb03bfd0,0x0000000605780000)
 Metaspace       used 6567K, capacity 6746K, committed 7040K, reserved 1056768K
  class space    used 731K, capacity 801K, committed 896K, reserved 1048576K
Event: 41.574 GC heap after
Heap after GC invocations=23 (full 2):
 PSYoungGen      total 2039296K, used 427008K [0x0000000719100000, 0x00000007c0000000, 0x00000007c0000000)
  eden space 1611776K, 0% used [0x0000000719100000,0x0000000719100000,0x000000077b700000)
  from space 427520K, 99% used [0x000000077b700000,0x0000000795800060,0x0000000795880000)
  to   space 608768K, 0% used [0x000000079ad80000,0x000000079ad80000,0x00000007c0000000)
 ParOldGen       total 955904K, used 522479K [0x00000005cb200000, 0x0000000605780000, 0x0000000719100000)
  object space 955904K, 54% used [0x00000005cb200000,0x00000005eb03bfd0,0x0000000605780000)
 Metaspace       used 6567K, capacity 6746K, committed 7040K, reserved 1056768K
  class space    used 731K, capacity 801K, committed 896K, reserved 1048576K
}
Event: 43.724 GC heap before
{Heap before GC invocations=24 (full 2):
 PSYoungGen      total 2039296K, used 2038784K [0x0000000719100000, 0x00000007c0000000, 0x00000007c0000000)
  eden space 1611776K, 100% used [0x0000000719100000,0x000000077b700000,0x000000077b700000)
  from space 427520K, 99% used [0x000000077b700000,0x0000000795800060,0x0000000795880000)
  to   space 608768K, 0% used [0x000000079ad80000,0x000000079ad80000,0x00000007c0000000)
 ParOldGen       total 955904K, used 522479K [0x00000005cb200000, 0x0000000605780000, 0x0000000719100000)
  object space 955904K, 54% used [0x00000005cb200000,0x00000005eb03bfd0,0x0000000605780000)
 Metaspace       used 6567K, capacity 6746K, committed 7040K, reserved 1056768K
  class space    used 731K, capacity 801K, committed 896K, reserved 1048576K
Event: 43.851 GC heap after
Heap after GC invocations=24 (full 2):
 PSYoungGen      total 2052608K, used 428768K [0x0000000719100000, 0x00000007c0000000, 0x00000007c0000000)
  eden space 1443840K, 0% used [0x0000000719100000,0x0000000719100000,0x0000000771300000)
  from space 608768K, 70% used [0x000000079ad80000,0x00000007b5038060,0x00000007c0000000)
  to   space 645632K, 0% used [0x0000000771300000,0x0000000771300000,0x0000000798980000)
 ParOldGen       total 955904K, used 522479K [0x00000005cb200000, 0x0000000605780000, 0x0000000719100000)
  object space 955904K, 54% used [0x00000005cb200000,0x00000005eb03bfd0,0x0000000605780000)
 Metaspace       used 6567K, capacity 6746K, committed 7040K, reserved 1056768K
  class space    used 731K, capacity 801K, committed 896K, reserved 1048576K
}
Event: 46.047 GC heap before
{Heap before GC invocations=25 (full 2):
 PSYoungGen      total 2052608K, used 1872608K [0x0000000719100000, 0x00000007c0000000, 0x00000007c0000000)
  eden space 1443840K, 100% used [0x0000000719100000,0x0000000771300000,0x0000000771300000)
  from space 608768K, 70% used [0x000000079ad80000,0x00000007b5038060,0x00000007c0000000)
  to   space 645632K, 0% used [0x0000000771300000,0x0000000771300000,0x0000000798980000)
 ParOldGen       total 955904K, used 522479K [0x00000005cb200000, 0x0000000605780000, 0x0000000719100000)
  object space 955904K, 54% used [0x00000005cb200000,0x00000005eb03bfd0,0x0000000605780000)
 Metaspace       used 6573K, capacity 6746K, committed 7040K, reserved 1056768K
  class space    used 731K, capacity 801K, committed 896K, reserved 1048576K
Event: 46.119 GC heap after
Heap after GC invocations=25 (full 2):
 PSYoungGen      total 2089472K, used 205792K [0x0000000719100000, 0x00000007be300000, 0x00000007c0000000)
  eden space 1443840K, 0% used [0x0000000719100000,0x0000000719100000,0x0000000771300000)
  from space 645632K, 31% used [0x0000000771300000,0x000000077dbf8040,0x0000000798980000)
  to   space 612352K, 0% used [0x0000000798d00000,0x0000000798d00000,0x00000007be300000)
 ParOldGen       total 955904K, used 522487K [0x00000005cb200000, 0x0000000605780000, 0x0000000719100000)
  object space 955904K, 54% used [0x00000005cb200000,0x00000005eb03dfd0,0x0000000605780000)
 Metaspace       used 6573K, capacity 6746K, committed 7040K, reserved 1056768K
  class space    used 731K, capacity 801K, committed 896K, reserved 1048576K
}
Event: 46.549 GC heap before
{Heap before GC invocations=26 (full 2):
 PSYoungGen      total 2089472K, used 1649632K [0x0000000719100000, 0x00000007be300000, 0x00000007c0000000)
  eden space 1443840K, 100% used [0x0000000719100000,0x0000000771300000,0x0000000771300000)
  from space 645632K, 31% used [0x0000000771300000,0x000000077dbf8040,0x0000000798980000)
  to   space 612352K, 0% used [0x0000000798d00000,0x0000000798d00000,0x00000007be300000)
 ParOldGen       total 955904K, used 522487K [0x00000005cb200000, 0x0000000605780000, 0x0000000719100000)
  object space 955904K, 54% used [0x00000005cb200000,0x00000005eb03dfd0,0x0000000605780000)
 Metaspace       used 6573K, capacity 6746K, committed 7040K, reserved 1056768K
  class space    used 731K, capacity 801K, committed 896K, reserved 1048576K
Event: 46.627 GC heap after
Heap after GC invocations=26 (full 2):
 PSYoungGen      total 2089472K, used 350555K [0x0000000719100000, 0x00000007be680000, 0x00000007c0000000)
  eden space 1477120K, 0% used [0x0000000719100000,0x0000000719100000,0x0000000773380000)
  from space 612352K, 57% used [0x0000000798d00000,0x00000007ae356ff8,0x00000007be300000)
  to   space 615936K, 0% used [0x0000000773380000,0x0000000773380000,0x0000000798d00000)
 ParOldGen       total 955904K, used 522487K [0x00000005cb200000, 0x0000000605780000, 0x0000000719100000)
  object space 955904K, 54% used [0x00000005cb200000,0x00000005eb03dfd0,0x0000000605780000)
 Metaspace       used 6573K, capacity 6746K, committed 7040K, reserved 1056768K
  class space    used 731K, capacity 801K, committed 896K, reserved 1048576K
}
Event: 55.430 GC heap before
{Heap before GC invocations=27 (full 2):
 PSYoungGen      total 2089472K, used 1827675K [0x0000000719100000, 0x00000007be680000, 0x00000007c0000000)
  eden space 1477120K, 100% used [0x0000000719100000,0x0000000773380000,0x0000000773380000)
  from space 612352K, 57% used [0x0000000798d00000,0x00000007ae356ff8,0x00000007be300000)
  to   space 615936K, 0% used [0x0000000773380000,0x0000000773380000,0x0000000798d00000)
 ParOldGen       total 955904K, used 522487K [0x00000005cb200000, 0x0000000605780000, 0x0000000719100000)
  object space 955904K, 54% used [0x00000005cb200000,0x00000005eb03dfd0,0x0000000605780000)
 Metaspace       used 6778K, capacity 6938K, committed 7040K, reserved 1056768K
  class space    used 743K, capacity 801K, committed 896K, reserved 1048576K
Event: 56.138 GC heap after
Heap after GC invocations=27 (full 2):
 PSYoungGen      total 2093056K, used 615904K [0x0000000719100000, 0x00000007c0000000, 0x00000007c0000000)
  eden space 1477120K, 0% used [0x0000000719100000,0x0000000719100000,0x0000000773380000)
  from space 615936K, 99% used [0x0000000773380000,0x0000000798cf8030,0x0000000798d00000)
  to   space 642048K, 0% used [0x0000000798d00000,0x0000000798d00000,0x00000007c0000000)
 ParOldGen       total 955904K, used 595063K [0x00000005cb200000, 0x0000000605780000, 0x0000000719100000)
  object space 955904K, 62% used [0x00000005cb200000,0x00000005ef71dfd0,0x0000000605780000)
 Metaspace       used 6778K, capacity 6938K, committed 7040K, reserved 1056768K
  class space    used 743K, capacity 801K, committed 896K, reserved 1048576K
}

