# JRE version: Java(TM) SE Runtime Environment (8.0_91-b14) (build 1.8.0_91-b14)
# Java VM: Java HotSpot(TM) 64-Bit Server VM (25.91-b14 mixed mode linux-amd64 compressed oops)
Heap:
 PSYoungGen      total 279040K, used 19907K [0x0000000719100000, 0x000000073b200000, 0x00000007c0000000)
  eden space 258048K, 1% used [0x0000000719100000,0x00000007195fbfd0,0x0000000728d00000)
  from space 20992K, 70% used [0x0000000728d00000,0x0000000729b74dc0,0x000000072a180000)
  to   space 20992K, 0% used [0x0000000739d80000,0x0000000739d80000,0x000000073b200000)
 ParOldGen       total 811520K, used 384347K [0x00000005cb200000, 0x00000005fca80000, 0x0000000719100000)
  object space 811520K, 47% used [0x00000005cb200000,0x00000005e2956df0,0x00000005fca80000)
 Metaspace       used 6515K, capacity 6682K, committed 6784K, reserved 1056768K
  class space    used 731K, capacity 801K, committed 896K, reserved 1048576K
GC Heap History (8 events):
Event: 2.038 GC heap before
{Heap before GC invocations=1 (full 0):
 PSYoungGen      total 150016K, used 129024K [0x0000000719100000, 0x0000000723800000, 0x00000007c0000000)
  eden space 129024K, 100% used [0x0000000719100000,0x0000000720f00000,0x0000000720f00000)
  from space 20992K, 0% used [0x0000000722380000,0x0000000722380000,0x0000000723800000)
  to   space 20992K, 0% used [0x0000000720f00000,0x0000000720f00000,0x0000000722380000)
 ParOldGen       total 343040K, used 0K [0x00000005cb200000, 0x00000005e0100000, 0x0000000719100000)
  object space 343040K, 0% used [0x00000005cb200000,0x00000005cb200000,0x00000005e0100000)
 Metaspace       used 6503K, capacity 6682K, committed 6784K, reserved 1056768K
  class space    used 731K, capacity 801K, committed 896K, reserved 1048576K
Event: 2.286 GC heap after
Heap after GC invocations=1 (full 0):
 PSYoungGen      total 150016K, used 20960K [0x0000000719100000, 0x000000072b600000, 0x00000007c0000000)
  eden space 129024K, 0% used [0x0000000719100000,0x0000000719100000,0x0000000720f00000)
  from space 20992K, 99% used [0x0000000720f00000,0x0000000722378020,0x0000000722380000)
  to   space 20992K, 0% used [0x000000072a180000,0x000000072a180000,0x000000072b600000)
 ParOldGen       total 343040K, used 79176K [0x00000005cb200000, 0x00000005e0100000, 0x0000000719100000)
  object space 343040K, 23% used [0x00000005cb200000,0x00000005cff52378,0x00000005e0100000)
 Metaspace       used 6503K, capacity 6682K, committed 6784K, reserved 1056768K
  class space    used 731K, capacity 801K, committed 896K, reserved 1048576K
}
Event: 4.204 GC heap before
{Heap before GC invocations=2 (full 0):
 PSYoungGen      total 150016K, used 149984K [0x0000000719100000, 0x000000072b600000, 0x00000007c0000000)
  eden space 129024K, 100% used [0x0000000719100000,0x0000000720f00000,0x0000000720f00000)
  from space 20992K, 99% used [0x0000000720f00000,0x0000000722378020,0x0000000722380000)
  to   space 20992K, 0% used [0x000000072a180000,0x000000072a180000,0x000000072b600000)
 ParOldGen       total 343040K, used 79176K [0x00000005cb200000, 0x00000005e0100000, 0x0000000719100000)
  object space 343040K, 23% used [0x00000005cb200000,0x00000005cff52378,0x00000005e0100000)
 Metaspace       used 6515K, capacity 6682K, committed 6784K, reserved 1056768K
  class space    used 731K, capacity 801K, committed 896K, reserved 1048576K
Event: 4.383 GC heap after
Heap after GC invocations=2 (full 0):
 PSYoungGen      total 279040K, used 20976K [0x0000000719100000, 0x000000072b600000, 0x00000007c0000000)
  eden space 258048K, 0% used [0x0000000719100000,0x0000000719100000,0x0000000728d00000)
  from space 20992K, 99% used [0x000000072a180000,0x000000072b5fc010,0x000000072b600000)
  to   space 20992K, 0% used [0x0000000728d00000,0x0000000728d00000,0x000000072a180000)
 ParOldGen       total 343040K, used 180240K [0x00000005cb200000, 0x00000005e0100000, 0x0000000719100000)
  object space 343040K, 52% used [0x00000005cb200000,0x00000005d6204378,0x00000005e0100000)
 Metaspace       used 6515K, capacity 6682K, committed 6784K, reserved 1056768K
  class space    used 731K, capacity 801K, committed 896K, reserved 1048576K
}
Event: 8.239 GC heap before
{Heap before GC invocations=3 (full 0):
 PSYoungGen      total 279040K, used 279024K [0x0000000719100000, 0x000000072b600000, 0x00000007c0000000)
  eden space 258048K, 100% used [0x0000000719100000,0x0000000728d00000,0x0000000728d00000)
  from space 20992K, 99% used [0x000000072a180000,0x000000072b5fc010,0x000000072b600000)
  to   space 20992K, 0% used [0x0000000728d00000,0x0000000728d00000,0x000000072a180000)
 ParOldGen       total 343040K, used 180240K [0x00000005cb200000, 0x00000005e0100000, 0x0000000719100000)
  object space 343040K, 52% used [0x00000005cb200000,0x00000005d6204378,0x00000005e0100000)
 Metaspace       used 6515K, capacity 6682K, committed 6784K, reserved 1056768K
  class space    used 731K, capacity 801K, committed 896K, reserved 1048576K
Event: 8.586 GC heap after
Heap after GC invocations=3 (full 0):
 PSYoungGen      total 279040K, used 20976K [0x0000000719100000, 0x000000073b200000, 0x00000007c0000000)
  eden space 258048K, 0% used [0x0000000719100000,0x0000000719100000,0x0000000728d00000)
  from space 20992K, 99% used [0x0000000728d00000,0x000000072a17c010,0x000000072a180000)
  to   space 20992K, 0% used [0x0000000739d80000,0x0000000739d80000,0x000000073b200000)
 ParOldGen       total 384512K, used 384040K [0x00000005cb200000, 0x00000005e2980000, 0x0000000719100000)
  object space 384512K, 99% used [0x00000005cb200000,0x00000005e290a378,0x00000005e2980000)
 Metaspace       used 6515K, capacity 6682K, committed 6784K, reserved 1056768K
  class space    used 731K, capacity 801K, committed 896K, reserved 1048576K
}
Event: 8.586 GC heap before
{Heap before GC invocations=4 (full 1):
 PSYoungGen      total 279040K, used 20976K [0x0000000719100000, 0x000000073b200000, 0x00000007c0000000)
  eden space 258048K, 0% used [0x0000000719100000,0x0000000719100000,0x0000000728d00000)
  from space 20992K, 99% used [0x0000000728d00000,0x000000072a17c010,0x000000072a180000)
  to   space 20992K, 0% used [0x0000000739d80000,0x0000000739d80000,0x000000073b200000)
 ParOldGen       total 384512K, used 384040K [0x00000005cb200000, 0x00000005e2980000, 0x0000000719100000)
  object space 384512K, 99% used [0x00000005cb200000,0x00000005e290a378,0x00000005e2980000)
 Metaspace       used 6515K, capacity 6682K, committed 6784K, reserved 1056768K
  class space    used 731K, capacity 801K, committed 896K, reserved 1048576K
Event: 10.339 GC heap after
Heap after GC invocations=4 (full 1):
 PSYoungGen      total 279040K, used 14803K [0x0000000719100000, 0x000000073b200000, 0x00000007c0000000)
  eden space 258048K, 0% used [0x0000000719100000,0x0000000719100000,0x0000000728d00000)
  from space 20992K, 70% used [0x0000000728d00000,0x0000000729b74dc0,0x000000072a180000)
  to   space 20992K, 0% used [0x0000000739d80000,0x0000000739d80000,0x000000073b200000)
 ParOldGen       total 811520K, used 384347K [0x00000005cb200000, 0x00000005fca80000, 0x0000000719100000)
  object space 811520K, 47% used [0x00000005cb200000,0x00000005e2956df0,0x00000005fca80000)
 Metaspace       used 6515K, capacity 6682K, committed 6784K, reserved 1056768K
  class space    used 731K, capacity 801K, committed 896K, reserved 1048576K
}

