# JRE version: Java(TM) SE Runtime Environment (8.0_91-b14) (build 1.8.0_91-b14)
# Java VM: Java HotSpot(TM) 64-Bit Server VM (25.91-b14 mixed mode linux-amd64 compressed oops)
Heap:
 PSYoungGen      total 1782784K, used 24395K [0x0000000719100000, 0x00000007c0000000, 0x00000007c0000000)
  eden space 1222656K, 1% used [0x0000000719100000,0x000000071a8d2f90,0x0000000763b00000)
  from space 560128K, 0% used [0x000000079cd80000,0x000000079cd80000,0x00000007bf080000)
  to   space 756224K, 0% used [0x0000000763b00000,0x0000000763b00000,0x0000000791d80000)
 ParOldGen       total 1645056K, used 871944K [0x00000005cb200000, 0x000000062f880000, 0x0000000719100000)
  object space 1645056K, 53% used [0x00000005cb200000,0x00000006005820f8,0x000000062f880000)
 Metaspace       used 6773K, capacity 6874K, committed 7040K, reserved 1056768K
  class space    used 743K, capacity 801K, committed 896K, reserved 1048576K
GC Heap History (10 events):
Event: 50.355 GC heap before
{Heap before GC invocations=27 (full 2):
 PSYoungGen      total 1982464K, used 1735456K [0x0000000719100000, 0x00000007ba580000, 0x00000007c0000000)
  eden space 1381888K, 100% used [0x0000000719100000,0x000000076d680000,0x000000076d680000)
  from space 600576K, 58% used [0x0000000795b00000,0x00000007ab448050,0x00000007ba580000)
  to   space 630272K, 0% used [0x000000076d680000,0x000000076d680000,0x0000000793e00000)
 ParOldGen       total 1337856K, used 794898K [0x00000005cb200000, 0x000000061cc80000, 0x0000000719100000)
  object space 1337856K, 59% used [0x00000005cb200000,0x00000005fba44850,0x000000061cc80000)
 Metaspace       used 6577K, capacity 6746K, committed 7040K, reserved 1056768K
  class space    used 731K, capacity 801K, committed 896K, reserved 1048576K
Event: 50.482 GC heap after
Heap after GC invocations=27 (full 2):
 PSYoungGen      total 2012160K, used 359136K [0x0000000719100000, 0x00000007beb00000, 0x00000007c0000000)
  eden space 1381888K, 0% used [0x0000000719100000,0x0000000719100000,0x000000076d680000)
  from space 630272K, 56% used [0x000000076d680000,0x0000000783538050,0x0000000793e00000)
  to   space 604672K, 0% used [0x0000000799c80000,0x0000000799c80000,0x00000007beb00000)
 ParOldGen       total 1337856K, used 794898K [0x00000005cb200000, 0x000000061cc80000, 0x0000000719100000)
  object space 1337856K, 59% used [0x00000005cb200000,0x00000005fba44850,0x000000061cc80000)
 Metaspace       used 6577K, capacity 6746K, committed 7040K, reserved 1056768K
  class space    used 731K, capacity 801K, committed 896K, reserved 1048576K
}
Event: 52.683 GC heap before
{Heap before GC invocations=28 (full 2):
 PSYoungGen      total 2012160K, used 1741024K [0x0000000719100000, 0x00000007beb00000, 0x00000007c0000000)
  eden space 1381888K, 100% used [0x0000000719100000,0x000000076d680000,0x000000076d680000)
  from space 630272K, 56% used [0x000000076d680000,0x0000000783538050,0x0000000793e00000)
  to   space 604672K, 0% used [0x0000000799c80000,0x0000000799c80000,0x00000007beb00000)
 ParOldGen       total 1337856K, used 794898K [0x00000005cb200000, 0x000000061cc80000, 0x0000000719100000)
  object space 1337856K, 59% used [0x00000005cb200000,0x00000005fba44850,0x000000061cc80000)
 Metaspace       used 6577K, capacity 6746K, committed 7040K, reserved 1056768K
  class space    used 731K, capacity 801K, committed 896K, reserved 1048576K
Event: 52.811 GC heap after
Heap after GC invocations=28 (full 2):
 PSYoungGen      total 2054656K, used 361024K [0x0000000719100000, 0x00000007bba00000, 0x00000007c0000000)
  eden space 1500160K, 0% used [0x0000000719100000,0x0000000719100000,0x0000000774a00000)
  from space 554496K, 65% used [0x0000000799c80000,0x00000007afd10050,0x00000007bba00000)
  to   space 581632K, 0% used [0x0000000774a00000,0x0000000774a00000,0x0000000798200000)
 ParOldGen       total 1337856K, used 794898K [0x00000005cb200000, 0x000000061cc80000, 0x0000000719100000)
  object space 1337856K, 59% used [0x00000005cb200000,0x00000005fba44850,0x000000061cc80000)
 Metaspace       used 6577K, capacity 6746K, committed 7040K, reserved 1056768K
  class space    used 731K, capacity 801K, committed 896K, reserved 1048576K
}
Event: 55.313 GC heap before
{Heap before GC invocations=29 (full 2):
 PSYoungGen      total 2054656K, used 1861184K [0x0000000719100000, 0x00000007bba00000, 0x00000007c0000000)
  eden space 1500160K, 100% used [0x0000000719100000,0x0000000774a00000,0x0000000774a00000)
  from space 554496K, 65% used [0x0000000799c80000,0x00000007afd10050,0x00000007bba00000)
  to   space 581632K, 0% used [0x0000000774a00000,0x0000000774a00000,0x0000000798200000)
 ParOldGen       total 1337856K, used 794898K [0x00000005cb200000, 0x000000061cc80000, 0x0000000719100000)
  object space 1337856K, 59% used [0x00000005cb200000,0x00000005fba44850,0x000000061cc80000)
 Metaspace       used 6581K, capacity 6746K, committed 7040K, reserved 1056768K
  class space    used 731K, capacity 801K, committed 896K, reserved 1048576K
Event: 55.446 GC heap after
Heap after GC invocations=29 (full 2):
 PSYoungGen      total 2081792K, used 350432K [0x0000000719100000, 0x00000007bf080000, 0x00000007c0000000)
  eden space 1500160K, 0% used [0x0000000719100000,0x0000000719100000,0x0000000774a00000)
  from space 581632K, 60% used [0x0000000774a00000,0x000000078a038040,0x0000000798200000)
  to   space 560128K, 0% used [0x000000079cd80000,0x000000079cd80000,0x00000007bf080000)
 ParOldGen       total 1337856K, used 794898K [0x00000005cb200000, 0x000000061cc80000, 0x0000000719100000)
  object space 1337856K, 59% used [0x00000005cb200000,0x00000005fba44850,0x000000061cc80000)
 Metaspace       used 6581K, capacity 6746K, committed 7040K, reserved 1056768K
  class space    used 731K, capacity 801K, committed 896K, reserved 1048576K
}
Event: 66.287 GC heap before
{Heap before GC invocations=30 (full 2):
 PSYoungGen      total 2081792K, used 1850592K [0x0000000719100000, 0x00000007bf080000, 0x00000007c0000000)
  eden space 1500160K, 100% used [0x0000000719100000,0x0000000774a00000,0x0000000774a00000)
  from space 581632K, 60% used [0x0000000774a00000,0x000000078a038040,0x0000000798200000)
  to   space 560128K, 0% used [0x000000079cd80000,0x000000079cd80000,0x00000007bf080000)
 ParOldGen       total 1337856K, used 794898K [0x00000005cb200000, 0x000000061cc80000, 0x0000000719100000)
  object space 1337856K, 59% used [0x00000005cb200000,0x00000005fba44850,0x000000061cc80000)
 Metaspace       used 6773K, capacity 6874K, committed 7040K, reserved 1056768K
  class space    used 743K, capacity 801K, committed 896K, reserved 1048576K
Event: 67.280 GC heap after
Heap after GC invocations=30 (full 2):
 PSYoungGen      total 1782784K, used 560096K [0x0000000719100000, 0x00000007c0000000, 0x00000007c0000000)
  eden space 1222656K, 0% used [0x0000000719100000,0x0000000719100000,0x0000000763b00000)
  from space 560128K, 99% used [0x000000079cd80000,0x00000007bf078030,0x00000007bf080000)
  to   space 756224K, 0% used [0x0000000763b00000,0x0000000763b00000,0x0000000791d80000)
 ParOldGen       total 1337856K, used 1174530K [0x00000005cb200000, 0x000000061cc80000, 0x0000000719100000)
  object space 1337856K, 87% used [0x00000005cb200000,0x0000000612d00850,0x000000061cc80000)
 Metaspace       used 6773K, capacity 6874K, committed 7040K, reserved 1056768K
  class space    used 743K, capacity 801K, committed 896K, reserved 1048576K
}
Event: 67.280 GC heap before
{Heap before GC invocations=31 (full 3):
 PSYoungGen      total 1782784K, used 560096K [0x0000000719100000, 0x00000007c0000000, 0x00000007c0000000)
  eden space 1222656K, 0% used [0x0000000719100000,0x0000000719100000,0x0000000763b00000)
  from space 560128K, 99% used [0x000000079cd80000,0x00000007bf078030,0x00000007bf080000)
  to   space 756224K, 0% used [0x0000000763b00000,0x0000000763b00000,0x0000000791d80000)
 ParOldGen       total 1337856K, used 1174530K [0x00000005cb200000, 0x000000061cc80000, 0x0000000719100000)
  object space 1337856K, 87% used [0x00000005cb200000,0x0000000612d00850,0x000000061cc80000)
 Metaspace       used 6773K, capacity 6874K, committed 7040K, reserved 1056768K
  class space    used 743K, capacity 801K, committed 896K, reserved 1048576K
Event: 69.544 GC heap after
Heap after GC invocations=31 (full 3):
 PSYoungGen      total 1782784K, used 0K [0x0000000719100000, 0x00000007c0000000, 0x00000007c0000000)
  eden space 1222656K, 0% used [0x0000000719100000,0x0000000719100000,0x0000000763b00000)
  from space 560128K, 0% used [0x000000079cd80000,0x000000079cd80000,0x00000007bf080000)
  to   space 756224K, 0% used [0x0000000763b00000,0x0000000763b00000,0x0000000791d80000)
 ParOldGen       total 1645056K, used 871944K [0x00000005cb200000, 0x000000062f880000, 0x0000000719100000)
  object space 1645056K, 53% used [0x00000005cb200000,0x00000006005820f8,0x000000062f880000)
 Metaspace       used 6773K, capacity 6874K, committed 7040K, reserved 1056768K
  class space    used 743K, capacity 801K, committed 896K, reserved 1048576K
}

