# JRE version: Java(TM) SE Runtime Environment (8.0_91-b14) (build 1.8.0_91-b14)
# Java VM: Java HotSpot(TM) 64-Bit Server VM (25.91-b14 mixed mode linux-amd64 compressed oops)
Heap:
 PSYoungGen      total 2176000K, used 591329K [0x0000000719100000, 0x00000007c0000000, 0x00000007c0000000)
  eden space 1616896K, 1% used [0x0000000719100000,0x000000071b07c618,0x000000077bc00000)
  from space 559104K, 99% used [0x000000077bc00000,0x000000079ddfc080,0x000000079de00000)
  to   space 559104K, 0% used [0x000000079de00000,0x000000079de00000,0x00000007c0000000)
 ParOldGen       total 1070592K, used 759074K [0x00000005cb200000, 0x000000060c780000, 0x0000000719100000)
  object space 1070592K, 70% used [0x00000005cb200000,0x00000005f9748878,0x000000060c780000)
 Metaspace       used 6801K, capacity 7002K, committed 7296K, reserved 1056768K
  class space    used 743K, capacity 801K, committed 896K, reserved 1048576K
GC Heap History (10 events):
Event: 41.829 GC heap before
{Heap before GC invocations=19 (full 2):
 PSYoungGen      total 2291200K, used 2155696K [0x0000000719100000, 0x00000007c0000000, 0x00000007c0000000)
  eden space 1909760K, 100% used [0x0000000719100000,0x000000078da00000,0x000000078da00000)
  from space 381440K, 64% used [0x00000007a8b80000,0x00000007b7bac050,0x00000007c0000000)
  to   space 412672K, 0% used [0x000000078da00000,0x000000078da00000,0x00000007a6d00000)
 ParOldGen       total 1070592K, used 528146K [0x00000005cb200000, 0x000000060c780000, 0x0000000719100000)
  object space 1070592K, 49% used [0x00000005cb200000,0x00000005eb5c4878,0x000000060c780000)
 Metaspace       used 6578K, capacity 6746K, committed 7040K, reserved 1056768K
  class space    used 731K, capacity 801K, committed 896K, reserved 1048576K
Event: 41.916 GC heap after
Heap after GC invocations=19 (full 2):
 PSYoungGen      total 2171392K, used 261568K [0x0000000719100000, 0x00000007c0000000, 0x00000007c0000000)
  eden space 1909760K, 0% used [0x0000000719100000,0x0000000719100000,0x000000078da00000)
  from space 261632K, 99% used [0x000000078da00000,0x000000079d9700d0,0x000000079d980000)
  to   space 425984K, 0% used [0x00000007a6000000,0x00000007a6000000,0x00000007c0000000)
 ParOldGen       total 1070592K, used 528146K [0x00000005cb200000, 0x000000060c780000, 0x0000000719100000)
  object space 1070592K, 49% used [0x00000005cb200000,0x00000005eb5c4878,0x000000060c780000)
 Metaspace       used 6578K, capacity 6746K, committed 7040K, reserved 1056768K
  class space    used 731K, capacity 801K, committed 896K, reserved 1048576K
}
Event: 44.877 GC heap before
{Heap before GC invocations=20 (full 2):
 PSYoungGen      total 2171392K, used 2171328K [0x0000000719100000, 0x00000007c0000000, 0x00000007c0000000)
  eden space 1909760K, 100% used [0x0000000719100000,0x000000078da00000,0x000000078da00000)
  from space 261632K, 99% used [0x000000078da00000,0x000000079d9700d0,0x000000079d980000)
  to   space 425984K, 0% used [0x00000007a6000000,0x00000007a6000000,0x00000007c0000000)
 ParOldGen       total 1070592K, used 528146K [0x00000005cb200000, 0x000000060c780000, 0x0000000719100000)
  object space 1070592K, 49% used [0x00000005cb200000,0x00000005eb5c4878,0x000000060c780000)
 Metaspace       used 6578K, capacity 6746K, committed 7040K, reserved 1056768K
  class space    used 731K, capacity 801K, committed 896K, reserved 1048576K
Event: 44.999 GC heap after
Heap after GC invocations=20 (full 2):
 PSYoungGen      total 2183168K, used 407216K [0x0000000719100000, 0x00000007c0000000, 0x00000007c0000000)
  eden space 1757184K, 0% used [0x0000000719100000,0x0000000719100000,0x0000000784500000)
  from space 425984K, 95% used [0x00000007a6000000,0x00000007bedac0d0,0x00000007c0000000)
  to   space 488960K, 0% used [0x0000000784500000,0x0000000784500000,0x00000007a2280000)
 ParOldGen       total 1070592K, used 528146K [0x00000005cb200000, 0x000000060c780000, 0x0000000719100000)
  object space 1070592K, 49% used [0x00000005cb200000,0x00000005eb5c4878,0x000000060c780000)
 Metaspace       used 6578K, capacity 6746K, committed 7040K, reserved 1056768K
  class space    used 731K, capacity 801K, committed 896K, reserved 1048576K
}
Event: 47.822 GC heap before
{Heap before GC invocations=21 (full 2):
 PSYoungGen      total 2183168K, used 2164400K [0x0000000719100000, 0x00000007c0000000, 0x00000007c0000000)
  eden space 1757184K, 100% used [0x0000000719100000,0x0000000784500000,0x0000000784500000)
  from space 425984K, 95% used [0x00000007a6000000,0x00000007bedac0d0,0x00000007c0000000)
  to   space 488960K, 0% used [0x0000000784500000,0x0000000784500000,0x00000007a2280000)
 ParOldGen       total 1070592K, used 528146K [0x00000005cb200000, 0x000000060c780000, 0x0000000719100000)
  object space 1070592K, 49% used [0x00000005cb200000,0x00000005eb5c4878,0x000000060c780000)
 Metaspace       used 6578K, capacity 6746K, committed 7040K, reserved 1056768K
  class space    used 731K, capacity 801K, committed 896K, reserved 1048576K
Event: 47.960 GC heap after
Heap after GC invocations=21 (full 2):
 PSYoungGen      total 2223616K, used 466400K [0x0000000719100000, 0x00000007c0000000, 0x00000007c0000000)
  eden space 1757184K, 0% used [0x0000000719100000,0x0000000719100000,0x0000000784500000)
  from space 466432K, 99% used [0x0000000784500000,0x00000007a0c780b0,0x00000007a0c80000)
  to   space 511488K, 0% used [0x00000007a0c80000,0x00000007a0c80000,0x00000007c0000000)
 ParOldGen       total 1070592K, used 528146K [0x00000005cb200000, 0x000000060c780000, 0x0000000719100000)
  object space 1070592K, 49% used [0x00000005cb200000,0x00000005eb5c4878,0x000000060c780000)
 Metaspace       used 6578K, capacity 6746K, committed 7040K, reserved 1056768K
  class space    used 731K, capacity 801K, committed 896K, reserved 1048576K
}
Event: 49.808 GC heap before
{Heap before GC invocations=22 (full 2):
 PSYoungGen      total 2223616K, used 2223584K [0x0000000719100000, 0x00000007c0000000, 0x00000007c0000000)
  eden space 1757184K, 100% used [0x0000000719100000,0x0000000784500000,0x0000000784500000)
  from space 466432K, 99% used [0x0000000784500000,0x00000007a0c780b0,0x00000007a0c80000)
  to   space 511488K, 0% used [0x00000007a0c80000,0x00000007a0c80000,0x00000007c0000000)
 ParOldGen       total 1070592K, used 528146K [0x00000005cb200000, 0x000000060c780000, 0x0000000719100000)
  object space 1070592K, 49% used [0x00000005cb200000,0x00000005eb5c4878,0x000000060c780000)
 Metaspace       used 6587K, capacity 6746K, committed 7040K, reserved 1056768K
  class space    used 731K, capacity 801K, committed 896K, reserved 1048576K
Event: 49.879 GC heap after
Heap after GC invocations=22 (full 2):
 PSYoungGen      total 2128384K, used 307520K [0x0000000719100000, 0x00000007c0000000, 0x00000007c0000000)
  eden space 1616896K, 0% used [0x0000000719100000,0x0000000719100000,0x000000077bc00000)
  from space 511488K, 60% used [0x00000007a0c80000,0x00000007b38d0080,0x00000007c0000000)
  to   space 559104K, 0% used [0x000000077bc00000,0x000000077bc00000,0x000000079de00000)
 ParOldGen       total 1070592K, used 528154K [0x00000005cb200000, 0x000000060c780000, 0x0000000719100000)
  object space 1070592K, 49% used [0x00000005cb200000,0x00000005eb5c6878,0x000000060c780000)
 Metaspace       used 6587K, capacity 6746K, committed 7040K, reserved 1056768K
  class space    used 731K, capacity 801K, committed 896K, reserved 1048576K
}
Event: 59.775 GC heap before
{Heap before GC invocations=23 (full 2):
 PSYoungGen      total 2128384K, used 1924416K [0x0000000719100000, 0x00000007c0000000, 0x00000007c0000000)
  eden space 1616896K, 100% used [0x0000000719100000,0x000000077bc00000,0x000000077bc00000)
  from space 511488K, 60% used [0x00000007a0c80000,0x00000007b38d0080,0x00000007c0000000)
  to   space 559104K, 0% used [0x000000077bc00000,0x000000077bc00000,0x000000079de00000)
 ParOldGen       total 1070592K, used 528154K [0x00000005cb200000, 0x000000060c780000, 0x0000000719100000)
  object space 1070592K, 49% used [0x00000005cb200000,0x00000005eb5c6878,0x000000060c780000)
 Metaspace       used 6801K, capacity 7002K, committed 7296K, reserved 1056768K
  class space    used 743K, capacity 801K, committed 896K, reserved 1048576K
Event: 60.496 GC heap after
Heap after GC invocations=23 (full 2):
 PSYoungGen      total 2176000K, used 559088K [0x0000000719100000, 0x00000007c0000000, 0x00000007c0000000)
  eden space 1616896K, 0% used [0x0000000719100000,0x0000000719100000,0x000000077bc00000)
  from space 559104K, 99% used [0x000000077bc00000,0x000000079ddfc080,0x000000079de00000)
  to   space 559104K, 0% used [0x000000079de00000,0x000000079de00000,0x00000007c0000000)
 ParOldGen       total 1070592K, used 759074K [0x00000005cb200000, 0x000000060c780000, 0x0000000719100000)
  object space 1070592K, 70% used [0x00000005cb200000,0x00000005f9748878,0x000000060c780000)
 Metaspace       used 6801K, capacity 7002K, committed 7296K, reserved 1056768K
  class space    used 743K, capacity 801K, committed 896K, reserved 1048576K
}

