# JRE version: Java(TM) SE Runtime Environment (8.0_91-b14) (build 1.8.0_91-b14)
# Java VM: Java HotSpot(TM) 64-Bit Server VM (25.91-b14 mixed mode linux-amd64 compressed oops)
Heap:
 PSYoungGen      total 1786880K, used 557637K [0x0000000719100000, 0x00000007c0000000, 0x00000007c0000000)
  eden space 912384K, 1% used [0x0000000719100000,0x000000071a2c7668,0x0000000750c00000)
  from space 874496K, 61% used [0x0000000750c00000,0x0000000771aca0a8,0x0000000786200000)
  to   space 911360K, 0% used [0x0000000788600000,0x0000000788600000,0x00000007c0000000)
 ParOldGen       total 2313216K, used 1482997K [0x00000005cb200000, 0x0000000658500000, 0x0000000719100000)
  object space 2313216K, 64% used [0x00000005cb200000,0x0000000625a3d698,0x0000000658500000)
 Metaspace       used 6795K, capacity 7002K, committed 7296K, reserved 1056768K
  class space    used 743K, capacity 801K, committed 896K, reserved 1048576K
GC Heap History (10 events):
Event: 135.086 GC heap before
{Heap before GC invocations=61 (full 6):
 PSYoungGen      total 1823744K, used 918080K [0x0000000719100000, 0x00000007c0000000, 0x00000007c0000000)
  eden space 912384K, 100% used [0x0000000719100000,0x0000000750c00000,0x0000000750c00000)
  from space 911360K, 0% used [0x0000000788600000,0x0000000788b90000,0x00000007c0000000)
  to   space 911360K, 0% used [0x0000000750c00000,0x0000000750c00000,0x0000000788600000)
 ParOldGen       total 2313216K, used 1157285K [0x00000005cb200000, 0x0000000658500000, 0x0000000719100000)
  object space 2313216K, 50% used [0x00000005cb200000,0x0000000611c29668,0x0000000658500000)
 Metaspace       used 6597K, capacity 6746K, committed 7040K, reserved 1056768K
  class space    used 731K, capacity 801K, committed 896K, reserved 1048576K
Event: 135.107 GC heap after
Heap after GC invocations=61 (full 6):
 PSYoungGen      total 1823744K, used 6976K [0x0000000719100000, 0x00000007c0000000, 0x00000007c0000000)
  eden space 912384K, 0% used [0x0000000719100000,0x0000000719100000,0x0000000750c00000)
  from space 911360K, 0% used [0x0000000750c00000,0x00000007512d0000,0x0000000788600000)
  to   space 911360K, 0% used [0x0000000788600000,0x0000000788600000,0x00000007c0000000)
 ParOldGen       total 2313216K, used 1157285K [0x00000005cb200000, 0x0000000658500000, 0x0000000719100000)
  object space 2313216K, 50% used [0x00000005cb200000,0x0000000611c29668,0x0000000658500000)
 Metaspace       used 6597K, capacity 6746K, committed 7040K, reserved 1056768K
  class space    used 731K, capacity 801K, committed 896K, reserved 1048576K
}
Event: 138.089 GC heap before
{Heap before GC invocations=62 (full 6):
 PSYoungGen      total 1823744K, used 919360K [0x0000000719100000, 0x00000007c0000000, 0x00000007c0000000)
  eden space 912384K, 100% used [0x0000000719100000,0x0000000750c00000,0x0000000750c00000)
  from space 911360K, 0% used [0x0000000750c00000,0x00000007512d0000,0x0000000788600000)
  to   space 911360K, 0% used [0x0000000788600000,0x0000000788600000,0x00000007c0000000)
 ParOldGen       total 2313216K, used 1157285K [0x00000005cb200000, 0x0000000658500000, 0x0000000719100000)
  object space 2313216K, 50% used [0x00000005cb200000,0x0000000611c29668,0x0000000658500000)
 Metaspace       used 6597K, capacity 6746K, committed 7040K, reserved 1056768K
  class space    used 731K, capacity 801K, committed 896K, reserved 1048576K
Event: 138.137 GC heap after
Heap after GC invocations=62 (full 6):
 PSYoungGen      total 1823744K, used 100992K [0x0000000719100000, 0x00000007c0000000, 0x00000007c0000000)
  eden space 912384K, 0% used [0x0000000719100000,0x0000000719100000,0x0000000750c00000)
  from space 911360K, 11% used [0x0000000788600000,0x000000078e8a0020,0x00000007c0000000)
  to   space 911360K, 0% used [0x0000000750c00000,0x0000000750c00000,0x0000000788600000)
 ParOldGen       total 2313216K, used 1162901K [0x00000005cb200000, 0x0000000658500000, 0x0000000719100000)
  object space 2313216K, 50% used [0x00000005cb200000,0x00000006121a5668,0x0000000658500000)
 Metaspace       used 6597K, capacity 6746K, committed 7040K, reserved 1056768K
  class space    used 731K, capacity 801K, committed 896K, reserved 1048576K
}
Event: 140.926 GC heap before
{Heap before GC invocations=63 (full 6):
 PSYoungGen      total 1823744K, used 1013376K [0x0000000719100000, 0x00000007c0000000, 0x00000007c0000000)
  eden space 912384K, 100% used [0x0000000719100000,0x0000000750c00000,0x0000000750c00000)
  from space 911360K, 11% used [0x0000000788600000,0x000000078e8a0020,0x00000007c0000000)
  to   space 911360K, 0% used [0x0000000750c00000,0x0000000750c00000,0x0000000788600000)
 ParOldGen       total 2313216K, used 1162901K [0x00000005cb200000, 0x0000000658500000, 0x0000000719100000)
  object space 2313216K, 50% used [0x00000005cb200000,0x00000006121a5668,0x0000000658500000)
 Metaspace       used 6600K, capacity 6746K, committed 7040K, reserved 1056768K
  class space    used 731K, capacity 801K, committed 896K, reserved 1048576K
Event: 140.983 GC heap after
Heap after GC invocations=63 (full 6):
 PSYoungGen      total 1823744K, used 204064K [0x0000000719100000, 0x00000007c0000000, 0x00000007c0000000)
  eden space 912384K, 0% used [0x0000000719100000,0x0000000719100000,0x0000000750c00000)
  from space 911360K, 22% used [0x0000000750c00000,0x000000075d348030,0x0000000788600000)
  to   space 911360K, 0% used [0x0000000788600000,0x0000000788600000,0x00000007c0000000)
 ParOldGen       total 2313216K, used 1164941K [0x00000005cb200000, 0x0000000658500000, 0x0000000719100000)
  object space 2313216K, 50% used [0x00000005cb200000,0x00000006123a3668,0x0000000658500000)
 Metaspace       used 6600K, capacity 6746K, committed 7040K, reserved 1056768K
  class space    used 731K, capacity 801K, committed 896K, reserved 1048576K
}
Event: 141.250 GC heap before
{Heap before GC invocations=64 (full 6):
 PSYoungGen      total 1823744K, used 1116448K [0x0000000719100000, 0x00000007c0000000, 0x00000007c0000000)
  eden space 912384K, 100% used [0x0000000719100000,0x0000000750c00000,0x0000000750c00000)
  from space 911360K, 22% used [0x0000000750c00000,0x000000075d348030,0x0000000788600000)
  to   space 911360K, 0% used [0x0000000788600000,0x0000000788600000,0x00000007c0000000)
 ParOldGen       total 2313216K, used 1164941K [0x00000005cb200000, 0x0000000658500000, 0x0000000719100000)
  object space 2313216K, 50% used [0x00000005cb200000,0x00000006123a3668,0x0000000658500000)
 Metaspace       used 6600K, capacity 6746K, committed 7040K, reserved 1056768K
  class space    used 731K, capacity 801K, committed 896K, reserved 1048576K
Event: 141.312 GC heap after
Heap after GC invocations=64 (full 6):
 PSYoungGen      total 1750016K, used 151584K [0x0000000719100000, 0x00000007bb800000, 0x00000007c0000000)
  eden space 912384K, 0% used [0x0000000719100000,0x0000000719100000,0x0000000750c00000)
  from space 837632K, 18% used [0x0000000788600000,0x0000000791a08010,0x00000007bb800000)
  to   space 874496K, 0% used [0x0000000750c00000,0x0000000750c00000,0x0000000786200000)
 ParOldGen       total 2313216K, used 1331437K [0x00000005cb200000, 0x0000000658500000, 0x0000000719100000)
  object space 2313216K, 57% used [0x00000005cb200000,0x000000061c63b688,0x0000000658500000)
 Metaspace       used 6600K, capacity 6746K, committed 7040K, reserved 1056768K
  class space    used 731K, capacity 801K, committed 896K, reserved 1048576K
}
Event: 147.890 GC heap before
{Heap before GC invocations=65 (full 6):
 PSYoungGen      total 1750016K, used 1063968K [0x0000000719100000, 0x00000007bb800000, 0x00000007c0000000)
  eden space 912384K, 100% used [0x0000000719100000,0x0000000750c00000,0x0000000750c00000)
  from space 837632K, 18% used [0x0000000788600000,0x0000000791a08010,0x00000007bb800000)
  to   space 874496K, 0% used [0x0000000750c00000,0x0000000750c00000,0x0000000786200000)
 ParOldGen       total 2313216K, used 1331437K [0x00000005cb200000, 0x0000000658500000, 0x0000000719100000)
  object space 2313216K, 57% used [0x00000005cb200000,0x000000061c63b688,0x0000000658500000)
 Metaspace       used 6795K, capacity 7002K, committed 7296K, reserved 1056768K
  class space    used 743K, capacity 801K, committed 896K, reserved 1048576K
Event: 148.328 GC heap after
Heap after GC invocations=65 (full 6):
 PSYoungGen      total 1786880K, used 539432K [0x0000000719100000, 0x00000007c0000000, 0x00000007c0000000)
  eden space 912384K, 0% used [0x0000000719100000,0x0000000719100000,0x0000000750c00000)
  from space 874496K, 61% used [0x0000000750c00000,0x0000000771aca0a8,0x0000000786200000)
  to   space 911360K, 0% used [0x0000000788600000,0x0000000788600000,0x00000007c0000000)
 ParOldGen       total 2313216K, used 1482997K [0x00000005cb200000, 0x0000000658500000, 0x0000000719100000)
  object space 2313216K, 64% used [0x00000005cb200000,0x0000000625a3d698,0x0000000658500000)
 Metaspace       used 6795K, capacity 7002K, committed 7296K, reserved 1056768K
  class space    used 743K, capacity 801K, committed 896K, reserved 1048576K
}

