# JRE version: Java(TM) SE Runtime Environment (8.0_91-b14) (build 1.8.0_91-b14)
# Java VM: Java HotSpot(TM) 64-Bit Server VM (25.91-b14 mixed mode linux-amd64 compressed oops)
Heap:
 PSYoungGen      total 537088K, used 10247K [0x0000000719100000, 0x000000078f500000, 0x00000007c0000000)
  eden space 516096K, 1% used [0x0000000719100000,0x0000000719b01fb8,0x0000000738900000)
  from space 20992K, 0% used [0x0000000738900000,0x0000000738900000,0x0000000739d80000)
  to   space 452608K, 0% used [0x0000000773b00000,0x0000000773b00000,0x000000078f500000)
 ParOldGen       total 1292800K, used 679325K [0x00000005cb200000, 0x000000061a080000, 0x0000000719100000)
  object space 1292800K, 52% used [0x00000005cb200000,0x00000005f4967730,0x000000061a080000)
 Metaspace       used 6679K, capacity 6810K, committed 7040K, reserved 1056768K
  class space    used 743K, capacity 801K, committed 896K, reserved 1048576K
GC Heap History (10 events):
Event: 0.774 GC heap before
{Heap before GC invocations=2 (full 0):
 PSYoungGen      total 150016K, used 150008K [0x0000000719100000, 0x000000072b600000, 0x00000007c0000000)
  eden space 129024K, 100% used [0x0000000719100000,0x0000000720f00000,0x0000000720f00000)
  from space 20992K, 99% used [0x0000000720f00000,0x000000072237e030,0x0000000722380000)
  to   space 20992K, 0% used [0x000000072a180000,0x000000072a180000,0x000000072b600000)
 ParOldGen       total 343040K, used 5095K [0x00000005cb200000, 0x00000005e0100000, 0x0000000719100000)
  object space 343040K, 1% used [0x00000005cb200000,0x00000005cb6f9fd8,0x00000005e0100000)
 Metaspace       used 6504K, capacity 6682K, committed 6784K, reserved 1056768K
  class space    used 731K, capacity 801K, committed 896K, reserved 1048576K
Event: 0.784 GC heap after
Heap after GC invocations=2 (full 0):
 PSYoungGen      total 279040K, used 20960K [0x0000000719100000, 0x000000072b600000, 0x00000007c0000000)
  eden space 258048K, 0% used [0x0000000719100000,0x0000000719100000,0x0000000728d00000)
  from space 20992K, 99% used [0x000000072a180000,0x000000072b5f8020,0x000000072b600000)
  to   space 20992K, 0% used [0x0000000728d00000,0x0000000728d00000,0x000000072a180000)
 ParOldGen       total 343040K, used 11103K [0x00000005cb200000, 0x00000005e0100000, 0x0000000719100000)
  object space 343040K, 3% used [0x00000005cb200000,0x00000005cbcd7fd8,0x00000005e0100000)
 Metaspace       used 6504K, capacity 6682K, committed 6784K, reserved 1056768K
  class space    used 731K, capacity 801K, committed 896K, reserved 1048576K
}
Event: 0.872 GC heap before
{Heap before GC invocations=3 (full 0):
 PSYoungGen      total 279040K, used 268160K [0x0000000719100000, 0x000000072b600000, 0x00000007c0000000)
  eden space 258048K, 95% used [0x0000000719100000,0x0000000728268268,0x0000000728d00000)
  from space 20992K, 99% used [0x000000072a180000,0x000000072b5f8020,0x000000072b600000)
  to   space 20992K, 0% used [0x0000000728d00000,0x0000000728d00000,0x000000072a180000)
 ParOldGen       total 343040K, used 11103K [0x00000005cb200000, 0x00000005e0100000, 0x0000000719100000)
  object space 343040K, 3% used [0x00000005cb200000,0x00000005cbcd7fd8,0x00000005e0100000)
 Metaspace       used 6504K, capacity 6682K, committed 6784K, reserved 1056768K
  class space    used 731K, capacity 801K, committed 896K, reserved 1048576K
Event: 0.890 GC heap after
Heap after GC invocations=3 (full 0):
 PSYoungGen      total 279040K, used 13776K [0x0000000719100000, 0x000000073b200000, 0x00000007c0000000)
  eden space 258048K, 0% used [0x0000000719100000,0x0000000719100000,0x0000000728d00000)
  from space 20992K, 65% used [0x0000000728d00000,0x0000000729a74020,0x000000072a180000)
  to   space 20992K, 0% used [0x0000000739d80000,0x0000000739d80000,0x000000073b200000)
 ParOldGen       total 343040K, used 40039K [0x00000005cb200000, 0x00000005e0100000, 0x0000000719100000)
  object space 343040K, 11% used [0x00000005cb200000,0x00000005cd919fe8,0x00000005e0100000)
 Metaspace       used 6504K, capacity 6682K, committed 6784K, reserved 1056768K
  class space    used 731K, capacity 801K, committed 896K, reserved 1048576K
}
Event: 11.872 GC heap before
{Heap before GC invocations=4 (full 0):
 PSYoungGen      total 279040K, used 271824K [0x0000000719100000, 0x000000073b200000, 0x00000007c0000000)
  eden space 258048K, 100% used [0x0000000719100000,0x0000000728d00000,0x0000000728d00000)
  from space 20992K, 65% used [0x0000000728d00000,0x0000000729a74020,0x000000072a180000)
  to   space 20992K, 0% used [0x0000000739d80000,0x0000000739d80000,0x000000073b200000)
 ParOldGen       total 343040K, used 40039K [0x00000005cb200000, 0x00000005e0100000, 0x0000000719100000)
  object space 343040K, 11% used [0x00000005cb200000,0x00000005cd919fe8,0x00000005e0100000)
 Metaspace       used 6674K, capacity 6810K, committed 7040K, reserved 1056768K
  class space    used 743K, capacity 801K, committed 896K, reserved 1048576K
Event: 12.298 GC heap after
Heap after GC invocations=4 (full 0):
 PSYoungGen      total 537088K, used 20976K [0x0000000719100000, 0x000000073b200000, 0x00000007c0000000)
  eden space 516096K, 0% used [0x0000000719100000,0x0000000719100000,0x0000000738900000)
  from space 20992K, 99% used [0x0000000739d80000,0x000000073b1fc020,0x000000073b200000)
  to   space 20992K, 0% used [0x0000000738900000,0x0000000738900000,0x0000000739d80000)
 ParOldGen       total 343040K, used 197951K [0x00000005cb200000, 0x00000005e0100000, 0x0000000719100000)
  object space 343040K, 57% used [0x00000005cb200000,0x00000005d734ffe8,0x00000005e0100000)
 Metaspace       used 6674K, capacity 6810K, committed 7040K, reserved 1056768K
  class space    used 743K, capacity 801K, committed 896K, reserved 1048576K
}
Event: 46.567 GC heap before
{Heap before GC invocations=5 (full 0):
 PSYoungGen      total 537088K, used 537072K [0x0000000719100000, 0x000000073b200000, 0x00000007c0000000)
  eden space 516096K, 100% used [0x0000000719100000,0x0000000738900000,0x0000000738900000)
  from space 20992K, 99% used [0x0000000739d80000,0x000000073b1fc020,0x000000073b200000)
  to   space 20992K, 0% used [0x0000000738900000,0x0000000738900000,0x0000000739d80000)
 ParOldGen       total 343040K, used 197951K [0x00000005cb200000, 0x00000005e0100000, 0x0000000719100000)
  object space 343040K, 57% used [0x00000005cb200000,0x00000005d734ffe8,0x00000005e0100000)
 Metaspace       used 6676K, capacity 6810K, committed 7040K, reserved 1056768K
  class space    used 743K, capacity 801K, committed 896K, reserved 1048576K
Event: 47.353 GC heap after
Heap after GC invocations=5 (full 0):
 PSYoungGen      total 537088K, used 20960K [0x0000000719100000, 0x000000078f500000, 0x00000007c0000000)
  eden space 516096K, 0% used [0x0000000719100000,0x0000000719100000,0x0000000738900000)
  from space 20992K, 99% used [0x0000000738900000,0x0000000739d78010,0x0000000739d80000)
  to   space 452608K, 0% used [0x0000000773b00000,0x0000000773b00000,0x000000078f500000)
 ParOldGen       total 702464K, used 702151K [0x00000005cb200000, 0x00000005f6000000, 0x0000000719100000)
  object space 702464K, 99% used [0x00000005cb200000,0x00000005f5fb1fe8,0x00000005f6000000)
 Metaspace       used 6676K, capacity 6810K, committed 7040K, reserved 1056768K
  class space    used 743K, capacity 801K, committed 896K, reserved 1048576K
}
Event: 47.353 GC heap before
{Heap before GC invocations=6 (full 1):
 PSYoungGen      total 537088K, used 20960K [0x0000000719100000, 0x000000078f500000, 0x00000007c0000000)
  eden space 516096K, 0% used [0x0000000719100000,0x0000000719100000,0x0000000738900000)
  from space 20992K, 99% used [0x0000000738900000,0x0000000739d78010,0x0000000739d80000)
  to   space 452608K, 0% used [0x0000000773b00000,0x0000000773b00000,0x000000078f500000)
 ParOldGen       total 702464K, used 702151K [0x00000005cb200000, 0x00000005f6000000, 0x0000000719100000)
  object space 702464K, 99% used [0x00000005cb200000,0x00000005f5fb1fe8,0x00000005f6000000)
 Metaspace       used 6676K, capacity 6810K, committed 7040K, reserved 1056768K
  class space    used 743K, capacity 801K, committed 896K, reserved 1048576K
Event: 49.631 GC heap after
Heap after GC invocations=6 (full 1):
 PSYoungGen      total 537088K, used 0K [0x0000000719100000, 0x000000078f500000, 0x00000007c0000000)
  eden space 516096K, 0% used [0x0000000719100000,0x0000000719100000,0x0000000738900000)
  from space 20992K, 0% used [0x0000000738900000,0x0000000738900000,0x0000000739d80000)
  to   space 452608K, 0% used [0x0000000773b00000,0x0000000773b00000,0x000000078f500000)
 ParOldGen       total 1292800K, used 679325K [0x00000005cb200000, 0x000000061a080000, 0x0000000719100000)
  object space 1292800K, 52% used [0x00000005cb200000,0x00000005f4967730,0x000000061a080000)
 Metaspace       used 6676K, capacity 6810K, committed 7040K, reserved 1056768K
  class space    used 743K, capacity 801K, committed 896K, reserved 1048576K
}

