# JRE version: Java(TM) SE Runtime Environment (8.0_91-b14) (build 1.8.0_91-b14)
# Java VM: Java HotSpot(TM) 64-Bit Server VM (25.91-b14 mixed mode linux-amd64 compressed oops)
Heap:
 PSYoungGen      total 1823744K, used 228871K [0x0000000719100000, 0x00000007c0000000, 0x00000007c0000000)
  eden space 912384K, 1% used [0x0000000719100000,0x000000071a2ce9f0,0x0000000750c00000)
  from space 911360K, 23% used [0x0000000788600000,0x00000007953b34a0,0x00000007c0000000)
  to   space 911360K, 0% used [0x0000000750c00000,0x0000000750c00000,0x0000000788600000)
 ParOldGen       total 1481728K, used 1039924K [0x00000005cb200000, 0x0000000625900000, 0x0000000719100000)
  object space 1481728K, 70% used [0x00000005cb200000,0x000000060a98d028,0x0000000625900000)
 Metaspace       used 6713K, capacity 6874K, committed 7040K, reserved 1056768K
  class space    used 739K, capacity 801K, committed 896K, reserved 1048576K
GC Heap History (10 events):
Event: 44.720 GC heap before
{Heap before GC invocations=23 (full 3):
 PSYoungGen      total 2021376K, used 1653760K [0x0000000719100000, 0x00000007c0000000, 0x00000007c0000000)
  eden space 1307648K, 100% used [0x0000000719100000,0x0000000768e00000,0x0000000768e00000)
  from space 713728K, 48% used [0x0000000768e00000,0x000000077e000080,0x0000000794700000)
  to   space 694272K, 0% used [0x0000000795a00000,0x0000000795a00000,0x00000007c0000000)
 ParOldGen       total 1481728K, used 820483K [0x00000005cb200000, 0x0000000625900000, 0x0000000719100000)
  object space 1481728K, 55% used [0x00000005cb200000,0x00000005fd340fb8,0x0000000625900000)
 Metaspace       used 6713K, capacity 6874K, committed 7040K, reserved 1056768K
  class space    used 739K, capacity 801K, committed 896K, reserved 1048576K
Event: 44.854 GC heap after
Heap after GC invocations=23 (full 3):
 PSYoungGen      total 2002944K, used 447872K [0x0000000719100000, 0x00000007c0000000, 0x00000007c0000000)
  eden space 1308672K, 0% used [0x0000000719100000,0x0000000719100000,0x0000000768f00000)
  from space 694272K, 64% used [0x0000000795a00000,0x00000007b0f600b0,0x00000007c0000000)
  to   space 713216K, 0% used [0x0000000768f00000,0x0000000768f00000,0x0000000794780000)
 ParOldGen       total 1481728K, used 820483K [0x00000005cb200000, 0x0000000625900000, 0x0000000719100000)
  object space 1481728K, 55% used [0x00000005cb200000,0x00000005fd340fb8,0x0000000625900000)
 Metaspace       used 6713K, capacity 6874K, committed 7040K, reserved 1056768K
  class space    used 739K, capacity 801K, committed 896K, reserved 1048576K
}
Event: 46.699 GC heap before
{Heap before GC invocations=24 (full 3):
 PSYoungGen      total 2002944K, used 1756544K [0x0000000719100000, 0x00000007c0000000, 0x00000007c0000000)
  eden space 1308672K, 100% used [0x0000000719100000,0x0000000768f00000,0x0000000768f00000)
  from space 694272K, 64% used [0x0000000795a00000,0x00000007b0f600b0,0x00000007c0000000)
  to   space 713216K, 0% used [0x0000000768f00000,0x0000000768f00000,0x0000000794780000)
 ParOldGen       total 1481728K, used 820483K [0x00000005cb200000, 0x0000000625900000, 0x0000000719100000)
  object space 1481728K, 55% used [0x00000005cb200000,0x00000005fd340fb8,0x0000000625900000)
 Metaspace       used 6713K, capacity 6874K, committed 7040K, reserved 1056768K
  class space    used 739K, capacity 801K, committed 896K, reserved 1048576K
Event: 46.905 GC heap after
Heap after GC invocations=24 (full 3):
 PSYoungGen      total 2021888K, used 713184K [0x0000000719100000, 0x00000007c0000000, 0x00000007c0000000)
  eden space 1308672K, 0% used [0x0000000719100000,0x0000000719100000,0x0000000768f00000)
  from space 713216K, 99% used [0x0000000768f00000,0x00000007947780b0,0x0000000794780000)
  to   space 713216K, 0% used [0x0000000794780000,0x0000000794780000,0x00000007c0000000)
 ParOldGen       total 1481728K, used 838035K [0x00000005cb200000, 0x0000000625900000, 0x0000000719100000)
  object space 1481728K, 56% used [0x00000005cb200000,0x00000005fe464fb8,0x0000000625900000)
 Metaspace       used 6713K, capacity 6874K, committed 7040K, reserved 1056768K
  class space    used 739K, capacity 801K, committed 896K, reserved 1048576K
}
Event: 48.579 GC heap before
{Heap before GC invocations=25 (full 3):
 PSYoungGen      total 2021888K, used 2021856K [0x0000000719100000, 0x00000007c0000000, 0x00000007c0000000)
  eden space 1308672K, 100% used [0x0000000719100000,0x0000000768f00000,0x0000000768f00000)
  from space 713216K, 99% used [0x0000000768f00000,0x00000007947780b0,0x0000000794780000)
  to   space 713216K, 0% used [0x0000000794780000,0x0000000794780000,0x00000007c0000000)
 ParOldGen       total 1481728K, used 838035K [0x00000005cb200000, 0x0000000625900000, 0x0000000719100000)
  object space 1481728K, 56% used [0x00000005cb200000,0x00000005fe464fb8,0x0000000625900000)
 Metaspace       used 6713K, capacity 6874K, committed 7040K, reserved 1056768K
  class space    used 739K, capacity 801K, committed 896K, reserved 1048576K
Event: 48.787 GC heap after
Heap after GC invocations=25 (full 3):
 PSYoungGen      total 1625600K, used 713184K [0x0000000719100000, 0x00000007c0000000, 0x00000007c0000000)
  eden space 912384K, 0% used [0x0000000719100000,0x0000000719100000,0x0000000750c00000)
  from space 713216K, 99% used [0x0000000794780000,0x00000007bfff80b0,0x00000007c0000000)
  to   space 911360K, 0% used [0x0000000750c00000,0x0000000750c00000,0x0000000788600000)
 ParOldGen       total 1481728K, used 904659K [0x00000005cb200000, 0x0000000625900000, 0x0000000719100000)
  object space 1481728K, 61% used [0x00000005cb200000,0x0000000602574fb8,0x0000000625900000)
 Metaspace       used 6713K, capacity 6874K, committed 7040K, reserved 1056768K
  class space    used 739K, capacity 801K, committed 896K, reserved 1048576K
}
Event: 49.917 GC heap before
{Heap before GC invocations=26 (full 3):
 PSYoungGen      total 1625600K, used 1625568K [0x0000000719100000, 0x00000007c0000000, 0x00000007c0000000)
  eden space 912384K, 100% used [0x0000000719100000,0x0000000750c00000,0x0000000750c00000)
  from space 713216K, 99% used [0x0000000794780000,0x00000007bfff80b0,0x00000007c0000000)
  to   space 911360K, 0% used [0x0000000750c00000,0x0000000750c00000,0x0000000788600000)
 ParOldGen       total 1481728K, used 904659K [0x00000005cb200000, 0x0000000625900000, 0x0000000719100000)
  object space 1481728K, 61% used [0x00000005cb200000,0x0000000602574fb8,0x0000000625900000)
 Metaspace       used 6713K, capacity 6874K, committed 7040K, reserved 1056768K
  class space    used 739K, capacity 801K, committed 896K, reserved 1048576K
Event: 50.097 GC heap after
Heap after GC invocations=26 (full 3):
 PSYoungGen      total 1823744K, used 684192K [0x0000000719100000, 0x00000007c0000000, 0x00000007c0000000)
  eden space 912384K, 0% used [0x0000000719100000,0x0000000719100000,0x0000000750c00000)
  from space 911360K, 75% used [0x0000000750c00000,0x000000077a828070,0x0000000788600000)
  to   space 911360K, 0% used [0x0000000788600000,0x0000000788600000,0x00000007c0000000)
 ParOldGen       total 1481728K, used 935324K [0x00000005cb200000, 0x0000000625900000, 0x0000000719100000)
  object space 1481728K, 63% used [0x00000005cb200000,0x0000000604367028,0x0000000625900000)
 Metaspace       used 6713K, capacity 6874K, committed 7040K, reserved 1056768K
  class space    used 739K, capacity 801K, committed 896K, reserved 1048576K
}
Event: 53.732 GC heap before
{Heap before GC invocations=27 (full 3):
 PSYoungGen      total 1823744K, used 1596576K [0x0000000719100000, 0x00000007c0000000, 0x00000007c0000000)
  eden space 912384K, 100% used [0x0000000719100000,0x0000000750c00000,0x0000000750c00000)
  from space 911360K, 75% used [0x0000000750c00000,0x000000077a828070,0x0000000788600000)
  to   space 911360K, 0% used [0x0000000788600000,0x0000000788600000,0x00000007c0000000)
 ParOldGen       total 1481728K, used 935324K [0x00000005cb200000, 0x0000000625900000, 0x0000000719100000)
  object space 1481728K, 63% used [0x00000005cb200000,0x0000000604367028,0x0000000625900000)
 Metaspace       used 6713K, capacity 6874K, committed 7040K, reserved 1056768K
  class space    used 739K, capacity 801K, committed 896K, reserved 1048576K
Event: 53.854 GC heap after
Heap after GC invocations=27 (full 3):
 PSYoungGen      total 1823744K, used 210637K [0x0000000719100000, 0x00000007c0000000, 0x00000007c0000000)
  eden space 912384K, 0% used [0x0000000719100000,0x0000000719100000,0x0000000750c00000)
  from space 911360K, 23% used [0x0000000788600000,0x00000007953b34a0,0x00000007c0000000)
  to   space 911360K, 0% used [0x0000000750c00000,0x0000000750c00000,0x0000000788600000)
 ParOldGen       total 1481728K, used 1039924K [0x00000005cb200000, 0x0000000625900000, 0x0000000719100000)
  object space 1481728K, 70% used [0x00000005cb200000,0x000000060a98d028,0x0000000625900000)
 Metaspace       used 6713K, capacity 6874K, committed 7040K, reserved 1056768K
  class space    used 739K, capacity 801K, committed 896K, reserved 1048576K
}

