# JRE version: Java(TM) SE Runtime Environment (8.0_91-b14) (build 1.8.0_91-b14)
# Java VM: Java HotSpot(TM) 64-Bit Server VM (25.91-b14 mixed mode linux-amd64 compressed oops)
Heap:
 PSYoungGen      total 1823744K, used 928388K [0x0000000719100000, 0x00000007c0000000, 0x00000007c0000000)
  eden space 912384K, 1% used [0x0000000719100000,0x000000071a1a92a0,0x0000000750c00000)
  from space 911360K, 99% used [0x0000000750c00000,0x00000007885f8020,0x0000000788600000)
  to   space 911360K, 0% used [0x0000000788600000,0x0000000788600000,0x00000007c0000000)
 ParOldGen       total 2134528K, used 1415367K [0x00000005cb200000, 0x000000064d680000, 0x0000000719100000)
  object space 2134528K, 66% used [0x00000005cb200000,0x0000000621831d30,0x000000064d680000)
 Metaspace       used 6885K, capacity 7066K, committed 7296K, reserved 1056768K
  class space    used 751K, capacity 801K, committed 896K, reserved 1048576K
GC Heap History (10 events):
Event: 269.896 GC heap before
{Heap before GC invocations=118 (full 7):
 PSYoungGen      total 2022912K, used 1696224K [0x0000000719100000, 0x00000007bd000000, 0x00000007c0000000)
  eden space 1376256K, 100% used [0x0000000719100000,0x000000076d100000,0x000000076d100000)
  from space 646656K, 49% used [0x0000000795880000,0x00000007a90f8030,0x00000007bd000000)
  to   space 654848K, 0% used [0x000000076d100000,0x000000076d100000,0x0000000795080000)
 ParOldGen       total 2134528K, used 1197407K [0x00000005cb200000, 0x000000064d680000, 0x0000000719100000)
  object space 2134528K, 56% used [0x00000005cb200000,0x0000000614357d30,0x000000064d680000)
 Metaspace       used 6692K, capacity 6810K, committed 7040K, reserved 1056768K
  class space    used 739K, capacity 801K, committed 896K, reserved 1048576K
Event: 270.041 GC heap after
Heap after GC invocations=118 (full 7):
 PSYoungGen      total 1910784K, used 534400K [0x0000000719100000, 0x00000007c0000000, 0x00000007c0000000)
  eden space 1376256K, 0% used [0x0000000719100000,0x0000000719100000,0x000000076d100000)
  from space 534528K, 99% used [0x000000076d100000,0x000000078dae0030,0x000000078db00000)
  to   space 720384K, 0% used [0x0000000794080000,0x0000000794080000,0x00000007c0000000)
 ParOldGen       total 2134528K, used 1197407K [0x00000005cb200000, 0x000000064d680000, 0x0000000719100000)
  object space 2134528K, 56% used [0x00000005cb200000,0x0000000614357d30,0x000000064d680000)
 Metaspace       used 6692K, capacity 6810K, committed 7040K, reserved 1056768K
  class space    used 739K, capacity 801K, committed 896K, reserved 1048576K
}
Event: 270.424 GC heap before
{Heap before GC invocations=119 (full 7):
 PSYoungGen      total 1910784K, used 1763272K [0x0000000719100000, 0x00000007c0000000, 0x00000007c0000000)
  eden space 1376256K, 89% used [0x0000000719100000,0x0000000764112310,0x000000076d100000)
  from space 534528K, 99% used [0x000000076d100000,0x000000078dae0030,0x000000078db00000)
  to   space 720384K, 0% used [0x0000000794080000,0x0000000794080000,0x00000007c0000000)
 ParOldGen       total 2134528K, used 1197407K [0x00000005cb200000, 0x000000064d680000, 0x0000000719100000)
  object space 2134528K, 56% used [0x00000005cb200000,0x0000000614357d30,0x000000064d680000)
 Metaspace       used 6692K, capacity 6810K, committed 7040K, reserved 1056768K
  class space    used 739K, capacity 801K, committed 896K, reserved 1048576K
Event: 270.582 GC heap after
Heap after GC invocations=119 (full 7):
 PSYoungGen      total 1734144K, used 720352K [0x0000000719100000, 0x00000007c0000000, 0x00000007c0000000)
  eden space 1013760K, 0% used [0x0000000719100000,0x0000000719100000,0x0000000756f00000)
  from space 720384K, 99% used [0x0000000794080000,0x00000007bfff8040,0x00000007c0000000)
  to   space 860672K, 0% used [0x0000000756f00000,0x0000000756f00000,0x000000078b780000)
 ParOldGen       total 2134528K, used 1251175K [0x00000005cb200000, 0x000000064d680000, 0x0000000719100000)
  object space 2134528K, 58% used [0x00000005cb200000,0x00000006177d9d30,0x000000064d680000)
 Metaspace       used 6692K, capacity 6810K, committed 7040K, reserved 1056768K
  class space    used 739K, capacity 801K, committed 896K, reserved 1048576K
}
Event: 270.803 GC heap before
{Heap before GC invocations=120 (full 7):
 PSYoungGen      total 1734144K, used 1621681K [0x0000000719100000, 0x00000007c0000000, 0x00000007c0000000)
  eden space 1013760K, 88% used [0x0000000719100000,0x0000000750134758,0x0000000756f00000)
  from space 720384K, 99% used [0x0000000794080000,0x00000007bfff8040,0x00000007c0000000)
  to   space 860672K, 0% used [0x0000000756f00000,0x0000000756f00000,0x000000078b780000)
 ParOldGen       total 2134528K, used 1251175K [0x00000005cb200000, 0x000000064d680000, 0x0000000719100000)
  object space 2134528K, 58% used [0x00000005cb200000,0x00000006177d9d30,0x000000064d680000)
 Metaspace       used 6692K, capacity 6810K, committed 7040K, reserved 1056768K
  class space    used 739K, capacity 801K, committed 896K, reserved 1048576K
Event: 270.951 GC heap after
Heap after GC invocations=120 (full 7):
 PSYoungGen      total 1653760K, used 639744K [0x0000000719100000, 0x00000007c0000000, 0x00000007c0000000)
  eden space 1013760K, 0% used [0x0000000719100000,0x0000000719100000,0x0000000756f00000)
  from space 640000K, 99% used [0x0000000756f00000,0x000000077dfc0030,0x000000077e000000)
  to   space 911360K, 0% used [0x0000000788600000,0x0000000788600000,0x00000007c0000000)
 ParOldGen       total 2134528K, used 1332175K [0x00000005cb200000, 0x000000064d680000, 0x0000000719100000)
  object space 2134528K, 62% used [0x00000005cb200000,0x000000061c6f3d30,0x000000064d680000)
 Metaspace       used 6692K, capacity 6810K, committed 7040K, reserved 1056768K
  class space    used 739K, capacity 801K, committed 896K, reserved 1048576K
}
Event: 271.040 GC heap before
{Heap before GC invocations=121 (full 7):
 PSYoungGen      total 1653760K, used 1497908K [0x0000000719100000, 0x00000007c0000000, 0x00000007c0000000)
  eden space 1013760K, 84% used [0x0000000719100000,0x000000074d70d2d8,0x0000000756f00000)
  from space 640000K, 99% used [0x0000000756f00000,0x000000077dfc0030,0x000000077e000000)
  to   space 911360K, 0% used [0x0000000788600000,0x0000000788600000,0x00000007c0000000)
 ParOldGen       total 2134528K, used 1332175K [0x00000005cb200000, 0x000000064d680000, 0x0000000719100000)
  object space 2134528K, 62% used [0x00000005cb200000,0x000000061c6f3d30,0x000000064d680000)
 Metaspace       used 6692K, capacity 6810K, committed 7040K, reserved 1056768K
  class space    used 739K, capacity 801K, committed 896K, reserved 1048576K
Event: 271.171 GC heap after
Heap after GC invocations=121 (full 7):
 PSYoungGen      total 1823744K, used 696532K [0x0000000719100000, 0x00000007c0000000, 0x00000007c0000000)
  eden space 912384K, 0% used [0x0000000719100000,0x0000000719100000,0x0000000750c00000)
  from space 911360K, 76% used [0x0000000788600000,0x00000007b2e350d8,0x00000007c0000000)
  to   space 911360K, 0% used [0x0000000750c00000,0x0000000750c00000,0x0000000788600000)
 ParOldGen       total 2134528K, used 1375151K [0x00000005cb200000, 0x000000064d680000, 0x0000000719100000)
  object space 2134528K, 64% used [0x00000005cb200000,0x000000061f0ebd30,0x000000064d680000)
 Metaspace       used 6692K, capacity 6810K, committed 7040K, reserved 1056768K
  class space    used 739K, capacity 801K, committed 896K, reserved 1048576K
}
Event: 283.664 GC heap before
{Heap before GC invocations=122 (full 7):
 PSYoungGen      total 1823744K, used 1608916K [0x0000000719100000, 0x00000007c0000000, 0x00000007c0000000)
  eden space 912384K, 100% used [0x0000000719100000,0x0000000750c00000,0x0000000750c00000)
  from space 911360K, 76% used [0x0000000788600000,0x00000007b2e350d8,0x00000007c0000000)
  to   space 911360K, 0% used [0x0000000750c00000,0x0000000750c00000,0x0000000788600000)
 ParOldGen       total 2134528K, used 1375151K [0x00000005cb200000, 0x000000064d680000, 0x0000000719100000)
  object space 2134528K, 64% used [0x00000005cb200000,0x000000061f0ebd30,0x000000064d680000)
 Metaspace       used 6885K, capacity 7066K, committed 7296K, reserved 1056768K
  class space    used 751K, capacity 801K, committed 896K, reserved 1048576K
Event: 284.505 GC heap after
Heap after GC invocations=122 (full 7):
 PSYoungGen      total 1823744K, used 911328K [0x0000000719100000, 0x00000007c0000000, 0x00000007c0000000)
  eden space 912384K, 0% used [0x0000000719100000,0x0000000719100000,0x0000000750c00000)
  from space 911360K, 99% used [0x0000000750c00000,0x00000007885f8020,0x0000000788600000)
  to   space 911360K, 0% used [0x0000000788600000,0x0000000788600000,0x00000007c0000000)
 ParOldGen       total 2134528K, used 1415367K [0x00000005cb200000, 0x000000064d680000, 0x0000000719100000)
  object space 2134528K, 66% used [0x00000005cb200000,0x0000000621831d30,0x000000064d680000)
 Metaspace       used 6885K, capacity 7066K, committed 7296K, reserved 1056768K
  class space    used 751K, capacity 801K, committed 896K, reserved 1048576K
}

