# JRE version: Java(TM) SE Runtime Environment (8.0_91-b14) (build 1.8.0_91-b14)
# Java VM: Java HotSpot(TM) 64-Bit Server VM (25.91-b14 mixed mode linux-amd64 compressed oops)
Heap:
 PSYoungGen      total 279040K, used 24965K [0x0000000719100000, 0x000000073b200000, 0x00000007c0000000)
  eden space 258048K, 3% used [0x0000000719100000,0x0000000719ae5e88,0x0000000728d00000)
  from space 20992K, 70% used [0x0000000728d00000,0x0000000729b7b830,0x000000072a180000)
  to   space 20992K, 0% used [0x0000000739d80000,0x0000000739d80000,0x000000073b200000)
 ParOldGen       total 856576K, used 408732K [0x00000005cb200000, 0x00000005ff680000, 0x0000000719100000)
  object space 856576K, 47% used [0x00000005cb200000,0x00000005e41271a0,0x00000005ff680000)
 Metaspace       used 6524K, capacity 6682K, committed 6784K, reserved 1056768K
  class space    used 731K, capacity 801K, committed 896K, reserved 1048576K
GC Heap History (8 events):
Event: 1.913 GC heap before
{Heap before GC invocations=1 (full 0):
 PSYoungGen      total 150016K, used 129024K [0x0000000719100000, 0x0000000723800000, 0x00000007c0000000)
  eden space 129024K, 100% used [0x0000000719100000,0x0000000720f00000,0x0000000720f00000)
  from space 20992K, 0% used [0x0000000722380000,0x0000000722380000,0x0000000723800000)
  to   space 20992K, 0% used [0x0000000720f00000,0x0000000720f00000,0x0000000722380000)
 ParOldGen       total 343040K, used 0K [0x00000005cb200000, 0x00000005e0100000, 0x0000000719100000)
  object space 343040K, 0% used [0x00000005cb200000,0x00000005cb200000,0x00000005e0100000)
 Metaspace       used 6512K, capacity 6682K, committed 6784K, reserved 1056768K
  class space    used 731K, capacity 801K, committed 896K, reserved 1048576K
Event: 2.169 GC heap after
Heap after GC invocations=1 (full 0):
 PSYoungGen      total 150016K, used 20976K [0x0000000719100000, 0x000000072b600000, 0x00000007c0000000)
  eden space 129024K, 0% used [0x0000000719100000,0x0000000719100000,0x0000000720f00000)
  from space 20992K, 99% used [0x0000000720f00000,0x000000072237c010,0x0000000722380000)
  to   space 20992K, 0% used [0x000000072a180000,0x000000072a180000,0x000000072b600000)
 ParOldGen       total 343040K, used 79593K [0x00000005cb200000, 0x00000005e0100000, 0x0000000719100000)
  object space 343040K, 23% used [0x00000005cb200000,0x00000005cffba6e0,0x00000005e0100000)
 Metaspace       used 6512K, capacity 6682K, committed 6784K, reserved 1056768K
  class space    used 731K, capacity 801K, committed 896K, reserved 1048576K
}
Event: 4.070 GC heap before
{Heap before GC invocations=2 (full 0):
 PSYoungGen      total 150016K, used 150000K [0x0000000719100000, 0x000000072b600000, 0x00000007c0000000)
  eden space 129024K, 100% used [0x0000000719100000,0x0000000720f00000,0x0000000720f00000)
  from space 20992K, 99% used [0x0000000720f00000,0x000000072237c010,0x0000000722380000)
  to   space 20992K, 0% used [0x000000072a180000,0x000000072a180000,0x000000072b600000)
 ParOldGen       total 343040K, used 79593K [0x00000005cb200000, 0x00000005e0100000, 0x0000000719100000)
  object space 343040K, 23% used [0x00000005cb200000,0x00000005cffba6e0,0x00000005e0100000)
 Metaspace       used 6524K, capacity 6682K, committed 6784K, reserved 1056768K
  class space    used 731K, capacity 801K, committed 896K, reserved 1048576K
Event: 4.256 GC heap after
Heap after GC invocations=2 (full 0):
 PSYoungGen      total 279040K, used 20976K [0x0000000719100000, 0x000000072b600000, 0x00000007c0000000)
  eden space 258048K, 0% used [0x0000000719100000,0x0000000719100000,0x0000000728d00000)
  from space 20992K, 99% used [0x000000072a180000,0x000000072b5fc030,0x000000072b600000)
  to   space 20992K, 0% used [0x0000000728d00000,0x0000000728d00000,0x000000072a180000)
 ParOldGen       total 343040K, used 188217K [0x00000005cb200000, 0x00000005e0100000, 0x0000000719100000)
  object space 343040K, 54% used [0x00000005cb200000,0x00000005d69ce6e0,0x00000005e0100000)
 Metaspace       used 6524K, capacity 6682K, committed 6784K, reserved 1056768K
  class space    used 731K, capacity 801K, committed 896K, reserved 1048576K
}
Event: 8.089 GC heap before
{Heap before GC invocations=3 (full 0):
 PSYoungGen      total 279040K, used 279024K [0x0000000719100000, 0x000000072b600000, 0x00000007c0000000)
  eden space 258048K, 100% used [0x0000000719100000,0x0000000728d00000,0x0000000728d00000)
  from space 20992K, 99% used [0x000000072a180000,0x000000072b5fc030,0x000000072b600000)
  to   space 20992K, 0% used [0x0000000728d00000,0x0000000728d00000,0x000000072a180000)
 ParOldGen       total 343040K, used 188217K [0x00000005cb200000, 0x00000005e0100000, 0x0000000719100000)
  object space 343040K, 54% used [0x00000005cb200000,0x00000005d69ce6e0,0x00000005e0100000)
 Metaspace       used 6524K, capacity 6682K, committed 6784K, reserved 1056768K
  class space    used 731K, capacity 801K, committed 896K, reserved 1048576K
Event: 8.444 GC heap after
Heap after GC invocations=3 (full 0):
 PSYoungGen      total 279040K, used 20992K [0x0000000719100000, 0x000000073b200000, 0x00000007c0000000)
  eden space 258048K, 0% used [0x0000000719100000,0x0000000719100000,0x0000000728d00000)
  from space 20992K, 100% used [0x0000000728d00000,0x000000072a180000,0x000000072a180000)
  to   space 20992K, 0% used [0x0000000739d80000,0x0000000739d80000,0x000000073b200000)
 ParOldGen       total 409088K, used 409045K [0x00000005cb200000, 0x00000005e4180000, 0x0000000719100000)
  object space 409088K, 99% used [0x00000005cb200000,0x00000005e41755a8,0x00000005e4180000)
 Metaspace       used 6524K, capacity 6682K, committed 6784K, reserved 1056768K
  class space    used 731K, capacity 801K, committed 896K, reserved 1048576K
}
Event: 8.444 GC heap before
{Heap before GC invocations=4 (full 1):
 PSYoungGen      total 279040K, used 20992K [0x0000000719100000, 0x000000073b200000, 0x00000007c0000000)
  eden space 258048K, 0% used [0x0000000719100000,0x0000000719100000,0x0000000728d00000)
  from space 20992K, 100% used [0x0000000728d00000,0x000000072a180000,0x000000072a180000)
  to   space 20992K, 0% used [0x0000000739d80000,0x0000000739d80000,0x000000073b200000)
 ParOldGen       total 409088K, used 409045K [0x00000005cb200000, 0x00000005e4180000, 0x0000000719100000)
  object space 409088K, 99% used [0x00000005cb200000,0x00000005e41755a8,0x00000005e4180000)
 Metaspace       used 6524K, capacity 6682K, committed 6784K, reserved 1056768K
  class space    used 731K, capacity 801K, committed 896K, reserved 1048576K
Event: 10.285 GC heap after
Heap after GC invocations=4 (full 1):
 PSYoungGen      total 279040K, used 14830K [0x0000000719100000, 0x000000073b200000, 0x00000007c0000000)
  eden space 258048K, 0% used [0x0000000719100000,0x0000000719100000,0x0000000728d00000)
  from space 20992K, 70% used [0x0000000728d00000,0x0000000729b7b830,0x000000072a180000)
  to   space 20992K, 0% used [0x0000000739d80000,0x0000000739d80000,0x000000073b200000)
 ParOldGen       total 856576K, used 408732K [0x00000005cb200000, 0x00000005ff680000, 0x0000000719100000)
  object space 856576K, 47% used [0x00000005cb200000,0x00000005e41271a0,0x00000005ff680000)
 Metaspace       used 6524K, capacity 6682K, committed 6784K, reserved 1056768K
  class space    used 731K, capacity 801K, committed 896K, reserved 1048576K
}

