# JRE version: Java(TM) SE Runtime Environment (8.0_91-b14) (build 1.8.0_91-b14)
# Java VM: Java HotSpot(TM) 64-Bit Server VM (25.91-b14 mixed mode linux-amd64 compressed oops)
Heap:
 PSYoungGen      total 150016K, used 2542K [0x0000000719100000, 0x0000000723800000, 0x00000007c0000000)
  eden space 129024K, 1% used [0x0000000719100000,0x000000071937bbd0,0x0000000720f00000)
  from space 20992K, 0% used [0x0000000720f00000,0x0000000720f00000,0x0000000722380000)
  to   space 20992K, 0% used [0x0000000722380000,0x0000000722380000,0x0000000723800000)
 ParOldGen       total 601088K, used 341510K [0x00000005cb200000, 0x00000005efd00000, 0x0000000719100000)
  object space 601088K, 56% used [0x00000005cb200000,0x00000005dff81b80,0x00000005efd00000)
 Metaspace       used 6501K, capacity 6618K, committed 6784K, reserved 1056768K
  class space    used 731K, capacity 801K, committed 896K, reserved 1048576K
GC Heap History (8 events):
Event: 57.856 GC heap before
{Heap before GC invocations=1 (full 0):
 PSYoungGen      total 150016K, used 129024K [0x0000000719100000, 0x0000000723800000, 0x00000007c0000000)
  eden space 129024K, 100% used [0x0000000719100000,0x0000000720f00000,0x0000000720f00000)
  from space 20992K, 0% used [0x0000000722380000,0x0000000722380000,0x0000000723800000)
  to   space 20992K, 0% used [0x0000000720f00000,0x0000000720f00000,0x0000000722380000)
 ParOldGen       total 343040K, used 0K [0x00000005cb200000, 0x00000005e0100000, 0x0000000719100000)
  object space 343040K, 0% used [0x00000005cb200000,0x00000005cb200000,0x00000005e0100000)
 Metaspace       used 6487K, capacity 6618K, committed 6784K, reserved 1056768K
  class space    used 731K, capacity 801K, committed 896K, reserved 1048576K
Event: 58.154 GC heap after
Heap after GC invocations=1 (full 0):
 PSYoungGen      total 150016K, used 20992K [0x0000000719100000, 0x0000000723800000, 0x00000007c0000000)
  eden space 129024K, 0% used [0x0000000719100000,0x0000000719100000,0x0000000720f00000)
  from space 20992K, 100% used [0x0000000720f00000,0x0000000722380000,0x0000000722380000)
  to   space 20992K, 0% used [0x0000000722380000,0x0000000722380000,0x0000000723800000)
 ParOldGen       total 343040K, used 92217K [0x00000005cb200000, 0x00000005e0100000, 0x0000000719100000)
  object space 343040K, 26% used [0x00000005cb200000,0x00000005d0c0e5b0,0x00000005e0100000)
 Metaspace       used 6487K, capacity 6618K, committed 6784K, reserved 1056768K
  class space    used 731K, capacity 801K, committed 896K, reserved 1048576K
}
Event: 226.353 GC heap before
{Heap before GC invocations=2 (full 0):
 PSYoungGen      total 150016K, used 150016K [0x0000000719100000, 0x0000000723800000, 0x00000007c0000000)
  eden space 129024K, 100% used [0x0000000719100000,0x0000000720f00000,0x0000000720f00000)
  from space 20992K, 100% used [0x0000000720f00000,0x0000000722380000,0x0000000722380000)
  to   space 20992K, 0% used [0x0000000722380000,0x0000000722380000,0x0000000723800000)
 ParOldGen       total 343040K, used 92217K [0x00000005cb200000, 0x00000005e0100000, 0x0000000719100000)
  object space 343040K, 26% used [0x00000005cb200000,0x00000005d0c0e5b0,0x00000005e0100000)
 Metaspace       used 6499K, capacity 6618K, committed 6784K, reserved 1056768K
  class space    used 731K, capacity 801K, committed 896K, reserved 1048576K
Event: 226.546 GC heap after
Heap after GC invocations=2 (full 0):
 PSYoungGen      total 150016K, used 20960K [0x0000000719100000, 0x0000000723800000, 0x00000007c0000000)
  eden space 129024K, 0% used [0x0000000719100000,0x0000000719100000,0x0000000720f00000)
  from space 20992K, 99% used [0x0000000722380000,0x00000007237f8030,0x0000000723800000)
  to   space 20992K, 0% used [0x0000000720f00000,0x0000000720f00000,0x0000000722380000)
 ParOldGen       total 343040K, used 207257K [0x00000005cb200000, 0x00000005e0100000, 0x0000000719100000)
  object space 343040K, 60% used [0x00000005cb200000,0x00000005d7c665b0,0x00000005e0100000)
 Metaspace       used 6499K, capacity 6618K, committed 6784K, reserved 1056768K
  class space    used 731K, capacity 801K, committed 896K, reserved 1048576K
}
Event: 508.175 GC heap before
{Heap before GC invocations=3 (full 0):
 PSYoungGen      total 150016K, used 149984K [0x0000000719100000, 0x0000000723800000, 0x00000007c0000000)
  eden space 129024K, 100% used [0x0000000719100000,0x0000000720f00000,0x0000000720f00000)
  from space 20992K, 99% used [0x0000000722380000,0x00000007237f8030,0x0000000723800000)
  to   space 20992K, 0% used [0x0000000720f00000,0x0000000720f00000,0x0000000722380000)
 ParOldGen       total 343040K, used 207257K [0x00000005cb200000, 0x00000005e0100000, 0x0000000719100000)
  object space 343040K, 60% used [0x00000005cb200000,0x00000005d7c665b0,0x00000005e0100000)
 Metaspace       used 6499K, capacity 6618K, committed 6784K, reserved 1056768K
  class space    used 731K, capacity 801K, committed 896K, reserved 1048576K
Event: 508.365 GC heap after
Heap after GC invocations=3 (full 0):
 PSYoungGen      total 150016K, used 20976K [0x0000000719100000, 0x0000000723800000, 0x00000007c0000000)
  eden space 129024K, 0% used [0x0000000719100000,0x0000000719100000,0x0000000720f00000)
  from space 20992K, 99% used [0x0000000720f00000,0x000000072237c020,0x0000000722380000)
  to   space 20992K, 0% used [0x0000000722380000,0x0000000722380000,0x0000000723800000)
 ParOldGen       total 343040K, used 326041K [0x00000005cb200000, 0x00000005e0100000, 0x0000000719100000)
  object space 343040K, 95% used [0x00000005cb200000,0x00000005df0665b0,0x00000005e0100000)
 Metaspace       used 6499K, capacity 6618K, committed 6784K, reserved 1056768K
  class space    used 731K, capacity 801K, committed 896K, reserved 1048576K
}
Event: 508.365 GC heap before
{Heap before GC invocations=4 (full 1):
 PSYoungGen      total 150016K, used 20976K [0x0000000719100000, 0x0000000723800000, 0x00000007c0000000)
  eden space 129024K, 0% used [0x0000000719100000,0x0000000719100000,0x0000000720f00000)
  from space 20992K, 99% used [0x0000000720f00000,0x000000072237c020,0x0000000722380000)
  to   space 20992K, 0% used [0x0000000722380000,0x0000000722380000,0x0000000723800000)
 ParOldGen       total 343040K, used 326041K [0x00000005cb200000, 0x00000005e0100000, 0x0000000719100000)
  object space 343040K, 95% used [0x00000005cb200000,0x00000005df0665b0,0x00000005e0100000)
 Metaspace       used 6499K, capacity 6618K, committed 6784K, reserved 1056768K
  class space    used 731K, capacity 801K, committed 896K, reserved 1048576K
Event: 510.330 GC heap after
Heap after GC invocations=4 (full 1):
 PSYoungGen      total 150016K, used 0K [0x0000000719100000, 0x0000000723800000, 0x00000007c0000000)
  eden space 129024K, 0% used [0x0000000719100000,0x0000000719100000,0x0000000720f00000)
  from space 20992K, 0% used [0x0000000720f00000,0x0000000720f00000,0x0000000722380000)
  to   space 20992K, 0% used [0x0000000722380000,0x0000000722380000,0x0000000723800000)
 ParOldGen       total 601088K, used 341510K [0x00000005cb200000, 0x00000005efd00000, 0x0000000719100000)
  object space 601088K, 56% used [0x00000005cb200000,0x00000005dff81b80,0x00000005efd00000)
 Metaspace       used 6499K, capacity 6618K, committed 6784K, reserved 1056768K
  class space    used 731K, capacity 801K, committed 896K, reserved 1048576K
}

