# JRE version: Java(TM) SE Runtime Environment (8.0_91-b14) (build 1.8.0_91-b14)
# Java VM: Java HotSpot(TM) 64-Bit Server VM (25.91-b14 mixed mode linux-amd64 compressed oops)
Heap:
 PSYoungGen      total 537088K, used 15304K [0x0000000719100000, 0x000000073b200000, 0x00000007c0000000)
  eden space 516096K, 2% used [0x0000000719100000,0x0000000719ff22b8,0x0000000738900000)
  from space 20992K, 0% used [0x0000000739d80000,0x0000000739d80000,0x000000073b200000)
  to   space 20992K, 0% used [0x0000000738900000,0x0000000738900000,0x0000000739d80000)
 ParOldGen       total 558592K, used 219325K [0x00000005cb200000, 0x00000005ed380000, 0x0000000719100000)
  object space 558592K, 39% used [0x00000005cb200000,0x00000005d882f558,0x00000005ed380000)
 Metaspace       used 6686K, capacity 6810K, committed 7040K, reserved 1056768K
  class space    used 743K, capacity 801K, committed 896K, reserved 1048576K
GC Heap History (10 events):
Event: 0.700 GC heap before
{Heap before GC invocations=1 (full 0):
 PSYoungGen      total 150016K, used 129024K [0x0000000719100000, 0x0000000723800000, 0x00000007c0000000)
  eden space 129024K, 100% used [0x0000000719100000,0x0000000720f00000,0x0000000720f00000)
  from space 20992K, 0% used [0x0000000722380000,0x0000000722380000,0x0000000723800000)
  to   space 20992K, 0% used [0x0000000720f00000,0x0000000720f00000,0x0000000722380000)
 ParOldGen       total 343040K, used 0K [0x00000005cb200000, 0x00000005e0100000, 0x0000000719100000)
  object space 343040K, 0% used [0x00000005cb200000,0x00000005cb200000,0x00000005e0100000)
 Metaspace       used 6501K, capacity 6682K, committed 6784K, reserved 1056768K
  class space    used 731K, capacity 801K, committed 896K, reserved 1048576K
Event: 0.710 GC heap after
Heap after GC invocations=1 (full 0):
 PSYoungGen      total 150016K, used 20980K [0x0000000719100000, 0x000000072b600000, 0x00000007c0000000)
  eden space 129024K, 0% used [0x0000000719100000,0x0000000719100000,0x0000000720f00000)
  from space 20992K, 99% used [0x0000000720f00000,0x000000072237d030,0x0000000722380000)
  to   space 20992K, 0% used [0x000000072a180000,0x000000072a180000,0x000000072b600000)
 ParOldGen       total 343040K, used 5078K [0x00000005cb200000, 0x00000005e0100000, 0x0000000719100000)
  object space 343040K, 1% used [0x00000005cb200000,0x00000005cb6f5968,0x00000005e0100000)
 Metaspace       used 6501K, capacity 6682K, committed 6784K, reserved 1056768K
  class space    used 731K, capacity 801K, committed 896K, reserved 1048576K
}
Event: 0.749 GC heap before
{Heap before GC invocations=2 (full 0):
 PSYoungGen      total 150016K, used 146771K [0x0000000719100000, 0x000000072b600000, 0x00000007c0000000)
  eden space 129024K, 97% used [0x0000000719100000,0x0000000720bd7ef0,0x0000000720f00000)
  from space 20992K, 99% used [0x0000000720f00000,0x000000072237d030,0x0000000722380000)
  to   space 20992K, 0% used [0x000000072a180000,0x000000072a180000,0x000000072b600000)
 ParOldGen       total 343040K, used 5078K [0x00000005cb200000, 0x00000005e0100000, 0x0000000719100000)
  object space 343040K, 1% used [0x00000005cb200000,0x00000005cb6f5968,0x00000005e0100000)
 Metaspace       used 6514K, capacity 6682K, committed 6784K, reserved 1056768K
  class space    used 731K, capacity 801K, committed 896K, reserved 1048576K
Event: 0.757 GC heap after
Heap after GC invocations=2 (full 0):
 PSYoungGen      total 279040K, used 20976K [0x0000000719100000, 0x000000072b600000, 0x00000007c0000000)
  eden space 258048K, 0% used [0x0000000719100000,0x0000000719100000,0x0000000728d00000)
  from space 20992K, 99% used [0x000000072a180000,0x000000072b5fc060,0x000000072b600000)
  to   space 20992K, 0% used [0x0000000728d00000,0x0000000728d00000,0x000000072a180000)
 ParOldGen       total 343040K, used 17294K [0x00000005cb200000, 0x00000005e0100000, 0x0000000719100000)
  object space 343040K, 5% used [0x00000005cb200000,0x00000005cc2e3968,0x00000005e0100000)
 Metaspace       used 6514K, capacity 6682K, committed 6784K, reserved 1056768K
  class space    used 731K, capacity 801K, committed 896K, reserved 1048576K
}
Event: 0.845 GC heap before
{Heap before GC invocations=3 (full 0):
 PSYoungGen      total 279040K, used 278008K [0x0000000719100000, 0x000000072b600000, 0x00000007c0000000)
  eden space 258048K, 99% used [0x0000000719100000,0x0000000728c02160,0x0000000728d00000)
  from space 20992K, 99% used [0x000000072a180000,0x000000072b5fc060,0x000000072b600000)
  to   space 20992K, 0% used [0x0000000728d00000,0x0000000728d00000,0x000000072a180000)
 ParOldGen       total 343040K, used 17294K [0x00000005cb200000, 0x00000005e0100000, 0x0000000719100000)
  object space 343040K, 5% used [0x00000005cb200000,0x00000005cc2e3968,0x00000005e0100000)
 Metaspace       used 6514K, capacity 6682K, committed 6784K, reserved 1056768K
  class space    used 731K, capacity 801K, committed 896K, reserved 1048576K
Event: 0.855 GC heap after
Heap after GC invocations=3 (full 0):
 PSYoungGen      total 279040K, used 20991K [0x0000000719100000, 0x000000073b200000, 0x00000007c0000000)
  eden space 258048K, 0% used [0x0000000719100000,0x0000000719100000,0x0000000728d00000)
  from space 20992K, 99% used [0x0000000728d00000,0x000000072a17ff38,0x000000072a180000)
  to   space 20992K, 0% used [0x0000000739d80000,0x0000000739d80000,0x000000073b200000)
 ParOldGen       total 343040K, used 36302K [0x00000005cb200000, 0x00000005e0100000, 0x0000000719100000)
  object space 343040K, 10% used [0x00000005cb200000,0x00000005cd573890,0x00000005e0100000)
 Metaspace       used 6514K, capacity 6682K, committed 6784K, reserved 1056768K
  class space    used 731K, capacity 801K, committed 896K, reserved 1048576K
}
Event: 14.466 GC heap before
{Heap before GC invocations=4 (full 0):
 PSYoungGen      total 279040K, used 279039K [0x0000000719100000, 0x000000073b200000, 0x00000007c0000000)
  eden space 258048K, 100% used [0x0000000719100000,0x0000000728d00000,0x0000000728d00000)
  from space 20992K, 99% used [0x0000000728d00000,0x000000072a17ff38,0x000000072a180000)
  to   space 20992K, 0% used [0x0000000739d80000,0x0000000739d80000,0x000000073b200000)
 ParOldGen       total 343040K, used 36302K [0x00000005cb200000, 0x00000005e0100000, 0x0000000719100000)
  object space 343040K, 10% used [0x00000005cb200000,0x00000005cd573890,0x00000005e0100000)
 Metaspace       used 6683K, capacity 6810K, committed 7040K, reserved 1056768K
  class space    used 743K, capacity 801K, committed 896K, reserved 1048576K
Event: 14.983 GC heap after
Heap after GC invocations=4 (full 0):
 PSYoungGen      total 537088K, used 20976K [0x0000000719100000, 0x000000073b200000, 0x00000007c0000000)
  eden space 516096K, 0% used [0x0000000719100000,0x0000000719100000,0x0000000738900000)
  from space 20992K, 99% used [0x0000000739d80000,0x000000073b1fc020,0x000000073b200000)
  to   space 20992K, 0% used [0x0000000738900000,0x0000000738900000,0x0000000739d80000)
 ParOldGen       total 343040K, used 220358K [0x00000005cb200000, 0x00000005e0100000, 0x0000000719100000)
  object space 343040K, 64% used [0x00000005cb200000,0x00000005d8931890,0x00000005e0100000)
 Metaspace       used 6683K, capacity 6810K, committed 7040K, reserved 1056768K
  class space    used 743K, capacity 801K, committed 896K, reserved 1048576K
}
Event: 14.983 GC heap before
{Heap before GC invocations=5 (full 1):
 PSYoungGen      total 537088K, used 20976K [0x0000000719100000, 0x000000073b200000, 0x00000007c0000000)
  eden space 516096K, 0% used [0x0000000719100000,0x0000000719100000,0x0000000738900000)
  from space 20992K, 99% used [0x0000000739d80000,0x000000073b1fc020,0x000000073b200000)
  to   space 20992K, 0% used [0x0000000738900000,0x0000000738900000,0x0000000739d80000)
 ParOldGen       total 343040K, used 220358K [0x00000005cb200000, 0x00000005e0100000, 0x0000000719100000)
  object space 343040K, 64% used [0x00000005cb200000,0x00000005d8931890,0x00000005e0100000)
 Metaspace       used 6683K, capacity 6810K, committed 7040K, reserved 1056768K
  class space    used 743K, capacity 801K, committed 896K, reserved 1048576K
Event: 15.789 GC heap after
Heap after GC invocations=5 (full 1):
 PSYoungGen      total 537088K, used 0K [0x0000000719100000, 0x000000073b200000, 0x00000007c0000000)
  eden space 516096K, 0% used [0x0000000719100000,0x0000000719100000,0x0000000738900000)
  from space 20992K, 0% used [0x0000000739d80000,0x0000000739d80000,0x000000073b200000)
  to   space 20992K, 0% used [0x0000000738900000,0x0000000738900000,0x0000000739d80000)
 ParOldGen       total 558592K, used 219325K [0x00000005cb200000, 0x00000005ed380000, 0x0000000719100000)
  object space 558592K, 39% used [0x00000005cb200000,0x00000005d882f558,0x00000005ed380000)
 Metaspace       used 6683K, capacity 6810K, committed 7040K, reserved 1056768K
  class space    used 743K, capacity 801K, committed 896K, reserved 1048576K
}

