# JRE version: Java(TM) SE Runtime Environment (8.0_91-b14) (build 1.8.0_91-b14)
# Java VM: Java HotSpot(TM) 64-Bit Server VM (25.91-b14 mixed mode linux-amd64 compressed oops)
Heap:
 PSYoungGen      total 1631744K, used 473166K [0x0000000719100000, 0x00000007c0000000, 0x00000007c0000000)
  eden space 1132544K, 1% used [0x0000000719100000,0x000000071a719e38,0x000000075e300000)
  from space 499200K, 90% used [0x0000000790100000,0x00000007ab8f9d18,0x00000007ae880000)
  to   space 801280K, 0% used [0x000000075e300000,0x000000075e300000,0x000000078f180000)
 ParOldGen       total 1594368K, used 928987K [0x00000005cb200000, 0x000000062c700000, 0x0000000719100000)
  object space 1594368K, 58% used [0x00000005cb200000,0x0000000603d36cd8,0x000000062c700000)
 Metaspace       used 6584K, capacity 6746K, committed 7040K, reserved 1056768K
  class space    used 731K, capacity 801K, committed 896K, reserved 1048576K
GC Heap History (10 events):
Event: 18.333 GC heap before
{Heap before GC invocations=14 (full 1):
 PSYoungGen      total 1446400K, used 1418896K [0x0000000719100000, 0x000000078c600000, 0x00000007c0000000)
  eden space 1117696K, 100% used [0x0000000719100000,0x000000075d480000,0x000000075d480000)
  from space 328704K, 91% used [0x0000000773c80000,0x00000007862a40a0,0x0000000787d80000)
  to   space 368640K, 0% used [0x000000075d480000,0x000000075d480000,0x0000000773c80000)
 ParOldGen       total 631808K, used 322377K [0x00000005cb200000, 0x00000005f1b00000, 0x0000000719100000)
  object space 631808K, 51% used [0x00000005cb200000,0x00000005decd2448,0x00000005f1b00000)
 Metaspace       used 6571K, capacity 6746K, committed 7040K, reserved 1056768K
  class space    used 731K, capacity 801K, committed 896K, reserved 1048576K
Event: 18.434 GC heap after
Heap after GC invocations=14 (full 1):
 PSYoungGen      total 1486336K, used 351424K [0x0000000719100000, 0x000000079b280000, 0x00000007c0000000)
  eden space 1117696K, 0% used [0x0000000719100000,0x0000000719100000,0x000000075d480000)
  from space 368640K, 95% used [0x000000075d480000,0x0000000772bb00b0,0x0000000773c80000)
  to   space 418816K, 0% used [0x0000000781980000,0x0000000781980000,0x000000079b280000)
 ParOldGen       total 631808K, used 322377K [0x00000005cb200000, 0x00000005f1b00000, 0x0000000719100000)
  object space 631808K, 51% used [0x00000005cb200000,0x00000005decd2448,0x00000005f1b00000)
 Metaspace       used 6571K, capacity 6746K, committed 7040K, reserved 1056768K
  class space    used 731K, capacity 801K, committed 896K, reserved 1048576K
}
Event: 20.329 GC heap before
{Heap before GC invocations=15 (full 1):
 PSYoungGen      total 1486336K, used 1469120K [0x0000000719100000, 0x000000079b280000, 0x00000007c0000000)
  eden space 1117696K, 100% used [0x0000000719100000,0x000000075d480000,0x000000075d480000)
  from space 368640K, 95% used [0x000000075d480000,0x0000000772bb00b0,0x0000000773c80000)
  to   space 418816K, 0% used [0x0000000781980000,0x0000000781980000,0x000000079b280000)
 ParOldGen       total 631808K, used 322377K [0x00000005cb200000, 0x00000005f1b00000, 0x0000000719100000)
  object space 631808K, 51% used [0x00000005cb200000,0x00000005decd2448,0x00000005f1b00000)
 Metaspace       used 6571K, capacity 6746K, committed 7040K, reserved 1056768K
  class space    used 731K, capacity 801K, committed 896K, reserved 1048576K
Event: 20.436 GC heap after
Heap after GC invocations=15 (full 1):
 PSYoungGen      total 1668608K, used 362368K [0x0000000719100000, 0x00000007a0d80000, 0x00000007c0000000)
  eden space 1249792K, 0% used [0x0000000719100000,0x0000000719100000,0x0000000765580000)
  from space 418816K, 86% used [0x0000000781980000,0x0000000797b60090,0x000000079b280000)
  to   space 462848K, 0% used [0x0000000765580000,0x0000000765580000,0x0000000781980000)
 ParOldGen       total 631808K, used 322377K [0x00000005cb200000, 0x00000005f1b00000, 0x0000000719100000)
  object space 631808K, 51% used [0x00000005cb200000,0x00000005decd2448,0x00000005f1b00000)
 Metaspace       used 6571K, capacity 6746K, committed 7040K, reserved 1056768K
  class space    used 731K, capacity 801K, committed 896K, reserved 1048576K
}
Event: 22.639 GC heap before
{Heap before GC invocations=16 (full 1):
 PSYoungGen      total 1668608K, used 1612160K [0x0000000719100000, 0x00000007a0d80000, 0x00000007c0000000)
  eden space 1249792K, 100% used [0x0000000719100000,0x0000000765580000,0x0000000765580000)
  from space 418816K, 86% used [0x0000000781980000,0x0000000797b60090,0x000000079b280000)
  to   space 462848K, 0% used [0x0000000765580000,0x0000000765580000,0x0000000781980000)
 ParOldGen       total 631808K, used 322377K [0x00000005cb200000, 0x00000005f1b00000, 0x0000000719100000)
  object space 631808K, 51% used [0x00000005cb200000,0x00000005decd2448,0x00000005f1b00000)
 Metaspace       used 6571K, capacity 6746K, committed 7040K, reserved 1056768K
  class space    used 731K, capacity 801K, committed 896K, reserved 1048576K
Event: 22.743 GC heap after
Heap after GC invocations=16 (full 1):
 PSYoungGen      total 1712640K, used 366320K [0x0000000719100000, 0x00000007ae880000, 0x00000007c0000000)
  eden space 1249792K, 0% used [0x0000000719100000,0x0000000719100000,0x0000000765580000)
  from space 462848K, 79% used [0x0000000765580000,0x000000077bb3c0a0,0x0000000781980000)
  to   space 499200K, 0% used [0x0000000790100000,0x0000000790100000,0x00000007ae880000)
 ParOldGen       total 631808K, used 322377K [0x00000005cb200000, 0x00000005f1b00000, 0x0000000719100000)
  object space 631808K, 51% used [0x00000005cb200000,0x00000005decd2448,0x00000005f1b00000)
 Metaspace       used 6571K, capacity 6746K, committed 7040K, reserved 1056768K
  class space    used 731K, capacity 801K, committed 896K, reserved 1048576K
}
Event: 39.677 GC heap before
{Heap before GC invocations=17 (full 1):
 PSYoungGen      total 1712640K, used 1616112K [0x0000000719100000, 0x00000007ae880000, 0x00000007c0000000)
  eden space 1249792K, 100% used [0x0000000719100000,0x0000000765580000,0x0000000765580000)
  from space 462848K, 79% used [0x0000000765580000,0x000000077bb3c0a0,0x0000000781980000)
  to   space 499200K, 0% used [0x0000000790100000,0x0000000790100000,0x00000007ae880000)
 ParOldGen       total 631808K, used 322377K [0x00000005cb200000, 0x00000005f1b00000, 0x0000000719100000)
  object space 631808K, 51% used [0x00000005cb200000,0x00000005decd2448,0x00000005f1b00000)
 Metaspace       used 6584K, capacity 6746K, committed 7040K, reserved 1056768K
  class space    used 731K, capacity 801K, committed 896K, reserved 1048576K
Event: 41.186 GC heap after
Heap after GC invocations=17 (full 1):
 PSYoungGen      total 1631744K, used 499178K [0x0000000719100000, 0x00000007c0000000, 0x00000007c0000000)
  eden space 1132544K, 0% used [0x0000000719100000,0x0000000719100000,0x000000075e300000)
  from space 499200K, 99% used [0x0000000790100000,0x00000007ae87aa30,0x00000007ae880000)
  to   space 801280K, 0% used [0x000000075e300000,0x000000075e300000,0x000000078f180000)
 ParOldGen       total 930304K, used 929945K [0x00000005cb200000, 0x0000000603e80000, 0x0000000719100000)
  object space 930304K, 99% used [0x00000005cb200000,0x0000000603e26448,0x0000000603e80000)
 Metaspace       used 6584K, capacity 6746K, committed 7040K, reserved 1056768K
  class space    used 731K, capacity 801K, committed 896K, reserved 1048576K
}
Event: 41.186 GC heap before
{Heap before GC invocations=18 (full 2):
 PSYoungGen      total 1631744K, used 499178K [0x0000000719100000, 0x00000007c0000000, 0x00000007c0000000)
  eden space 1132544K, 0% used [0x0000000719100000,0x0000000719100000,0x000000075e300000)
  from space 499200K, 99% used [0x0000000790100000,0x00000007ae87aa30,0x00000007ae880000)
  to   space 801280K, 0% used [0x000000075e300000,0x000000075e300000,0x000000078f180000)
 ParOldGen       total 930304K, used 929945K [0x00000005cb200000, 0x0000000603e80000, 0x0000000719100000)
  object space 930304K, 99% used [0x00000005cb200000,0x0000000603e26448,0x0000000603e80000)
 Metaspace       used 6584K, capacity 6746K, committed 7040K, reserved 1056768K
  class space    used 731K, capacity 801K, committed 896K, reserved 1048576K
Event: 45.108 GC heap after
Heap after GC invocations=18 (full 2):
 PSYoungGen      total 1631744K, used 450535K [0x0000000719100000, 0x00000007c0000000, 0x00000007c0000000)
  eden space 1132544K, 0% used [0x0000000719100000,0x0000000719100000,0x000000075e300000)
  from space 499200K, 90% used [0x0000000790100000,0x00000007ab8f9d18,0x00000007ae880000)
  to   space 801280K, 0% used [0x000000075e300000,0x000000075e300000,0x000000078f180000)
 ParOldGen       total 1594368K, used 928987K [0x00000005cb200000, 0x000000062c700000, 0x0000000719100000)
  object space 1594368K, 58% used [0x00000005cb200000,0x0000000603d36cd8,0x000000062c700000)
 Metaspace       used 6584K, capacity 6746K, committed 7040K, reserved 1056768K
  class space    used 731K, capacity 801K, committed 896K, reserved 1048576K
}

