# JRE version: Java(TM) SE Runtime Environment (8.0_91-b14) (build 1.8.0_91-b14)
# Java VM: Java HotSpot(TM) 64-Bit Server VM (25.91-b14 mixed mode linux-amd64 compressed oops)
Heap:
 PSYoungGen      total 2087424K, used 38611K [0x0000000719100000, 0x00000007b0400000, 0x00000007c0000000)
  eden space 1940480K, 1% used [0x0000000719100000,0x000000071b6b4ce8,0x000000078f800000)
  from space 146944K, 0% used [0x000000079d680000,0x000000079d680000,0x00000007a6600000)
  to   space 227840K, 0% used [0x000000078f800000,0x000000078f800000,0x000000079d680000)
 ParOldGen       total 631296K, used 305474K [0x00000005cb200000, 0x00000005f1a80000, 0x0000000719100000)
  object space 631296K, 48% used [0x00000005cb200000,0x00000005ddc50b80,0x00000005f1a80000)
 Metaspace       used 6773K, capacity 6874K, committed 7040K, reserved 1056768K
  class space    used 743K, capacity 801K, committed 896K, reserved 1048576K
GC Heap History (10 events):
Event: 4.733 GC heap before
{Heap before GC invocations=5 (full 0):
 PSYoungGen      total 537088K, used 537072K [0x0000000719100000, 0x000000073b200000, 0x00000007c0000000)
  eden space 516096K, 100% used [0x0000000719100000,0x0000000738900000,0x0000000738900000)
  from space 20992K, 99% used [0x0000000739d80000,0x000000073b1fc0b0,0x000000073b200000)
  to   space 20992K, 0% used [0x0000000738900000,0x0000000738900000,0x0000000739d80000)
 ParOldGen       total 343040K, used 133372K [0x00000005cb200000, 0x00000005e0100000, 0x0000000719100000)
  object space 343040K, 38% used [0x00000005cb200000,0x00000005d343f308,0x00000005e0100000)
 Metaspace       used 6564K, capacity 6746K, committed 7040K, reserved 1056768K
  class space    used 731K, capacity 801K, committed 896K, reserved 1048576K
Event: 4.809 GC heap after
Heap after GC invocations=5 (full 0):
 PSYoungGen      total 537088K, used 20960K [0x0000000719100000, 0x0000000766500000, 0x00000007c0000000)
  eden space 516096K, 0% used [0x0000000719100000,0x0000000719100000,0x0000000738900000)
  from space 20992K, 99% used [0x0000000738900000,0x0000000739d78080,0x0000000739d80000)
  to   space 116736K, 0% used [0x000000075f300000,0x000000075f300000,0x0000000766500000)
 ParOldGen       total 343040K, used 220916K [0x00000005cb200000, 0x00000005e0100000, 0x0000000719100000)
  object space 343040K, 64% used [0x00000005cb200000,0x00000005d89bd328,0x00000005e0100000)
 Metaspace       used 6564K, capacity 6746K, committed 7040K, reserved 1056768K
  class space    used 731K, capacity 801K, committed 896K, reserved 1048576K
}
Event: 6.129 GC heap before
{Heap before GC invocations=6 (full 0):
 PSYoungGen      total 537088K, used 537056K [0x0000000719100000, 0x0000000766500000, 0x00000007c0000000)
  eden space 516096K, 100% used [0x0000000719100000,0x0000000738900000,0x0000000738900000)
  from space 20992K, 99% used [0x0000000738900000,0x0000000739d78080,0x0000000739d80000)
  to   space 116736K, 0% used [0x000000075f300000,0x000000075f300000,0x0000000766500000)
 ParOldGen       total 343040K, used 220916K [0x00000005cb200000, 0x00000005e0100000, 0x0000000719100000)
  object space 343040K, 64% used [0x00000005cb200000,0x00000005d89bd328,0x00000005e0100000)
 Metaspace       used 6564K, capacity 6746K, committed 7040K, reserved 1056768K
  class space    used 731K, capacity 801K, committed 896K, reserved 1048576K
Event: 6.211 GC heap after
Heap after GC invocations=6 (full 0):
 PSYoungGen      total 1127424K, used 116720K [0x0000000719100000, 0x0000000768f00000, 0x00000007c0000000)
  eden space 1010688K, 0% used [0x0000000719100000,0x0000000719100000,0x0000000756c00000)
  from space 116736K, 99% used [0x000000075f300000,0x00000007664fc0f0,0x0000000766500000)
  to   space 138240K, 0% used [0x0000000756c00000,0x0000000756c00000,0x000000075f300000)
 ParOldGen       total 343040K, used 222092K [0x00000005cb200000, 0x00000005e0100000, 0x0000000719100000)
  object space 343040K, 64% used [0x00000005cb200000,0x00000005d8ae3328,0x00000005e0100000)
 Metaspace       used 6564K, capacity 6746K, committed 7040K, reserved 1056768K
  class space    used 731K, capacity 801K, committed 896K, reserved 1048576K
}
Event: 8.458 GC heap before
{Heap before GC invocations=7 (full 0):
 PSYoungGen      total 1127424K, used 1127408K [0x0000000719100000, 0x0000000768f00000, 0x00000007c0000000)
  eden space 1010688K, 100% used [0x0000000719100000,0x0000000756c00000,0x0000000756c00000)
  from space 116736K, 99% used [0x000000075f300000,0x00000007664fc0f0,0x0000000766500000)
  to   space 138240K, 0% used [0x0000000756c00000,0x0000000756c00000,0x000000075f300000)
 ParOldGen       total 343040K, used 222092K [0x00000005cb200000, 0x00000005e0100000, 0x0000000719100000)
  object space 343040K, 64% used [0x00000005cb200000,0x00000005d8ae3328,0x00000005e0100000)
 Metaspace       used 6567K, capacity 6746K, committed 7040K, reserved 1056768K
  class space    used 731K, capacity 801K, committed 896K, reserved 1048576K
Event: 8.543 GC heap after
Heap after GC invocations=7 (full 0):
 PSYoungGen      total 1148928K, used 108400K [0x0000000719100000, 0x00000007a6600000, 0x00000007c0000000)
  eden space 1010688K, 0% used [0x0000000719100000,0x0000000719100000,0x0000000756c00000)
  from space 138240K, 78% used [0x0000000756c00000,0x000000075d5dc0a0,0x000000075f300000)
  to   space 146944K, 0% used [0x000000079d680000,0x000000079d680000,0x00000007a6600000)
 ParOldGen       total 343040K, used 237715K [0x00000005cb200000, 0x00000005e0100000, 0x0000000719100000)
  object space 343040K, 69% used [0x00000005cb200000,0x00000005d9a24ee8,0x00000005e0100000)
 Metaspace       used 6567K, capacity 6746K, committed 7040K, reserved 1056768K
  class space    used 731K, capacity 801K, committed 896K, reserved 1048576K
}
Event: 13.811 GC heap before
{Heap before GC invocations=8 (full 0):
 PSYoungGen      total 1148928K, used 1119088K [0x0000000719100000, 0x00000007a6600000, 0x00000007c0000000)
  eden space 1010688K, 100% used [0x0000000719100000,0x0000000756c00000,0x0000000756c00000)
  from space 138240K, 78% used [0x0000000756c00000,0x000000075d5dc0a0,0x000000075f300000)
  to   space 146944K, 0% used [0x000000079d680000,0x000000079d680000,0x00000007a6600000)
 ParOldGen       total 343040K, used 237715K [0x00000005cb200000, 0x00000005e0100000, 0x0000000719100000)
  object space 343040K, 69% used [0x00000005cb200000,0x00000005d9a24ee8,0x00000005e0100000)
 Metaspace       used 6773K, capacity 6874K, committed 7040K, reserved 1056768K
  class space    used 743K, capacity 801K, committed 896K, reserved 1048576K
Event: 14.186 GC heap after
Heap after GC invocations=8 (full 0):
 PSYoungGen      total 2087424K, used 146912K [0x0000000719100000, 0x00000007b0400000, 0x00000007c0000000)
  eden space 1940480K, 0% used [0x0000000719100000,0x0000000719100000,0x000000078f800000)
  from space 146944K, 99% used [0x000000079d680000,0x00000007a65f8030,0x00000007a6600000)
  to   space 227840K, 0% used [0x000000078f800000,0x000000078f800000,0x000000079d680000)
 ParOldGen       total 373248K, used 373211K [0x00000005cb200000, 0x00000005e1e80000, 0x0000000719100000)
  object space 373248K, 99% used [0x00000005cb200000,0x00000005e1e76f28,0x00000005e1e80000)
 Metaspace       used 6773K, capacity 6874K, committed 7040K, reserved 1056768K
  class space    used 743K, capacity 801K, committed 896K, reserved 1048576K
}
Event: 14.186 GC heap before
{Heap before GC invocations=9 (full 1):
 PSYoungGen      total 2087424K, used 146912K [0x0000000719100000, 0x00000007b0400000, 0x00000007c0000000)
  eden space 1940480K, 0% used [0x0000000719100000,0x0000000719100000,0x000000078f800000)
  from space 146944K, 99% used [0x000000079d680000,0x00000007a65f8030,0x00000007a6600000)
  to   space 227840K, 0% used [0x000000078f800000,0x000000078f800000,0x000000079d680000)
 ParOldGen       total 373248K, used 373211K [0x00000005cb200000, 0x00000005e1e80000, 0x0000000719100000)
  object space 373248K, 99% used [0x00000005cb200000,0x00000005e1e76f28,0x00000005e1e80000)
 Metaspace       used 6773K, capacity 6874K, committed 7040K, reserved 1056768K
  class space    used 743K, capacity 801K, committed 896K, reserved 1048576K
Event: 15.194 GC heap after
Heap after GC invocations=9 (full 1):
 PSYoungGen      total 2087424K, used 0K [0x0000000719100000, 0x00000007b0400000, 0x00000007c0000000)
  eden space 1940480K, 0% used [0x0000000719100000,0x0000000719100000,0x000000078f800000)
  from space 146944K, 0% used [0x000000079d680000,0x000000079d680000,0x00000007a6600000)
  to   space 227840K, 0% used [0x000000078f800000,0x000000078f800000,0x000000079d680000)
 ParOldGen       total 631296K, used 305474K [0x00000005cb200000, 0x00000005f1a80000, 0x0000000719100000)
  object space 631296K, 48% used [0x00000005cb200000,0x00000005ddc50b80,0x00000005f1a80000)
 Metaspace       used 6773K, capacity 6874K, committed 7040K, reserved 1056768K
  class space    used 743K, capacity 801K, committed 896K, reserved 1048576K
}

