# JRE version: Java(TM) SE Runtime Environment (8.0_91-b14) (build 1.8.0_91-b14)
# Java VM: Java HotSpot(TM) 64-Bit Server VM (25.91-b14 mixed mode linux-amd64 compressed oops)
Heap:
 PSYoungGen      total 2564608K, used 141413K [0x0000000719100000, 0x00000007c0000000, 0x00000007c0000000)
  eden space 2394112K, 1% used [0x0000000719100000,0x000000071bfba1c0,0x00000007ab300000)
  from space 170496K, 54% used [0x00000007ab300000,0x00000007b0e5f3c8,0x00000007b5980000)
  to   space 170496K, 0% used [0x00000007b5980000,0x00000007b5980000,0x00000007c0000000)
 ParOldGen       total 3212800K, used 2198922K [0x00000005cb200000, 0x000000068f380000, 0x0000000719100000)
  object space 3212800K, 68% used [0x00000005cb200000,0x0000000651562900,0x000000068f380000)
 Metaspace       used 6649K, capacity 6810K, committed 7040K, reserved 1056768K
  class space    used 739K, capacity 801K, committed 896K, reserved 1048576K
GC Heap History (10 events):
Event: 8.023 GC heap before
{Heap before GC invocations=8 (full 0):
 PSYoungGen      total 1140224K, used 1119136K [0x0000000719100000, 0x00000007a5800000, 0x00000007c0000000)
  eden space 1020416K, 100% used [0x0000000719100000,0x0000000757580000,0x0000000757580000)
  from space 119808K, 82% used [0x0000000757580000,0x000000075d5e8070,0x000000075ea80000)
  to   space 130048K, 0% used [0x000000079d900000,0x000000079d900000,0x00000007a5800000)
 ParOldGen       total 343040K, used 188095K [0x00000005cb200000, 0x00000005e0100000, 0x0000000719100000)
  object space 343040K, 54% used [0x00000005cb200000,0x00000005d69aff48,0x00000005e0100000)
 Metaspace       used 6639K, capacity 6810K, committed 7040K, reserved 1056768K
  class space    used 739K, capacity 801K, committed 896K, reserved 1048576K
Event: 8.054 GC heap after
Heap after GC invocations=8 (full 0):
 PSYoungGen      total 2164224K, used 98976K [0x0000000719100000, 0x00000007a6500000, 0x00000007c0000000)
  eden space 2034176K, 0% used [0x0000000719100000,0x0000000719100000,0x0000000795380000)
  from space 130048K, 76% used [0x000000079d900000,0x00000007a39a8040,0x00000007a5800000)
  to   space 136704K, 0% used [0x0000000795380000,0x0000000795380000,0x000000079d900000)
 ParOldGen       total 343040K, used 192367K [0x00000005cb200000, 0x00000005e0100000, 0x0000000719100000)
  object space 343040K, 56% used [0x00000005cb200000,0x00000005d6ddbf78,0x00000005e0100000)
 Metaspace       used 6639K, capacity 6810K, committed 7040K, reserved 1056768K
  class space    used 739K, capacity 801K, committed 896K, reserved 1048576K
}
Event: 12.219 GC heap before
{Heap before GC invocations=9 (full 0):
 PSYoungGen      total 2164224K, used 2133152K [0x0000000719100000, 0x00000007a6500000, 0x00000007c0000000)
  eden space 2034176K, 100% used [0x0000000719100000,0x0000000795380000,0x0000000795380000)
  from space 130048K, 76% used [0x000000079d900000,0x00000007a39a8040,0x00000007a5800000)
  to   space 136704K, 0% used [0x0000000795380000,0x0000000795380000,0x000000079d900000)
 ParOldGen       total 343040K, used 192367K [0x00000005cb200000, 0x00000005e0100000, 0x0000000719100000)
  object space 343040K, 56% used [0x00000005cb200000,0x00000005d6ddbf78,0x00000005e0100000)
 Metaspace       used 6639K, capacity 6810K, committed 7040K, reserved 1056768K
  class space    used 739K, capacity 801K, committed 896K, reserved 1048576K
Event: 12.276 GC heap after
Heap after GC invocations=9 (full 0):
 PSYoungGen      total 2170880K, used 136512K [0x0000000719100000, 0x00000007c0000000, 0x00000007c0000000)
  eden space 2034176K, 0% used [0x0000000719100000,0x0000000719100000,0x0000000795380000)
  from space 136704K, 99% used [0x0000000795380000,0x000000079d8d0040,0x000000079d900000)
  to   space 155648K, 0% used [0x00000007b6800000,0x00000007b6800000,0x00000007c0000000)
 ParOldGen       total 343040K, used 219719K [0x00000005cb200000, 0x00000005e0100000, 0x0000000719100000)
  object space 343040K, 64% used [0x00000005cb200000,0x00000005d8891f88,0x00000005e0100000)
 Metaspace       used 6639K, capacity 6810K, committed 7040K, reserved 1056768K
  class space    used 739K, capacity 801K, committed 896K, reserved 1048576K
}
Event: 15.337 GC heap before
{Heap before GC invocations=10 (full 0):
 PSYoungGen      total 2170880K, used 2170688K [0x0000000719100000, 0x00000007c0000000, 0x00000007c0000000)
  eden space 2034176K, 100% used [0x0000000719100000,0x0000000795380000,0x0000000795380000)
  from space 136704K, 99% used [0x0000000795380000,0x000000079d8d0040,0x000000079d900000)
  to   space 155648K, 0% used [0x00000007b6800000,0x00000007b6800000,0x00000007c0000000)
 ParOldGen       total 343040K, used 219719K [0x00000005cb200000, 0x00000005e0100000, 0x0000000719100000)
  object space 343040K, 64% used [0x00000005cb200000,0x00000005d8891f88,0x00000005e0100000)
 Metaspace       used 6639K, capacity 6810K, committed 7040K, reserved 1056768K
  class space    used 739K, capacity 801K, committed 896K, reserved 1048576K
Event: 15.380 GC heap after
Heap after GC invocations=10 (full 0):
 PSYoungGen      total 2549760K, used 139040K [0x0000000719100000, 0x00000007c0000000, 0x00000007c0000000)
  eden space 2394112K, 0% used [0x0000000719100000,0x0000000719100000,0x00000007ab300000)
  from space 155648K, 89% used [0x00000007b6800000,0x00000007befc8040,0x00000007c0000000)
  to   space 170496K, 0% used [0x00000007ab300000,0x00000007ab300000,0x00000007b5980000)
 ParOldGen       total 343040K, used 225879K [0x00000005cb200000, 0x00000005e0100000, 0x0000000719100000)
  object space 343040K, 65% used [0x00000005cb200000,0x00000005d8e95f88,0x00000005e0100000)
 Metaspace       used 6639K, capacity 6810K, committed 7040K, reserved 1056768K
  class space    used 739K, capacity 801K, committed 896K, reserved 1048576K
}
Event: 49.578 GC heap before
{Heap before GC invocations=11 (full 0):
 PSYoungGen      total 2549760K, used 2533152K [0x0000000719100000, 0x00000007c0000000, 0x00000007c0000000)
  eden space 2394112K, 100% used [0x0000000719100000,0x00000007ab300000,0x00000007ab300000)
  from space 155648K, 89% used [0x00000007b6800000,0x00000007befc8040,0x00000007c0000000)
  to   space 170496K, 0% used [0x00000007ab300000,0x00000007ab300000,0x00000007b5980000)
 ParOldGen       total 343040K, used 225879K [0x00000005cb200000, 0x00000005e0100000, 0x0000000719100000)
  object space 343040K, 65% used [0x00000005cb200000,0x00000005d8e95f88,0x00000005e0100000)
 Metaspace       used 6649K, capacity 6810K, committed 7040K, reserved 1056768K
  class space    used 739K, capacity 801K, committed 896K, reserved 1048576K
Event: 52.558 GC heap after
Heap after GC invocations=11 (full 0):
 PSYoungGen      total 2564608K, used 170478K [0x0000000719100000, 0x00000007c0000000, 0x00000007c0000000)
  eden space 2394112K, 0% used [0x0000000719100000,0x0000000719100000,0x00000007ab300000)
  from space 170496K, 99% used [0x00000007ab300000,0x00000007b597bab0,0x00000007b5980000)
  to   space 170496K, 0% used [0x00000007b5980000,0x00000007b5980000,0x00000007c0000000)
 ParOldGen       total 2199040K, used 2198919K [0x00000005cb200000, 0x0000000651580000, 0x0000000719100000)
  object space 2199040K, 99% used [0x00000005cb200000,0x0000000651561f98,0x0000000651580000)
 Metaspace       used 6649K, capacity 6810K, committed 7040K, reserved 1056768K
  class space    used 739K, capacity 801K, committed 896K, reserved 1048576K
}
Event: 52.558 GC heap before
{Heap before GC invocations=12 (full 1):
 PSYoungGen      total 2564608K, used 170478K [0x0000000719100000, 0x00000007c0000000, 0x00000007c0000000)
  eden space 2394112K, 0% used [0x0000000719100000,0x0000000719100000,0x00000007ab300000)
  from space 170496K, 99% used [0x00000007ab300000,0x00000007b597bab0,0x00000007b5980000)
  to   space 170496K, 0% used [0x00000007b5980000,0x00000007b5980000,0x00000007c0000000)
 ParOldGen       total 2199040K, used 2198919K [0x00000005cb200000, 0x0000000651580000, 0x0000000719100000)
  object space 2199040K, 99% used [0x00000005cb200000,0x0000000651561f98,0x0000000651580000)
 Metaspace       used 6649K, capacity 6810K, committed 7040K, reserved 1056768K
  class space    used 739K, capacity 801K, committed 896K, reserved 1048576K
Event: 59.836 GC heap after
Heap after GC invocations=12 (full 1):
 PSYoungGen      total 2564608K, used 93564K [0x0000000719100000, 0x00000007c0000000, 0x00000007c0000000)
  eden space 2394112K, 0% used [0x0000000719100000,0x0000000719100000,0x00000007ab300000)
  from space 170496K, 54% used [0x00000007ab300000,0x00000007b0e5f3c8,0x00000007b5980000)
  to   space 170496K, 0% used [0x00000007b5980000,0x00000007b5980000,0x00000007c0000000)
 ParOldGen       total 3212800K, used 2198922K [0x00000005cb200000, 0x000000068f380000, 0x0000000719100000)
  object space 3212800K, 68% used [0x00000005cb200000,0x0000000651562900,0x000000068f380000)
 Metaspace       used 6649K, capacity 6810K, committed 7040K, reserved 1056768K
  class space    used 739K, capacity 801K, committed 896K, reserved 1048576K
}

