# JRE version: Java(TM) SE Runtime Environment (8.0_91-b14) (build 1.8.0_91-b14)
# Java VM: Java HotSpot(TM) 64-Bit Server VM (25.91-b14 mixed mode linux-amd64 compressed oops)
Heap:
 PSYoungGen      total 279040K, used 19386K [0x0000000719100000, 0x000000073b200000, 0x00000007c0000000)
  eden space 258048K, 1% used [0x0000000719100000,0x00000007195f2f20,0x0000000728d00000)
  from space 20992K, 68% used [0x0000000728d00000,0x0000000729afb980,0x000000072a180000)
  to   space 20992K, 0% used [0x0000000739d80000,0x0000000739d80000,0x000000073b200000)
 ParOldGen       total 872448K, used 417876K [0x00000005cb200000, 0x0000000600600000, 0x0000000719100000)
  object space 872448K, 47% used [0x00000005cb200000,0x00000005e4a15398,0x0000000600600000)
 Metaspace       used 6545K, capacity 6682K, committed 6784K, reserved 1056768K
  class space    used 731K, capacity 801K, committed 896K, reserved 1048576K
GC Heap History (8 events):
Event: 1.963 GC heap before
{Heap before GC invocations=1 (full 0):
 PSYoungGen      total 150016K, used 129024K [0x0000000719100000, 0x0000000723800000, 0x00000007c0000000)
  eden space 129024K, 100% used [0x0000000719100000,0x0000000720f00000,0x0000000720f00000)
  from space 20992K, 0% used [0x0000000722380000,0x0000000722380000,0x0000000723800000)
  to   space 20992K, 0% used [0x0000000720f00000,0x0000000720f00000,0x0000000722380000)
 ParOldGen       total 343040K, used 0K [0x00000005cb200000, 0x00000005e0100000, 0x0000000719100000)
  object space 343040K, 0% used [0x00000005cb200000,0x00000005cb200000,0x00000005e0100000)
 Metaspace       used 6533K, capacity 6682K, committed 6784K, reserved 1056768K
  class space    used 731K, capacity 801K, committed 896K, reserved 1048576K
Event: 2.217 GC heap after
Heap after GC invocations=1 (full 0):
 PSYoungGen      total 150016K, used 20992K [0x0000000719100000, 0x000000072b600000, 0x00000007c0000000)
  eden space 129024K, 0% used [0x0000000719100000,0x0000000719100000,0x0000000720f00000)
  from space 20992K, 100% used [0x0000000720f00000,0x0000000722380000,0x0000000722380000)
  to   space 20992K, 0% used [0x000000072a180000,0x000000072a180000,0x000000072b600000)
 ParOldGen       total 343040K, used 82020K [0x00000005cb200000, 0x00000005e0100000, 0x0000000719100000)
  object space 343040K, 23% used [0x00000005cb200000,0x00000005d0219248,0x00000005e0100000)
 Metaspace       used 6533K, capacity 6682K, committed 6784K, reserved 1056768K
  class space    used 731K, capacity 801K, committed 896K, reserved 1048576K
}
Event: 4.130 GC heap before
{Heap before GC invocations=2 (full 0):
 PSYoungGen      total 150016K, used 150016K [0x0000000719100000, 0x000000072b600000, 0x00000007c0000000)
  eden space 129024K, 100% used [0x0000000719100000,0x0000000720f00000,0x0000000720f00000)
  from space 20992K, 100% used [0x0000000720f00000,0x0000000722380000,0x0000000722380000)
  to   space 20992K, 0% used [0x000000072a180000,0x000000072a180000,0x000000072b600000)
 ParOldGen       total 343040K, used 82020K [0x00000005cb200000, 0x00000005e0100000, 0x0000000719100000)
  object space 343040K, 23% used [0x00000005cb200000,0x00000005d0219248,0x00000005e0100000)
 Metaspace       used 6545K, capacity 6682K, committed 6784K, reserved 1056768K
  class space    used 731K, capacity 801K, committed 896K, reserved 1048576K
Event: 4.318 GC heap after
Heap after GC invocations=2 (full 0):
 PSYoungGen      total 279040K, used 20976K [0x0000000719100000, 0x000000072b600000, 0x00000007c0000000)
  eden space 258048K, 0% used [0x0000000719100000,0x0000000719100000,0x0000000728d00000)
  from space 20992K, 99% used [0x000000072a180000,0x000000072b5fc010,0x000000072b600000)
  to   space 20992K, 0% used [0x0000000728d00000,0x0000000728d00000,0x000000072a180000)
 ParOldGen       total 343040K, used 191692K [0x00000005cb200000, 0x00000005e0100000, 0x0000000719100000)
  object space 343040K, 55% used [0x00000005cb200000,0x00000005d6d33248,0x00000005e0100000)
 Metaspace       used 6545K, capacity 6682K, committed 6784K, reserved 1056768K
  class space    used 731K, capacity 801K, committed 896K, reserved 1048576K
}
Event: 8.263 GC heap before
{Heap before GC invocations=3 (full 0):
 PSYoungGen      total 279040K, used 279024K [0x0000000719100000, 0x000000072b600000, 0x00000007c0000000)
  eden space 258048K, 100% used [0x0000000719100000,0x0000000728d00000,0x0000000728d00000)
  from space 20992K, 99% used [0x000000072a180000,0x000000072b5fc010,0x000000072b600000)
  to   space 20992K, 0% used [0x0000000728d00000,0x0000000728d00000,0x000000072a180000)
 ParOldGen       total 343040K, used 191692K [0x00000005cb200000, 0x00000005e0100000, 0x0000000719100000)
  object space 343040K, 55% used [0x00000005cb200000,0x00000005d6d33248,0x00000005e0100000)
 Metaspace       used 6545K, capacity 6682K, committed 6784K, reserved 1056768K
  class space    used 731K, capacity 801K, committed 896K, reserved 1048576K
Event: 8.621 GC heap after
Heap after GC invocations=3 (full 0):
 PSYoungGen      total 279040K, used 20992K [0x0000000719100000, 0x000000073b200000, 0x00000007c0000000)
  eden space 258048K, 0% used [0x0000000719100000,0x0000000719100000,0x0000000728d00000)
  from space 20992K, 100% used [0x0000000728d00000,0x000000072a180000,0x000000072a180000)
  to   space 20992K, 0% used [0x0000000739d80000,0x0000000739d80000,0x000000073b200000)
 ParOldGen       total 418304K, used 418004K [0x00000005cb200000, 0x00000005e4a80000, 0x0000000719100000)
  object space 418304K, 99% used [0x00000005cb200000,0x00000005e4a352b8,0x00000005e4a80000)
 Metaspace       used 6545K, capacity 6682K, committed 6784K, reserved 1056768K
  class space    used 731K, capacity 801K, committed 896K, reserved 1048576K
}
Event: 8.621 GC heap before
{Heap before GC invocations=4 (full 1):
 PSYoungGen      total 279040K, used 20992K [0x0000000719100000, 0x000000073b200000, 0x00000007c0000000)
  eden space 258048K, 0% used [0x0000000719100000,0x0000000719100000,0x0000000728d00000)
  from space 20992K, 100% used [0x0000000728d00000,0x000000072a180000,0x000000072a180000)
  to   space 20992K, 0% used [0x0000000739d80000,0x0000000739d80000,0x000000073b200000)
 ParOldGen       total 418304K, used 418004K [0x00000005cb200000, 0x00000005e4a80000, 0x0000000719100000)
  object space 418304K, 99% used [0x00000005cb200000,0x00000005e4a352b8,0x00000005e4a80000)
 Metaspace       used 6545K, capacity 6682K, committed 6784K, reserved 1056768K
  class space    used 731K, capacity 801K, committed 896K, reserved 1048576K
Event: 10.620 GC heap after
Heap after GC invocations=4 (full 1):
 PSYoungGen      total 279040K, used 14318K [0x0000000719100000, 0x000000073b200000, 0x00000007c0000000)
  eden space 258048K, 0% used [0x0000000719100000,0x0000000719100000,0x0000000728d00000)
  from space 20992K, 68% used [0x0000000728d00000,0x0000000729afb980,0x000000072a180000)
  to   space 20992K, 0% used [0x0000000739d80000,0x0000000739d80000,0x000000073b200000)
 ParOldGen       total 872448K, used 417876K [0x00000005cb200000, 0x0000000600600000, 0x0000000719100000)
  object space 872448K, 47% used [0x00000005cb200000,0x00000005e4a15398,0x0000000600600000)
 Metaspace       used 6545K, capacity 6682K, committed 6784K, reserved 1056768K
  class space    used 731K, capacity 801K, committed 896K, reserved 1048576K
}

