# JRE version: Java(TM) SE Runtime Environment (8.0_91-b14) (build 1.8.0_91-b14)
# Java VM: Java HotSpot(TM) 64-Bit Server VM (25.91-b14 mixed mode linux-amd64 compressed oops)
Heap:
 PSYoungGen      total 1912832K, used 476244K [0x0000000719100000, 0x00000007bfa00000, 0x00000007c0000000)
  eden space 1198080K, 1% used [0x0000000719100000,0x000000071a84d0a0,0x0000000762300000)
  from space 714752K, 63% used [0x000000078ff00000,0x00000007ab8c8020,0x00000007bb900000)
  to   space 749568K, 0% used [0x0000000762300000,0x0000000762300000,0x000000078ff00000)
 ParOldGen       total 1526784K, used 942862K [0x00000005cb200000, 0x0000000628500000, 0x0000000719100000)
  object space 1526784K, 61% used [0x00000005cb200000,0x0000000604ac3910,0x0000000628500000)
 Metaspace       used 6780K, capacity 6938K, committed 7040K, reserved 1056768K
  class space    used 743K, capacity 801K, committed 896K, reserved 1048576K
GC Heap History (10 events):
Event: 98.781 GC heap before
{Heap before GC invocations=45 (full 3):
 PSYoungGen      total 1802752K, used 1009184K [0x0000000719100000, 0x00000007ba580000, 0x00000007c0000000)
  eden space 941568K, 100% used [0x0000000719100000,0x0000000752880000,0x0000000752880000)
  from space 861184K, 7% used [0x0000000752880000,0x0000000756a88010,0x0000000787180000)
  to   space 829440K, 0% used [0x0000000787b80000,0x0000000787b80000,0x00000007ba580000)
 ParOldGen       total 1526784K, used 942854K [0x00000005cb200000, 0x0000000628500000, 0x0000000719100000)
  object space 1526784K, 61% used [0x00000005cb200000,0x0000000604ac1910,0x0000000628500000)
 Metaspace       used 6557K, capacity 6746K, committed 7040K, reserved 1056768K
  class space    used 731K, capacity 801K, committed 896K, reserved 1048576K
Event: 98.818 GC heap after
Heap after GC invocations=45 (full 3):
 PSYoungGen      total 1785344K, used 69952K [0x0000000719100000, 0x00000007b7700000, 0x00000007c0000000)
  eden space 1003520K, 0% used [0x0000000719100000,0x0000000719100000,0x0000000756500000)
  from space 781824K, 8% used [0x0000000787b80000,0x000000078bfd0010,0x00000007b7700000)
  to   space 795648K, 0% used [0x0000000756500000,0x0000000756500000,0x0000000786e00000)
 ParOldGen       total 1526784K, used 942854K [0x00000005cb200000, 0x0000000628500000, 0x0000000719100000)
  object space 1526784K, 61% used [0x00000005cb200000,0x0000000604ac1910,0x0000000628500000)
 Metaspace       used 6557K, capacity 6746K, committed 7040K, reserved 1056768K
  class space    used 731K, capacity 801K, committed 896K, reserved 1048576K
}
Event: 100.755 GC heap before
{Heap before GC invocations=46 (full 3):
 PSYoungGen      total 1785344K, used 1068704K [0x0000000719100000, 0x00000007b7700000, 0x00000007c0000000)
  eden space 1003520K, 99% used [0x0000000719100000,0x00000007560580c8,0x0000000756500000)
  from space 781824K, 8% used [0x0000000787b80000,0x000000078bfd0010,0x00000007b7700000)
  to   space 795648K, 0% used [0x0000000756500000,0x0000000756500000,0x0000000786e00000)
 ParOldGen       total 1526784K, used 942854K [0x00000005cb200000, 0x0000000628500000, 0x0000000719100000)
  object space 1526784K, 61% used [0x00000005cb200000,0x0000000604ac1910,0x0000000628500000)
 Metaspace       used 6563K, capacity 6746K, committed 7040K, reserved 1056768K
  class space    used 731K, capacity 801K, committed 896K, reserved 1048576K
Event: 100.810 GC heap after
Heap after GC invocations=46 (full 3):
 PSYoungGen      total 1799168K, used 166720K [0x0000000719100000, 0x00000007b5480000, 0x00000007c0000000)
  eden space 1003520K, 0% used [0x0000000719100000,0x0000000719100000,0x0000000756500000)
  from space 795648K, 20% used [0x0000000756500000,0x00000007607d0040,0x0000000786e00000)
  to   space 744960K, 0% used [0x0000000787d00000,0x0000000787d00000,0x00000007b5480000)
 ParOldGen       total 1526784K, used 942854K [0x00000005cb200000, 0x0000000628500000, 0x0000000719100000)
  object space 1526784K, 61% used [0x00000005cb200000,0x0000000604ac1910,0x0000000628500000)
 Metaspace       used 6563K, capacity 6746K, committed 7040K, reserved 1056768K
  class space    used 731K, capacity 801K, committed 896K, reserved 1048576K
}
Event: 101.075 GC heap before
{Heap before GC invocations=47 (full 3):
 PSYoungGen      total 1799168K, used 1170240K [0x0000000719100000, 0x00000007b5480000, 0x00000007c0000000)
  eden space 1003520K, 100% used [0x0000000719100000,0x0000000756500000,0x0000000756500000)
  from space 795648K, 20% used [0x0000000756500000,0x00000007607d0040,0x0000000786e00000)
  to   space 744960K, 0% used [0x0000000787d00000,0x0000000787d00000,0x00000007b5480000)
 ParOldGen       total 1526784K, used 942854K [0x00000005cb200000, 0x0000000628500000, 0x0000000719100000)
  object space 1526784K, 61% used [0x00000005cb200000,0x0000000604ac1910,0x0000000628500000)
 Metaspace       used 6563K, capacity 6746K, committed 7040K, reserved 1056768K
  class space    used 731K, capacity 801K, committed 896K, reserved 1048576K
Event: 101.131 GC heap after
Heap after GC invocations=47 (full 3):
 PSYoungGen      total 1829376K, used 273304K [0x0000000719100000, 0x00000007b4680000, 0x00000007c0000000)
  eden space 1098752K, 0% used [0x0000000719100000,0x0000000719100000,0x000000075c200000)
  from space 730624K, 37% used [0x0000000787d00000,0x00000007987e6220,0x00000007b4680000)
  to   space 715776K, 0% used [0x000000075c200000,0x000000075c200000,0x0000000787d00000)
 ParOldGen       total 1526784K, used 942854K [0x00000005cb200000, 0x0000000628500000, 0x0000000719100000)
  object space 1526784K, 61% used [0x00000005cb200000,0x0000000604ac1910,0x0000000628500000)
 Metaspace       used 6563K, capacity 6746K, committed 7040K, reserved 1056768K
  class space    used 731K, capacity 801K, committed 896K, reserved 1048576K
}
Event: 101.482 GC heap before
{Heap before GC invocations=48 (full 3):
 PSYoungGen      total 1829376K, used 1372056K [0x0000000719100000, 0x00000007b4680000, 0x00000007c0000000)
  eden space 1098752K, 100% used [0x0000000719100000,0x000000075c200000,0x000000075c200000)
  from space 730624K, 37% used [0x0000000787d00000,0x00000007987e6220,0x00000007b4680000)
  to   space 715776K, 0% used [0x000000075c200000,0x000000075c200000,0x0000000787d00000)
 ParOldGen       total 1526784K, used 942854K [0x00000005cb200000, 0x0000000628500000, 0x0000000719100000)
  object space 1526784K, 61% used [0x00000005cb200000,0x0000000604ac1910,0x0000000628500000)
 Metaspace       used 6563K, capacity 6746K, committed 7040K, reserved 1056768K
  class space    used 731K, capacity 801K, committed 896K, reserved 1048576K
Event: 101.533 GC heap after
Heap after GC invocations=48 (full 3):
 PSYoungGen      total 1814528K, used 345848K [0x0000000719100000, 0x00000007bb900000, 0x00000007c0000000)
  eden space 1098752K, 0% used [0x0000000719100000,0x0000000719100000,0x000000075c200000)
  from space 715776K, 48% used [0x000000075c200000,0x00000007713be220,0x0000000787d00000)
  to   space 714752K, 0% used [0x000000078ff00000,0x000000078ff00000,0x00000007bb900000)
 ParOldGen       total 1526784K, used 942854K [0x00000005cb200000, 0x0000000628500000, 0x0000000719100000)
  object space 1526784K, 61% used [0x00000005cb200000,0x0000000604ac1910,0x0000000628500000)
 Metaspace       used 6563K, capacity 6746K, committed 7040K, reserved 1056768K
  class space    used 731K, capacity 801K, committed 896K, reserved 1048576K
}
Event: 107.817 GC heap before
{Heap before GC invocations=49 (full 3):
 PSYoungGen      total 1814528K, used 1444600K [0x0000000719100000, 0x00000007bb900000, 0x00000007c0000000)
  eden space 1098752K, 100% used [0x0000000719100000,0x000000075c200000,0x000000075c200000)
  from space 715776K, 48% used [0x000000075c200000,0x00000007713be220,0x0000000787d00000)
  to   space 714752K, 0% used [0x000000078ff00000,0x000000078ff00000,0x00000007bb900000)
 ParOldGen       total 1526784K, used 942854K [0x00000005cb200000, 0x0000000628500000, 0x0000000719100000)
  object space 1526784K, 61% used [0x00000005cb200000,0x0000000604ac1910,0x0000000628500000)
 Metaspace       used 6778K, capacity 6938K, committed 7040K, reserved 1056768K
  class space    used 743K, capacity 801K, committed 896K, reserved 1048576K
Event: 108.239 GC heap after
Heap after GC invocations=49 (full 3):
 PSYoungGen      total 1912832K, used 452384K [0x0000000719100000, 0x00000007bfa00000, 0x00000007c0000000)
  eden space 1198080K, 0% used [0x0000000719100000,0x0000000719100000,0x0000000762300000)
  from space 714752K, 63% used [0x000000078ff00000,0x00000007ab8c8020,0x00000007bb900000)
  to   space 749568K, 0% used [0x0000000762300000,0x0000000762300000,0x000000078ff00000)
 ParOldGen       total 1526784K, used 942862K [0x00000005cb200000, 0x0000000628500000, 0x0000000719100000)
  object space 1526784K, 61% used [0x00000005cb200000,0x0000000604ac3910,0x0000000628500000)
 Metaspace       used 6778K, capacity 6938K, committed 7040K, reserved 1056768K
  class space    used 743K, capacity 801K, committed 896K, reserved 1048576K
}

