# JRE version: Java(TM) SE Runtime Environment (8.0_91-b14) (build 1.8.0_91-b14)
# Java VM: Java HotSpot(TM) 64-Bit Server VM (25.91-b14 mixed mode linux-amd64 compressed oops)
Heap:
 PSYoungGen      total 279040K, used 48906K [0x0000000719100000, 0x000000072b600000, 0x00000007c0000000)
  eden space 258048K, 10% used [0x0000000719100000,0x000000071ac4aa68,0x0000000728d00000)
  from space 20992K, 99% used [0x000000072a180000,0x000000072b5f8020,0x000000072b600000)
  to   space 20992K, 0% used [0x0000000728d00000,0x0000000728d00000,0x000000072a180000)
 ParOldGen       total 343040K, used 195357K [0x00000005cb200000, 0x00000005e0100000, 0x0000000719100000)
  object space 343040K, 56% used [0x00000005cb200000,0x00000005d70c77f8,0x00000005e0100000)
 Metaspace       used 6541K, capacity 6746K, committed 7040K, reserved 1056768K
  class space    used 731K, capacity 801K, committed 896K, reserved 1048576K
GC Heap History (4 events):
Event: 4.159 GC heap before
{Heap before GC invocations=1 (full 0):
 PSYoungGen      total 150016K, used 129024K [0x0000000719100000, 0x0000000723800000, 0x00000007c0000000)
  eden space 129024K, 100% used [0x0000000719100000,0x0000000720f00000,0x0000000720f00000)
  from space 20992K, 0% used [0x0000000722380000,0x0000000722380000,0x0000000723800000)
  to   space 20992K, 0% used [0x0000000720f00000,0x0000000720f00000,0x0000000722380000)
 ParOldGen       total 343040K, used 0K [0x00000005cb200000, 0x00000005e0100000, 0x0000000719100000)
  object space 343040K, 0% used [0x00000005cb200000,0x00000005cb200000,0x00000005e0100000)
 Metaspace       used 6529K, capacity 6682K, committed 6784K, reserved 1056768K
  class space    used 731K, capacity 801K, committed 896K, reserved 1048576K
Event: 4.440 GC heap after
Heap after GC invocations=1 (full 0):
 PSYoungGen      total 150016K, used 20960K [0x0000000719100000, 0x000000072b600000, 0x00000007c0000000)
  eden space 129024K, 0% used [0x0000000719100000,0x0000000719100000,0x0000000720f00000)
  from space 20992K, 99% used [0x0000000720f00000,0x0000000722378020,0x0000000722380000)
  to   space 20992K, 0% used [0x000000072a180000,0x000000072a180000,0x000000072b600000)
 ParOldGen       total 343040K, used 86309K [0x00000005cb200000, 0x00000005e0100000, 0x0000000719100000)
  object space 343040K, 25% used [0x00000005cb200000,0x00000005d06497f8,0x00000005e0100000)
 Metaspace       used 6529K, capacity 6682K, committed 6784K, reserved 1056768K
  class space    used 731K, capacity 801K, committed 896K, reserved 1048576K
}
Event: 6.459 GC heap before
{Heap before GC invocations=2 (full 0):
 PSYoungGen      total 150016K, used 149984K [0x0000000719100000, 0x000000072b600000, 0x00000007c0000000)
  eden space 129024K, 100% used [0x0000000719100000,0x0000000720f00000,0x0000000720f00000)
  from space 20992K, 99% used [0x0000000720f00000,0x0000000722378020,0x0000000722380000)
  to   space 20992K, 0% used [0x000000072a180000,0x000000072a180000,0x000000072b600000)
 ParOldGen       total 343040K, used 86309K [0x00000005cb200000, 0x00000005e0100000, 0x0000000719100000)
  object space 343040K, 25% used [0x00000005cb200000,0x00000005d06497f8,0x00000005e0100000)
 Metaspace       used 6541K, capacity 6746K, committed 7040K, reserved 1056768K
  class space    used 731K, capacity 801K, committed 896K, reserved 1048576K
Event: 6.706 GC heap after
Heap after GC invocations=2 (full 0):
 PSYoungGen      total 279040K, used 20960K [0x0000000719100000, 0x000000072b600000, 0x00000007c0000000)
  eden space 258048K, 0% used [0x0000000719100000,0x0000000719100000,0x0000000728d00000)
  from space 20992K, 99% used [0x000000072a180000,0x000000072b5f8020,0x000000072b600000)
  to   space 20992K, 0% used [0x0000000728d00000,0x0000000728d00000,0x000000072a180000)
 ParOldGen       total 343040K, used 195357K [0x00000005cb200000, 0x00000005e0100000, 0x0000000719100000)
  object space 343040K, 56% used [0x00000005cb200000,0x00000005d70c77f8,0x00000005e0100000)
 Metaspace       used 6541K, capacity 6746K, committed 7040K, reserved 1056768K
  class space    used 731K, capacity 801K, committed 896K, reserved 1048576K
}

