# JRE version: Java(TM) SE Runtime Environment (8.0_91-b14) (build 1.8.0_91-b14)
# Java VM: Java HotSpot(TM) 64-Bit Server VM (25.91-b14 mixed mode linux-amd64 compressed oops)
Heap:
 PSYoungGen      total 2008064K, used 599665K [0x0000000719100000, 0x00000007c0000000, 0x00000007c0000000)
  eden space 1347072K, 1% used [0x0000000719100000,0x000000071ab4eef8,0x000000076b480000)
  from space 660992K, 86% used [0x000000076b480000,0x000000078e3cd740,0x0000000793a00000)
  to   space 727040K, 0% used [0x0000000793a00000,0x0000000793a00000,0x00000007c0000000)
 ParOldGen       total 1396736K, used 800783K [0x00000005cb200000, 0x0000000620600000, 0x0000000719100000)
  object space 1396736K, 57% used [0x00000005cb200000,0x00000005fc003d18,0x0000000620600000)
 Metaspace       used 6576K, capacity 6746K, committed 7040K, reserved 1056768K
  class space    used 731K, capacity 801K, committed 896K, reserved 1048576K
GC Heap History (10 events):
Event: 23.580 GC heap before
{Heap before GC invocations=17 (full 1):
 PSYoungGen      total 1566720K, used 1566704K [0x0000000719100000, 0x00000007a7b80000, 0x00000007c0000000)
  eden space 1120256K, 100% used [0x0000000719100000,0x000000075d700000,0x000000075d700000)
  from space 446464K, 99% used [0x000000075d700000,0x0000000778afc100,0x0000000778b00000)
  to   space 519168K, 0% used [0x0000000788080000,0x0000000788080000,0x00000007a7b80000)
 ParOldGen       total 685568K, used 404634K [0x00000005cb200000, 0x00000005f4f80000, 0x0000000719100000)
  object space 685568K, 59% used [0x00000005cb200000,0x00000005e3d26ab8,0x00000005f4f80000)
 Metaspace       used 6576K, capacity 6746K, committed 7040K, reserved 1056768K
  class space    used 731K, capacity 801K, committed 896K, reserved 1048576K
Event: 23.727 GC heap after
Heap after GC invocations=17 (full 1):
 PSYoungGen      total 1762816K, used 446000K [0x0000000719100000, 0x00000007af580000, 0x00000007c0000000)
  eden space 1243648K, 0% used [0x0000000719100000,0x0000000719100000,0x0000000764f80000)
  from space 519168K, 85% used [0x0000000788080000,0x00000007a340c080,0x00000007a7b80000)
  to   space 574464K, 0% used [0x0000000764f80000,0x0000000764f80000,0x0000000788080000)
 ParOldGen       total 685568K, used 432938K [0x00000005cb200000, 0x00000005f4f80000, 0x0000000719100000)
  object space 685568K, 63% used [0x00000005cb200000,0x00000005e58cab78,0x00000005f4f80000)
 Metaspace       used 6576K, capacity 6746K, committed 7040K, reserved 1056768K
  class space    used 731K, capacity 801K, committed 896K, reserved 1048576K
}
Event: 25.984 GC heap before
{Heap before GC invocations=18 (full 1):
 PSYoungGen      total 1762816K, used 1689648K [0x0000000719100000, 0x00000007af580000, 0x00000007c0000000)
  eden space 1243648K, 100% used [0x0000000719100000,0x0000000764f80000,0x0000000764f80000)
  from space 519168K, 85% used [0x0000000788080000,0x00000007a340c080,0x00000007a7b80000)
  to   space 574464K, 0% used [0x0000000764f80000,0x0000000764f80000,0x0000000788080000)
 ParOldGen       total 685568K, used 432938K [0x00000005cb200000, 0x00000005f4f80000, 0x0000000719100000)
  object space 685568K, 63% used [0x00000005cb200000,0x00000005e58cab78,0x00000005f4f80000)
 Metaspace       used 6576K, capacity 6746K, committed 7040K, reserved 1056768K
  class space    used 731K, capacity 801K, committed 896K, reserved 1048576K
Event: 26.108 GC heap after
Heap after GC invocations=18 (full 1):
 PSYoungGen      total 1818112K, used 457536K [0x0000000719100000, 0x00000007b9900000, 0x00000007c0000000)
  eden space 1243648K, 0% used [0x0000000719100000,0x0000000719100000,0x0000000764f80000)
  from space 574464K, 79% used [0x0000000764f80000,0x0000000780e50070,0x0000000788080000)
  to   space 621568K, 0% used [0x0000000793a00000,0x0000000793a00000,0x00000007b9900000)
 ParOldGen       total 685568K, used 432938K [0x00000005cb200000, 0x00000005f4f80000, 0x0000000719100000)
  object space 685568K, 63% used [0x00000005cb200000,0x00000005e58cab78,0x00000005f4f80000)
 Metaspace       used 6576K, capacity 6746K, committed 7040K, reserved 1056768K
  class space    used 731K, capacity 801K, committed 896K, reserved 1048576K
}
Event: 28.315 GC heap before
{Heap before GC invocations=19 (full 1):
 PSYoungGen      total 1818112K, used 1701184K [0x0000000719100000, 0x00000007b9900000, 0x00000007c0000000)
  eden space 1243648K, 100% used [0x0000000719100000,0x0000000764f80000,0x0000000764f80000)
  from space 574464K, 79% used [0x0000000764f80000,0x0000000780e50070,0x0000000788080000)
  to   space 621568K, 0% used [0x0000000793a00000,0x0000000793a00000,0x00000007b9900000)
 ParOldGen       total 685568K, used 432938K [0x00000005cb200000, 0x00000005f4f80000, 0x0000000719100000)
  object space 685568K, 63% used [0x00000005cb200000,0x00000005e58cab78,0x00000005f4f80000)
 Metaspace       used 6576K, capacity 6746K, committed 7040K, reserved 1056768K
  class space    used 731K, capacity 801K, committed 896K, reserved 1048576K
Event: 28.452 GC heap after
Heap after GC invocations=19 (full 1):
 PSYoungGen      total 1968640K, used 464192K [0x0000000719100000, 0x00000007be900000, 0x00000007c0000000)
  eden space 1347072K, 0% used [0x0000000719100000,0x0000000719100000,0x000000076b480000)
  from space 621568K, 74% used [0x0000000793a00000,0x00000007aff50070,0x00000007b9900000)
  to   space 660992K, 0% used [0x000000076b480000,0x000000076b480000,0x0000000793a00000)
 ParOldGen       total 685568K, used 432938K [0x00000005cb200000, 0x00000005f4f80000, 0x0000000719100000)
  object space 685568K, 63% used [0x00000005cb200000,0x00000005e58cab78,0x00000005f4f80000)
 Metaspace       used 6576K, capacity 6746K, committed 7040K, reserved 1056768K
  class space    used 731K, capacity 801K, committed 896K, reserved 1048576K
}
Event: 43.747 GC heap before
{Heap before GC invocations=20 (full 1):
 PSYoungGen      total 1968640K, used 1811264K [0x0000000719100000, 0x00000007be900000, 0x00000007c0000000)
  eden space 1347072K, 100% used [0x0000000719100000,0x000000076b480000,0x000000076b480000)
  from space 621568K, 74% used [0x0000000793a00000,0x00000007aff50070,0x00000007b9900000)
  to   space 660992K, 0% used [0x000000076b480000,0x000000076b480000,0x0000000793a00000)
 ParOldGen       total 685568K, used 432938K [0x00000005cb200000, 0x00000005f4f80000, 0x0000000719100000)
  object space 685568K, 63% used [0x00000005cb200000,0x00000005e58cab78,0x00000005f4f80000)
 Metaspace       used 6576K, capacity 6746K, committed 7040K, reserved 1056768K
  class space    used 731K, capacity 801K, committed 896K, reserved 1048576K
Event: 44.931 GC heap after
Heap after GC invocations=20 (full 1):
 PSYoungGen      total 2008064K, used 660982K [0x0000000719100000, 0x00000007c0000000, 0x00000007c0000000)
  eden space 1347072K, 0% used [0x0000000719100000,0x0000000719100000,0x000000076b480000)
  from space 660992K, 99% used [0x000000076b480000,0x00000007939fd990,0x0000000793a00000)
  to   space 727040K, 0% used [0x0000000793a00000,0x0000000793a00000,0x00000007c0000000)
 ParOldGen       total 801280K, used 801050K [0x00000005cb200000, 0x00000005fc080000, 0x0000000719100000)
  object space 801280K, 99% used [0x00000005cb200000,0x00000005fc046b78,0x00000005fc080000)
 Metaspace       used 6576K, capacity 6746K, committed 7040K, reserved 1056768K
  class space    used 731K, capacity 801K, committed 896K, reserved 1048576K
}
Event: 44.931 GC heap before
{Heap before GC invocations=21 (full 2):
 PSYoungGen      total 2008064K, used 660982K [0x0000000719100000, 0x00000007c0000000, 0x00000007c0000000)
  eden space 1347072K, 0% used [0x0000000719100000,0x0000000719100000,0x000000076b480000)
  from space 660992K, 99% used [0x000000076b480000,0x00000007939fd990,0x0000000793a00000)
  to   space 727040K, 0% used [0x0000000793a00000,0x0000000793a00000,0x00000007c0000000)
 ParOldGen       total 801280K, used 801050K [0x00000005cb200000, 0x00000005fc080000, 0x0000000719100000)
  object space 801280K, 99% used [0x00000005cb200000,0x00000005fc046b78,0x00000005fc080000)
 Metaspace       used 6576K, capacity 6746K, committed 7040K, reserved 1056768K
  class space    used 731K, capacity 801K, committed 896K, reserved 1048576K
Event: 47.566 GC heap after
Heap after GC invocations=21 (full 2):
 PSYoungGen      total 2008064K, used 572725K [0x0000000719100000, 0x00000007c0000000, 0x00000007c0000000)
  eden space 1347072K, 0% used [0x0000000719100000,0x0000000719100000,0x000000076b480000)
  from space 660992K, 86% used [0x000000076b480000,0x000000078e3cd740,0x0000000793a00000)
  to   space 727040K, 0% used [0x0000000793a00000,0x0000000793a00000,0x00000007c0000000)
 ParOldGen       total 1396736K, used 800783K [0x00000005cb200000, 0x0000000620600000, 0x0000000719100000)
  object space 1396736K, 57% used [0x00000005cb200000,0x00000005fc003d18,0x0000000620600000)
 Metaspace       used 6576K, capacity 6746K, committed 7040K, reserved 1056768K
  class space    used 731K, capacity 801K, committed 896K, reserved 1048576K
}

