# JRE version: Java(TM) SE Runtime Environment (8.0_91-b14) (build 1.8.0_91-b14)
# Java VM: Java HotSpot(TM) 64-Bit Server VM (25.91-b14 mixed mode linux-amd64 compressed oops)
Heap:
 PSYoungGen      total 1823744K, used 553288K [0x0000000719100000, 0x00000007c0000000, 0x00000007c0000000)
  eden space 912384K, 1% used [0x0000000719100000,0x000000071a2ca9a8,0x0000000750c00000)
  from space 911360K, 58% used [0x0000000750c00000,0x00000007716876c8,0x0000000788600000)
  to   space 911360K, 0% used [0x0000000788600000,0x0000000788600000,0x00000007c0000000)
 ParOldGen       total 1672192K, used 1285168K [0x00000005cb200000, 0x0000000631300000, 0x0000000719100000)
  object space 1672192K, 76% used [0x00000005cb200000,0x000000061990c198,0x0000000631300000)
 Metaspace       used 6798K, capacity 6938K, committed 7040K, reserved 1056768K
  class space    used 743K, capacity 801K, committed 896K, reserved 1048576K
GC Heap History (10 events):
Event: 75.852 GC heap before
{Heap before GC invocations=39 (full 4):
 PSYoungGen      total 1823744K, used 993952K [0x0000000719100000, 0x00000007c0000000, 0x00000007c0000000)
  eden space 912384K, 100% used [0x0000000719100000,0x0000000750c00000,0x0000000750c00000)
  from space 911360K, 8% used [0x0000000788600000,0x000000078d5a8000,0x00000007c0000000)
  to   space 911360K, 0% used [0x0000000750c00000,0x0000000750c00000,0x0000000788600000)
 ParOldGen       total 1672192K, used 811920K [0x00000005cb200000, 0x0000000631300000, 0x0000000719100000)
  object space 1672192K, 48% used [0x00000005cb200000,0x00000005fcae4158,0x0000000631300000)
 Metaspace       used 6583K, capacity 6746K, committed 7040K, reserved 1056768K
  class space    used 731K, capacity 801K, committed 896K, reserved 1048576K
Event: 75.923 GC heap after
Heap after GC invocations=39 (full 4):
 PSYoungGen      total 1823744K, used 23616K [0x0000000719100000, 0x00000007c0000000, 0x00000007c0000000)
  eden space 912384K, 0% used [0x0000000719100000,0x0000000719100000,0x0000000750c00000)
  from space 911360K, 2% used [0x0000000750c00000,0x0000000752310000,0x0000000788600000)
  to   space 911360K, 0% used [0x0000000788600000,0x0000000788600000,0x00000007c0000000)
 ParOldGen       total 1672192K, used 893552K [0x00000005cb200000, 0x0000000631300000, 0x0000000719100000)
  object space 1672192K, 53% used [0x00000005cb200000,0x0000000601a9c158,0x0000000631300000)
 Metaspace       used 6583K, capacity 6746K, committed 7040K, reserved 1056768K
  class space    used 731K, capacity 801K, committed 896K, reserved 1048576K
}
Event: 79.020 GC heap before
{Heap before GC invocations=40 (full 4):
 PSYoungGen      total 1823744K, used 936000K [0x0000000719100000, 0x00000007c0000000, 0x00000007c0000000)
  eden space 912384K, 100% used [0x0000000719100000,0x0000000750c00000,0x0000000750c00000)
  from space 911360K, 2% used [0x0000000750c00000,0x0000000752310000,0x0000000788600000)
  to   space 911360K, 0% used [0x0000000788600000,0x0000000788600000,0x00000007c0000000)
 ParOldGen       total 1672192K, used 893552K [0x00000005cb200000, 0x0000000631300000, 0x0000000719100000)
  object space 1672192K, 53% used [0x00000005cb200000,0x0000000601a9c158,0x0000000631300000)
 Metaspace       used 6583K, capacity 6746K, committed 7040K, reserved 1056768K
  class space    used 731K, capacity 801K, committed 896K, reserved 1048576K
Event: 79.123 GC heap after
Heap after GC invocations=40 (full 4):
 PSYoungGen      total 1823744K, used 153888K [0x0000000719100000, 0x00000007c0000000, 0x00000007c0000000)
  eden space 912384K, 0% used [0x0000000719100000,0x0000000719100000,0x0000000750c00000)
  from space 911360K, 16% used [0x0000000788600000,0x0000000791c48030,0x00000007c0000000)
  to   space 911360K, 0% used [0x0000000750c00000,0x0000000750c00000,0x0000000788600000)
 ParOldGen       total 1672192K, used 917128K [0x00000005cb200000, 0x0000000631300000, 0x0000000719100000)
  object space 1672192K, 54% used [0x00000005cb200000,0x00000006031a2158,0x0000000631300000)
 Metaspace       used 6583K, capacity 6746K, committed 7040K, reserved 1056768K
  class space    used 731K, capacity 801K, committed 896K, reserved 1048576K
}
Event: 80.586 GC heap before
{Heap before GC invocations=41 (full 4):
 PSYoungGen      total 1823744K, used 1066272K [0x0000000719100000, 0x00000007c0000000, 0x00000007c0000000)
  eden space 912384K, 100% used [0x0000000719100000,0x0000000750c00000,0x0000000750c00000)
  from space 911360K, 16% used [0x0000000788600000,0x0000000791c48030,0x00000007c0000000)
  to   space 911360K, 0% used [0x0000000750c00000,0x0000000750c00000,0x0000000788600000)
 ParOldGen       total 1672192K, used 917128K [0x00000005cb200000, 0x0000000631300000, 0x0000000719100000)
  object space 1672192K, 54% used [0x00000005cb200000,0x00000006031a2158,0x0000000631300000)
 Metaspace       used 6586K, capacity 6746K, committed 7040K, reserved 1056768K
  class space    used 731K, capacity 801K, committed 896K, reserved 1048576K
Event: 80.664 GC heap after
Heap after GC invocations=41 (full 4):
 PSYoungGen      total 1823744K, used 239040K [0x0000000719100000, 0x00000007c0000000, 0x00000007c0000000)
  eden space 912384K, 0% used [0x0000000719100000,0x0000000719100000,0x0000000750c00000)
  from space 911360K, 26% used [0x0000000750c00000,0x000000075f570030,0x0000000788600000)
  to   space 911360K, 0% used [0x0000000788600000,0x0000000788600000,0x00000007c0000000)
 ParOldGen       total 1672192K, used 970040K [0x00000005cb200000, 0x0000000631300000, 0x0000000719100000)
  object space 1672192K, 58% used [0x00000005cb200000,0x000000060654e168,0x0000000631300000)
 Metaspace       used 6586K, capacity 6746K, committed 7040K, reserved 1056768K
  class space    used 731K, capacity 801K, committed 896K, reserved 1048576K
}
Event: 80.966 GC heap before
{Heap before GC invocations=42 (full 4):
 PSYoungGen      total 1823744K, used 1151424K [0x0000000719100000, 0x00000007c0000000, 0x00000007c0000000)
  eden space 912384K, 100% used [0x0000000719100000,0x0000000750c00000,0x0000000750c00000)
  from space 911360K, 26% used [0x0000000750c00000,0x000000075f570030,0x0000000788600000)
  to   space 911360K, 0% used [0x0000000788600000,0x0000000788600000,0x00000007c0000000)
 ParOldGen       total 1672192K, used 970040K [0x00000005cb200000, 0x0000000631300000, 0x0000000719100000)
  object space 1672192K, 58% used [0x00000005cb200000,0x000000060654e168,0x0000000631300000)
 Metaspace       used 6586K, capacity 6746K, committed 7040K, reserved 1056768K
  class space    used 731K, capacity 801K, committed 896K, reserved 1048576K
Event: 81.035 GC heap after
Heap after GC invocations=42 (full 4):
 PSYoungGen      total 1823744K, used 151584K [0x0000000719100000, 0x00000007c0000000, 0x00000007c0000000)
  eden space 912384K, 0% used [0x0000000719100000,0x0000000719100000,0x0000000750c00000)
  from space 911360K, 16% used [0x0000000788600000,0x0000000791a08010,0x00000007c0000000)
  to   space 911360K, 0% used [0x0000000750c00000,0x0000000750c00000,0x0000000788600000)
 ParOldGen       total 1672192K, used 1133608K [0x00000005cb200000, 0x0000000631300000, 0x0000000719100000)
  object space 1672192K, 67% used [0x00000005cb200000,0x000000061050a188,0x0000000631300000)
 Metaspace       used 6586K, capacity 6746K, committed 7040K, reserved 1056768K
  class space    used 731K, capacity 801K, committed 896K, reserved 1048576K
}
Event: 87.157 GC heap before
{Heap before GC invocations=43 (full 4):
 PSYoungGen      total 1823744K, used 1063968K [0x0000000719100000, 0x00000007c0000000, 0x00000007c0000000)
  eden space 912384K, 100% used [0x0000000719100000,0x0000000750c00000,0x0000000750c00000)
  from space 911360K, 16% used [0x0000000788600000,0x0000000791a08010,0x00000007c0000000)
  to   space 911360K, 0% used [0x0000000750c00000,0x0000000750c00000,0x0000000788600000)
 ParOldGen       total 1672192K, used 1133608K [0x00000005cb200000, 0x0000000631300000, 0x0000000719100000)
  object space 1672192K, 67% used [0x00000005cb200000,0x000000061050a188,0x0000000631300000)
 Metaspace       used 6798K, capacity 6938K, committed 7040K, reserved 1056768K
  class space    used 743K, capacity 801K, committed 896K, reserved 1048576K
Event: 87.595 GC heap after
Heap after GC invocations=43 (full 4):
 PSYoungGen      total 1823744K, used 535069K [0x0000000719100000, 0x00000007c0000000, 0x00000007c0000000)
  eden space 912384K, 0% used [0x0000000719100000,0x0000000719100000,0x0000000750c00000)
  from space 911360K, 58% used [0x0000000750c00000,0x00000007716876c8,0x0000000788600000)
  to   space 911360K, 0% used [0x0000000788600000,0x0000000788600000,0x00000007c0000000)
 ParOldGen       total 1672192K, used 1285168K [0x00000005cb200000, 0x0000000631300000, 0x0000000719100000)
  object space 1672192K, 76% used [0x00000005cb200000,0x000000061990c198,0x0000000631300000)
 Metaspace       used 6798K, capacity 6938K, committed 7040K, reserved 1056768K
  class space    used 743K, capacity 801K, committed 896K, reserved 1048576K
}

