# JRE version: Java(TM) SE Runtime Environment (8.0_91-b14) (build 1.8.0_91-b14)
# Java VM: Java HotSpot(TM) 64-Bit Server VM (25.91-b14 mixed mode linux-amd64 compressed oops)
Heap:
 PSYoungGen      total 1847808K, used 360914K [0x0000000719100000, 0x00000007bd980000, 0x00000007c0000000)
  eden space 977408K, 1% used [0x0000000719100000,0x000000071a3fcb48,0x0000000754b80000)
  from space 870400K, 39% used [0x0000000786e80000,0x000000079bbf8010,0x00000007bc080000)
  to   space 822272K, 0% used [0x0000000754b80000,0x0000000754b80000,0x0000000786e80000)
 ParOldGen       total 1538560K, used 1021022K [0x00000005cb200000, 0x0000000629080000, 0x0000000719100000)
  object space 1538560K, 66% used [0x00000005cb200000,0x0000000609717970,0x0000000629080000)
 Metaspace       used 6787K, capacity 6938K, committed 7040K, reserved 1056768K
  class space    used 743K, capacity 801K, committed 896K, reserved 1048576K
GC Heap History (10 events):
Event: 79.753 GC heap before
{Heap before GC invocations=33 (full 3):
 PSYoungGen      total 1528320K, used 1528064K [0x0000000719100000, 0x00000007c0000000, 0x00000007c0000000)
  eden space 934912K, 100% used [0x0000000719100000,0x0000000752200000,0x0000000752200000)
  from space 593408K, 99% used [0x0000000752200000,0x0000000776540050,0x0000000776580000)
  to   space 911360K, 0% used [0x0000000788600000,0x0000000788600000,0x00000007c0000000)
 ParOldGen       total 1538560K, used 861182K [0x00000005cb200000, 0x0000000629080000, 0x0000000719100000)
  object space 1538560K, 55% used [0x00000005cb200000,0x00000005ffaff950,0x0000000629080000)
 Metaspace       used 6566K, capacity 6746K, committed 7040K, reserved 1056768K
  class space    used 731K, capacity 801K, committed 896K, reserved 1048576K
Event: 79.906 GC heap after
Heap after GC invocations=33 (full 3):
 PSYoungGen      total 1823744K, used 606432K [0x0000000719100000, 0x00000007c0000000, 0x00000007c0000000)
  eden space 912384K, 0% used [0x0000000719100000,0x0000000719100000,0x0000000750c00000)
  from space 911360K, 66% used [0x0000000788600000,0x00000007ad638060,0x00000007c0000000)
  to   space 911360K, 0% used [0x0000000750c00000,0x0000000750c00000,0x0000000788600000)
 ParOldGen       total 1538560K, used 861182K [0x00000005cb200000, 0x0000000629080000, 0x0000000719100000)
  object space 1538560K, 55% used [0x00000005cb200000,0x00000005ffaff950,0x0000000629080000)
 Metaspace       used 6566K, capacity 6746K, committed 7040K, reserved 1056768K
  class space    used 731K, capacity 801K, committed 896K, reserved 1048576K
}
Event: 81.312 GC heap before
{Heap before GC invocations=34 (full 3):
 PSYoungGen      total 1823744K, used 1470862K [0x0000000719100000, 0x00000007c0000000, 0x00000007c0000000)
  eden space 912384K, 94% used [0x0000000719100000,0x000000074dd2b7e8,0x0000000750c00000)
  from space 911360K, 66% used [0x0000000788600000,0x00000007ad638060,0x00000007c0000000)
  to   space 911360K, 0% used [0x0000000750c00000,0x0000000750c00000,0x0000000788600000)
 ParOldGen       total 1538560K, used 861182K [0x00000005cb200000, 0x0000000629080000, 0x0000000719100000)
  object space 1538560K, 55% used [0x00000005cb200000,0x00000005ffaff950,0x0000000629080000)
 Metaspace       used 6573K, capacity 6746K, committed 7040K, reserved 1056768K
  class space    used 731K, capacity 801K, committed 896K, reserved 1048576K
Event: 81.382 GC heap after
Heap after GC invocations=34 (full 3):
 PSYoungGen      total 1823744K, used 270240K [0x0000000719100000, 0x00000007c0000000, 0x00000007c0000000)
  eden space 912384K, 0% used [0x0000000719100000,0x0000000719100000,0x0000000750c00000)
  from space 911360K, 29% used [0x0000000750c00000,0x00000007613e8050,0x0000000788600000)
  to   space 911360K, 0% used [0x0000000788600000,0x0000000788600000,0x00000007c0000000)
 ParOldGen       total 1538560K, used 878878K [0x00000005cb200000, 0x0000000629080000, 0x0000000719100000)
  object space 1538560K, 57% used [0x00000005cb200000,0x0000000600c47950,0x0000000629080000)
 Metaspace       used 6573K, capacity 6746K, committed 7040K, reserved 1056768K
  class space    used 731K, capacity 801K, committed 896K, reserved 1048576K
}
Event: 81.619 GC heap before
{Heap before GC invocations=35 (full 3):
 PSYoungGen      total 1823744K, used 1182624K [0x0000000719100000, 0x00000007c0000000, 0x00000007c0000000)
  eden space 912384K, 100% used [0x0000000719100000,0x0000000750c00000,0x0000000750c00000)
  from space 911360K, 29% used [0x0000000750c00000,0x00000007613e8050,0x0000000788600000)
  to   space 911360K, 0% used [0x0000000788600000,0x0000000788600000,0x00000007c0000000)
 ParOldGen       total 1538560K, used 878878K [0x00000005cb200000, 0x0000000629080000, 0x0000000719100000)
  object space 1538560K, 57% used [0x00000005cb200000,0x0000000600c47950,0x0000000629080000)
 Metaspace       used 6573K, capacity 6746K, committed 7040K, reserved 1056768K
  class space    used 731K, capacity 801K, committed 896K, reserved 1048576K
Event: 81.689 GC heap after
Heap after GC invocations=35 (full 3):
 PSYoungGen      total 1812480K, used 205483K [0x0000000719100000, 0x00000007bf500000, 0x00000007c0000000)
  eden space 912384K, 0% used [0x0000000719100000,0x0000000719100000,0x0000000750c00000)
  from space 900096K, 22% used [0x0000000788600000,0x0000000794eaae80,0x00000007bf500000)
  to   space 905728K, 0% used [0x0000000750c00000,0x0000000750c00000,0x0000000788080000)
 ParOldGen       total 1538560K, used 1021014K [0x00000005cb200000, 0x0000000629080000, 0x0000000719100000)
  object space 1538560K, 66% used [0x00000005cb200000,0x0000000609715970,0x0000000629080000)
 Metaspace       used 6573K, capacity 6746K, committed 7040K, reserved 1056768K
  class space    used 731K, capacity 801K, committed 896K, reserved 1048576K
}
Event: 81.974 GC heap before
{Heap before GC invocations=36 (full 3):
 PSYoungGen      total 1812480K, used 1117867K [0x0000000719100000, 0x00000007bf500000, 0x00000007c0000000)
  eden space 912384K, 100% used [0x0000000719100000,0x0000000750c00000,0x0000000750c00000)
  from space 900096K, 22% used [0x0000000788600000,0x0000000794eaae80,0x00000007bf500000)
  to   space 905728K, 0% used [0x0000000750c00000,0x0000000750c00000,0x0000000788080000)
 ParOldGen       total 1538560K, used 1021014K [0x00000005cb200000, 0x0000000629080000, 0x0000000719100000)
  object space 1538560K, 66% used [0x00000005cb200000,0x0000000609715970,0x0000000629080000)
 Metaspace       used 6573K, capacity 6746K, committed 7040K, reserved 1056768K
  class space    used 731K, capacity 801K, committed 896K, reserved 1048576K
Event: 82.003 GC heap after
Heap after GC invocations=36 (full 3):
 PSYoungGen      total 1173504K, used 260811K [0x0000000719100000, 0x00000007bc080000, 0x00000007c0000000)
  eden space 912384K, 0% used [0x0000000719100000,0x0000000719100000,0x0000000750c00000)
  from space 261120K, 99% used [0x0000000750c00000,0x0000000760ab2e80,0x0000000760b00000)
  to   space 870400K, 0% used [0x0000000786e80000,0x0000000786e80000,0x00000007bc080000)
 ParOldGen       total 1538560K, used 1021014K [0x00000005cb200000, 0x0000000629080000, 0x0000000719100000)
  object space 1538560K, 66% used [0x00000005cb200000,0x0000000609715970,0x0000000629080000)
 Metaspace       used 6573K, capacity 6746K, committed 7040K, reserved 1056768K
  class space    used 731K, capacity 801K, committed 896K, reserved 1048576K
}
Event: 87.667 GC heap before
{Heap before GC invocations=37 (full 3):
 PSYoungGen      total 1173504K, used 1173195K [0x0000000719100000, 0x00000007bc080000, 0x00000007c0000000)
  eden space 912384K, 100% used [0x0000000719100000,0x0000000750c00000,0x0000000750c00000)
  from space 261120K, 99% used [0x0000000750c00000,0x0000000760ab2e80,0x0000000760b00000)
  to   space 870400K, 0% used [0x0000000786e80000,0x0000000786e80000,0x00000007bc080000)
 ParOldGen       total 1538560K, used 1021014K [0x00000005cb200000, 0x0000000629080000, 0x0000000719100000)
  object space 1538560K, 66% used [0x00000005cb200000,0x0000000609715970,0x0000000629080000)
 Metaspace       used 6787K, capacity 6938K, committed 7040K, reserved 1056768K
  class space    used 743K, capacity 801K, committed 896K, reserved 1048576K
Event: 88.027 GC heap after
Heap after GC invocations=37 (full 3):
 PSYoungGen      total 1847808K, used 341472K [0x0000000719100000, 0x00000007bd980000, 0x00000007c0000000)
  eden space 977408K, 0% used [0x0000000719100000,0x0000000719100000,0x0000000754b80000)
  from space 870400K, 39% used [0x0000000786e80000,0x000000079bbf8010,0x00000007bc080000)
  to   space 822272K, 0% used [0x0000000754b80000,0x0000000754b80000,0x0000000786e80000)
 ParOldGen       total 1538560K, used 1021022K [0x00000005cb200000, 0x0000000629080000, 0x0000000719100000)
  object space 1538560K, 66% used [0x00000005cb200000,0x0000000609717970,0x0000000629080000)
 Metaspace       used 6787K, capacity 6938K, committed 7040K, reserved 1056768K
  class space    used 743K, capacity 801K, committed 896K, reserved 1048576K
}

