# JRE version: Java(TM) SE Runtime Environment (8.0_91-b14) (build 1.8.0_91-b14)
# Java VM: Java HotSpot(TM) 64-Bit Server VM (25.91-b14 mixed mode linux-amd64 compressed oops)
Heap:
 PSYoungGen      total 1580032K, used 42595K [0x0000000719100000, 0x00000007c0000000, 0x00000007c0000000)
  eden space 1070080K, 3% used [0x0000000719100000,0x000000071ba98d28,0x000000075a600000)
  from space 509952K, 0% used [0x00000007a0e00000,0x00000007a0e00000,0x00000007c0000000)
  to   space 832512K, 0% used [0x000000075a600000,0x000000075a600000,0x000000078d300000)
 ParOldGen       total 2070528K, used 1197136K [0x00000005cb200000, 0x0000000649800000, 0x0000000719100000)
  object space 2070528K, 57% used [0x00000005cb200000,0x0000000614314238,0x0000000649800000)
 Metaspace       used 6783K, capacity 6938K, committed 7040K, reserved 1056768K
  class space    used 743K, capacity 801K, committed 896K, reserved 1048576K
GC Heap History (10 events):
Event: 38.787 GC heap before
{Heap before GC invocations=17 (full 2):
 PSYoungGen      total 2188288K, used 2168480K [0x0000000719100000, 0x00000007c0000000, 0x00000007c0000000)
  eden space 1850368K, 100% used [0x0000000719100000,0x000000078a000000,0x000000078a000000)
  from space 337920K, 94% used [0x00000007ab600000,0x00000007beca8030,0x00000007c0000000)
  to   space 442368K, 0% used [0x000000078a000000,0x000000078a000000,0x00000007a5000000)
 ParOldGen       total 1161216K, used 754856K [0x00000005cb200000, 0x0000000612000000, 0x0000000719100000)
  object space 1161216K, 65% used [0x00000005cb200000,0x00000005f932a3d8,0x0000000612000000)
 Metaspace       used 6575K, capacity 6746K, committed 7040K, reserved 1056768K
  class space    used 731K, capacity 801K, committed 896K, reserved 1048576K
Event: 38.933 GC heap after
Heap after GC invocations=17 (full 2):
 PSYoungGen      total 2292736K, used 442336K [0x0000000719100000, 0x00000007c0000000, 0x00000007c0000000)
  eden space 1850368K, 0% used [0x0000000719100000,0x0000000719100000,0x000000078a000000)
  from space 442368K, 99% used [0x000000078a000000,0x00000007a4ff8040,0x00000007a5000000)
  to   space 442368K, 0% used [0x00000007a5000000,0x00000007a5000000,0x00000007c0000000)
 ParOldGen       total 1161216K, used 760104K [0x00000005cb200000, 0x0000000612000000, 0x0000000719100000)
  object space 1161216K, 65% used [0x00000005cb200000,0x00000005f984a3d8,0x0000000612000000)
 Metaspace       used 6575K, capacity 6746K, committed 7040K, reserved 1056768K
  class space    used 731K, capacity 801K, committed 896K, reserved 1048576K
}
Event: 42.127 GC heap before
{Heap before GC invocations=18 (full 2):
 PSYoungGen      total 2292736K, used 2292704K [0x0000000719100000, 0x00000007c0000000, 0x00000007c0000000)
  eden space 1850368K, 100% used [0x0000000719100000,0x000000078a000000,0x000000078a000000)
  from space 442368K, 99% used [0x000000078a000000,0x00000007a4ff8040,0x00000007a5000000)
  to   space 442368K, 0% used [0x00000007a5000000,0x00000007a5000000,0x00000007c0000000)
 ParOldGen       total 1161216K, used 760104K [0x00000005cb200000, 0x0000000612000000, 0x0000000719100000)
  object space 1161216K, 65% used [0x00000005cb200000,0x00000005f984a3d8,0x0000000612000000)
 Metaspace       used 6575K, capacity 6746K, committed 7040K, reserved 1056768K
  class space    used 731K, capacity 801K, committed 896K, reserved 1048576K
Event: 42.281 GC heap after
Heap after GC invocations=18 (full 2):
 PSYoungGen      total 2101248K, used 344800K [0x0000000719100000, 0x00000007c0000000, 0x00000007c0000000)
  eden space 1658880K, 0% used [0x0000000719100000,0x0000000719100000,0x000000077e500000)
  from space 442368K, 77% used [0x00000007a5000000,0x00000007ba0b8030,0x00000007c0000000)
  to   space 538112K, 0% used [0x000000077e500000,0x000000077e500000,0x000000079f280000)
 ParOldGen       total 1161216K, used 935232K [0x00000005cb200000, 0x0000000612000000, 0x0000000719100000)
  object space 1161216K, 80% used [0x00000005cb200000,0x00000006043503e8,0x0000000612000000)
 Metaspace       used 6575K, capacity 6746K, committed 7040K, reserved 1056768K
  class space    used 731K, capacity 801K, committed 896K, reserved 1048576K
}
Event: 44.813 GC heap before
{Heap before GC invocations=19 (full 2):
 PSYoungGen      total 2101248K, used 1947188K [0x0000000719100000, 0x00000007c0000000, 0x00000007c0000000)
  eden space 1658880K, 96% used [0x0000000719100000,0x000000077add51b0,0x000000077e500000)
  from space 442368K, 77% used [0x00000007a5000000,0x00000007ba0b8030,0x00000007c0000000)
  to   space 538112K, 0% used [0x000000077e500000,0x000000077e500000,0x000000079f280000)
 ParOldGen       total 1161216K, used 935232K [0x00000005cb200000, 0x0000000612000000, 0x0000000719100000)
  object space 1161216K, 80% used [0x00000005cb200000,0x00000006043503e8,0x0000000612000000)
 Metaspace       used 6578K, capacity 6746K, committed 7040K, reserved 1056768K
  class space    used 731K, capacity 801K, committed 896K, reserved 1048576K
Event: 44.858 GC heap after
Heap after GC invocations=19 (full 2):
 PSYoungGen      total 2196992K, used 194592K [0x0000000719100000, 0x00000007c0000000, 0x00000007c0000000)
  eden space 1658880K, 0% used [0x0000000719100000,0x0000000719100000,0x000000077e500000)
  from space 538112K, 36% used [0x000000077e500000,0x000000078a308050,0x000000079f280000)
  to   space 509952K, 0% used [0x00000007a0e00000,0x00000007a0e00000,0x00000007c0000000)
 ParOldGen       total 1161216K, used 935232K [0x00000005cb200000, 0x0000000612000000, 0x0000000719100000)
  object space 1161216K, 80% used [0x00000005cb200000,0x00000006043503e8,0x0000000612000000)
 Metaspace       used 6578K, capacity 6746K, committed 7040K, reserved 1056768K
  class space    used 731K, capacity 801K, committed 896K, reserved 1048576K
}
Event: 65.134 GC heap before
{Heap before GC invocations=20 (full 2):
 PSYoungGen      total 2196992K, used 1853472K [0x0000000719100000, 0x00000007c0000000, 0x00000007c0000000)
  eden space 1658880K, 100% used [0x0000000719100000,0x000000077e500000,0x000000077e500000)
  from space 538112K, 36% used [0x000000077e500000,0x000000078a308050,0x000000079f280000)
  to   space 509952K, 0% used [0x00000007a0e00000,0x00000007a0e00000,0x00000007c0000000)
 ParOldGen       total 1161216K, used 935232K [0x00000005cb200000, 0x0000000612000000, 0x0000000719100000)
  object space 1161216K, 80% used [0x00000005cb200000,0x00000006043503e8,0x0000000612000000)
 Metaspace       used 6783K, capacity 6938K, committed 7040K, reserved 1056768K
  class space    used 743K, capacity 801K, committed 896K, reserved 1048576K
Event: 66.839 GC heap after
Heap after GC invocations=20 (full 2):
 PSYoungGen      total 1580032K, used 509920K [0x0000000719100000, 0x00000007c0000000, 0x00000007c0000000)
  eden space 1070080K, 0% used [0x0000000719100000,0x0000000719100000,0x000000075a600000)
  from space 509952K, 99% used [0x00000007a0e00000,0x00000007bfff8030,0x00000007c0000000)
  to   space 832512K, 0% used [0x000000075a600000,0x000000075a600000,0x000000078d300000)
 ParOldGen       total 1591808K, used 1591592K [0x00000005cb200000, 0x000000062c480000, 0x0000000719100000)
  object space 1591808K, 99% used [0x00000005cb200000,0x000000062c44a3e8,0x000000062c480000)
 Metaspace       used 6783K, capacity 6938K, committed 7040K, reserved 1056768K
  class space    used 743K, capacity 801K, committed 896K, reserved 1048576K
}
Event: 66.839 GC heap before
{Heap before GC invocations=21 (full 3):
 PSYoungGen      total 1580032K, used 509920K [0x0000000719100000, 0x00000007c0000000, 0x00000007c0000000)
  eden space 1070080K, 0% used [0x0000000719100000,0x0000000719100000,0x000000075a600000)
  from space 509952K, 99% used [0x00000007a0e00000,0x00000007bfff8030,0x00000007c0000000)
  to   space 832512K, 0% used [0x000000075a600000,0x000000075a600000,0x000000078d300000)
 ParOldGen       total 1591808K, used 1591592K [0x00000005cb200000, 0x000000062c480000, 0x0000000719100000)
  object space 1591808K, 99% used [0x00000005cb200000,0x000000062c44a3e8,0x000000062c480000)
 Metaspace       used 6783K, capacity 6938K, committed 7040K, reserved 1056768K
  class space    used 743K, capacity 801K, committed 896K, reserved 1048576K
Event: 70.187 GC heap after
Heap after GC invocations=21 (full 3):
 PSYoungGen      total 1580032K, used 0K [0x0000000719100000, 0x00000007c0000000, 0x00000007c0000000)
  eden space 1070080K, 0% used [0x0000000719100000,0x0000000719100000,0x000000075a600000)
  from space 509952K, 0% used [0x00000007a0e00000,0x00000007a0e00000,0x00000007c0000000)
  to   space 832512K, 0% used [0x000000075a600000,0x000000075a600000,0x000000078d300000)
 ParOldGen       total 2070528K, used 1197136K [0x00000005cb200000, 0x0000000649800000, 0x0000000719100000)
  object space 2070528K, 57% used [0x00000005cb200000,0x0000000614314238,0x0000000649800000)
 Metaspace       used 6783K, capacity 6938K, committed 7040K, reserved 1056768K
  class space    used 743K, capacity 801K, committed 896K, reserved 1048576K
}

