# JRE version: Java(TM) SE Runtime Environment (8.0_91-b14) (build 1.8.0_91-b14)
# Java VM: Java HotSpot(TM) 64-Bit Server VM (25.91-b14 mixed mode linux-amd64 compressed oops)
Heap:
 PSYoungGen      total 1360896K, used 121090K [0x0000000719100000, 0x00000007a1400000, 0x00000007c0000000)
  eden space 967680K, 1% used [0x0000000719100000,0x000000071a3e5188,0x0000000754200000)
  from space 393216K, 25% used [0x0000000775f80000,0x000000077c2db808,0x000000078df80000)
  to   space 554496K, 0% used [0x0000000754200000,0x0000000754200000,0x0000000775f80000)
 ParOldGen       total 1205248K, used 713945K [0x00000005cb200000, 0x0000000614b00000, 0x0000000719100000)
  object space 1205248K, 59% used [0x00000005cb200000,0x00000005f6b365c8,0x0000000614b00000)
 Metaspace       used 6648K, capacity 6810K, committed 7040K, reserved 1056768K
  class space    used 739K, capacity 801K, committed 896K, reserved 1048576K
GC Heap History (10 events):
Event: 14.743 GC heap before
{Heap before GC invocations=12 (full 1):
 PSYoungGen      total 1013760K, used 984672K [0x0000000719100000, 0x000000076bf80000, 0x00000007c0000000)
  eden space 754688K, 100% used [0x0000000719100000,0x0000000747200000,0x0000000747200000)
  from space 259072K, 88% used [0x0000000758880000,0x00000007669180c0,0x0000000768580000)
  to   space 285184K, 0% used [0x0000000747200000,0x0000000747200000,0x0000000758880000)
 ParOldGen       total 635904K, used 436623K [0x00000005cb200000, 0x00000005f1f00000, 0x0000000719100000)
  object space 635904K, 68% used [0x00000005cb200000,0x00000005e5c63c60,0x00000005f1f00000)
 Metaspace       used 6648K, capacity 6810K, committed 7040K, reserved 1056768K
  class space    used 739K, capacity 801K, committed 896K, reserved 1048576K
Event: 14.831 GC heap after
Heap after GC invocations=12 (full 1):
 PSYoungGen      total 1039872K, used 246416K [0x0000000719100000, 0x0000000778980000, 0x00000007c0000000)
  eden space 754688K, 0% used [0x0000000719100000,0x0000000719100000,0x0000000747200000)
  from space 285184K, 86% used [0x0000000747200000,0x00000007562a4100,0x0000000758880000)
  to   space 311808K, 0% used [0x0000000765900000,0x0000000765900000,0x0000000778980000)
 ParOldGen       total 635904K, used 436623K [0x00000005cb200000, 0x00000005f1f00000, 0x0000000719100000)
  object space 635904K, 68% used [0x00000005cb200000,0x00000005e5c63c60,0x00000005f1f00000)
 Metaspace       used 6648K, capacity 6810K, committed 7040K, reserved 1056768K
  class space    used 739K, capacity 801K, committed 896K, reserved 1048576K
}
Event: 15.692 GC heap before
{Heap before GC invocations=13 (full 1):
 PSYoungGen      total 1039872K, used 1001104K [0x0000000719100000, 0x0000000778980000, 0x00000007c0000000)
  eden space 754688K, 100% used [0x0000000719100000,0x0000000747200000,0x0000000747200000)
  from space 285184K, 86% used [0x0000000747200000,0x00000007562a4100,0x0000000758880000)
  to   space 311808K, 0% used [0x0000000765900000,0x0000000765900000,0x0000000778980000)
 ParOldGen       total 635904K, used 436623K [0x00000005cb200000, 0x00000005f1f00000, 0x0000000719100000)
  object space 635904K, 68% used [0x00000005cb200000,0x00000005e5c63c60,0x00000005f1f00000)
 Metaspace       used 6648K, capacity 6810K, committed 7040K, reserved 1056768K
  class space    used 739K, capacity 801K, committed 896K, reserved 1048576K
Event: 15.800 GC heap after
Heap after GC invocations=13 (full 1):
 PSYoungGen      total 1213440K, used 297888K [0x0000000719100000, 0x000000077da80000, 0x00000007c0000000)
  eden space 901632K, 0% used [0x0000000719100000,0x0000000719100000,0x0000000750180000)
  from space 311808K, 95% used [0x0000000765900000,0x0000000777be80d0,0x0000000778980000)
  to   space 351744K, 0% used [0x0000000750180000,0x0000000750180000,0x0000000765900000)
 ParOldGen       total 635904K, used 436623K [0x00000005cb200000, 0x00000005f1f00000, 0x0000000719100000)
  object space 635904K, 68% used [0x00000005cb200000,0x00000005e5c63c60,0x00000005f1f00000)
 Metaspace       used 6648K, capacity 6810K, committed 7040K, reserved 1056768K
  class space    used 739K, capacity 801K, committed 896K, reserved 1048576K
}
Event: 16.702 GC heap before
{Heap before GC invocations=14 (full 1):
 PSYoungGen      total 1213440K, used 1199520K [0x0000000719100000, 0x000000077da80000, 0x00000007c0000000)
  eden space 901632K, 100% used [0x0000000719100000,0x0000000750180000,0x0000000750180000)
  from space 311808K, 95% used [0x0000000765900000,0x0000000777be80d0,0x0000000778980000)
  to   space 351744K, 0% used [0x0000000750180000,0x0000000750180000,0x0000000765900000)
 ParOldGen       total 635904K, used 436623K [0x00000005cb200000, 0x00000005f1f00000, 0x0000000719100000)
  object space 635904K, 68% used [0x00000005cb200000,0x00000005e5c63c60,0x00000005f1f00000)
 Metaspace       used 6648K, capacity 6810K, committed 7040K, reserved 1056768K
  class space    used 739K, capacity 801K, committed 896K, reserved 1048576K
Event: 16.806 GC heap after
Heap after GC invocations=14 (full 1):
 PSYoungGen      total 1253376K, used 323776K [0x0000000719100000, 0x000000078df80000, 0x00000007c0000000)
  eden space 901632K, 0% used [0x0000000719100000,0x0000000719100000,0x0000000750180000)
  from space 351744K, 92% used [0x0000000750180000,0x0000000763db00d0,0x0000000765900000)
  to   space 393216K, 0% used [0x0000000775f80000,0x0000000775f80000,0x000000078df80000)
 ParOldGen       total 635904K, used 436623K [0x00000005cb200000, 0x00000005f1f00000, 0x0000000719100000)
  object space 635904K, 68% used [0x00000005cb200000,0x00000005e5c63c60,0x00000005f1f00000)
 Metaspace       used 6648K, capacity 6810K, committed 7040K, reserved 1056768K
  class space    used 739K, capacity 801K, committed 896K, reserved 1048576K
}
Event: 24.546 GC heap before
{Heap before GC invocations=15 (full 1):
 PSYoungGen      total 1253376K, used 1225408K [0x0000000719100000, 0x000000078df80000, 0x00000007c0000000)
  eden space 901632K, 100% used [0x0000000719100000,0x0000000750180000,0x0000000750180000)
  from space 351744K, 92% used [0x0000000750180000,0x0000000763db00d0,0x0000000765900000)
  to   space 393216K, 0% used [0x0000000775f80000,0x0000000775f80000,0x000000078df80000)
 ParOldGen       total 635904K, used 436623K [0x00000005cb200000, 0x00000005f1f00000, 0x0000000719100000)
  object space 635904K, 68% used [0x00000005cb200000,0x00000005e5c63c60,0x00000005f1f00000)
 Metaspace       used 6648K, capacity 6810K, committed 7040K, reserved 1056768K
  class space    used 739K, capacity 801K, committed 896K, reserved 1048576K
Event: 25.237 GC heap after
Heap after GC invocations=15 (full 1):
 PSYoungGen      total 1360896K, used 393194K [0x0000000719100000, 0x00000007a1400000, 0x00000007c0000000)
  eden space 967680K, 0% used [0x0000000719100000,0x0000000719100000,0x0000000754200000)
  from space 393216K, 99% used [0x0000000775f80000,0x000000078df7a9b0,0x000000078df80000)
  to   space 554496K, 0% used [0x0000000754200000,0x0000000754200000,0x0000000775f80000)
 ParOldGen       total 714240K, used 713783K [0x00000005cb200000, 0x00000005f6b80000, 0x0000000719100000)
  object space 714240K, 99% used [0x00000005cb200000,0x00000005f6b0dc60,0x00000005f6b80000)
 Metaspace       used 6648K, capacity 6810K, committed 7040K, reserved 1056768K
  class space    used 739K, capacity 801K, committed 896K, reserved 1048576K
}
Event: 25.237 GC heap before
{Heap before GC invocations=16 (full 2):
 PSYoungGen      total 1360896K, used 393194K [0x0000000719100000, 0x00000007a1400000, 0x00000007c0000000)
  eden space 967680K, 0% used [0x0000000719100000,0x0000000719100000,0x0000000754200000)
  from space 393216K, 99% used [0x0000000775f80000,0x000000078df7a9b0,0x000000078df80000)
  to   space 554496K, 0% used [0x0000000754200000,0x0000000754200000,0x0000000775f80000)
 ParOldGen       total 714240K, used 713783K [0x00000005cb200000, 0x00000005f6b80000, 0x0000000719100000)
  object space 714240K, 99% used [0x00000005cb200000,0x00000005f6b0dc60,0x00000005f6b80000)
 Metaspace       used 6648K, capacity 6810K, committed 7040K, reserved 1056768K
  class space    used 739K, capacity 801K, committed 896K, reserved 1048576K
Event: 27.319 GC heap after
Heap after GC invocations=16 (full 2):
 PSYoungGen      total 1360896K, used 101742K [0x0000000719100000, 0x00000007a1400000, 0x00000007c0000000)
  eden space 967680K, 0% used [0x0000000719100000,0x0000000719100000,0x0000000754200000)
  from space 393216K, 25% used [0x0000000775f80000,0x000000077c2db808,0x000000078df80000)
  to   space 554496K, 0% used [0x0000000754200000,0x0000000754200000,0x0000000775f80000)
 ParOldGen       total 1205248K, used 713945K [0x00000005cb200000, 0x0000000614b00000, 0x0000000719100000)
  object space 1205248K, 59% used [0x00000005cb200000,0x00000005f6b365c8,0x0000000614b00000)
 Metaspace       used 6648K, capacity 6810K, committed 7040K, reserved 1056768K
  class space    used 739K, capacity 801K, committed 896K, reserved 1048576K
}

