# JRE version: Java(TM) SE Runtime Environment (8.0_91-b14) (build 1.8.0_91-b14)
# Java VM: Java HotSpot(TM) 64-Bit Server VM (25.91-b14 mixed mode linux-amd64 compressed oops)
Heap:
 PSYoungGen      total 2083328K, used 633643K [0x0000000719100000, 0x00000007c0000000, 0x00000007c0000000)
  eden space 1479168K, 1% used [0x0000000719100000,0x000000071add2e80,0x0000000773580000)
  from space 604160K, 99% used [0x0000000773580000,0x0000000798378020,0x0000000798380000)
  to   space 651776K, 0% used [0x0000000798380000,0x0000000798380000,0x00000007c0000000)
 ParOldGen       total 1410560K, used 1052762K [0x00000005cb200000, 0x0000000621380000, 0x0000000719100000)
  object space 1410560K, 74% used [0x00000005cb200000,0x000000060b616940,0x0000000621380000)
 Metaspace       used 6879K, capacity 7066K, committed 7296K, reserved 1056768K
  class space    used 751K, capacity 801K, committed 896K, reserved 1048576K
GC Heap History (10 events):
Event: 97.312 GC heap before
{Heap before GC invocations=45 (full 4):
 PSYoungGen      total 2089984K, used 1506464K [0x0000000719100000, 0x00000007c0000000, 0x00000007c0000000)
  eden space 1503232K, 100% used [0x0000000719100000,0x0000000774d00000,0x0000000774d00000)
  from space 586752K, 0% used [0x000000079b000000,0x000000079b328000,0x00000007bed00000)
  to   space 615936K, 0% used [0x0000000774d00000,0x0000000774d00000,0x000000079a680000)
 ParOldGen       total 1410560K, used 677162K [0x00000005cb200000, 0x0000000621380000, 0x0000000719100000)
  object space 1410560K, 48% used [0x00000005cb200000,0x00000005f474a940,0x0000000621380000)
 Metaspace       used 6678K, capacity 6810K, committed 7040K, reserved 1056768K
  class space    used 739K, capacity 801K, committed 896K, reserved 1048576K
Event: 97.336 GC heap after
Heap after GC invocations=45 (full 4):
 PSYoungGen      total 1509376K, used 5920K [0x0000000719100000, 0x00000007c0000000, 0x00000007c0000000)
  eden space 1503232K, 0% used [0x0000000719100000,0x0000000719100000,0x0000000774d00000)
  from space 6144K, 96% used [0x0000000774d00000,0x00000007752c8000,0x0000000775300000)
  to   space 632832K, 0% used [0x0000000799600000,0x0000000799600000,0x00000007c0000000)
 ParOldGen       total 1410560K, used 677162K [0x00000005cb200000, 0x0000000621380000, 0x0000000719100000)
  object space 1410560K, 48% used [0x00000005cb200000,0x00000005f474a940,0x0000000621380000)
 Metaspace       used 6678K, capacity 6810K, committed 7040K, reserved 1056768K
  class space    used 739K, capacity 801K, committed 896K, reserved 1048576K
}
Event: 99.033 GC heap before
{Heap before GC invocations=46 (full 4):
 PSYoungGen      total 1509376K, used 1509151K [0x0000000719100000, 0x00000007c0000000, 0x00000007c0000000)
  eden space 1503232K, 99% used [0x0000000719100000,0x0000000774cfffd0,0x0000000774d00000)
  from space 6144K, 96% used [0x0000000774d00000,0x00000007752c8000,0x0000000775300000)
  to   space 632832K, 0% used [0x0000000799600000,0x0000000799600000,0x00000007c0000000)
 ParOldGen       total 1410560K, used 677162K [0x00000005cb200000, 0x0000000621380000, 0x0000000719100000)
  object space 1410560K, 48% used [0x00000005cb200000,0x00000005f474a940,0x0000000621380000)
 Metaspace       used 6678K, capacity 6810K, committed 7040K, reserved 1056768K
  class space    used 739K, capacity 801K, committed 896K, reserved 1048576K
Event: 99.060 GC heap after
Heap after GC invocations=46 (full 4):
 PSYoungGen      total 2088960K, used 11328K [0x0000000719100000, 0x00000007c0000000, 0x00000007c0000000)
  eden space 1456128K, 0% used [0x0000000719100000,0x0000000719100000,0x0000000771f00000)
  from space 632832K, 1% used [0x0000000799600000,0x000000079a110000,0x00000007c0000000)
  to   space 639488K, 0% used [0x0000000771f00000,0x0000000771f00000,0x0000000798f80000)
 ParOldGen       total 1410560K, used 680298K [0x00000005cb200000, 0x0000000621380000, 0x0000000719100000)
  object space 1410560K, 48% used [0x00000005cb200000,0x00000005f4a5a940,0x0000000621380000)
 Metaspace       used 6678K, capacity 6810K, committed 7040K, reserved 1056768K
  class space    used 739K, capacity 801K, committed 896K, reserved 1048576K
}
Event: 101.379 GC heap before
{Heap before GC invocations=47 (full 4):
 PSYoungGen      total 2088960K, used 1467456K [0x0000000719100000, 0x00000007c0000000, 0x00000007c0000000)
  eden space 1456128K, 100% used [0x0000000719100000,0x0000000771f00000,0x0000000771f00000)
  from space 632832K, 1% used [0x0000000799600000,0x000000079a110000,0x00000007c0000000)
  to   space 639488K, 0% used [0x0000000771f00000,0x0000000771f00000,0x0000000798f80000)
 ParOldGen       total 1410560K, used 680298K [0x00000005cb200000, 0x0000000621380000, 0x0000000719100000)
  object space 1410560K, 48% used [0x00000005cb200000,0x00000005f4a5a940,0x0000000621380000)
 Metaspace       used 6678K, capacity 6810K, committed 7040K, reserved 1056768K
  class space    used 739K, capacity 801K, committed 896K, reserved 1048576K
Event: 101.427 GC heap after
Heap after GC invocations=47 (full 4):
 PSYoungGen      total 1573376K, used 117152K [0x0000000719100000, 0x00000007be180000, 0x00000007c0000000)
  eden space 1456128K, 0% used [0x0000000719100000,0x0000000719100000,0x0000000771f00000)
  from space 117248K, 99% used [0x0000000771f00000,0x0000000779168040,0x0000000779180000)
  to   space 620544K, 0% used [0x0000000798380000,0x0000000798380000,0x00000007be180000)
 ParOldGen       total 1410560K, used 680298K [0x00000005cb200000, 0x0000000621380000, 0x0000000719100000)
  object space 1410560K, 48% used [0x00000005cb200000,0x00000005f4a5a940,0x0000000621380000)
 Metaspace       used 6678K, capacity 6810K, committed 7040K, reserved 1056768K
  class space    used 739K, capacity 801K, committed 896K, reserved 1048576K
}
Event: 102.481 GC heap before
{Heap before GC invocations=48 (full 4):
 PSYoungGen      total 1573376K, used 1573280K [0x0000000719100000, 0x00000007be180000, 0x00000007c0000000)
  eden space 1456128K, 100% used [0x0000000719100000,0x0000000771f00000,0x0000000771f00000)
  from space 117248K, 99% used [0x0000000771f00000,0x0000000779168040,0x0000000779180000)
  to   space 620544K, 0% used [0x0000000798380000,0x0000000798380000,0x00000007be180000)
 ParOldGen       total 1410560K, used 680298K [0x00000005cb200000, 0x0000000621380000, 0x0000000719100000)
  object space 1410560K, 48% used [0x00000005cb200000,0x00000005f4a5a940,0x0000000621380000)
 Metaspace       used 6681K, capacity 6810K, committed 7040K, reserved 1056768K
  class space    used 739K, capacity 801K, committed 896K, reserved 1048576K
Event: 102.532 GC heap after
Heap after GC invocations=48 (full 4):
 PSYoungGen      total 2099712K, used 290112K [0x0000000719100000, 0x00000007c0000000, 0x00000007c0000000)
  eden space 1479168K, 0% used [0x0000000719100000,0x0000000719100000,0x0000000773580000)
  from space 620544K, 46% used [0x0000000798380000,0x00000007a9ed0030,0x00000007be180000)
  to   space 604160K, 0% used [0x0000000773580000,0x0000000773580000,0x0000000798380000)
 ParOldGen       total 1410560K, used 680298K [0x00000005cb200000, 0x0000000621380000, 0x0000000719100000)
  object space 1410560K, 48% used [0x00000005cb200000,0x00000005f4a5a940,0x0000000621380000)
 Metaspace       used 6681K, capacity 6810K, committed 7040K, reserved 1056768K
  class space    used 739K, capacity 801K, committed 896K, reserved 1048576K
}
Event: 118.477 GC heap before
{Heap before GC invocations=49 (full 4):
 PSYoungGen      total 2099712K, used 1769280K [0x0000000719100000, 0x00000007c0000000, 0x00000007c0000000)
  eden space 1479168K, 100% used [0x0000000719100000,0x0000000773580000,0x0000000773580000)
  from space 620544K, 46% used [0x0000000798380000,0x00000007a9ed0030,0x00000007be180000)
  to   space 604160K, 0% used [0x0000000773580000,0x0000000773580000,0x0000000798380000)
 ParOldGen       total 1410560K, used 680298K [0x00000005cb200000, 0x0000000621380000, 0x0000000719100000)
  object space 1410560K, 48% used [0x00000005cb200000,0x00000005f4a5a940,0x0000000621380000)
 Metaspace       used 6879K, capacity 7066K, committed 7296K, reserved 1056768K
  class space    used 751K, capacity 801K, committed 896K, reserved 1048576K
Event: 119.569 GC heap after
Heap after GC invocations=49 (full 4):
 PSYoungGen      total 2083328K, used 604128K [0x0000000719100000, 0x00000007c0000000, 0x00000007c0000000)
  eden space 1479168K, 0% used [0x0000000719100000,0x0000000719100000,0x0000000773580000)
  from space 604160K, 99% used [0x0000000773580000,0x0000000798378020,0x0000000798380000)
  to   space 651776K, 0% used [0x0000000798380000,0x0000000798380000,0x00000007c0000000)
 ParOldGen       total 1410560K, used 1052762K [0x00000005cb200000, 0x0000000621380000, 0x0000000719100000)
  object space 1410560K, 74% used [0x00000005cb200000,0x000000060b616940,0x0000000621380000)
 Metaspace       used 6879K, capacity 7066K, committed 7296K, reserved 1056768K
  class space    used 751K, capacity 801K, committed 896K, reserved 1048576K
}

