# JRE version: Java(TM) SE Runtime Environment (8.0_91-b14) (build 1.8.0_91-b14)
# Java VM: Java HotSpot(TM) 64-Bit Server VM (25.91-b14 mixed mode linux-amd64 compressed oops)
Heap:
 PSYoungGen      total 2286080K, used 77625K [0x0000000719100000, 0x00000007c0000000, 0x00000007c0000000)
  eden space 1837056K, 1% used [0x0000000719100000,0x000000071b4e0d18,0x0000000789300000)
  from space 449024K, 9% used [0x0000000789300000,0x000000078baed7c8,0x00000007a4980000)
  to   space 449024K, 0% used [0x00000007a4980000,0x00000007a4980000,0x00000007c0000000)
 ParOldGen       total 1900544K, used 1190970K [0x00000005cb200000, 0x000000063f200000, 0x0000000719100000)
  object space 1900544K, 62% used [0x00000005cb200000,0x0000000613d0eb08,0x000000063f200000)
 Metaspace       used 6678K, capacity 6810K, committed 7040K, reserved 1056768K
  class space    used 739K, capacity 801K, committed 896K, reserved 1048576K
GC Heap History (10 events):
Event: 42.499 GC heap before
{Heap before GC invocations=18 (full 2):
 PSYoungGen      total 2263552K, used 2263264K [0x0000000719100000, 0x00000007c0000000, 0x00000007c0000000)
  eden space 2071552K, 100% used [0x0000000719100000,0x0000000797800000,0x0000000797800000)
  from space 192000K, 99% used [0x0000000797800000,0x00000007a3338050,0x00000007a3380000)
  to   space 337920K, 0% used [0x00000007ab600000,0x00000007ab600000,0x00000007c0000000)
 ParOldGen       total 1191424K, used 678370K [0x00000005cb200000, 0x0000000613d80000, 0x0000000719100000)
  object space 1191424K, 56% used [0x00000005cb200000,0x00000005f48789d0,0x0000000613d80000)
 Metaspace       used 6664K, capacity 6810K, committed 7040K, reserved 1056768K
  class space    used 739K, capacity 801K, committed 896K, reserved 1048576K
Event: 42.603 GC heap after
Heap after GC invocations=18 (full 2):
 PSYoungGen      total 2278400K, used 337888K [0x0000000719100000, 0x00000007c0000000, 0x00000007c0000000)
  eden space 1940480K, 0% used [0x0000000719100000,0x0000000719100000,0x000000078f800000)
  from space 337920K, 99% used [0x00000007ab600000,0x00000007bfff8070,0x00000007c0000000)
  to   space 397312K, 0% used [0x000000078f800000,0x000000078f800000,0x00000007a7c00000)
 ParOldGen       total 1191424K, used 683010K [0x00000005cb200000, 0x0000000613d80000, 0x0000000719100000)
  object space 1191424K, 57% used [0x00000005cb200000,0x00000005f4d009d0,0x0000000613d80000)
 Metaspace       used 6664K, capacity 6810K, committed 7040K, reserved 1056768K
  class space    used 739K, capacity 801K, committed 896K, reserved 1048576K
}
Event: 45.771 GC heap before
{Heap before GC invocations=19 (full 2):
 PSYoungGen      total 2278400K, used 2278368K [0x0000000719100000, 0x00000007c0000000, 0x00000007c0000000)
  eden space 1940480K, 100% used [0x0000000719100000,0x000000078f800000,0x000000078f800000)
  from space 337920K, 99% used [0x00000007ab600000,0x00000007bfff8070,0x00000007c0000000)
  to   space 397312K, 0% used [0x000000078f800000,0x000000078f800000,0x00000007a7c00000)
 ParOldGen       total 1191424K, used 683010K [0x00000005cb200000, 0x0000000613d80000, 0x0000000719100000)
  object space 1191424K, 57% used [0x00000005cb200000,0x00000005f4d009d0,0x0000000613d80000)
 Metaspace       used 6664K, capacity 6810K, committed 7040K, reserved 1056768K
  class space    used 739K, capacity 801K, committed 896K, reserved 1048576K
Event: 45.885 GC heap after
Heap after GC invocations=19 (full 2):
 PSYoungGen      total 2222592K, used 281888K [0x0000000719100000, 0x00000007c0000000, 0x00000007c0000000)
  eden space 1940480K, 0% used [0x0000000719100000,0x0000000719100000,0x000000078f800000)
  from space 282112K, 99% used [0x000000078f800000,0x00000007a0b48040,0x00000007a0b80000)
  to   space 422400K, 0% used [0x00000007a6380000,0x00000007a6380000,0x00000007c0000000)
 ParOldGen       total 1191424K, used 793482K [0x00000005cb200000, 0x0000000613d80000, 0x0000000719100000)
  object space 1191424K, 66% used [0x00000005cb200000,0x00000005fb8e2a00,0x0000000613d80000)
 Metaspace       used 6664K, capacity 6810K, committed 7040K, reserved 1056768K
  class space    used 739K, capacity 801K, committed 896K, reserved 1048576K
}
Event: 48.924 GC heap before
{Heap before GC invocations=20 (full 2):
 PSYoungGen      total 2222592K, used 2222368K [0x0000000719100000, 0x00000007c0000000, 0x00000007c0000000)
  eden space 1940480K, 100% used [0x0000000719100000,0x000000078f800000,0x000000078f800000)
  from space 282112K, 99% used [0x000000078f800000,0x00000007a0b48040,0x00000007a0b80000)
  to   space 422400K, 0% used [0x00000007a6380000,0x00000007a6380000,0x00000007c0000000)
 ParOldGen       total 1191424K, used 793482K [0x00000005cb200000, 0x0000000613d80000, 0x0000000719100000)
  object space 1191424K, 66% used [0x00000005cb200000,0x00000005fb8e2a00,0x0000000613d80000)
 Metaspace       used 6664K, capacity 6810K, committed 7040K, reserved 1056768K
  class space    used 739K, capacity 801K, committed 896K, reserved 1048576K
Event: 49.007 GC heap after
Heap after GC invocations=20 (full 2):
 PSYoungGen      total 2259456K, used 302144K [0x0000000719100000, 0x00000007c0000000, 0x00000007c0000000)
  eden space 1837056K, 0% used [0x0000000719100000,0x0000000719100000,0x0000000789300000)
  from space 422400K, 71% used [0x00000007a6380000,0x00000007b8a90040,0x00000007c0000000)
  to   space 449024K, 0% used [0x0000000789300000,0x0000000789300000,0x00000007a4980000)
 ParOldGen       total 1191424K, used 793482K [0x00000005cb200000, 0x0000000613d80000, 0x0000000719100000)
  object space 1191424K, 66% used [0x00000005cb200000,0x00000005fb8e2a00,0x0000000613d80000)
 Metaspace       used 6664K, capacity 6810K, committed 7040K, reserved 1056768K
  class space    used 739K, capacity 801K, committed 896K, reserved 1048576K
}
Event: 63.145 GC heap before
{Heap before GC invocations=21 (full 2):
 PSYoungGen      total 2259456K, used 2139200K [0x0000000719100000, 0x00000007c0000000, 0x00000007c0000000)
  eden space 1837056K, 100% used [0x0000000719100000,0x0000000789300000,0x0000000789300000)
  from space 422400K, 71% used [0x00000007a6380000,0x00000007b8a90040,0x00000007c0000000)
  to   space 449024K, 0% used [0x0000000789300000,0x0000000789300000,0x00000007a4980000)
 ParOldGen       total 1191424K, used 793482K [0x00000005cb200000, 0x0000000613d80000, 0x0000000719100000)
  object space 1191424K, 66% used [0x00000005cb200000,0x00000005fb8e2a00,0x0000000613d80000)
 Metaspace       used 6678K, capacity 6810K, committed 7040K, reserved 1056768K
  class space    used 739K, capacity 801K, committed 896K, reserved 1048576K
Event: 64.057 GC heap after
Heap after GC invocations=21 (full 2):
 PSYoungGen      total 2286080K, used 449009K [0x0000000719100000, 0x00000007c0000000, 0x00000007c0000000)
  eden space 1837056K, 0% used [0x0000000719100000,0x0000000719100000,0x0000000789300000)
  from space 449024K, 99% used [0x0000000789300000,0x00000007a497c790,0x00000007a4980000)
  to   space 449024K, 0% used [0x00000007a4980000,0x00000007a4980000,0x00000007c0000000)
 ParOldGen       total 1191424K, used 1071954K [0x00000005cb200000, 0x0000000613d80000, 0x0000000719100000)
  object space 1191424K, 89% used [0x00000005cb200000,0x000000060c8d4a00,0x0000000613d80000)
 Metaspace       used 6678K, capacity 6810K, committed 7040K, reserved 1056768K
  class space    used 739K, capacity 801K, committed 896K, reserved 1048576K
}
Event: 64.057 GC heap before
{Heap before GC invocations=22 (full 3):
 PSYoungGen      total 2286080K, used 449009K [0x0000000719100000, 0x00000007c0000000, 0x00000007c0000000)
  eden space 1837056K, 0% used [0x0000000719100000,0x0000000719100000,0x0000000789300000)
  from space 449024K, 99% used [0x0000000789300000,0x00000007a497c790,0x00000007a4980000)
  to   space 449024K, 0% used [0x00000007a4980000,0x00000007a4980000,0x00000007c0000000)
 ParOldGen       total 1191424K, used 1071954K [0x00000005cb200000, 0x0000000613d80000, 0x0000000719100000)
  object space 1191424K, 89% used [0x00000005cb200000,0x000000060c8d4a00,0x0000000613d80000)
 Metaspace       used 6678K, capacity 6810K, committed 7040K, reserved 1056768K
  class space    used 739K, capacity 801K, committed 896K, reserved 1048576K
Event: 66.026 GC heap after
Heap after GC invocations=22 (full 3):
 PSYoungGen      total 2286080K, used 40885K [0x0000000719100000, 0x00000007c0000000, 0x00000007c0000000)
  eden space 1837056K, 0% used [0x0000000719100000,0x0000000719100000,0x0000000789300000)
  from space 449024K, 9% used [0x0000000789300000,0x000000078baed7c8,0x00000007a4980000)
  to   space 449024K, 0% used [0x00000007a4980000,0x00000007a4980000,0x00000007c0000000)
 ParOldGen       total 1900544K, used 1190970K [0x00000005cb200000, 0x000000063f200000, 0x0000000719100000)
  object space 1900544K, 62% used [0x00000005cb200000,0x0000000613d0eb08,0x000000063f200000)
 Metaspace       used 6678K, capacity 6810K, committed 7040K, reserved 1056768K
  class space    used 739K, capacity 801K, committed 896K, reserved 1048576K
}

