# JRE version: Java(TM) SE Runtime Environment (8.0_91-b14) (build 1.8.0_91-b14)
# Java VM: Java HotSpot(TM) 64-Bit Server VM (25.91-b14 mixed mode linux-amd64 compressed oops)
Heap:
 PSYoungGen      total 748032K, used 170630K [0x0000000719100000, 0x0000000753f80000, 0x00000007c0000000)
  eden space 565760K, 1% used [0x0000000719100000,0x0000000719c07a10,0x000000073b980000)
  from space 182272K, 87% used [0x0000000747880000,0x000000075141a020,0x0000000752a80000)
  to   space 195584K, 0% used [0x000000073b980000,0x000000073b980000,0x0000000747880000)
 ParOldGen       total 583168K, used 405814K [0x00000005cb200000, 0x00000005eeb80000, 0x0000000719100000)
  object space 583168K, 69% used [0x00000005cb200000,0x00000005e3e4d8b8,0x00000005eeb80000)
 Metaspace       used 6651K, capacity 6810K, committed 7040K, reserved 1056768K
  class space    used 737K, capacity 801K, committed 896K, reserved 1048576K
GC Heap History (10 events):
Event: 6.756 GC heap before
{Heap before GC invocations=5 (full 1):
 PSYoungGen      total 279040K, used 258048K [0x0000000719100000, 0x000000073b200000, 0x00000007c0000000)
  eden space 258048K, 100% used [0x0000000719100000,0x0000000728d00000,0x0000000728d00000)
  from space 20992K, 0% used [0x0000000728d00000,0x0000000728d00000,0x000000072a180000)
  to   space 20992K, 0% used [0x0000000739d80000,0x0000000739d80000,0x000000073b200000)
 ParOldGen       total 583168K, used 281097K [0x00000005cb200000, 0x00000005eeb80000, 0x0000000719100000)
  object space 583168K, 48% used [0x00000005cb200000,0x00000005dc482548,0x00000005eeb80000)
 Metaspace       used 6625K, capacity 6810K, committed 7040K, reserved 1056768K
  class space    used 737K, capacity 801K, committed 896K, reserved 1048576K
Event: 6.807 GC heap after
Heap after GC invocations=5 (full 1):
 PSYoungGen      total 369152K, used 20976K [0x0000000719100000, 0x000000073b200000, 0x00000007c0000000)
  eden space 348160K, 0% used [0x0000000719100000,0x0000000719100000,0x000000072e500000)
  from space 20992K, 99% used [0x0000000739d80000,0x000000073b1fc080,0x000000073b200000)
  to   space 20992K, 0% used [0x0000000738900000,0x0000000738900000,0x0000000739d80000)
 ParOldGen       total 583168K, used 335258K [0x00000005cb200000, 0x00000005eeb80000, 0x0000000719100000)
  object space 583168K, 57% used [0x00000005cb200000,0x00000005df966808,0x00000005eeb80000)
 Metaspace       used 6625K, capacity 6810K, committed 7040K, reserved 1056768K
  class space    used 737K, capacity 801K, committed 896K, reserved 1048576K
}
Event: 7.767 GC heap before
{Heap before GC invocations=6 (full 1):
 PSYoungGen      total 369152K, used 369136K [0x0000000719100000, 0x000000073b200000, 0x00000007c0000000)
  eden space 348160K, 100% used [0x0000000719100000,0x000000072e500000,0x000000072e500000)
  from space 20992K, 99% used [0x0000000739d80000,0x000000073b1fc080,0x000000073b200000)
  to   space 20992K, 0% used [0x0000000738900000,0x0000000738900000,0x0000000739d80000)
 ParOldGen       total 583168K, used 335258K [0x00000005cb200000, 0x00000005eeb80000, 0x0000000719100000)
  object space 583168K, 57% used [0x00000005cb200000,0x00000005df966808,0x00000005eeb80000)
 Metaspace       used 6626K, capacity 6810K, committed 7040K, reserved 1056768K
  class space    used 737K, capacity 801K, committed 896K, reserved 1048576K
Event: 7.805 GC heap after
Heap after GC invocations=6 (full 1):
 PSYoungGen      total 479744K, used 20960K [0x0000000719100000, 0x0000000745500000, 0x00000007c0000000)
  eden space 458752K, 0% used [0x0000000719100000,0x0000000719100000,0x0000000735100000)
  from space 20992K, 99% used [0x0000000738900000,0x0000000739d780a0,0x0000000739d80000)
  to   space 133120K, 0% used [0x000000073d300000,0x000000073d300000,0x0000000745500000)
 ParOldGen       total 583168K, used 366194K [0x00000005cb200000, 0x00000005eeb80000, 0x0000000719100000)
  object space 583168K, 62% used [0x00000005cb200000,0x00000005e179c848,0x00000005eeb80000)
 Metaspace       used 6626K, capacity 6810K, committed 7040K, reserved 1056768K
  class space    used 737K, capacity 801K, committed 896K, reserved 1048576K
}
Event: 8.290 GC heap before
{Heap before GC invocations=7 (full 1):
 PSYoungGen      total 479744K, used 479712K [0x0000000719100000, 0x0000000745500000, 0x00000007c0000000)
  eden space 458752K, 100% used [0x0000000719100000,0x0000000735100000,0x0000000735100000)
  from space 20992K, 99% used [0x0000000738900000,0x0000000739d780a0,0x0000000739d80000)
  to   space 133120K, 0% used [0x000000073d300000,0x000000073d300000,0x0000000745500000)
 ParOldGen       total 583168K, used 366194K [0x00000005cb200000, 0x00000005eeb80000, 0x0000000719100000)
  object space 583168K, 62% used [0x00000005cb200000,0x00000005e179c848,0x00000005eeb80000)
 Metaspace       used 6649K, capacity 6810K, committed 7040K, reserved 1056768K
  class space    used 737K, capacity 801K, committed 896K, reserved 1048576K
Event: 8.335 GC heap after
Heap after GC invocations=7 (full 1):
 PSYoungGen      total 573440K, used 133088K [0x0000000719100000, 0x0000000750c00000, 0x00000007c0000000)
  eden space 440320K, 0% used [0x0000000719100000,0x0000000719100000,0x0000000733f00000)
  from space 133120K, 99% used [0x000000073d300000,0x00000007454f8260,0x0000000745500000)
  to   space 151552K, 0% used [0x0000000733f00000,0x0000000733f00000,0x000000073d300000)
 ParOldGen       total 583168K, used 368338K [0x00000005cb200000, 0x00000005eeb80000, 0x0000000719100000)
  object space 583168K, 63% used [0x00000005cb200000,0x00000005e19b4848,0x00000005eeb80000)
 Metaspace       used 6649K, capacity 6810K, committed 7040K, reserved 1056768K
  class space    used 737K, capacity 801K, committed 896K, reserved 1048576K
}
Event: 9.283 GC heap before
{Heap before GC invocations=8 (full 1):
 PSYoungGen      total 573440K, used 573408K [0x0000000719100000, 0x0000000750c00000, 0x00000007c0000000)
  eden space 440320K, 100% used [0x0000000719100000,0x0000000733f00000,0x0000000733f00000)
  from space 133120K, 99% used [0x000000073d300000,0x00000007454f8260,0x0000000745500000)
  to   space 151552K, 0% used [0x0000000733f00000,0x0000000733f00000,0x000000073d300000)
 ParOldGen       total 583168K, used 368338K [0x00000005cb200000, 0x00000005eeb80000, 0x0000000719100000)
  object space 583168K, 63% used [0x00000005cb200000,0x00000005e19b4848,0x00000005eeb80000)
 Metaspace       used 6651K, capacity 6810K, committed 7040K, reserved 1056768K
  class space    used 737K, capacity 801K, committed 896K, reserved 1048576K
Event: 9.341 GC heap after
Heap after GC invocations=8 (full 1):
 PSYoungGen      total 591872K, used 151536K [0x0000000719100000, 0x0000000752a80000, 0x00000007c0000000)
  eden space 440320K, 0% used [0x0000000719100000,0x0000000719100000,0x0000000733f00000)
  from space 151552K, 99% used [0x0000000733f00000,0x000000073d2fc290,0x000000073d300000)
  to   space 182272K, 0% used [0x0000000747880000,0x0000000747880000,0x0000000752a80000)
 ParOldGen       total 583168K, used 391066K [0x00000005cb200000, 0x00000005eeb80000, 0x0000000719100000)
  object space 583168K, 67% used [0x00000005cb200000,0x00000005e2fe6848,0x00000005eeb80000)
 Metaspace       used 6651K, capacity 6810K, committed 7040K, reserved 1056768K
  class space    used 737K, capacity 801K, committed 896K, reserved 1048576K
}
Event: 10.635 GC heap before
{Heap before GC invocations=9 (full 1):
 PSYoungGen      total 591872K, used 591856K [0x0000000719100000, 0x0000000752a80000, 0x00000007c0000000)
  eden space 440320K, 100% used [0x0000000719100000,0x0000000733f00000,0x0000000733f00000)
  from space 151552K, 99% used [0x0000000733f00000,0x000000073d2fc290,0x000000073d300000)
  to   space 182272K, 0% used [0x0000000747880000,0x0000000747880000,0x0000000752a80000)
 ParOldGen       total 583168K, used 391066K [0x00000005cb200000, 0x00000005eeb80000, 0x0000000719100000)
  object space 583168K, 67% used [0x00000005cb200000,0x00000005e2fe6848,0x00000005eeb80000)
 Metaspace       used 6651K, capacity 6810K, committed 7040K, reserved 1056768K
  class space    used 737K, capacity 801K, committed 896K, reserved 1048576K
Event: 10.709 GC heap after
Heap after GC invocations=9 (full 1):
 PSYoungGen      total 748032K, used 159336K [0x0000000719100000, 0x0000000753f80000, 0x00000007c0000000)
  eden space 565760K, 0% used [0x0000000719100000,0x0000000719100000,0x000000073b980000)
  from space 182272K, 87% used [0x0000000747880000,0x000000075141a020,0x0000000752a80000)
  to   space 195584K, 0% used [0x000000073b980000,0x000000073b980000,0x0000000747880000)
 ParOldGen       total 583168K, used 405814K [0x00000005cb200000, 0x00000005eeb80000, 0x0000000719100000)
  object space 583168K, 69% used [0x00000005cb200000,0x00000005e3e4d8b8,0x00000005eeb80000)
 Metaspace       used 6651K, capacity 6810K, committed 7040K, reserved 1056768K
  class space    used 737K, capacity 801K, committed 896K, reserved 1048576K
}

