# JRE version: Java(TM) SE Runtime Environment (8.0_91-b14) (build 1.8.0_91-b14)
# Java VM: Java HotSpot(TM) 64-Bit Server VM (25.91-b14 mixed mode linux-amd64 compressed oops)
Heap:
 PSYoungGen      total 1427968K, used 289936K [0x0000000719100000, 0x0000000789b80000, 0x00000007c0000000)
  eden space 1161216K, 1% used [0x0000000719100000,0x000000071a7ab968,0x000000075ff00000)
  from space 266752K, 99% used [0x0000000773180000,0x00000007835f86f0,0x0000000783600000)
  to   space 313856K, 0% used [0x000000075ff00000,0x000000075ff00000,0x0000000773180000)
 ParOldGen       total 577536K, used 336170K [0x00000005cb200000, 0x00000005ee600000, 0x0000000719100000)
  object space 577536K, 58% used [0x00000005cb200000,0x00000005dfa4aa50,0x00000005ee600000)
 Metaspace       used 6578K, capacity 6746K, committed 7040K, reserved 1056768K
  class space    used 731K, capacity 801K, committed 896K, reserved 1048576K
GC Heap History (10 events):
Event: 8.536 GC heap before
{Heap before GC invocations=9 (full 1):
 PSYoungGen      total 1021440K, used 1020960K [0x0000000719100000, 0x0000000763c00000, 0x00000007c0000000)
  eden space 874496K, 100% used [0x0000000719100000,0x000000074e700000,0x000000074e700000)
  from space 146944K, 99% used [0x0000000755000000,0x000000075df08050,0x000000075df80000)
  to   space 94720K, 0% used [0x000000075df80000,0x000000075df80000,0x0000000763c00000)
 ParOldGen       total 577536K, used 251434K [0x00000005cb200000, 0x00000005ee600000, 0x0000000719100000)
  object space 577536K, 43% used [0x00000005cb200000,0x00000005da78aa50,0x00000005ee600000)
 Metaspace       used 6578K, capacity 6746K, committed 7040K, reserved 1056768K
  class space    used 731K, capacity 801K, committed 896K, reserved 1048576K
Event: 8.588 GC heap after
Heap after GC invocations=9 (full 1):
 PSYoungGen      total 1029120K, used 94688K [0x0000000719100000, 0x0000000774b80000, 0x00000007c0000000)
  eden space 934400K, 0% used [0x0000000719100000,0x0000000719100000,0x0000000752180000)
  from space 94720K, 99% used [0x000000075df80000,0x0000000763bf8050,0x0000000763c00000)
  to   space 194560K, 0% used [0x0000000752180000,0x0000000752180000,0x000000075df80000)
 ParOldGen       total 577536K, used 312466K [0x00000005cb200000, 0x00000005ee600000, 0x0000000719100000)
  object space 577536K, 54% used [0x00000005cb200000,0x00000005de324a50,0x00000005ee600000)
 Metaspace       used 6578K, capacity 6746K, committed 7040K, reserved 1056768K
  class space    used 731K, capacity 801K, committed 896K, reserved 1048576K
}
Event: 10.350 GC heap before
{Heap before GC invocations=10 (full 1):
 PSYoungGen      total 1029120K, used 1029088K [0x0000000719100000, 0x0000000774b80000, 0x00000007c0000000)
  eden space 934400K, 100% used [0x0000000719100000,0x0000000752180000,0x0000000752180000)
  from space 94720K, 99% used [0x000000075df80000,0x0000000763bf8050,0x0000000763c00000)
  to   space 194560K, 0% used [0x0000000752180000,0x0000000752180000,0x000000075df80000)
 ParOldGen       total 577536K, used 312466K [0x00000005cb200000, 0x00000005ee600000, 0x0000000719100000)
  object space 577536K, 54% used [0x00000005cb200000,0x00000005de324a50,0x00000005ee600000)
 Metaspace       used 6578K, capacity 6746K, committed 7040K, reserved 1056768K
  class space    used 731K, capacity 801K, committed 896K, reserved 1048576K
Event: 10.412 GC heap after
Heap after GC invocations=10 (full 1):
 PSYoungGen      total 1128960K, used 169264K [0x0000000719100000, 0x0000000775180000, 0x00000007c0000000)
  eden space 934400K, 0% used [0x0000000719100000,0x0000000719100000,0x0000000752180000)
  from space 194560K, 86% used [0x0000000752180000,0x000000075c6cc0f0,0x000000075df80000)
  to   space 213504K, 0% used [0x0000000768100000,0x0000000768100000,0x0000000775180000)
 ParOldGen       total 577536K, used 312466K [0x00000005cb200000, 0x00000005ee600000, 0x0000000719100000)
  object space 577536K, 54% used [0x00000005cb200000,0x00000005de324a50,0x00000005ee600000)
 Metaspace       used 6578K, capacity 6746K, committed 7040K, reserved 1056768K
  class space    used 731K, capacity 801K, committed 896K, reserved 1048576K
}
Event: 12.852 GC heap before
{Heap before GC invocations=11 (full 1):
 PSYoungGen      total 1128960K, used 1103664K [0x0000000719100000, 0x0000000775180000, 0x00000007c0000000)
  eden space 934400K, 100% used [0x0000000719100000,0x0000000752180000,0x0000000752180000)
  from space 194560K, 86% used [0x0000000752180000,0x000000075c6cc0f0,0x000000075df80000)
  to   space 213504K, 0% used [0x0000000768100000,0x0000000768100000,0x0000000775180000)
 ParOldGen       total 577536K, used 312466K [0x00000005cb200000, 0x00000005ee600000, 0x0000000719100000)
  object space 577536K, 54% used [0x00000005cb200000,0x00000005de324a50,0x00000005ee600000)
 Metaspace       used 6578K, capacity 6746K, committed 7040K, reserved 1056768K
  class space    used 731K, capacity 801K, committed 896K, reserved 1048576K
Event: 12.935 GC heap after
Heap after GC invocations=11 (full 1):
 PSYoungGen      total 1267712K, used 204768K [0x0000000719100000, 0x0000000778000000, 0x00000007c0000000)
  eden space 1054208K, 0% used [0x0000000719100000,0x0000000719100000,0x0000000759680000)
  from space 213504K, 95% used [0x0000000768100000,0x00000007748f8060,0x0000000775180000)
  to   space 240128K, 0% used [0x0000000759680000,0x0000000759680000,0x0000000768100000)
 ParOldGen       total 577536K, used 312466K [0x00000005cb200000, 0x00000005ee600000, 0x0000000719100000)
  object space 577536K, 54% used [0x00000005cb200000,0x00000005de324a50,0x00000005ee600000)
 Metaspace       used 6578K, capacity 6746K, committed 7040K, reserved 1056768K
  class space    used 731K, capacity 801K, committed 896K, reserved 1048576K
}
Event: 14.819 GC heap before
{Heap before GC invocations=12 (full 1):
 PSYoungGen      total 1267712K, used 1258976K [0x0000000719100000, 0x0000000778000000, 0x00000007c0000000)
  eden space 1054208K, 100% used [0x0000000719100000,0x0000000759680000,0x0000000759680000)
  from space 213504K, 95% used [0x0000000768100000,0x00000007748f8060,0x0000000775180000)
  to   space 240128K, 0% used [0x0000000759680000,0x0000000759680000,0x0000000768100000)
 ParOldGen       total 577536K, used 312466K [0x00000005cb200000, 0x00000005ee600000, 0x0000000719100000)
  object space 577536K, 54% used [0x00000005cb200000,0x00000005de324a50,0x00000005ee600000)
 Metaspace       used 6578K, capacity 6746K, committed 7040K, reserved 1056768K
  class space    used 731K, capacity 801K, committed 896K, reserved 1048576K
Event: 14.884 GC heap after
Heap after GC invocations=12 (full 1):
 PSYoungGen      total 1294336K, used 219008K [0x0000000719100000, 0x0000000783600000, 0x00000007c0000000)
  eden space 1054208K, 0% used [0x0000000719100000,0x0000000719100000,0x0000000759680000)
  from space 240128K, 91% used [0x0000000759680000,0x0000000766c60060,0x0000000768100000)
  to   space 266752K, 0% used [0x0000000773180000,0x0000000773180000,0x0000000783600000)
 ParOldGen       total 577536K, used 312466K [0x00000005cb200000, 0x00000005ee600000, 0x0000000719100000)
  object space 577536K, 54% used [0x00000005cb200000,0x00000005de324a50,0x00000005ee600000)
 Metaspace       used 6578K, capacity 6746K, committed 7040K, reserved 1056768K
  class space    used 731K, capacity 801K, committed 896K, reserved 1048576K
}
Event: 19.743 GC heap before
{Heap before GC invocations=13 (full 1):
 PSYoungGen      total 1294336K, used 1273216K [0x0000000719100000, 0x0000000783600000, 0x00000007c0000000)
  eden space 1054208K, 100% used [0x0000000719100000,0x0000000759680000,0x0000000759680000)
  from space 240128K, 91% used [0x0000000759680000,0x0000000766c60060,0x0000000768100000)
  to   space 266752K, 0% used [0x0000000773180000,0x0000000773180000,0x0000000783600000)
 ParOldGen       total 577536K, used 312466K [0x00000005cb200000, 0x00000005ee600000, 0x0000000719100000)
  object space 577536K, 54% used [0x00000005cb200000,0x00000005de324a50,0x00000005ee600000)
 Metaspace       used 6578K, capacity 6746K, committed 7040K, reserved 1056768K
  class space    used 731K, capacity 801K, committed 896K, reserved 1048576K
Event: 20.004 GC heap after
Heap after GC invocations=13 (full 1):
 PSYoungGen      total 1427968K, used 266721K [0x0000000719100000, 0x0000000789b80000, 0x00000007c0000000)
  eden space 1161216K, 0% used [0x0000000719100000,0x0000000719100000,0x000000075ff00000)
  from space 266752K, 99% used [0x0000000773180000,0x00000007835f86f0,0x0000000783600000)
  to   space 313856K, 0% used [0x000000075ff00000,0x000000075ff00000,0x0000000773180000)
 ParOldGen       total 577536K, used 336170K [0x00000005cb200000, 0x00000005ee600000, 0x0000000719100000)
  object space 577536K, 58% used [0x00000005cb200000,0x00000005dfa4aa50,0x00000005ee600000)
 Metaspace       used 6578K, capacity 6746K, committed 7040K, reserved 1056768K
  class space    used 731K, capacity 801K, committed 896K, reserved 1048576K
}

