# JRE version: Java(TM) SE Runtime Environment (8.0_91-b14) (build 1.8.0_91-b14)
# Java VM: Java HotSpot(TM) 64-Bit Server VM (25.91-b14 mixed mode linux-amd64 compressed oops)
Heap:
 PSYoungGen      total 1310208K, used 95439K [0x0000000719100000, 0x00000007c0000000, 0x00000007c0000000)
  eden space 912384K, 1% used [0x0000000719100000,0x000000071a2d1d88,0x0000000750c00000)
  from space 397824K, 19% used [0x00000007a7b80000,0x00000007ac6e2080,0x00000007c0000000)
  to   space 911360K, 0% used [0x0000000750c00000,0x0000000750c00000,0x0000000788600000)
 ParOldGen       total 2852864K, used 1922618K [0x00000005cb200000, 0x0000000679400000, 0x0000000719100000)
  object space 2852864K, 67% used [0x00000005cb200000,0x000000064078e9c0,0x0000000679400000)
 Metaspace       used 6669K, capacity 6810K, committed 7040K, reserved 1056768K
  class space    used 739K, capacity 801K, committed 896K, reserved 1048576K
GC Heap History (10 events):
Event: 32.889 GC heap before
{Heap before GC invocations=16 (full 1):
 PSYoungGen      total 2297344K, used 2297312K [0x0000000719100000, 0x00000007c0000000, 0x00000007c0000000)
  eden space 2045952K, 100% used [0x0000000719100000,0x0000000795f00000,0x0000000795f00000)
  from space 251392K, 99% used [0x00000007b0a80000,0x00000007bfff8060,0x00000007c0000000)
  to   space 344576K, 0% used [0x0000000795f00000,0x0000000795f00000,0x00000007aaf80000)
 ParOldGen       total 776192K, used 593606K [0x00000005cb200000, 0x00000005fa800000, 0x0000000719100000)
  object space 776192K, 76% used [0x00000005cb200000,0x00000005ef5b18b8,0x00000005fa800000)
 Metaspace       used 6669K, capacity 6810K, committed 7040K, reserved 1056768K
  class space    used 739K, capacity 801K, committed 896K, reserved 1048576K
Event: 32.980 GC heap after
Heap after GC invocations=16 (full 1):
 PSYoungGen      total 2294784K, used 248320K [0x0000000719100000, 0x00000007c0000000, 0x00000007c0000000)
  eden space 2045952K, 0% used [0x0000000719100000,0x0000000719100000,0x0000000795f00000)
  from space 248832K, 99% used [0x0000000795f00000,0x00000007a5180050,0x00000007a5200000)
  to   space 364544K, 0% used [0x00000007a9c00000,0x00000007a9c00000,0x00000007c0000000)
 ParOldGen       total 776192K, used 632774K [0x00000005cb200000, 0x00000005fa800000, 0x0000000719100000)
  object space 776192K, 81% used [0x00000005cb200000,0x00000005f1bf18c8,0x00000005fa800000)
 Metaspace       used 6669K, capacity 6810K, committed 7040K, reserved 1056768K
  class space    used 739K, capacity 801K, committed 896K, reserved 1048576K
}
Event: 35.858 GC heap before
{Heap before GC invocations=17 (full 1):
 PSYoungGen      total 2294784K, used 2294272K [0x0000000719100000, 0x00000007c0000000, 0x00000007c0000000)
  eden space 2045952K, 100% used [0x0000000719100000,0x0000000795f00000,0x0000000795f00000)
  from space 248832K, 99% used [0x0000000795f00000,0x00000007a5180050,0x00000007a5200000)
  to   space 364544K, 0% used [0x00000007a9c00000,0x00000007a9c00000,0x00000007c0000000)
 ParOldGen       total 776192K, used 632774K [0x00000005cb200000, 0x00000005fa800000, 0x0000000719100000)
  object space 776192K, 81% used [0x00000005cb200000,0x00000005f1bf18c8,0x00000005fa800000)
 Metaspace       used 6669K, capacity 6810K, committed 7040K, reserved 1056768K
  class space    used 739K, capacity 801K, committed 896K, reserved 1048576K
Event: 35.933 GC heap after
Heap after GC invocations=17 (full 1):
 PSYoungGen      total 2332672K, used 258592K [0x0000000719100000, 0x00000007c0000000, 0x00000007c0000000)
  eden space 1968128K, 0% used [0x0000000719100000,0x0000000719100000,0x0000000791300000)
  from space 364544K, 70% used [0x00000007a9c00000,0x00000007b9888050,0x00000007c0000000)
  to   space 383488K, 0% used [0x0000000791300000,0x0000000791300000,0x00000007a8980000)
 ParOldGen       total 776192K, used 632774K [0x00000005cb200000, 0x00000005fa800000, 0x0000000719100000)
  object space 776192K, 81% used [0x00000005cb200000,0x00000005f1bf18c8,0x00000005fa800000)
 Metaspace       used 6669K, capacity 6810K, committed 7040K, reserved 1056768K
  class space    used 739K, capacity 801K, committed 896K, reserved 1048576K
}
Event: 38.651 GC heap before
{Heap before GC invocations=18 (full 1):
 PSYoungGen      total 2332672K, used 2226720K [0x0000000719100000, 0x00000007c0000000, 0x00000007c0000000)
  eden space 1968128K, 100% used [0x0000000719100000,0x0000000791300000,0x0000000791300000)
  from space 364544K, 70% used [0x00000007a9c00000,0x00000007b9888050,0x00000007c0000000)
  to   space 383488K, 0% used [0x0000000791300000,0x0000000791300000,0x00000007a8980000)
 ParOldGen       total 776192K, used 632774K [0x00000005cb200000, 0x00000005fa800000, 0x0000000719100000)
  object space 776192K, 81% used [0x00000005cb200000,0x00000005f1bf18c8,0x00000005fa800000)
 Metaspace       used 6669K, capacity 6810K, committed 7040K, reserved 1056768K
  class space    used 739K, capacity 801K, committed 896K, reserved 1048576K
Event: 38.726 GC heap after
Heap after GC invocations=18 (full 1):
 PSYoungGen      total 2228736K, used 260320K [0x0000000719100000, 0x00000007c0000000, 0x00000007c0000000)
  eden space 1968128K, 0% used [0x0000000719100000,0x0000000719100000,0x0000000791300000)
  from space 260608K, 99% used [0x0000000791300000,0x00000007a1138050,0x00000007a1180000)
  to   space 397824K, 0% used [0x00000007a7b80000,0x00000007a7b80000,0x00000007c0000000)
 ParOldGen       total 776192K, used 632774K [0x00000005cb200000, 0x00000005fa800000, 0x0000000719100000)
  object space 776192K, 81% used [0x00000005cb200000,0x00000005f1bf18c8,0x00000005fa800000)
 Metaspace       used 6669K, capacity 6810K, committed 7040K, reserved 1056768K
  class space    used 739K, capacity 801K, committed 896K, reserved 1048576K
}
Event: 65.243 GC heap before
{Heap before GC invocations=19 (full 1):
 PSYoungGen      total 2228736K, used 2228448K [0x0000000719100000, 0x00000007c0000000, 0x00000007c0000000)
  eden space 1968128K, 100% used [0x0000000719100000,0x0000000791300000,0x0000000791300000)
  from space 260608K, 99% used [0x0000000791300000,0x00000007a1138050,0x00000007a1180000)
  to   space 397824K, 0% used [0x00000007a7b80000,0x00000007a7b80000,0x00000007c0000000)
 ParOldGen       total 776192K, used 632774K [0x00000005cb200000, 0x00000005fa800000, 0x0000000719100000)
  object space 776192K, 81% used [0x00000005cb200000,0x00000005f1bf18c8,0x00000005fa800000)
 Metaspace       used 6669K, capacity 6810K, committed 7040K, reserved 1056768K
  class space    used 739K, capacity 801K, committed 896K, reserved 1048576K
Event: 67.508 GC heap after
Heap after GC invocations=19 (full 1):
 PSYoungGen      total 1310208K, used 397797K [0x0000000719100000, 0x00000007c0000000, 0x00000007c0000000)
  eden space 912384K, 0% used [0x0000000719100000,0x0000000719100000,0x0000000750c00000)
  from space 397824K, 99% used [0x00000007a7b80000,0x00000007bfff9490,0x00000007c0000000)
  to   space 911360K, 0% used [0x0000000750c00000,0x0000000750c00000,0x0000000788600000)
 ParOldGen       total 1923072K, used 1922758K [0x00000005cb200000, 0x0000000640800000, 0x0000000719100000)
  object space 1923072K, 99% used [0x00000005cb200000,0x00000006407b18c8,0x0000000640800000)
 Metaspace       used 6669K, capacity 6810K, committed 7040K, reserved 1056768K
  class space    used 739K, capacity 801K, committed 896K, reserved 1048576K
}
Event: 67.508 GC heap before
{Heap before GC invocations=20 (full 2):
 PSYoungGen      total 1310208K, used 397797K [0x0000000719100000, 0x00000007c0000000, 0x00000007c0000000)
  eden space 912384K, 0% used [0x0000000719100000,0x0000000719100000,0x0000000750c00000)
  from space 397824K, 99% used [0x00000007a7b80000,0x00000007bfff9490,0x00000007c0000000)
  to   space 911360K, 0% used [0x0000000750c00000,0x0000000750c00000,0x0000000788600000)
 ParOldGen       total 1923072K, used 1922758K [0x00000005cb200000, 0x0000000640800000, 0x0000000719100000)
  object space 1923072K, 99% used [0x00000005cb200000,0x00000006407b18c8,0x0000000640800000)
 Metaspace       used 6669K, capacity 6810K, committed 7040K, reserved 1056768K
  class space    used 739K, capacity 801K, committed 896K, reserved 1048576K
Event: 72.832 GC heap after
Heap after GC invocations=20 (full 2):
 PSYoungGen      total 1310208K, used 77192K [0x0000000719100000, 0x00000007c0000000, 0x00000007c0000000)
  eden space 912384K, 0% used [0x0000000719100000,0x0000000719100000,0x0000000750c00000)
  from space 397824K, 19% used [0x00000007a7b80000,0x00000007ac6e2080,0x00000007c0000000)
  to   space 911360K, 0% used [0x0000000750c00000,0x0000000750c00000,0x0000000788600000)
 ParOldGen       total 2852864K, used 1922618K [0x00000005cb200000, 0x0000000679400000, 0x0000000719100000)
  object space 2852864K, 67% used [0x00000005cb200000,0x000000064078e9c0,0x0000000679400000)
 Metaspace       used 6669K, capacity 6810K, committed 7040K, reserved 1056768K
  class space    used 739K, capacity 801K, committed 896K, reserved 1048576K
}

