# JRE version: Java(TM) SE Runtime Environment (8.0_91-b14) (build 1.8.0_91-b14)
# Java VM: Java HotSpot(TM) 64-Bit Server VM (25.91-b14 mixed mode linux-amd64 compressed oops)
Heap:
 PSYoungGen      total 537088K, used 31203K [0x0000000719100000, 0x0000000764a00000, 0x00000007c0000000)
  eden space 516096K, 1% used [0x0000000719100000,0x0000000719b00c68,0x0000000738900000)
  from space 20992K, 99% used [0x0000000738900000,0x0000000739d78050,0x0000000739d80000)
  to   space 102912K, 0% used [0x000000075e580000,0x000000075e580000,0x0000000764a00000)
 ParOldGen       total 343040K, used 146225K [0x00000005cb200000, 0x00000005e0100000, 0x0000000719100000)
  object space 343040K, 42% used [0x00000005cb200000,0x00000005d40cc550,0x00000005e0100000)
 Metaspace       used 6794K, capacity 6938K, committed 7040K, reserved 1056768K
  class space    used 751K, capacity 801K, committed 896K, reserved 1048576K
GC Heap History (10 events):
Event: 1.244 GC heap before
{Heap before GC invocations=1 (full 0):
 PSYoungGen      total 150016K, used 129024K [0x0000000719100000, 0x0000000723800000, 0x00000007c0000000)
  eden space 129024K, 100% used [0x0000000719100000,0x0000000720f00000,0x0000000720f00000)
  from space 20992K, 0% used [0x0000000722380000,0x0000000722380000,0x0000000723800000)
  to   space 20992K, 0% used [0x0000000720f00000,0x0000000720f00000,0x0000000722380000)
 ParOldGen       total 343040K, used 0K [0x00000005cb200000, 0x00000005e0100000, 0x0000000719100000)
  object space 343040K, 0% used [0x00000005cb200000,0x00000005cb200000,0x00000005e0100000)
 Metaspace       used 6597K, capacity 6810K, committed 7040K, reserved 1056768K
  class space    used 739K, capacity 801K, committed 896K, reserved 1048576K
Event: 1.368 GC heap after
Heap after GC invocations=1 (full 0):
 PSYoungGen      total 150016K, used 20980K [0x0000000719100000, 0x000000072b600000, 0x00000007c0000000)
  eden space 129024K, 0% used [0x0000000719100000,0x0000000719100000,0x0000000720f00000)
  from space 20992K, 99% used [0x0000000720f00000,0x000000072237d140,0x0000000722380000)
  to   space 20992K, 0% used [0x000000072a180000,0x000000072a180000,0x000000072b600000)
 ParOldGen       total 343040K, used 35577K [0x00000005cb200000, 0x00000005e0100000, 0x0000000719100000)
  object space 343040K, 10% used [0x00000005cb200000,0x00000005cd4be4d0,0x00000005e0100000)
 Metaspace       used 6597K, capacity 6810K, committed 7040K, reserved 1056768K
  class space    used 739K, capacity 801K, committed 896K, reserved 1048576K
}
Event: 2.761 GC heap before
{Heap before GC invocations=2 (full 0):
 PSYoungGen      total 150016K, used 150004K [0x0000000719100000, 0x000000072b600000, 0x00000007c0000000)
  eden space 129024K, 100% used [0x0000000719100000,0x0000000720f00000,0x0000000720f00000)
  from space 20992K, 99% used [0x0000000720f00000,0x000000072237d140,0x0000000722380000)
  to   space 20992K, 0% used [0x000000072a180000,0x000000072a180000,0x000000072b600000)
 ParOldGen       total 343040K, used 35577K [0x00000005cb200000, 0x00000005e0100000, 0x0000000719100000)
  object space 343040K, 10% used [0x00000005cb200000,0x00000005cd4be4d0,0x00000005e0100000)
 Metaspace       used 6609K, capacity 6810K, committed 7040K, reserved 1056768K
  class space    used 739K, capacity 801K, committed 896K, reserved 1048576K
Event: 2.891 GC heap after
Heap after GC invocations=2 (full 0):
 PSYoungGen      total 279040K, used 20960K [0x0000000719100000, 0x000000072b600000, 0x00000007c0000000)
  eden space 258048K, 0% used [0x0000000719100000,0x0000000719100000,0x0000000728d00000)
  from space 20992K, 99% used [0x000000072a180000,0x000000072b5f8050,0x000000072b600000)
  to   space 20992K, 0% used [0x0000000728d00000,0x0000000728d00000,0x000000072a180000)
 ParOldGen       total 343040K, used 111601K [0x00000005cb200000, 0x00000005e0100000, 0x0000000719100000)
  object space 343040K, 32% used [0x00000005cb200000,0x00000005d1efc4d0,0x00000005e0100000)
 Metaspace       used 6609K, capacity 6810K, committed 7040K, reserved 1056768K
  class space    used 739K, capacity 801K, committed 896K, reserved 1048576K
}
Event: 3.259 GC heap before
{Heap before GC invocations=3 (full 0):
 PSYoungGen      total 279040K, used 279008K [0x0000000719100000, 0x000000072b600000, 0x00000007c0000000)
  eden space 258048K, 100% used [0x0000000719100000,0x0000000728d00000,0x0000000728d00000)
  from space 20992K, 99% used [0x000000072a180000,0x000000072b5f8050,0x000000072b600000)
  to   space 20992K, 0% used [0x0000000728d00000,0x0000000728d00000,0x000000072a180000)
 ParOldGen       total 343040K, used 111601K [0x00000005cb200000, 0x00000005e0100000, 0x0000000719100000)
  object space 343040K, 32% used [0x00000005cb200000,0x00000005d1efc4d0,0x00000005e0100000)
 Metaspace       used 6632K, capacity 6810K, committed 7040K, reserved 1056768K
  class space    used 739K, capacity 801K, committed 896K, reserved 1048576K
Event: 3.283 GC heap after
Heap after GC invocations=3 (full 0):
 PSYoungGen      total 279040K, used 20960K [0x0000000719100000, 0x000000073b200000, 0x00000007c0000000)
  eden space 258048K, 0% used [0x0000000719100000,0x0000000719100000,0x0000000728d00000)
  from space 20992K, 99% used [0x0000000728d00000,0x000000072a178060,0x000000072a180000)
  to   space 20992K, 0% used [0x0000000739d80000,0x0000000739d80000,0x000000073b200000)
 ParOldGen       total 343040K, used 121409K [0x00000005cb200000, 0x00000005e0100000, 0x0000000719100000)
  object space 343040K, 35% used [0x00000005cb200000,0x00000005d2890550,0x00000005e0100000)
 Metaspace       used 6632K, capacity 6810K, committed 7040K, reserved 1056768K
  class space    used 739K, capacity 801K, committed 896K, reserved 1048576K
}
Event: 3.607 GC heap before
{Heap before GC invocations=4 (full 0):
 PSYoungGen      total 279040K, used 279008K [0x0000000719100000, 0x000000073b200000, 0x00000007c0000000)
  eden space 258048K, 100% used [0x0000000719100000,0x0000000728d00000,0x0000000728d00000)
  from space 20992K, 99% used [0x0000000728d00000,0x000000072a178060,0x000000072a180000)
  to   space 20992K, 0% used [0x0000000739d80000,0x0000000739d80000,0x000000073b200000)
 ParOldGen       total 343040K, used 121409K [0x00000005cb200000, 0x00000005e0100000, 0x0000000719100000)
  object space 343040K, 35% used [0x00000005cb200000,0x00000005d2890550,0x00000005e0100000)
 Metaspace       used 6637K, capacity 6810K, committed 7040K, reserved 1056768K
  class space    used 739K, capacity 801K, committed 896K, reserved 1048576K
Event: 3.628 GC heap after
Heap after GC invocations=4 (full 0):
 PSYoungGen      total 537088K, used 20976K [0x0000000719100000, 0x000000073b200000, 0x00000007c0000000)
  eden space 516096K, 0% used [0x0000000719100000,0x0000000719100000,0x0000000738900000)
  from space 20992K, 99% used [0x0000000739d80000,0x000000073b1fc0a0,0x000000073b200000)
  to   space 20992K, 0% used [0x0000000738900000,0x0000000738900000,0x0000000739d80000)
 ParOldGen       total 343040K, used 128465K [0x00000005cb200000, 0x00000005e0100000, 0x0000000719100000)
  object space 343040K, 37% used [0x00000005cb200000,0x00000005d2f74550,0x00000005e0100000)
 Metaspace       used 6637K, capacity 6810K, committed 7040K, reserved 1056768K
  class space    used 739K, capacity 801K, committed 896K, reserved 1048576K
}
Event: 4.665 GC heap before
{Heap before GC invocations=5 (full 0):
 PSYoungGen      total 537088K, used 537072K [0x0000000719100000, 0x000000073b200000, 0x00000007c0000000)
  eden space 516096K, 100% used [0x0000000719100000,0x0000000738900000,0x0000000738900000)
  from space 20992K, 99% used [0x0000000739d80000,0x000000073b1fc0a0,0x000000073b200000)
  to   space 20992K, 0% used [0x0000000738900000,0x0000000738900000,0x0000000739d80000)
 ParOldGen       total 343040K, used 128465K [0x00000005cb200000, 0x00000005e0100000, 0x0000000719100000)
  object space 343040K, 37% used [0x00000005cb200000,0x00000005d2f74550,0x00000005e0100000)
 Metaspace       used 6794K, capacity 6938K, committed 7040K, reserved 1056768K
  class space    used 751K, capacity 801K, committed 896K, reserved 1048576K
Event: 4.705 GC heap after
Heap after GC invocations=5 (full 0):
 PSYoungGen      total 537088K, used 20960K [0x0000000719100000, 0x0000000764a00000, 0x00000007c0000000)
  eden space 516096K, 0% used [0x0000000719100000,0x0000000719100000,0x0000000738900000)
  from space 20992K, 99% used [0x0000000738900000,0x0000000739d78050,0x0000000739d80000)
  to   space 102912K, 0% used [0x000000075e580000,0x000000075e580000,0x0000000764a00000)
 ParOldGen       total 343040K, used 146225K [0x00000005cb200000, 0x00000005e0100000, 0x0000000719100000)
  object space 343040K, 42% used [0x00000005cb200000,0x00000005d40cc550,0x00000005e0100000)
 Metaspace       used 6794K, capacity 6938K, committed 7040K, reserved 1056768K
  class space    used 751K, capacity 801K, committed 896K, reserved 1048576K
}

