# JRE version: Java(TM) SE Runtime Environment (8.0_91-b14) (build 1.8.0_91-b14)
# Java VM: Java HotSpot(TM) 64-Bit Server VM (25.91-b14 mixed mode linux-amd64 compressed oops)
Heap:
 PSYoungGen      total 1477632K, used 143982K [0x0000000719100000, 0x00000007c0000000, 0x00000007c0000000)
  eden space 912384K, 1% used [0x0000000719100000,0x000000071a2c66b0,0x0000000750c00000)
  from space 565248K, 22% used [0x000000079d800000,0x00000007a52d5200,0x00000007c0000000)
  to   space 911360K, 0% used [0x0000000750c00000,0x0000000750c00000,0x0000000788600000)
 ParOldGen       total 1956864K, used 1262441K [0x00000005cb200000, 0x0000000642900000, 0x0000000719100000)
  object space 1956864K, 64% used [0x00000005cb200000,0x00000006182da4e8,0x0000000642900000)
 Metaspace       used 6788K, capacity 6938K, committed 7040K, reserved 1056768K
  class space    used 743K, capacity 801K, committed 896K, reserved 1048576K
GC Heap History (10 events):
Event: 24.779 GC heap before
{Heap before GC invocations=16 (full 1):
 PSYoungGen      total 1892352K, used 1852480K [0x0000000719100000, 0x00000007b1c80000, 0x00000007c0000000)
  eden space 1448448K, 100% used [0x0000000719100000,0x0000000771780000,0x0000000771780000)
  from space 443904K, 91% used [0x000000078ff80000,0x00000007a8a100e0,0x00000007ab100000)
  to   space 499712K, 0% used [0x0000000771780000,0x0000000771780000,0x000000078ff80000)
 ParOldGen       total 632832K, used 470414K [0x00000005cb200000, 0x00000005f1c00000, 0x0000000719100000)
  object space 632832K, 74% used [0x00000005cb200000,0x00000005e7d63960,0x00000005f1c00000)
 Metaspace       used 6576K, capacity 6746K, committed 7040K, reserved 1056768K
  class space    used 731K, capacity 801K, committed 896K, reserved 1048576K
Event: 24.921 GC heap after
Heap after GC invocations=16 (full 1):
 PSYoungGen      total 1948160K, used 448480K [0x0000000719100000, 0x00000007c0000000, 0x00000007c0000000)
  eden space 1448448K, 0% used [0x0000000719100000,0x0000000719100000,0x0000000771780000)
  from space 499712K, 89% used [0x0000000771780000,0x000000078cd780e0,0x000000078ff80000)
  to   space 560128K, 0% used [0x000000079dd00000,0x000000079dd00000,0x00000007c0000000)
 ParOldGen       total 632832K, used 470414K [0x00000005cb200000, 0x00000005f1c00000, 0x0000000719100000)
  object space 632832K, 74% used [0x00000005cb200000,0x00000005e7d63960,0x00000005f1c00000)
 Metaspace       used 6576K, capacity 6746K, committed 7040K, reserved 1056768K
  class space    used 731K, capacity 801K, committed 896K, reserved 1048576K
}
Event: 27.019 GC heap before
{Heap before GC invocations=17 (full 1):
 PSYoungGen      total 1948160K, used 1896928K [0x0000000719100000, 0x00000007c0000000, 0x00000007c0000000)
  eden space 1448448K, 100% used [0x0000000719100000,0x0000000771780000,0x0000000771780000)
  from space 499712K, 89% used [0x0000000771780000,0x000000078cd780e0,0x000000078ff80000)
  to   space 560128K, 0% used [0x000000079dd00000,0x000000079dd00000,0x00000007c0000000)
 ParOldGen       total 632832K, used 470414K [0x00000005cb200000, 0x00000005f1c00000, 0x0000000719100000)
  object space 632832K, 74% used [0x00000005cb200000,0x00000005e7d63960,0x00000005f1c00000)
 Metaspace       used 6582K, capacity 6746K, committed 7040K, reserved 1056768K
  class space    used 731K, capacity 801K, committed 896K, reserved 1048576K
Event: 27.095 GC heap after
Heap after GC invocations=17 (full 1):
 PSYoungGen      total 2205184K, used 237056K [0x0000000719100000, 0x00000007c0000000, 0x00000007c0000000)
  eden space 1645056K, 0% used [0x0000000719100000,0x0000000719100000,0x000000077d780000)
  from space 560128K, 42% used [0x000000079dd00000,0x00000007ac480080,0x00000007c0000000)
  to   space 529920K, 0% used [0x000000077d780000,0x000000077d780000,0x000000079dd00000)
 ParOldGen       total 632832K, used 470414K [0x00000005cb200000, 0x00000005f1c00000, 0x0000000719100000)
  object space 632832K, 74% used [0x00000005cb200000,0x00000005e7d63960,0x00000005f1c00000)
 Metaspace       used 6582K, capacity 6746K, committed 7040K, reserved 1056768K
  class space    used 731K, capacity 801K, committed 896K, reserved 1048576K
}
Event: 27.544 GC heap before
{Heap before GC invocations=18 (full 1):
 PSYoungGen      total 2205184K, used 1882112K [0x0000000719100000, 0x00000007c0000000, 0x00000007c0000000)
  eden space 1645056K, 100% used [0x0000000719100000,0x000000077d780000,0x000000077d780000)
  from space 560128K, 42% used [0x000000079dd00000,0x00000007ac480080,0x00000007c0000000)
  to   space 529920K, 0% used [0x000000077d780000,0x000000077d780000,0x000000079dd00000)
 ParOldGen       total 632832K, used 470414K [0x00000005cb200000, 0x00000005f1c00000, 0x0000000719100000)
  object space 632832K, 74% used [0x00000005cb200000,0x00000005e7d63960,0x00000005f1c00000)
 Metaspace       used 6582K, capacity 6746K, committed 7040K, reserved 1056768K
  class space    used 731K, capacity 801K, committed 896K, reserved 1048576K
Event: 27.627 GC heap after
Heap after GC invocations=18 (full 1):
 PSYoungGen      total 2052608K, used 407195K [0x0000000719100000, 0x00000007c0000000, 0x00000007c0000000)
  eden space 1645056K, 0% used [0x0000000719100000,0x0000000719100000,0x000000077d780000)
  from space 407552K, 99% used [0x000000077d780000,0x0000000796526e40,0x0000000796580000)
  to   space 565248K, 0% used [0x000000079d800000,0x000000079d800000,0x00000007c0000000)
 ParOldGen       total 632832K, used 470414K [0x00000005cb200000, 0x00000005f1c00000, 0x0000000719100000)
  object space 632832K, 74% used [0x00000005cb200000,0x00000005e7d63960,0x00000005f1c00000)
 Metaspace       used 6582K, capacity 6746K, committed 7040K, reserved 1056768K
  class space    used 731K, capacity 801K, committed 896K, reserved 1048576K
}
Event: 47.227 GC heap before
{Heap before GC invocations=19 (full 1):
 PSYoungGen      total 2052608K, used 2052251K [0x0000000719100000, 0x00000007c0000000, 0x00000007c0000000)
  eden space 1645056K, 100% used [0x0000000719100000,0x000000077d780000,0x000000077d780000)
  from space 407552K, 99% used [0x000000077d780000,0x0000000796526e40,0x0000000796580000)
  to   space 565248K, 0% used [0x000000079d800000,0x000000079d800000,0x00000007c0000000)
 ParOldGen       total 632832K, used 470414K [0x00000005cb200000, 0x00000005f1c00000, 0x0000000719100000)
  object space 632832K, 74% used [0x00000005cb200000,0x00000005e7d63960,0x00000005f1c00000)
 Metaspace       used 6788K, capacity 6938K, committed 7040K, reserved 1056768K
  class space    used 743K, capacity 801K, committed 896K, reserved 1048576K
Event: 48.979 GC heap after
Heap after GC invocations=19 (full 1):
 PSYoungGen      total 1477632K, used 565232K [0x0000000719100000, 0x00000007c0000000, 0x00000007c0000000)
  eden space 912384K, 0% used [0x0000000719100000,0x0000000719100000,0x0000000750c00000)
  from space 565248K, 99% used [0x000000079d800000,0x00000007bfffc080,0x00000007c0000000)
  to   space 911360K, 0% used [0x0000000750c00000,0x0000000750c00000,0x0000000788600000)
 ParOldGen       total 1262592K, used 1262102K [0x00000005cb200000, 0x0000000618300000, 0x0000000719100000)
  object space 1262592K, 99% used [0x00000005cb200000,0x0000000618285960,0x0000000618300000)
 Metaspace       used 6788K, capacity 6938K, committed 7040K, reserved 1056768K
  class space    used 743K, capacity 801K, committed 896K, reserved 1048576K
}
Event: 48.979 GC heap before
{Heap before GC invocations=20 (full 2):
 PSYoungGen      total 1477632K, used 565232K [0x0000000719100000, 0x00000007c0000000, 0x00000007c0000000)
  eden space 912384K, 0% used [0x0000000719100000,0x0000000719100000,0x0000000750c00000)
  from space 565248K, 99% used [0x000000079d800000,0x00000007bfffc080,0x00000007c0000000)
  to   space 911360K, 0% used [0x0000000750c00000,0x0000000750c00000,0x0000000788600000)
 ParOldGen       total 1262592K, used 1262102K [0x00000005cb200000, 0x0000000618300000, 0x0000000719100000)
  object space 1262592K, 99% used [0x00000005cb200000,0x0000000618285960,0x0000000618300000)
 Metaspace       used 6788K, capacity 6938K, committed 7040K, reserved 1056768K
  class space    used 743K, capacity 801K, committed 896K, reserved 1048576K
Event: 53.149 GC heap after
Heap after GC invocations=20 (full 2):
 PSYoungGen      total 1477632K, used 125780K [0x0000000719100000, 0x00000007c0000000, 0x00000007c0000000)
  eden space 912384K, 0% used [0x0000000719100000,0x0000000719100000,0x0000000750c00000)
  from space 565248K, 22% used [0x000000079d800000,0x00000007a52d5200,0x00000007c0000000)
  to   space 911360K, 0% used [0x0000000750c00000,0x0000000750c00000,0x0000000788600000)
 ParOldGen       total 1956864K, used 1262441K [0x00000005cb200000, 0x0000000642900000, 0x0000000719100000)
  object space 1956864K, 64% used [0x00000005cb200000,0x00000006182da4e8,0x0000000642900000)
 Metaspace       used 6788K, capacity 6938K, committed 7040K, reserved 1056768K
  class space    used 743K, capacity 801K, committed 896K, reserved 1048576K
}

