# JRE version: Java(TM) SE Runtime Environment (8.0_91-b14) (build 1.8.0_91-b14)
# Java VM: Java HotSpot(TM) 64-Bit Server VM (25.91-b14 mixed mode linux-amd64 compressed oops)
Heap:
 PSYoungGen      total 2388480K, used 48858K [0x0000000719100000, 0x00000007c0000000, 0x00000007c0000000)
  eden space 2041856K, 1% used [0x0000000719100000,0x000000071b8c1168,0x0000000795b00000)
  from space 346624K, 2% used [0x0000000795b00000,0x00000007962f5958,0x00000007aad80000)
  to   space 346624K, 0% used [0x00000007aad80000,0x00000007aad80000,0x00000007c0000000)
 ParOldGen       total 1537024K, used 836862K [0x00000005cb200000, 0x0000000628f00000, 0x0000000719100000)
  object space 1537024K, 54% used [0x00000005cb200000,0x00000005fe33f9c0,0x0000000628f00000)
 Metaspace       used 6825K, capacity 7002K, committed 7296K, reserved 1056768K
  class space    used 743K, capacity 801K, committed 896K, reserved 1048576K
GC Heap History (10 events):
Event: 21.504 GC heap before
{Heap before GC invocations=12 (full 2):
 PSYoungGen      total 2001408K, used 1857536K [0x0000000719100000, 0x00000007ac100000, 0x00000007c0000000)
  eden space 1857536K, 100% used [0x0000000719100000,0x000000078a700000,0x000000078a700000)
  from space 143872K, 0% used [0x0000000794400000,0x0000000794400000,0x000000079d080000)
  to   space 246272K, 0% used [0x000000079d080000,0x000000079d080000,0x00000007ac100000)
 ParOldGen       total 837120K, used 347565K [0x00000005cb200000, 0x00000005fe380000, 0x0000000719100000)
  object space 837120K, 41% used [0x00000005cb200000,0x00000005e056b620,0x00000005fe380000)
 Metaspace       used 6610K, capacity 6810K, committed 7040K, reserved 1056768K
  class space    used 731K, capacity 801K, committed 896K, reserved 1048576K
Event: 21.590 GC heap after
Heap after GC invocations=12 (full 2):
 PSYoungGen      total 2124288K, used 182656K [0x0000000719100000, 0x00000007c0000000, 0x00000007c0000000)
  eden space 1878016K, 0% used [0x0000000719100000,0x0000000719100000,0x000000078bb00000)
  from space 246272K, 74% used [0x000000079d080000,0x00000007a82e01f0,0x00000007ac100000)
  to   space 284160K, 0% used [0x000000078bb00000,0x000000078bb00000,0x000000079d080000)
 ParOldGen       total 837120K, used 347565K [0x00000005cb200000, 0x00000005fe380000, 0x0000000719100000)
  object space 837120K, 41% used [0x00000005cb200000,0x00000005e056b620,0x00000005fe380000)
 Metaspace       used 6610K, capacity 6810K, committed 7040K, reserved 1056768K
  class space    used 731K, capacity 801K, committed 896K, reserved 1048576K
}
Event: 24.949 GC heap before
{Heap before GC invocations=13 (full 2):
 PSYoungGen      total 2124288K, used 2060672K [0x0000000719100000, 0x00000007c0000000, 0x00000007c0000000)
  eden space 1878016K, 100% used [0x0000000719100000,0x000000078bb00000,0x000000078bb00000)
  from space 246272K, 74% used [0x000000079d080000,0x00000007a82e01f0,0x00000007ac100000)
  to   space 284160K, 0% used [0x000000078bb00000,0x000000078bb00000,0x000000079d080000)
 ParOldGen       total 837120K, used 347565K [0x00000005cb200000, 0x00000005fe380000, 0x0000000719100000)
  object space 837120K, 41% used [0x00000005cb200000,0x00000005e056b620,0x00000005fe380000)
 Metaspace       used 6611K, capacity 6810K, committed 7040K, reserved 1056768K
  class space    used 731K, capacity 801K, committed 896K, reserved 1048576K
Event: 25.018 GC heap after
Heap after GC invocations=13 (full 2):
 PSYoungGen      total 2162176K, used 188800K [0x0000000719100000, 0x00000007c0000000, 0x00000007c0000000)
  eden space 1878016K, 0% used [0x0000000719100000,0x0000000719100000,0x000000078bb00000)
  from space 284160K, 66% used [0x000000078bb00000,0x0000000797360190,0x000000079d080000)
  to   space 292352K, 0% used [0x00000007ae280000,0x00000007ae280000,0x00000007c0000000)
 ParOldGen       total 837120K, used 347565K [0x00000005cb200000, 0x00000005fe380000, 0x0000000719100000)
  object space 837120K, 41% used [0x00000005cb200000,0x00000005e056b620,0x00000005fe380000)
 Metaspace       used 6611K, capacity 6810K, committed 7040K, reserved 1056768K
  class space    used 731K, capacity 801K, committed 896K, reserved 1048576K
}
Event: 27.696 GC heap before
{Heap before GC invocations=14 (full 2):
 PSYoungGen      total 2162176K, used 2066816K [0x0000000719100000, 0x00000007c0000000, 0x00000007c0000000)
  eden space 1878016K, 100% used [0x0000000719100000,0x000000078bb00000,0x000000078bb00000)
  from space 284160K, 66% used [0x000000078bb00000,0x0000000797360190,0x000000079d080000)
  to   space 292352K, 0% used [0x00000007ae280000,0x00000007ae280000,0x00000007c0000000)
 ParOldGen       total 837120K, used 347565K [0x00000005cb200000, 0x00000005fe380000, 0x0000000719100000)
  object space 837120K, 41% used [0x00000005cb200000,0x00000005e056b620,0x00000005fe380000)
 Metaspace       used 6612K, capacity 6810K, committed 7040K, reserved 1056768K
  class space    used 731K, capacity 801K, committed 896K, reserved 1048576K
Event: 27.803 GC heap after
Heap after GC invocations=14 (full 2):
 PSYoungGen      total 2334208K, used 292336K [0x0000000719100000, 0x00000007c0000000, 0x00000007c0000000)
  eden space 2041856K, 0% used [0x0000000719100000,0x0000000719100000,0x0000000795b00000)
  from space 292352K, 99% used [0x00000007ae280000,0x00000007bfffc1d0,0x00000007c0000000)
  to   space 346624K, 0% used [0x0000000795b00000,0x0000000795b00000,0x00000007aad80000)
 ParOldGen       total 837120K, used 376533K [0x00000005cb200000, 0x00000005fe380000, 0x0000000719100000)
  object space 837120K, 44% used [0x00000005cb200000,0x00000005e21b5620,0x00000005fe380000)
 Metaspace       used 6612K, capacity 6810K, committed 7040K, reserved 1056768K
  class space    used 731K, capacity 801K, committed 896K, reserved 1048576K
}
Event: 38.699 GC heap before
{Heap before GC invocations=15 (full 2):
 PSYoungGen      total 2334208K, used 2334192K [0x0000000719100000, 0x00000007c0000000, 0x00000007c0000000)
  eden space 2041856K, 100% used [0x0000000719100000,0x0000000795b00000,0x0000000795b00000)
  from space 292352K, 99% used [0x00000007ae280000,0x00000007bfffc1d0,0x00000007c0000000)
  to   space 346624K, 0% used [0x0000000795b00000,0x0000000795b00000,0x00000007aad80000)
 ParOldGen       total 837120K, used 376533K [0x00000005cb200000, 0x00000005fe380000, 0x0000000719100000)
  object space 837120K, 44% used [0x00000005cb200000,0x00000005e21b5620,0x00000005fe380000)
 Metaspace       used 6825K, capacity 7002K, committed 7296K, reserved 1056768K
  class space    used 743K, capacity 801K, committed 896K, reserved 1048576K
Event: 39.484 GC heap after
Heap after GC invocations=15 (full 2):
 PSYoungGen      total 2388480K, used 346592K [0x0000000719100000, 0x00000007c0000000, 0x00000007c0000000)
  eden space 2041856K, 0% used [0x0000000719100000,0x0000000719100000,0x0000000795b00000)
  from space 346624K, 99% used [0x0000000795b00000,0x00000007aad78140,0x00000007aad80000)
  to   space 346624K, 0% used [0x00000007aad80000,0x00000007aad80000,0x00000007c0000000)
 ParOldGen       total 837120K, used 734877K [0x00000005cb200000, 0x00000005fe380000, 0x0000000719100000)
  object space 837120K, 87% used [0x00000005cb200000,0x00000005f7fa7620,0x00000005fe380000)
 Metaspace       used 6825K, capacity 7002K, committed 7296K, reserved 1056768K
  class space    used 743K, capacity 801K, committed 896K, reserved 1048576K
}
Event: 39.484 GC heap before
{Heap before GC invocations=16 (full 3):
 PSYoungGen      total 2388480K, used 346592K [0x0000000719100000, 0x00000007c0000000, 0x00000007c0000000)
  eden space 2041856K, 0% used [0x0000000719100000,0x0000000719100000,0x0000000795b00000)
  from space 346624K, 99% used [0x0000000795b00000,0x00000007aad78140,0x00000007aad80000)
  to   space 346624K, 0% used [0x00000007aad80000,0x00000007aad80000,0x00000007c0000000)
 ParOldGen       total 837120K, used 734877K [0x00000005cb200000, 0x00000005fe380000, 0x0000000719100000)
  object space 837120K, 87% used [0x00000005cb200000,0x00000005f7fa7620,0x00000005fe380000)
 Metaspace       used 6825K, capacity 7002K, committed 7296K, reserved 1056768K
  class space    used 743K, capacity 801K, committed 896K, reserved 1048576K
Event: 41.461 GC heap after
Heap after GC invocations=16 (full 3):
 PSYoungGen      total 2388480K, used 8150K [0x0000000719100000, 0x00000007c0000000, 0x00000007c0000000)
  eden space 2041856K, 0% used [0x0000000719100000,0x0000000719100000,0x0000000795b00000)
  from space 346624K, 2% used [0x0000000795b00000,0x00000007962f5958,0x00000007aad80000)
  to   space 346624K, 0% used [0x00000007aad80000,0x00000007aad80000,0x00000007c0000000)
 ParOldGen       total 1537024K, used 836862K [0x00000005cb200000, 0x0000000628f00000, 0x0000000719100000)
  object space 1537024K, 54% used [0x00000005cb200000,0x00000005fe33f9c0,0x0000000628f00000)
 Metaspace       used 6825K, capacity 7002K, committed 7296K, reserved 1056768K
  class space    used 743K, capacity 801K, committed 896K, reserved 1048576K
}

