# JRE version: Java(TM) SE Runtime Environment (8.0_91-b14) (build 1.8.0_91-b14)
# Java VM: Java HotSpot(TM) 64-Bit Server VM (25.91-b14 mixed mode linux-amd64 compressed oops)
Heap:
 PSYoungGen      total 279040K, used 24509K [0x0000000719100000, 0x000000073b200000, 0x00000007c0000000)
  eden space 258048K, 3% used [0x0000000719100000,0x0000000719af7f90,0x0000000728d00000)
  from space 20992K, 68% used [0x0000000728d00000,0x0000000729af7760,0x000000072a180000)
  to   space 20992K, 0% used [0x0000000739d80000,0x0000000739d80000,0x000000073b200000)
 ParOldGen       total 872448K, used 421342K [0x00000005cb200000, 0x0000000600600000, 0x0000000719100000)
  object space 872448K, 48% used [0x00000005cb200000,0x00000005e4d77a78,0x0000000600600000)
 Metaspace       used 6595K, capacity 6746K, committed 7040K, reserved 1056768K
  class space    used 737K, capacity 801K, committed 896K, reserved 1048576K
GC Heap History (8 events):
Event: 1.844 GC heap before
{Heap before GC invocations=1 (full 0):
 PSYoungGen      total 150016K, used 129024K [0x0000000719100000, 0x0000000723800000, 0x00000007c0000000)
  eden space 129024K, 100% used [0x0000000719100000,0x0000000720f00000,0x0000000720f00000)
  from space 20992K, 0% used [0x0000000722380000,0x0000000722380000,0x0000000723800000)
  to   space 20992K, 0% used [0x0000000720f00000,0x0000000720f00000,0x0000000722380000)
 ParOldGen       total 343040K, used 0K [0x00000005cb200000, 0x00000005e0100000, 0x0000000719100000)
  object space 343040K, 0% used [0x00000005cb200000,0x00000005cb200000,0x00000005e0100000)
 Metaspace       used 6575K, capacity 6746K, committed 7040K, reserved 1056768K
  class space    used 737K, capacity 801K, committed 896K, reserved 1048576K
Event: 2.106 GC heap after
Heap after GC invocations=1 (full 0):
 PSYoungGen      total 150016K, used 20976K [0x0000000719100000, 0x000000072b600000, 0x00000007c0000000)
  eden space 129024K, 0% used [0x0000000719100000,0x0000000719100000,0x0000000720f00000)
  from space 20992K, 99% used [0x0000000720f00000,0x000000072237c010,0x0000000722380000)
  to   space 20992K, 0% used [0x000000072a180000,0x000000072a180000,0x000000072b600000)
 ParOldGen       total 343040K, used 85433K [0x00000005cb200000, 0x00000005e0100000, 0x0000000719100000)
  object space 343040K, 24% used [0x00000005cb200000,0x00000005d056e4a8,0x00000005e0100000)
 Metaspace       used 6575K, capacity 6746K, committed 7040K, reserved 1056768K
  class space    used 737K, capacity 801K, committed 896K, reserved 1048576K
}
Event: 3.769 GC heap before
{Heap before GC invocations=2 (full 0):
 PSYoungGen      total 150016K, used 150000K [0x0000000719100000, 0x000000072b600000, 0x00000007c0000000)
  eden space 129024K, 100% used [0x0000000719100000,0x0000000720f00000,0x0000000720f00000)
  from space 20992K, 99% used [0x0000000720f00000,0x000000072237c010,0x0000000722380000)
  to   space 20992K, 0% used [0x000000072a180000,0x000000072a180000,0x000000072b600000)
 ParOldGen       total 343040K, used 85433K [0x00000005cb200000, 0x00000005e0100000, 0x0000000719100000)
  object space 343040K, 24% used [0x00000005cb200000,0x00000005d056e4a8,0x00000005e0100000)
 Metaspace       used 6595K, capacity 6746K, committed 7040K, reserved 1056768K
  class space    used 737K, capacity 801K, committed 896K, reserved 1048576K
Event: 3.948 GC heap after
Heap after GC invocations=2 (full 0):
 PSYoungGen      total 279040K, used 20976K [0x0000000719100000, 0x000000072b600000, 0x00000007c0000000)
  eden space 258048K, 0% used [0x0000000719100000,0x0000000719100000,0x0000000728d00000)
  from space 20992K, 99% used [0x000000072a180000,0x000000072b5fc030,0x000000072b600000)
  to   space 20992K, 0% used [0x0000000728d00000,0x0000000728d00000,0x000000072a180000)
 ParOldGen       total 343040K, used 189609K [0x00000005cb200000, 0x00000005e0100000, 0x0000000719100000)
  object space 343040K, 55% used [0x00000005cb200000,0x00000005d6b2a4a8,0x00000005e0100000)
 Metaspace       used 6595K, capacity 6746K, committed 7040K, reserved 1056768K
  class space    used 737K, capacity 801K, committed 896K, reserved 1048576K
}
Event: 7.687 GC heap before
{Heap before GC invocations=3 (full 0):
 PSYoungGen      total 279040K, used 279024K [0x0000000719100000, 0x000000072b600000, 0x00000007c0000000)
  eden space 258048K, 100% used [0x0000000719100000,0x0000000728d00000,0x0000000728d00000)
  from space 20992K, 99% used [0x000000072a180000,0x000000072b5fc030,0x000000072b600000)
  to   space 20992K, 0% used [0x0000000728d00000,0x0000000728d00000,0x000000072a180000)
 ParOldGen       total 343040K, used 189609K [0x00000005cb200000, 0x00000005e0100000, 0x0000000719100000)
  object space 343040K, 55% used [0x00000005cb200000,0x00000005d6b2a4a8,0x00000005e0100000)
 Metaspace       used 6595K, capacity 6746K, committed 7040K, reserved 1056768K
  class space    used 737K, capacity 801K, committed 896K, reserved 1048576K
Event: 8.066 GC heap after
Heap after GC invocations=3 (full 0):
 PSYoungGen      total 279040K, used 20976K [0x0000000719100000, 0x000000073b200000, 0x00000007c0000000)
  eden space 258048K, 0% used [0x0000000719100000,0x0000000719100000,0x0000000728d00000)
  from space 20992K, 99% used [0x0000000728d00000,0x000000072a17c030,0x000000072a180000)
  to   space 20992K, 0% used [0x0000000739d80000,0x0000000739d80000,0x000000073b200000)
 ParOldGen       total 421376K, used 421177K [0x00000005cb200000, 0x00000005e4d80000, 0x0000000719100000)
  object space 421376K, 99% used [0x00000005cb200000,0x00000005e4d4e4a8,0x00000005e4d80000)
 Metaspace       used 6595K, capacity 6746K, committed 7040K, reserved 1056768K
  class space    used 737K, capacity 801K, committed 896K, reserved 1048576K
}
Event: 8.066 GC heap before
{Heap before GC invocations=4 (full 1):
 PSYoungGen      total 279040K, used 20976K [0x0000000719100000, 0x000000073b200000, 0x00000007c0000000)
  eden space 258048K, 0% used [0x0000000719100000,0x0000000719100000,0x0000000728d00000)
  from space 20992K, 99% used [0x0000000728d00000,0x000000072a17c030,0x000000072a180000)
  to   space 20992K, 0% used [0x0000000739d80000,0x0000000739d80000,0x000000073b200000)
 ParOldGen       total 421376K, used 421177K [0x00000005cb200000, 0x00000005e4d80000, 0x0000000719100000)
  object space 421376K, 99% used [0x00000005cb200000,0x00000005e4d4e4a8,0x00000005e4d80000)
 Metaspace       used 6595K, capacity 6746K, committed 7040K, reserved 1056768K
  class space    used 737K, capacity 801K, committed 896K, reserved 1048576K
Event: 9.832 GC heap after
Heap after GC invocations=4 (full 1):
 PSYoungGen      total 279040K, used 14301K [0x0000000719100000, 0x000000073b200000, 0x00000007c0000000)
  eden space 258048K, 0% used [0x0000000719100000,0x0000000719100000,0x0000000728d00000)
  from space 20992K, 68% used [0x0000000728d00000,0x0000000729af7760,0x000000072a180000)
  to   space 20992K, 0% used [0x0000000739d80000,0x0000000739d80000,0x000000073b200000)
 ParOldGen       total 872448K, used 421342K [0x00000005cb200000, 0x0000000600600000, 0x0000000719100000)
  object space 872448K, 48% used [0x00000005cb200000,0x00000005e4d77a78,0x0000000600600000)
 Metaspace       used 6595K, capacity 6746K, committed 7040K, reserved 1056768K
  class space    used 737K, capacity 801K, committed 896K, reserved 1048576K
}

