# JRE version: Java(TM) SE Runtime Environment (8.0_91-b14) (build 1.8.0_91-b14)
# Java VM: Java HotSpot(TM) 64-Bit Server VM (25.91-b14 mixed mode linux-amd64 compressed oops)
Heap:
 PSYoungGen      total 2581504K, used 73582K [0x0000000719100000, 0x00000007c0000000, 0x00000007c0000000)
  eden space 2427904K, 1% used [0x0000000719100000,0x000000071c0662d0,0x00000007ad400000)
  from space 153600K, 16% used [0x00000007ad400000,0x00000007aec75748,0x00000007b6a00000)
  to   space 153600K, 0% used [0x00000007b6a00000,0x00000007b6a00000,0x00000007c0000000)
 ParOldGen       total 719360K, used 399208K [0x00000005cb200000, 0x00000005f7080000, 0x0000000719100000)
  object space 719360K, 55% used [0x00000005cb200000,0x00000005e37da028,0x00000005f7080000)
 Metaspace       used 6560K, capacity 6746K, committed 7040K, reserved 1056768K
  class space    used 731K, capacity 801K, committed 896K, reserved 1048576K
GC Heap History (10 events):
Event: 7.736 GC heap before
{Heap before GC invocations=8 (full 0):
 PSYoungGen      total 1098752K, used 1098736K [0x0000000719100000, 0x00000007a2800000, 0x00000007c0000000)
  eden space 1032192K, 100% used [0x0000000719100000,0x0000000758100000,0x0000000758100000)
  from space 66560K, 99% used [0x0000000758100000,0x000000075c1fc0a0,0x000000075c200000)
  to   space 93696K, 0% used [0x000000079cc80000,0x000000079cc80000,0x00000007a2800000)
 ParOldGen       total 343040K, used 138272K [0x00000005cb200000, 0x00000005e0100000, 0x0000000719100000)
  object space 343040K, 40% used [0x00000005cb200000,0x00000005d3908068,0x00000005e0100000)
 Metaspace       used 6555K, capacity 6746K, committed 7040K, reserved 1056768K
  class space    used 731K, capacity 801K, committed 896K, reserved 1048576K
Event: 7.777 GC heap after
Heap after GC invocations=8 (full 0):
 PSYoungGen      total 2142720K, used 93680K [0x0000000719100000, 0x00000007a4600000, 0x00000007c0000000)
  eden space 2049024K, 0% used [0x0000000719100000,0x0000000719100000,0x0000000796200000)
  from space 93696K, 99% used [0x000000079cc80000,0x00000007a27fc090,0x00000007a2800000)
  to   space 109056K, 0% used [0x0000000796200000,0x0000000796200000,0x000000079cc80000)
 ParOldGen       total 343040K, used 141600K [0x00000005cb200000, 0x00000005e0100000, 0x0000000719100000)
  object space 343040K, 41% used [0x00000005cb200000,0x00000005d3c48078,0x00000005e0100000)
 Metaspace       used 6555K, capacity 6746K, committed 7040K, reserved 1056768K
  class space    used 731K, capacity 801K, committed 896K, reserved 1048576K
}
Event: 11.104 GC heap before
{Heap before GC invocations=9 (full 0):
 PSYoungGen      total 2142720K, used 2142704K [0x0000000719100000, 0x00000007a4600000, 0x00000007c0000000)
  eden space 2049024K, 100% used [0x0000000719100000,0x0000000796200000,0x0000000796200000)
  from space 93696K, 99% used [0x000000079cc80000,0x00000007a27fc090,0x00000007a2800000)
  to   space 109056K, 0% used [0x0000000796200000,0x0000000796200000,0x000000079cc80000)
 ParOldGen       total 343040K, used 141600K [0x00000005cb200000, 0x00000005e0100000, 0x0000000719100000)
  object space 343040K, 41% used [0x00000005cb200000,0x00000005d3c48078,0x00000005e0100000)
 Metaspace       used 6555K, capacity 6746K, committed 7040K, reserved 1056768K
  class space    used 731K, capacity 801K, committed 896K, reserved 1048576K
Event: 11.158 GC heap after
Heap after GC invocations=9 (full 0):
 PSYoungGen      total 2158080K, used 109040K [0x0000000719100000, 0x00000007c0000000, 0x00000007c0000000)
  eden space 2049024K, 0% used [0x0000000719100000,0x0000000719100000,0x0000000796200000)
  from space 109056K, 99% used [0x0000000796200000,0x000000079cc7c090,0x000000079cc80000)
  to   space 141824K, 0% used [0x00000007b7580000,0x00000007b7580000,0x00000007c0000000)
 ParOldGen       total 343040K, used 183356K [0x00000005cb200000, 0x00000005e0100000, 0x0000000719100000)
  object space 343040K, 53% used [0x00000005cb200000,0x00000005d650f0d8,0x00000005e0100000)
 Metaspace       used 6555K, capacity 6746K, committed 7040K, reserved 1056768K
  class space    used 731K, capacity 801K, committed 896K, reserved 1048576K
}
Event: 14.013 GC heap before
{Heap before GC invocations=10 (full 0):
 PSYoungGen      total 2158080K, used 2158064K [0x0000000719100000, 0x00000007c0000000, 0x00000007c0000000)
  eden space 2049024K, 100% used [0x0000000719100000,0x0000000796200000,0x0000000796200000)
  from space 109056K, 99% used [0x0000000796200000,0x000000079cc7c090,0x000000079cc80000)
  to   space 141824K, 0% used [0x00000007b7580000,0x00000007b7580000,0x00000007c0000000)
 ParOldGen       total 343040K, used 183356K [0x00000005cb200000, 0x00000005e0100000, 0x0000000719100000)
  object space 343040K, 53% used [0x00000005cb200000,0x00000005d650f0d8,0x00000005e0100000)
 Metaspace       used 6555K, capacity 6746K, committed 7040K, reserved 1056768K
  class space    used 731K, capacity 801K, committed 896K, reserved 1048576K
Event: 14.059 GC heap after
Heap after GC invocations=10 (full 0):
 PSYoungGen      total 2569728K, used 118048K [0x0000000719100000, 0x00000007c0000000, 0x00000007c0000000)
  eden space 2427904K, 0% used [0x0000000719100000,0x0000000719100000,0x00000007ad400000)
  from space 141824K, 83% used [0x00000007b7580000,0x00000007be8c8080,0x00000007c0000000)
  to   space 153600K, 0% used [0x00000007ad400000,0x00000007ad400000,0x00000007b6a00000)
 ParOldGen       total 343040K, used 203652K [0x00000005cb200000, 0x00000005e0100000, 0x0000000719100000)
  object space 343040K, 59% used [0x00000005cb200000,0x00000005d78e10f8,0x00000005e0100000)
 Metaspace       used 6555K, capacity 6746K, committed 7040K, reserved 1056768K
  class space    used 731K, capacity 801K, committed 896K, reserved 1048576K
}
Event: 22.641 GC heap before
{Heap before GC invocations=11 (full 0):
 PSYoungGen      total 2569728K, used 2545952K [0x0000000719100000, 0x00000007c0000000, 0x00000007c0000000)
  eden space 2427904K, 100% used [0x0000000719100000,0x00000007ad400000,0x00000007ad400000)
  from space 141824K, 83% used [0x00000007b7580000,0x00000007be8c8080,0x00000007c0000000)
  to   space 153600K, 0% used [0x00000007ad400000,0x00000007ad400000,0x00000007b6a00000)
 ParOldGen       total 343040K, used 203652K [0x00000005cb200000, 0x00000005e0100000, 0x0000000719100000)
  object space 343040K, 59% used [0x00000005cb200000,0x00000005d78e10f8,0x00000005e0100000)
 Metaspace       used 6558K, capacity 6746K, committed 7040K, reserved 1056768K
  class space    used 731K, capacity 801K, committed 896K, reserved 1048576K
Event: 23.076 GC heap after
Heap after GC invocations=11 (full 0):
 PSYoungGen      total 2581504K, used 153594K [0x0000000719100000, 0x00000007c0000000, 0x00000007c0000000)
  eden space 2427904K, 0% used [0x0000000719100000,0x0000000719100000,0x00000007ad400000)
  from space 153600K, 99% used [0x00000007ad400000,0x00000007b69fea10,0x00000007b6a00000)
  to   space 153600K, 0% used [0x00000007b6a00000,0x00000007b6a00000,0x00000007c0000000)
 ParOldGen       total 399360K, used 399148K [0x00000005cb200000, 0x00000005e3800000, 0x0000000719100000)
  object space 399360K, 99% used [0x00000005cb200000,0x00000005e37cb138,0x00000005e3800000)
 Metaspace       used 6558K, capacity 6746K, committed 7040K, reserved 1056768K
  class space    used 731K, capacity 801K, committed 896K, reserved 1048576K
}
Event: 23.076 GC heap before
{Heap before GC invocations=12 (full 1):
 PSYoungGen      total 2581504K, used 153594K [0x0000000719100000, 0x00000007c0000000, 0x00000007c0000000)
  eden space 2427904K, 0% used [0x0000000719100000,0x0000000719100000,0x00000007ad400000)
  from space 153600K, 99% used [0x00000007ad400000,0x00000007b69fea10,0x00000007b6a00000)
  to   space 153600K, 0% used [0x00000007b6a00000,0x00000007b6a00000,0x00000007c0000000)
 ParOldGen       total 399360K, used 399148K [0x00000005cb200000, 0x00000005e3800000, 0x0000000719100000)
  object space 399360K, 99% used [0x00000005cb200000,0x00000005e37cb138,0x00000005e3800000)
 Metaspace       used 6558K, capacity 6746K, committed 7040K, reserved 1056768K
  class space    used 731K, capacity 801K, committed 896K, reserved 1048576K
Event: 24.097 GC heap after
Heap after GC invocations=12 (full 1):
 PSYoungGen      total 2581504K, used 25045K [0x0000000719100000, 0x00000007c0000000, 0x00000007c0000000)
  eden space 2427904K, 0% used [0x0000000719100000,0x0000000719100000,0x00000007ad400000)
  from space 153600K, 16% used [0x00000007ad400000,0x00000007aec75748,0x00000007b6a00000)
  to   space 153600K, 0% used [0x00000007b6a00000,0x00000007b6a00000,0x00000007c0000000)
 ParOldGen       total 719360K, used 399208K [0x00000005cb200000, 0x00000005f7080000, 0x0000000719100000)
  object space 719360K, 55% used [0x00000005cb200000,0x00000005e37da028,0x00000005f7080000)
 Metaspace       used 6558K, capacity 6746K, committed 7040K, reserved 1056768K
  class space    used 731K, capacity 801K, committed 896K, reserved 1048576K
}

