# JRE version: Java(TM) SE Runtime Environment (8.0_91-b14) (build 1.8.0_91-b14)
# Java VM: Java HotSpot(TM) 64-Bit Server VM (25.91-b14 mixed mode linux-amd64 compressed oops)
Heap:
 PSYoungGen      total 1112064K, used 40587K [0x0000000719100000, 0x00000007c0000000, 0x00000007c0000000)
  eden space 1018368K, 3% used [0x0000000719100000,0x000000071b8a2ce8,0x0000000757380000)
  from space 93696K, 0% used [0x0000000757380000,0x0000000757380000,0x000000075cf00000)
  to   space 460288K, 0% used [0x00000007a3e80000,0x00000007a3e80000,0x00000007c0000000)
 ParOldGen       total 1395712K, used 825267K [0x00000005cb200000, 0x0000000620500000, 0x0000000719100000)
  object space 1395712K, 59% used [0x00000005cb200000,0x00000005fd7ecc88,0x0000000620500000)
 Metaspace       used 6692K, capacity 6810K, committed 7040K, reserved 1056768K
  class space    used 743K, capacity 801K, committed 896K, reserved 1048576K
GC Heap History (10 events):
Event: 2.375 GC heap before
{Heap before GC invocations=4 (full 0):
 PSYoungGen      total 279040K, used 279032K [0x0000000719100000, 0x000000073b200000, 0x00000007c0000000)
  eden space 258048K, 100% used [0x0000000719100000,0x0000000728d00000,0x0000000728d00000)
  from space 20992K, 99% used [0x0000000728d00000,0x000000072a17e040,0x000000072a180000)
  to   space 20992K, 0% used [0x0000000739d80000,0x0000000739d80000,0x000000073b200000)
 ParOldGen       total 343040K, used 91698K [0x00000005cb200000, 0x00000005e0100000, 0x0000000719100000)
  object space 343040K, 26% used [0x00000005cb200000,0x00000005d0b8c8c8,0x00000005e0100000)
 Metaspace       used 6517K, capacity 6682K, committed 6784K, reserved 1056768K
  class space    used 731K, capacity 801K, committed 896K, reserved 1048576K
Event: 2.394 GC heap after
Heap after GC invocations=4 (full 0):
 PSYoungGen      total 537088K, used 17120K [0x0000000719100000, 0x000000073b200000, 0x00000007c0000000)
  eden space 516096K, 0% used [0x0000000719100000,0x0000000719100000,0x0000000738900000)
  from space 20992K, 81% used [0x0000000739d80000,0x000000073ae38010,0x000000073b200000)
  to   space 20992K, 0% used [0x0000000738900000,0x0000000738900000,0x0000000739d80000)
 ParOldGen       total 343040K, used 107674K [0x00000005cb200000, 0x00000005e0100000, 0x0000000719100000)
  object space 343040K, 31% used [0x00000005cb200000,0x00000005d1b268d8,0x00000005e0100000)
 Metaspace       used 6517K, capacity 6682K, committed 6784K, reserved 1056768K
  class space    used 731K, capacity 801K, committed 896K, reserved 1048576K
}
Event: 2.577 GC heap before
{Heap before GC invocations=5 (full 0):
 PSYoungGen      total 537088K, used 533216K [0x0000000719100000, 0x000000073b200000, 0x00000007c0000000)
  eden space 516096K, 100% used [0x0000000719100000,0x0000000738900000,0x0000000738900000)
  from space 20992K, 81% used [0x0000000739d80000,0x000000073ae38010,0x000000073b200000)
  to   space 20992K, 0% used [0x0000000738900000,0x0000000738900000,0x0000000739d80000)
 ParOldGen       total 343040K, used 107674K [0x00000005cb200000, 0x00000005e0100000, 0x0000000719100000)
  object space 343040K, 31% used [0x00000005cb200000,0x00000005d1b268d8,0x00000005e0100000)
 Metaspace       used 6517K, capacity 6682K, committed 6784K, reserved 1056768K
  class space    used 731K, capacity 801K, committed 896K, reserved 1048576K
Event: 2.615 GC heap after
Heap after GC invocations=5 (full 0):
 PSYoungGen      total 537088K, used 17104K [0x0000000719100000, 0x0000000761d00000, 0x00000007c0000000)
  eden space 516096K, 0% used [0x0000000719100000,0x0000000719100000,0x0000000738900000)
  from space 20992K, 81% used [0x0000000738900000,0x00000007399b4020,0x0000000739d80000)
  to   space 79872K, 0% used [0x000000075cf00000,0x000000075cf00000,0x0000000761d00000)
 ParOldGen       total 343040K, used 171546K [0x00000005cb200000, 0x00000005e0100000, 0x0000000719100000)
  object space 343040K, 50% used [0x00000005cb200000,0x00000005d59868e8,0x00000005e0100000)
 Metaspace       used 6517K, capacity 6682K, committed 6784K, reserved 1056768K
  class space    used 731K, capacity 801K, committed 896K, reserved 1048576K
}
Event: 2.744 GC heap before
{Heap before GC invocations=6 (full 0):
 PSYoungGen      total 537088K, used 484548K [0x0000000719100000, 0x0000000761d00000, 0x00000007c0000000)
  eden space 516096K, 90% used [0x0000000719100000,0x000000073597d3d0,0x0000000738900000)
  from space 20992K, 81% used [0x0000000738900000,0x00000007399b4020,0x0000000739d80000)
  to   space 79872K, 0% used [0x000000075cf00000,0x000000075cf00000,0x0000000761d00000)
 ParOldGen       total 343040K, used 171546K [0x00000005cb200000, 0x00000005e0100000, 0x0000000719100000)
  object space 343040K, 50% used [0x00000005cb200000,0x00000005d59868e8,0x00000005e0100000)
 Metaspace       used 6517K, capacity 6682K, committed 6784K, reserved 1056768K
  class space    used 731K, capacity 801K, committed 896K, reserved 1048576K
Event: 2.778 GC heap after
Heap after GC invocations=6 (full 0):
 PSYoungGen      total 1098240K, used 73650K [0x0000000719100000, 0x0000000763800000, 0x00000007c0000000)
  eden space 1018368K, 0% used [0x0000000719100000,0x0000000719100000,0x0000000757380000)
  from space 79872K, 92% used [0x000000075cf00000,0x00000007616ecb28,0x0000000761d00000)
  to   space 93696K, 0% used [0x0000000757380000,0x0000000757380000,0x000000075cf00000)
 ParOldGen       total 343040K, used 171554K [0x00000005cb200000, 0x00000005e0100000, 0x0000000719100000)
  object space 343040K, 50% used [0x00000005cb200000,0x00000005d59888e8,0x00000005e0100000)
 Metaspace       used 6517K, capacity 6682K, committed 6784K, reserved 1056768K
  class space    used 731K, capacity 801K, committed 896K, reserved 1048576K
}
Event: 61.562 GC heap before
{Heap before GC invocations=7 (full 0):
 PSYoungGen      total 1098240K, used 1092018K [0x0000000719100000, 0x0000000763800000, 0x00000007c0000000)
  eden space 1018368K, 100% used [0x0000000719100000,0x0000000757380000,0x0000000757380000)
  from space 79872K, 92% used [0x000000075cf00000,0x00000007616ecb28,0x0000000761d00000)
  to   space 93696K, 0% used [0x0000000757380000,0x0000000757380000,0x000000075cf00000)
 ParOldGen       total 343040K, used 171554K [0x00000005cb200000, 0x00000005e0100000, 0x0000000719100000)
  object space 343040K, 50% used [0x00000005cb200000,0x00000005d59888e8,0x00000005e0100000)
 Metaspace       used 6690K, capacity 6810K, committed 7040K, reserved 1056768K
  class space    used 743K, capacity 801K, committed 896K, reserved 1048576K
Event: 63.494 GC heap after
Heap after GC invocations=7 (full 0):
 PSYoungGen      total 1112064K, used 93664K [0x0000000719100000, 0x00000007c0000000, 0x00000007c0000000)
  eden space 1018368K, 0% used [0x0000000719100000,0x0000000719100000,0x0000000757380000)
  from space 93696K, 99% used [0x0000000757380000,0x000000075cef8010,0x000000075cf00000)
  to   space 460288K, 0% used [0x00000007a3e80000,0x00000007a3e80000,0x00000007c0000000)
 ParOldGen       total 867328K, used 867137K [0x00000005cb200000, 0x0000000600100000, 0x0000000719100000)
  object space 867328K, 99% used [0x00000005cb200000,0x00000006000d0428,0x0000000600100000)
 Metaspace       used 6690K, capacity 6810K, committed 7040K, reserved 1056768K
  class space    used 743K, capacity 801K, committed 896K, reserved 1048576K
}
Event: 63.494 GC heap before
{Heap before GC invocations=8 (full 1):
 PSYoungGen      total 1112064K, used 93664K [0x0000000719100000, 0x00000007c0000000, 0x00000007c0000000)
  eden space 1018368K, 0% used [0x0000000719100000,0x0000000719100000,0x0000000757380000)
  from space 93696K, 99% used [0x0000000757380000,0x000000075cef8010,0x000000075cf00000)
  to   space 460288K, 0% used [0x00000007a3e80000,0x00000007a3e80000,0x00000007c0000000)
 ParOldGen       total 867328K, used 867137K [0x00000005cb200000, 0x0000000600100000, 0x0000000719100000)
  object space 867328K, 99% used [0x00000005cb200000,0x00000006000d0428,0x0000000600100000)
 Metaspace       used 6690K, capacity 6810K, committed 7040K, reserved 1056768K
  class space    used 743K, capacity 801K, committed 896K, reserved 1048576K
Event: 66.429 GC heap after
Heap after GC invocations=8 (full 1):
 PSYoungGen      total 1112064K, used 0K [0x0000000719100000, 0x00000007c0000000, 0x00000007c0000000)
  eden space 1018368K, 0% used [0x0000000719100000,0x0000000719100000,0x0000000757380000)
  from space 93696K, 0% used [0x0000000757380000,0x0000000757380000,0x000000075cf00000)
  to   space 460288K, 0% used [0x00000007a3e80000,0x00000007a3e80000,0x00000007c0000000)
 ParOldGen       total 1395712K, used 825267K [0x00000005cb200000, 0x0000000620500000, 0x0000000719100000)
  object space 1395712K, 59% used [0x00000005cb200000,0x00000005fd7ecc88,0x0000000620500000)
 Metaspace       used 6690K, capacity 6810K, committed 7040K, reserved 1056768K
  class space    used 743K, capacity 801K, committed 896K, reserved 1048576K
}

