# JRE version: Java(TM) SE Runtime Environment (8.0_91-b14) (build 1.8.0_91-b14)
# Java VM: Java HotSpot(TM) 64-Bit Server VM (25.91-b14 mixed mode linux-amd64 compressed oops)
Heap:
 PSYoungGen      total 1986048K, used 694926K [0x0000000719100000, 0x00000007c0000000, 0x00000007c0000000)
  eden space 1317376K, 1% used [0x0000000719100000,0x000000071aaab988,0x0000000769780000)
  from space 668672K, 99% used [0x0000000769780000,0x0000000792478020,0x0000000792480000)
  to   space 749056K, 0% used [0x0000000792480000,0x0000000792480000,0x00000007c0000000)
 ParOldGen       total 1419776K, used 965589K [0x00000005cb200000, 0x0000000621c80000, 0x0000000719100000)
  object space 1419776K, 68% used [0x00000005cb200000,0x00000006060f5770,0x0000000621c80000)
 Metaspace       used 6807K, capacity 7002K, committed 7296K, reserved 1056768K
  class space    used 743K, capacity 801K, committed 896K, reserved 1048576K
GC Heap History (10 events):
Event: 82.149 GC heap before
{Heap before GC invocations=39 (full 4):
 PSYoungGen      total 1988096K, used 1277440K [0x0000000719100000, 0x00000007c0000000, 0x00000007c0000000)
  eden space 1277440K, 100% used [0x0000000719100000,0x0000000767080000,0x0000000767080000)
  from space 710656K, 0% used [0x0000000792c00000,0x0000000792c00000,0x00000007be200000)
  to   space 716288K, 0% used [0x0000000767080000,0x0000000767080000,0x0000000792c00000)
 ParOldGen       total 1419776K, used 650653K [0x00000005cb200000, 0x0000000621c80000, 0x0000000719100000)
  object space 1419776K, 45% used [0x00000005cb200000,0x00000005f2d67770,0x0000000621c80000)
 Metaspace       used 6610K, capacity 6746K, committed 7040K, reserved 1056768K
  class space    used 731K, capacity 801K, committed 896K, reserved 1048576K
Event: 82.164 GC heap after
Heap after GC invocations=39 (full 4):
 PSYoungGen      total 1993728K, used 9280K [0x0000000719100000, 0x00000007c0000000, 0x00000007c0000000)
  eden space 1277440K, 0% used [0x0000000719100000,0x0000000719100000,0x0000000767080000)
  from space 716288K, 1% used [0x0000000767080000,0x0000000767990000,0x0000000792c00000)
  to   space 728576K, 0% used [0x0000000793880000,0x0000000793880000,0x00000007c0000000)
 ParOldGen       total 1419776K, used 650653K [0x00000005cb200000, 0x0000000621c80000, 0x0000000719100000)
  object space 1419776K, 45% used [0x00000005cb200000,0x00000005f2d67770,0x0000000621c80000)
 Metaspace       used 6610K, capacity 6746K, committed 7040K, reserved 1056768K
  class space    used 731K, capacity 801K, committed 896K, reserved 1048576K
}
Event: 83.953 GC heap before
{Heap before GC invocations=40 (full 4):
 PSYoungGen      total 1993728K, used 1286720K [0x0000000719100000, 0x00000007c0000000, 0x00000007c0000000)
  eden space 1277440K, 100% used [0x0000000719100000,0x0000000767080000,0x0000000767080000)
  from space 716288K, 1% used [0x0000000767080000,0x0000000767990000,0x0000000792c00000)
  to   space 728576K, 0% used [0x0000000793880000,0x0000000793880000,0x00000007c0000000)
 ParOldGen       total 1419776K, used 650653K [0x00000005cb200000, 0x0000000621c80000, 0x0000000719100000)
  object space 1419776K, 45% used [0x00000005cb200000,0x00000005f2d67770,0x0000000621c80000)
 Metaspace       used 6610K, capacity 6746K, committed 7040K, reserved 1056768K
  class space    used 731K, capacity 801K, committed 896K, reserved 1048576K
Event: 83.971 GC heap after
Heap after GC invocations=40 (full 4):
 PSYoungGen      total 2004480K, used 17920K [0x0000000719100000, 0x00000007c0000000, 0x00000007c0000000)
  eden space 1275904K, 0% used [0x0000000719100000,0x0000000719100000,0x0000000766f00000)
  from space 728576K, 2% used [0x0000000793880000,0x0000000794a00000,0x00000007c0000000)
  to   space 729600K, 0% used [0x0000000766f00000,0x0000000766f00000,0x0000000793780000)
 ParOldGen       total 1419776K, used 650653K [0x00000005cb200000, 0x0000000621c80000, 0x0000000719100000)
  object space 1419776K, 45% used [0x00000005cb200000,0x00000005f2d67770,0x0000000621c80000)
 Metaspace       used 6610K, capacity 6746K, committed 7040K, reserved 1056768K
  class space    used 731K, capacity 801K, committed 896K, reserved 1048576K
}
Event: 86.399 GC heap before
{Heap before GC invocations=41 (full 4):
 PSYoungGen      total 2004480K, used 1293824K [0x0000000719100000, 0x00000007c0000000, 0x00000007c0000000)
  eden space 1275904K, 100% used [0x0000000719100000,0x0000000766f00000,0x0000000766f00000)
  from space 728576K, 2% used [0x0000000793880000,0x0000000794a00000,0x00000007c0000000)
  to   space 729600K, 0% used [0x0000000766f00000,0x0000000766f00000,0x0000000793780000)
 ParOldGen       total 1419776K, used 650653K [0x00000005cb200000, 0x0000000621c80000, 0x0000000719100000)
  object space 1419776K, 45% used [0x00000005cb200000,0x00000005f2d67770,0x0000000621c80000)
 Metaspace       used 6610K, capacity 6746K, committed 7040K, reserved 1056768K
  class space    used 731K, capacity 801K, committed 896K, reserved 1048576K
Event: 86.450 GC heap after
Heap after GC invocations=41 (full 4):
 PSYoungGen      total 1378816K, used 102752K [0x0000000719100000, 0x00000007bd900000, 0x00000007c0000000)
  eden space 1275904K, 0% used [0x0000000719100000,0x0000000719100000,0x0000000766f00000)
  from space 102912K, 99% used [0x0000000766f00000,0x000000076d358020,0x000000076d380000)
  to   space 709120K, 0% used [0x0000000792480000,0x0000000792480000,0x00000007bd900000)
 ParOldGen       total 1419776K, used 650653K [0x00000005cb200000, 0x0000000621c80000, 0x0000000719100000)
  object space 1419776K, 45% used [0x00000005cb200000,0x00000005f2d67770,0x0000000621c80000)
 Metaspace       used 6610K, capacity 6746K, committed 7040K, reserved 1056768K
  class space    used 731K, capacity 801K, committed 896K, reserved 1048576K
}
Event: 88.175 GC heap before
{Heap before GC invocations=42 (full 4):
 PSYoungGen      total 1378816K, used 1378656K [0x0000000719100000, 0x00000007bd900000, 0x00000007c0000000)
  eden space 1275904K, 100% used [0x0000000719100000,0x0000000766f00000,0x0000000766f00000)
  from space 102912K, 99% used [0x0000000766f00000,0x000000076d358020,0x000000076d380000)
  to   space 709120K, 0% used [0x0000000792480000,0x0000000792480000,0x00000007bd900000)
 ParOldGen       total 1419776K, used 650653K [0x00000005cb200000, 0x0000000621c80000, 0x0000000719100000)
  object space 1419776K, 45% used [0x00000005cb200000,0x00000005f2d67770,0x0000000621c80000)
 Metaspace       used 6613K, capacity 6746K, committed 7040K, reserved 1056768K
  class space    used 731K, capacity 801K, committed 896K, reserved 1048576K
Event: 88.226 GC heap after
Heap after GC invocations=42 (full 4):
 PSYoungGen      total 2026496K, used 206752K [0x0000000719100000, 0x00000007bfa00000, 0x00000007c0000000)
  eden space 1317376K, 0% used [0x0000000719100000,0x0000000719100000,0x0000000769780000)
  from space 709120K, 29% used [0x0000000792480000,0x000000079ee68030,0x00000007bd900000)
  to   space 668672K, 0% used [0x0000000769780000,0x0000000769780000,0x0000000792480000)
 ParOldGen       total 1419776K, used 650653K [0x00000005cb200000, 0x0000000621c80000, 0x0000000719100000)
  object space 1419776K, 45% used [0x00000005cb200000,0x00000005f2d67770,0x0000000621c80000)
 Metaspace       used 6613K, capacity 6746K, committed 7040K, reserved 1056768K
  class space    used 731K, capacity 801K, committed 896K, reserved 1048576K
}
Event: 104.463 GC heap before
{Heap before GC invocations=43 (full 4):
 PSYoungGen      total 2026496K, used 1524128K [0x0000000719100000, 0x00000007bfa00000, 0x00000007c0000000)
  eden space 1317376K, 100% used [0x0000000719100000,0x0000000769780000,0x0000000769780000)
  from space 709120K, 29% used [0x0000000792480000,0x000000079ee68030,0x00000007bd900000)
  to   space 668672K, 0% used [0x0000000769780000,0x0000000769780000,0x0000000792480000)
 ParOldGen       total 1419776K, used 650653K [0x00000005cb200000, 0x0000000621c80000, 0x0000000719100000)
  object space 1419776K, 45% used [0x00000005cb200000,0x00000005f2d67770,0x0000000621c80000)
 Metaspace       used 6807K, capacity 7002K, committed 7296K, reserved 1056768K
  class space    used 743K, capacity 801K, committed 896K, reserved 1048576K
Event: 105.655 GC heap after
Heap after GC invocations=43 (full 4):
 PSYoungGen      total 1986048K, used 668640K [0x0000000719100000, 0x00000007c0000000, 0x00000007c0000000)
  eden space 1317376K, 0% used [0x0000000719100000,0x0000000719100000,0x0000000769780000)
  from space 668672K, 99% used [0x0000000769780000,0x0000000792478020,0x0000000792480000)
  to   space 749056K, 0% used [0x0000000792480000,0x0000000792480000,0x00000007c0000000)
 ParOldGen       total 1419776K, used 965589K [0x00000005cb200000, 0x0000000621c80000, 0x0000000719100000)
  object space 1419776K, 68% used [0x00000005cb200000,0x00000006060f5770,0x0000000621c80000)
 Metaspace       used 6807K, capacity 7002K, committed 7296K, reserved 1056768K
  class space    used 743K, capacity 801K, committed 896K, reserved 1048576K
}

