# JRE version: Java(TM) SE Runtime Environment (8.0_91-b14) (build 1.8.0_91-b14)
# Java VM: Java HotSpot(TM) 64-Bit Server VM (25.91-b14 mixed mode linux-amd64 compressed oops)
Heap:
 PSYoungGen      total 2112512K, used 39890K [0x0000000719100000, 0x00000007abd00000, 0x00000007c0000000)
  eden space 2003456K, 1% used [0x0000000719100000,0x000000071b7f4a28,0x0000000793580000)
  from space 109056K, 0% used [0x000000079db80000,0x000000079db80000,0x00000007a4600000)
  to   space 169984K, 0% used [0x0000000793580000,0x0000000793580000,0x000000079db80000)
 ParOldGen       total 475648K, used 191893K [0x00000005cb200000, 0x00000005e8280000, 0x0000000719100000)
  object space 475648K, 40% used [0x00000005cb200000,0x00000005d6d656f0,0x00000005e8280000)
 Metaspace       used 6760K, capacity 6874K, committed 7040K, reserved 1056768K
  class space    used 743K, capacity 801K, committed 896K, reserved 1048576K
GC Heap History (10 events):
Event: 2.695 GC heap before
{Heap before GC invocations=5 (full 0):
 PSYoungGen      total 537088K, used 537056K [0x0000000719100000, 0x000000073b200000, 0x00000007c0000000)
  eden space 516096K, 100% used [0x0000000719100000,0x0000000738900000,0x0000000738900000)
  from space 20992K, 99% used [0x0000000739d80000,0x000000073b1f80a0,0x000000073b200000)
  to   space 20992K, 0% used [0x0000000738900000,0x0000000738900000,0x0000000739d80000)
 ParOldGen       total 343040K, used 93504K [0x00000005cb200000, 0x00000005e0100000, 0x0000000719100000)
  object space 343040K, 27% used [0x00000005cb200000,0x00000005d0d50190,0x00000005e0100000)
 Metaspace       used 6553K, capacity 6746K, committed 7040K, reserved 1056768K
  class space    used 731K, capacity 801K, committed 896K, reserved 1048576K
Event: 2.728 GC heap after
Heap after GC invocations=5 (full 0):
 PSYoungGen      total 537088K, used 20960K [0x0000000719100000, 0x0000000762900000, 0x00000007c0000000)
  eden space 516096K, 0% used [0x0000000719100000,0x0000000719100000,0x0000000738900000)
  from space 20992K, 99% used [0x0000000738900000,0x0000000739d78090,0x0000000739d80000)
  to   space 86016K, 0% used [0x000000075d500000,0x000000075d500000,0x0000000762900000)
 ParOldGen       total 343040K, used 126400K [0x00000005cb200000, 0x00000005e0100000, 0x0000000719100000)
  object space 343040K, 36% used [0x00000005cb200000,0x00000005d2d70190,0x00000005e0100000)
 Metaspace       used 6553K, capacity 6746K, committed 7040K, reserved 1056768K
  class space    used 731K, capacity 801K, committed 896K, reserved 1048576K
}
Event: 3.617 GC heap before
{Heap before GC invocations=6 (full 0):
 PSYoungGen      total 537088K, used 537056K [0x0000000719100000, 0x0000000762900000, 0x00000007c0000000)
  eden space 516096K, 100% used [0x0000000719100000,0x0000000738900000,0x0000000738900000)
  from space 20992K, 99% used [0x0000000738900000,0x0000000739d78090,0x0000000739d80000)
  to   space 86016K, 0% used [0x000000075d500000,0x000000075d500000,0x0000000762900000)
 ParOldGen       total 343040K, used 126400K [0x00000005cb200000, 0x00000005e0100000, 0x0000000719100000)
  object space 343040K, 36% used [0x00000005cb200000,0x00000005d2d70190,0x00000005e0100000)
 Metaspace       used 6553K, capacity 6746K, committed 7040K, reserved 1056768K
  class space    used 731K, capacity 801K, committed 896K, reserved 1048576K
Event: 3.646 GC heap after
Heap after GC invocations=6 (full 0):
 PSYoungGen      total 1105920K, used 45440K [0x0000000719100000, 0x0000000761d00000, 0x00000007c0000000)
  eden space 1032192K, 0% used [0x0000000719100000,0x0000000719100000,0x0000000758100000)
  from space 73728K, 61% used [0x000000075d500000,0x00000007601600b0,0x0000000761d00000)
  to   space 79872K, 0% used [0x0000000758100000,0x0000000758100000,0x000000075cf00000)
 ParOldGen       total 343040K, used 126400K [0x00000005cb200000, 0x00000005e0100000, 0x0000000719100000)
  object space 343040K, 36% used [0x00000005cb200000,0x00000005d2d70190,0x00000005e0100000)
 Metaspace       used 6553K, capacity 6746K, committed 7040K, reserved 1056768K
  class space    used 731K, capacity 801K, committed 896K, reserved 1048576K
}
Event: 6.378 GC heap before
{Heap before GC invocations=7 (full 0):
 PSYoungGen      total 1105920K, used 1077632K [0x0000000719100000, 0x0000000761d00000, 0x00000007c0000000)
  eden space 1032192K, 100% used [0x0000000719100000,0x0000000758100000,0x0000000758100000)
  from space 73728K, 61% used [0x000000075d500000,0x00000007601600b0,0x0000000761d00000)
  to   space 79872K, 0% used [0x0000000758100000,0x0000000758100000,0x000000075cf00000)
 ParOldGen       total 343040K, used 126400K [0x00000005cb200000, 0x00000005e0100000, 0x0000000719100000)
  object space 343040K, 36% used [0x00000005cb200000,0x00000005d2d70190,0x00000005e0100000)
 Metaspace       used 6553K, capacity 6746K, committed 7040K, reserved 1056768K
  class space    used 731K, capacity 801K, committed 896K, reserved 1048576K
Event: 6.511 GC heap after
Heap after GC invocations=7 (full 0):
 PSYoungGen      total 1112064K, used 79840K [0x0000000719100000, 0x00000007a4600000, 0x00000007c0000000)
  eden space 1032192K, 0% used [0x0000000719100000,0x0000000719100000,0x0000000758100000)
  from space 79872K, 99% used [0x0000000758100000,0x000000075cef8090,0x000000075cf00000)
  to   space 109056K, 0% used [0x000000079db80000,0x000000079db80000,0x00000007a4600000)
 ParOldGen       total 343040K, used 158903K [0x00000005cb200000, 0x00000005e0100000, 0x0000000719100000)
  object space 343040K, 46% used [0x00000005cb200000,0x00000005d4d2dd20,0x00000005e0100000)
 Metaspace       used 6553K, capacity 6746K, committed 7040K, reserved 1056768K
  class space    used 731K, capacity 801K, committed 896K, reserved 1048576K
}
Event: 9.930 GC heap before
{Heap before GC invocations=8 (full 0):
 PSYoungGen      total 1112064K, used 1112032K [0x0000000719100000, 0x00000007a4600000, 0x00000007c0000000)
  eden space 1032192K, 100% used [0x0000000719100000,0x0000000758100000,0x0000000758100000)
  from space 79872K, 99% used [0x0000000758100000,0x000000075cef8090,0x000000075cf00000)
  to   space 109056K, 0% used [0x000000079db80000,0x000000079db80000,0x00000007a4600000)
 ParOldGen       total 343040K, used 158903K [0x00000005cb200000, 0x00000005e0100000, 0x0000000719100000)
  object space 343040K, 46% used [0x00000005cb200000,0x00000005d4d2dd20,0x00000005e0100000)
 Metaspace       used 6760K, capacity 6874K, committed 7040K, reserved 1056768K
  class space    used 743K, capacity 801K, committed 896K, reserved 1048576K
Event: 10.140 GC heap after
Heap after GC invocations=8 (full 0):
 PSYoungGen      total 2112512K, used 109024K [0x0000000719100000, 0x00000007abd00000, 0x00000007c0000000)
  eden space 2003456K, 0% used [0x0000000719100000,0x0000000719100000,0x0000000793580000)
  from space 109056K, 99% used [0x000000079db80000,0x00000007a45f8030,0x00000007a4600000)
  to   space 169984K, 0% used [0x0000000793580000,0x0000000793580000,0x000000079db80000)
 ParOldGen       total 343040K, used 258279K [0x00000005cb200000, 0x00000005e0100000, 0x0000000719100000)
  object space 343040K, 75% used [0x00000005cb200000,0x00000005dae39d90,0x00000005e0100000)
 Metaspace       used 6760K, capacity 6874K, committed 7040K, reserved 1056768K
  class space    used 743K, capacity 801K, committed 896K, reserved 1048576K
}
Event: 10.140 GC heap before
{Heap before GC invocations=9 (full 1):
 PSYoungGen      total 2112512K, used 109024K [0x0000000719100000, 0x00000007abd00000, 0x00000007c0000000)
  eden space 2003456K, 0% used [0x0000000719100000,0x0000000719100000,0x0000000793580000)
  from space 109056K, 99% used [0x000000079db80000,0x00000007a45f8030,0x00000007a4600000)
  to   space 169984K, 0% used [0x0000000793580000,0x0000000793580000,0x000000079db80000)
 ParOldGen       total 343040K, used 258279K [0x00000005cb200000, 0x00000005e0100000, 0x0000000719100000)
  object space 343040K, 75% used [0x00000005cb200000,0x00000005dae39d90,0x00000005e0100000)
 Metaspace       used 6760K, capacity 6874K, committed 7040K, reserved 1056768K
  class space    used 743K, capacity 801K, committed 896K, reserved 1048576K
Event: 10.701 GC heap after
Heap after GC invocations=9 (full 1):
 PSYoungGen      total 2112512K, used 0K [0x0000000719100000, 0x00000007abd00000, 0x00000007c0000000)
  eden space 2003456K, 0% used [0x0000000719100000,0x0000000719100000,0x0000000793580000)
  from space 109056K, 0% used [0x000000079db80000,0x000000079db80000,0x00000007a4600000)
  to   space 169984K, 0% used [0x0000000793580000,0x0000000793580000,0x000000079db80000)
 ParOldGen       total 475648K, used 191893K [0x00000005cb200000, 0x00000005e8280000, 0x0000000719100000)
  object space 475648K, 40% used [0x00000005cb200000,0x00000005d6d656f0,0x00000005e8280000)
 Metaspace       used 6760K, capacity 6874K, committed 7040K, reserved 1056768K
  class space    used 743K, capacity 801K, committed 896K, reserved 1048576K
}

