# JRE version: Java(TM) SE Runtime Environment (8.0_91-b14) (build 1.8.0_91-b14)
# Java VM: Java HotSpot(TM) 64-Bit Server VM (25.91-b14 mixed mode linux-amd64 compressed oops)
Heap:
 PSYoungGen      total 1776640K, used 717783K [0x0000000719100000, 0x00000007c0000000, 0x00000007c0000000)
  eden space 1080320K, 1% used [0x0000000719100000,0x000000071a5fdd48,0x000000075b000000)
  from space 696320K, 99% used [0x0000000795800000,0x00000007bfff8040,0x00000007c0000000)
  to   space 827392K, 0% used [0x000000075b000000,0x000000075b000000,0x000000078d800000)
 ParOldGen       total 1196544K, used 870640K [0x00000005cb200000, 0x0000000614280000, 0x0000000719100000)
  object space 1196544K, 72% used [0x00000005cb200000,0x000000060043c3a8,0x0000000614280000)
 Metaspace       used 6798K, capacity 7002K, committed 7296K, reserved 1056768K
  class space    used 743K, capacity 801K, committed 896K, reserved 1048576K
GC Heap History (10 events):
Event: 68.155 GC heap before
{Heap before GC invocations=24 (full 2):
 PSYoungGen      total 2193920K, used 2193632K [0x0000000719100000, 0x00000007c0000000, 0x00000007c0000000)
  eden space 1785856K, 100% used [0x0000000719100000,0x0000000786100000,0x0000000786100000)
  from space 408064K, 99% used [0x0000000786100000,0x000000079ef38050,0x000000079ef80000)
  to   space 526336K, 0% used [0x000000079fe00000,0x000000079fe00000,0x00000007c0000000)
 ParOldGen       total 1196544K, used 806432K [0x00000005cb200000, 0x0000000614280000, 0x0000000719100000)
  object space 1196544K, 67% used [0x00000005cb200000,0x00000005fc5883a8,0x0000000614280000)
 Metaspace       used 6586K, capacity 6746K, committed 7040K, reserved 1056768K
  class space    used 731K, capacity 801K, committed 896K, reserved 1048576K
Event: 68.280 GC heap after
Heap after GC invocations=24 (full 2):
 PSYoungGen      total 2091008K, used 456768K [0x0000000719100000, 0x00000007c0000000, 0x00000007c0000000)
  eden space 1564672K, 0% used [0x0000000719100000,0x0000000719100000,0x0000000778900000)
  from space 526336K, 86% used [0x000000079fe00000,0x00000007bbc10050,0x00000007c0000000)
  to   space 585216K, 0% used [0x0000000778900000,0x0000000778900000,0x000000079c480000)
 ParOldGen       total 1196544K, used 806432K [0x00000005cb200000, 0x0000000614280000, 0x0000000719100000)
  object space 1196544K, 67% used [0x00000005cb200000,0x00000005fc5883a8,0x0000000614280000)
 Metaspace       used 6586K, capacity 6746K, committed 7040K, reserved 1056768K
  class space    used 731K, capacity 801K, committed 896K, reserved 1048576K
}
Event: 71.107 GC heap before
{Heap before GC invocations=25 (full 2):
 PSYoungGen      total 2091008K, used 2021440K [0x0000000719100000, 0x00000007c0000000, 0x00000007c0000000)
  eden space 1564672K, 100% used [0x0000000719100000,0x0000000778900000,0x0000000778900000)
  from space 526336K, 86% used [0x000000079fe00000,0x00000007bbc10050,0x00000007c0000000)
  to   space 585216K, 0% used [0x0000000778900000,0x0000000778900000,0x000000079c480000)
 ParOldGen       total 1196544K, used 806432K [0x00000005cb200000, 0x0000000614280000, 0x0000000719100000)
  object space 1196544K, 67% used [0x00000005cb200000,0x00000005fc5883a8,0x0000000614280000)
 Metaspace       used 6586K, capacity 6746K, committed 7040K, reserved 1056768K
  class space    used 731K, capacity 801K, committed 896K, reserved 1048576K
Event: 71.229 GC heap after
Heap after GC invocations=25 (full 2):
 PSYoungGen      total 2037760K, used 472960K [0x0000000719100000, 0x00000007c0000000, 0x00000007c0000000)
  eden space 1564672K, 0% used [0x0000000719100000,0x0000000719100000,0x0000000778900000)
  from space 473088K, 99% used [0x0000000778900000,0x00000007956e0050,0x0000000795700000)
  to   space 637440K, 0% used [0x0000000799180000,0x0000000799180000,0x00000007c0000000)
 ParOldGen       total 1196544K, used 806432K [0x00000005cb200000, 0x0000000614280000, 0x0000000719100000)
  object space 1196544K, 67% used [0x00000005cb200000,0x00000005fc5883a8,0x0000000614280000)
 Metaspace       used 6586K, capacity 6746K, committed 7040K, reserved 1056768K
  class space    used 731K, capacity 801K, committed 896K, reserved 1048576K
}
Event: 75.016 GC heap before
{Heap before GC invocations=26 (full 2):
 PSYoungGen      total 2037760K, used 2037632K [0x0000000719100000, 0x00000007c0000000, 0x00000007c0000000)
  eden space 1564672K, 100% used [0x0000000719100000,0x0000000778900000,0x0000000778900000)
  from space 473088K, 99% used [0x0000000778900000,0x00000007956e0050,0x0000000795700000)
  to   space 637440K, 0% used [0x0000000799180000,0x0000000799180000,0x00000007c0000000)
 ParOldGen       total 1196544K, used 806432K [0x00000005cb200000, 0x0000000614280000, 0x0000000719100000)
  object space 1196544K, 67% used [0x00000005cb200000,0x00000005fc5883a8,0x0000000614280000)
 Metaspace       used 6586K, capacity 6746K, committed 7040K, reserved 1056768K
  class space    used 731K, capacity 801K, committed 896K, reserved 1048576K
Event: 75.174 GC heap after
Heap after GC invocations=26 (full 2):
 PSYoungGen      total 2009600K, used 481408K [0x0000000719100000, 0x00000007c0000000, 0x00000007c0000000)
  eden space 1372160K, 0% used [0x0000000719100000,0x0000000719100000,0x000000076cd00000)
  from space 637440K, 75% used [0x0000000799180000,0x00000007b67a0050,0x00000007c0000000)
  to   space 681472K, 0% used [0x000000076cd00000,0x000000076cd00000,0x0000000796680000)
 ParOldGen       total 1196544K, used 806432K [0x00000005cb200000, 0x0000000614280000, 0x0000000719100000)
  object space 1196544K, 67% used [0x00000005cb200000,0x00000005fc5883a8,0x0000000614280000)
 Metaspace       used 6586K, capacity 6746K, committed 7040K, reserved 1056768K
  class space    used 731K, capacity 801K, committed 896K, reserved 1048576K
}
Event: 78.119 GC heap before
{Heap before GC invocations=27 (full 2):
 PSYoungGen      total 2009600K, used 1832871K [0x0000000719100000, 0x00000007c0000000, 0x00000007c0000000)
  eden space 1372160K, 98% used [0x0000000719100000,0x000000076b8c9be8,0x000000076cd00000)
  from space 637440K, 75% used [0x0000000799180000,0x00000007b67a0050,0x00000007c0000000)
  to   space 681472K, 0% used [0x000000076cd00000,0x000000076cd00000,0x0000000796680000)
 ParOldGen       total 1196544K, used 806432K [0x00000005cb200000, 0x0000000614280000, 0x0000000719100000)
  object space 1196544K, 67% used [0x00000005cb200000,0x00000005fc5883a8,0x0000000614280000)
 Metaspace       used 6589K, capacity 6746K, committed 7040K, reserved 1056768K
  class space    used 731K, capacity 801K, committed 896K, reserved 1048576K
Event: 78.244 GC heap after
Heap after GC invocations=27 (full 2):
 PSYoungGen      total 1802240K, used 430048K [0x0000000719100000, 0x00000007c0000000, 0x00000007c0000000)
  eden space 1372160K, 0% used [0x0000000719100000,0x0000000719100000,0x000000076cd00000)
  from space 430080K, 99% used [0x000000076cd00000,0x00000007870f8060,0x0000000787100000)
  to   space 696320K, 0% used [0x0000000795800000,0x0000000795800000,0x00000007c0000000)
 ParOldGen       total 1196544K, used 806432K [0x00000005cb200000, 0x0000000614280000, 0x0000000719100000)
  object space 1196544K, 67% used [0x00000005cb200000,0x00000005fc5883a8,0x0000000614280000)
 Metaspace       used 6589K, capacity 6746K, committed 7040K, reserved 1056768K
  class space    used 731K, capacity 801K, committed 896K, reserved 1048576K
}
Event: 85.915 GC heap before
{Heap before GC invocations=28 (full 2):
 PSYoungGen      total 1802240K, used 1802208K [0x0000000719100000, 0x00000007c0000000, 0x00000007c0000000)
  eden space 1372160K, 100% used [0x0000000719100000,0x000000076cd00000,0x000000076cd00000)
  from space 430080K, 99% used [0x000000076cd00000,0x00000007870f8060,0x0000000787100000)
  to   space 696320K, 0% used [0x0000000795800000,0x0000000795800000,0x00000007c0000000)
 ParOldGen       total 1196544K, used 806432K [0x00000005cb200000, 0x0000000614280000, 0x0000000719100000)
  object space 1196544K, 67% used [0x00000005cb200000,0x00000005fc5883a8,0x0000000614280000)
 Metaspace       used 6798K, capacity 7002K, committed 7296K, reserved 1056768K
  class space    used 743K, capacity 801K, committed 896K, reserved 1048576K
Event: 86.490 GC heap after
Heap after GC invocations=28 (full 2):
 PSYoungGen      total 1776640K, used 696288K [0x0000000719100000, 0x00000007c0000000, 0x00000007c0000000)
  eden space 1080320K, 0% used [0x0000000719100000,0x0000000719100000,0x000000075b000000)
  from space 696320K, 99% used [0x0000000795800000,0x00000007bfff8040,0x00000007c0000000)
  to   space 827392K, 0% used [0x000000075b000000,0x000000075b000000,0x000000078d800000)
 ParOldGen       total 1196544K, used 870640K [0x00000005cb200000, 0x0000000614280000, 0x0000000719100000)
  object space 1196544K, 72% used [0x00000005cb200000,0x000000060043c3a8,0x0000000614280000)
 Metaspace       used 6798K, capacity 7002K, committed 7296K, reserved 1056768K
  class space    used 743K, capacity 801K, committed 896K, reserved 1048576K
}

