# JRE version: Java(TM) SE Runtime Environment (8.0_91-b14) (build 1.8.0_91-b14)
# Java VM: Java HotSpot(TM) 64-Bit Server VM (25.91-b14 mixed mode linux-amd64 compressed oops)
Heap:
 PSYoungGen      total 2280960K, used 75891K [0x0000000719100000, 0x00000007c0000000, 0x00000007c0000000)
  eden space 2005504K, 1% used [0x0000000719100000,0x000000071b828c80,0x0000000793780000)
  from space 275456K, 12% used [0x0000000793780000,0x0000000795a74100,0x00000007a4480000)
  to   space 454144K, 0% used [0x00000007a4480000,0x00000007a4480000,0x00000007c0000000)
 ParOldGen       total 2348032K, used 1521344K [0x00000005cb200000, 0x000000065a700000, 0x0000000719100000)
  object space 2348032K, 64% used [0x00000005cb200000,0x0000000627fb0218,0x000000065a700000)
 Metaspace       used 6658K, capacity 6810K, committed 7040K, reserved 1056768K
  class space    used 739K, capacity 801K, committed 896K, reserved 1048576K
GC Heap History (10 events):
Event: 15.220 GC heap before
{Heap before GC invocations=11 (full 1):
 PSYoungGen      total 1579008K, used 1578848K [0x0000000719100000, 0x000000079eb00000, 0x00000007c0000000)
  eden space 1518080K, 100% used [0x0000000719100000,0x0000000775b80000,0x0000000775b80000)
  from space 60928K, 99% used [0x000000078b480000,0x000000078efd8000,0x000000078f000000)
  to   space 179712K, 0% used [0x0000000793b80000,0x0000000793b80000,0x000000079eb00000)
 ParOldGen       total 642048K, used 342564K [0x00000005cb200000, 0x00000005f2500000, 0x0000000719100000)
  object space 642048K, 53% used [0x00000005cb200000,0x00000005e00893a8,0x00000005f2500000)
 Metaspace       used 6658K, capacity 6810K, committed 7040K, reserved 1056768K
  class space    used 739K, capacity 801K, committed 896K, reserved 1048576K
Event: 15.295 GC heap after
Heap after GC invocations=11 (full 1):
 PSYoungGen      total 1931264K, used 179680K [0x0000000719100000, 0x000000079eb00000, 0x00000007c0000000)
  eden space 1751552K, 0% used [0x0000000719100000,0x0000000719100000,0x0000000783f80000)
  from space 179712K, 99% used [0x0000000793b80000,0x000000079eaf8040,0x000000079eb00000)
  to   space 209920K, 0% used [0x0000000785100000,0x0000000785100000,0x0000000791e00000)
 ParOldGen       total 642048K, used 351756K [0x00000005cb200000, 0x00000005f2500000, 0x0000000719100000)
  object space 642048K, 54% used [0x00000005cb200000,0x00000005e09833a8,0x00000005f2500000)
 Metaspace       used 6658K, capacity 6810K, committed 7040K, reserved 1056768K
  class space    used 739K, capacity 801K, committed 896K, reserved 1048576K
}
Event: 18.736 GC heap before
{Heap before GC invocations=12 (full 1):
 PSYoungGen      total 1931264K, used 1931232K [0x0000000719100000, 0x000000079eb00000, 0x00000007c0000000)
  eden space 1751552K, 100% used [0x0000000719100000,0x0000000783f80000,0x0000000783f80000)
  from space 179712K, 99% used [0x0000000793b80000,0x000000079eaf8040,0x000000079eb00000)
  to   space 209920K, 0% used [0x0000000785100000,0x0000000785100000,0x0000000791e00000)
 ParOldGen       total 642048K, used 351756K [0x00000005cb200000, 0x00000005f2500000, 0x0000000719100000)
  object space 642048K, 54% used [0x00000005cb200000,0x00000005e09833a8,0x00000005f2500000)
 Metaspace       used 6658K, capacity 6810K, committed 7040K, reserved 1056768K
  class space    used 739K, capacity 801K, committed 896K, reserved 1048576K
Event: 18.831 GC heap after
Heap after GC invocations=12 (full 1):
 PSYoungGen      total 1979392K, used 209888K [0x0000000719100000, 0x00000007b4980000, 0x00000007c0000000)
  eden space 1769472K, 0% used [0x0000000719100000,0x0000000719100000,0x0000000785100000)
  from space 209920K, 99% used [0x0000000785100000,0x0000000791df8040,0x0000000791e00000)
  to   space 267264K, 0% used [0x00000007a4480000,0x00000007a4480000,0x00000007b4980000)
 ParOldGen       total 642048K, used 419020K [0x00000005cb200000, 0x00000005f2500000, 0x0000000719100000)
  object space 642048K, 65% used [0x00000005cb200000,0x00000005e4b333a8,0x00000005f2500000)
 Metaspace       used 6658K, capacity 6810K, committed 7040K, reserved 1056768K
  class space    used 739K, capacity 801K, committed 896K, reserved 1048576K
}
Event: 21.720 GC heap before
{Heap before GC invocations=13 (full 1):
 PSYoungGen      total 1979392K, used 1979360K [0x0000000719100000, 0x00000007b4980000, 0x00000007c0000000)
  eden space 1769472K, 100% used [0x0000000719100000,0x0000000785100000,0x0000000785100000)
  from space 209920K, 99% used [0x0000000785100000,0x0000000791df8040,0x0000000791e00000)
  to   space 267264K, 0% used [0x00000007a4480000,0x00000007a4480000,0x00000007b4980000)
 ParOldGen       total 642048K, used 419020K [0x00000005cb200000, 0x00000005f2500000, 0x0000000719100000)
  object space 642048K, 65% used [0x00000005cb200000,0x00000005e4b333a8,0x00000005f2500000)
 Metaspace       used 6658K, capacity 6810K, committed 7040K, reserved 1056768K
  class space    used 739K, capacity 801K, committed 896K, reserved 1048576K
Event: 21.791 GC heap after
Heap after GC invocations=13 (full 1):
 PSYoungGen      total 2272768K, used 173728K [0x0000000719100000, 0x00000007b6380000, 0x00000007c0000000)
  eden space 2005504K, 0% used [0x0000000719100000,0x0000000719100000,0x0000000793780000)
  from space 267264K, 65% used [0x00000007a4480000,0x00000007aee28040,0x00000007b4980000)
  to   space 275456K, 0% used [0x0000000793780000,0x0000000793780000,0x00000007a4480000)
 ParOldGen       total 642048K, used 460892K [0x00000005cb200000, 0x00000005f2500000, 0x0000000719100000)
  object space 642048K, 71% used [0x00000005cb200000,0x00000005e74173a8,0x00000005f2500000)
 Metaspace       used 6658K, capacity 6810K, committed 7040K, reserved 1056768K
  class space    used 739K, capacity 801K, committed 896K, reserved 1048576K
}
Event: 43.091 GC heap before
{Heap before GC invocations=14 (full 1):
 PSYoungGen      total 2272768K, used 2179232K [0x0000000719100000, 0x00000007b6380000, 0x00000007c0000000)
  eden space 2005504K, 100% used [0x0000000719100000,0x0000000793780000,0x0000000793780000)
  from space 267264K, 65% used [0x00000007a4480000,0x00000007aee28040,0x00000007b4980000)
  to   space 275456K, 0% used [0x0000000793780000,0x0000000793780000,0x00000007a4480000)
 ParOldGen       total 642048K, used 460892K [0x00000005cb200000, 0x00000005f2500000, 0x0000000719100000)
  object space 642048K, 71% used [0x00000005cb200000,0x00000005e74173a8,0x00000005f2500000)
 Metaspace       used 6658K, capacity 6810K, committed 7040K, reserved 1056768K
  class space    used 739K, capacity 801K, committed 896K, reserved 1048576K
Event: 44.851 GC heap after
Heap after GC invocations=14 (full 1):
 PSYoungGen      total 2280960K, used 275452K [0x0000000719100000, 0x00000007c0000000, 0x00000007c0000000)
  eden space 2005504K, 0% used [0x0000000719100000,0x0000000719100000,0x0000000793780000)
  from space 275456K, 99% used [0x0000000793780000,0x00000007a447f080,0x00000007a4480000)
  to   space 454144K, 0% used [0x00000007a4480000,0x00000007a4480000,0x00000007c0000000)
 ParOldGen       total 1521664K, used 1521652K [0x00000005cb200000, 0x0000000628000000, 0x0000000719100000)
  object space 1521664K, 99% used [0x00000005cb200000,0x0000000627ffd3a8,0x0000000628000000)
 Metaspace       used 6658K, capacity 6810K, committed 7040K, reserved 1056768K
  class space    used 739K, capacity 801K, committed 896K, reserved 1048576K
}
Event: 44.851 GC heap before
{Heap before GC invocations=15 (full 2):
 PSYoungGen      total 2280960K, used 275452K [0x0000000719100000, 0x00000007c0000000, 0x00000007c0000000)
  eden space 2005504K, 0% used [0x0000000719100000,0x0000000719100000,0x0000000793780000)
  from space 275456K, 99% used [0x0000000793780000,0x00000007a447f080,0x00000007a4480000)
  to   space 454144K, 0% used [0x00000007a4480000,0x00000007a4480000,0x00000007c0000000)
 ParOldGen       total 1521664K, used 1521652K [0x00000005cb200000, 0x0000000628000000, 0x0000000719100000)
  object space 1521664K, 99% used [0x00000005cb200000,0x0000000627ffd3a8,0x0000000628000000)
 Metaspace       used 6658K, capacity 6810K, committed 7040K, reserved 1056768K
  class space    used 739K, capacity 801K, committed 896K, reserved 1048576K
Event: 49.261 GC heap after
Heap after GC invocations=15 (full 2):
 PSYoungGen      total 2280960K, used 35792K [0x0000000719100000, 0x00000007c0000000, 0x00000007c0000000)
  eden space 2005504K, 0% used [0x0000000719100000,0x0000000719100000,0x0000000793780000)
  from space 275456K, 12% used [0x0000000793780000,0x0000000795a74100,0x00000007a4480000)
  to   space 454144K, 0% used [0x00000007a4480000,0x00000007a4480000,0x00000007c0000000)
 ParOldGen       total 2348032K, used 1521344K [0x00000005cb200000, 0x000000065a700000, 0x0000000719100000)
  object space 2348032K, 64% used [0x00000005cb200000,0x0000000627fb0218,0x000000065a700000)
 Metaspace       used 6658K, capacity 6810K, committed 7040K, reserved 1056768K
  class space    used 739K, capacity 801K, committed 896K, reserved 1048576K
}

