# JRE version: Java(TM) SE Runtime Environment (8.0_91-b14) (build 1.8.0_91-b14)
# Java VM: Java HotSpot(TM) 64-Bit Server VM (25.91-b14 mixed mode linux-amd64 compressed oops)
Heap:
 PSYoungGen      total 279040K, used 10207K [0x0000000719100000, 0x000000073b200000, 0x00000007c0000000)
  eden space 258048K, 3% used [0x0000000719100000,0x0000000719af7f88,0x0000000728d00000)
  from space 20992K, 0% used [0x0000000728d00000,0x0000000728d00000,0x000000072a180000)
  to   space 20992K, 0% used [0x0000000739d80000,0x0000000739d80000,0x000000073b200000)
 ParOldGen       total 720896K, used 282257K [0x00000005cb200000, 0x00000005f7200000, 0x0000000719100000)
  object space 720896K, 39% used [0x00000005cb200000,0x00000005dc5a4658,0x00000005f7200000)
 Metaspace       used 6605K, capacity 6810K, committed 7040K, reserved 1056768K
  class space    used 737K, capacity 801K, committed 896K, reserved 1048576K
GC Heap History (8 events):
Event: 1.442 GC heap before
{Heap before GC invocations=1 (full 0):
 PSYoungGen      total 150016K, used 129024K [0x0000000719100000, 0x0000000723800000, 0x00000007c0000000)
  eden space 129024K, 100% used [0x0000000719100000,0x0000000720f00000,0x0000000720f00000)
  from space 20992K, 0% used [0x0000000722380000,0x0000000722380000,0x0000000723800000)
  to   space 20992K, 0% used [0x0000000720f00000,0x0000000720f00000,0x0000000722380000)
 ParOldGen       total 343040K, used 0K [0x00000005cb200000, 0x00000005e0100000, 0x0000000719100000)
  object space 343040K, 0% used [0x00000005cb200000,0x00000005cb200000,0x00000005e0100000)
 Metaspace       used 6593K, capacity 6746K, committed 7040K, reserved 1056768K
  class space    used 737K, capacity 801K, committed 896K, reserved 1048576K
Event: 1.594 GC heap after
Heap after GC invocations=1 (full 0):
 PSYoungGen      total 150016K, used 20960K [0x0000000719100000, 0x000000072b600000, 0x00000007c0000000)
  eden space 129024K, 0% used [0x0000000719100000,0x0000000719100000,0x0000000720f00000)
  from space 20992K, 99% used [0x0000000720f00000,0x0000000722378040,0x0000000722380000)
  to   space 20992K, 0% used [0x000000072a180000,0x000000072a180000,0x000000072b600000)
 ParOldGen       total 343040K, used 48154K [0x00000005cb200000, 0x00000005e0100000, 0x0000000719100000)
  object space 343040K, 14% used [0x00000005cb200000,0x00000005ce106b48,0x00000005e0100000)
 Metaspace       used 6593K, capacity 6746K, committed 7040K, reserved 1056768K
  class space    used 737K, capacity 801K, committed 896K, reserved 1048576K
}
Event: 1.794 GC heap before
{Heap before GC invocations=2 (full 0):
 PSYoungGen      total 150016K, used 149984K [0x0000000719100000, 0x000000072b600000, 0x00000007c0000000)
  eden space 129024K, 100% used [0x0000000719100000,0x0000000720f00000,0x0000000720f00000)
  from space 20992K, 99% used [0x0000000720f00000,0x0000000722378040,0x0000000722380000)
  to   space 20992K, 0% used [0x000000072a180000,0x000000072a180000,0x000000072b600000)
 ParOldGen       total 343040K, used 48154K [0x00000005cb200000, 0x00000005e0100000, 0x0000000719100000)
  object space 343040K, 14% used [0x00000005cb200000,0x00000005ce106b48,0x00000005e0100000)
 Metaspace       used 6605K, capacity 6810K, committed 7040K, reserved 1056768K
  class space    used 737K, capacity 801K, committed 896K, reserved 1048576K
Event: 1.811 GC heap after
Heap after GC invocations=2 (full 0):
 PSYoungGen      total 279040K, used 20976K [0x0000000719100000, 0x000000072b600000, 0x00000007c0000000)
  eden space 258048K, 0% used [0x0000000719100000,0x0000000719100000,0x0000000728d00000)
  from space 20992K, 99% used [0x000000072a180000,0x000000072b5fc080,0x000000072b600000)
  to   space 20992K, 0% used [0x0000000728d00000,0x0000000728d00000,0x000000072a180000)
 ParOldGen       total 343040K, used 57746K [0x00000005cb200000, 0x00000005e0100000, 0x0000000719100000)
  object space 343040K, 16% used [0x00000005cb200000,0x00000005cea64b48,0x00000005e0100000)
 Metaspace       used 6605K, capacity 6810K, committed 7040K, reserved 1056768K
  class space    used 737K, capacity 801K, committed 896K, reserved 1048576K
}
Event: 5.691 GC heap before
{Heap before GC invocations=3 (full 0):
 PSYoungGen      total 279040K, used 279024K [0x0000000719100000, 0x000000072b600000, 0x00000007c0000000)
  eden space 258048K, 100% used [0x0000000719100000,0x0000000728d00000,0x0000000728d00000)
  from space 20992K, 99% used [0x000000072a180000,0x000000072b5fc080,0x000000072b600000)
  to   space 20992K, 0% used [0x0000000728d00000,0x0000000728d00000,0x000000072a180000)
 ParOldGen       total 343040K, used 57746K [0x00000005cb200000, 0x00000005e0100000, 0x0000000719100000)
  object space 343040K, 16% used [0x00000005cb200000,0x00000005cea64b48,0x00000005e0100000)
 Metaspace       used 6605K, capacity 6810K, committed 7040K, reserved 1056768K
  class space    used 737K, capacity 801K, committed 896K, reserved 1048576K
Event: 6.030 GC heap after
Heap after GC invocations=3 (full 0):
 PSYoungGen      total 279040K, used 20975K [0x0000000719100000, 0x000000073b200000, 0x00000007c0000000)
  eden space 258048K, 0% used [0x0000000719100000,0x0000000719100000,0x0000000728d00000)
  from space 20992K, 99% used [0x0000000728d00000,0x000000072a17bdd0,0x000000072a180000)
  to   space 20992K, 0% used [0x0000000739d80000,0x0000000739d80000,0x000000073b200000)
 ParOldGen       total 343040K, used 270482K [0x00000005cb200000, 0x00000005e0100000, 0x0000000719100000)
  object space 343040K, 78% used [0x00000005cb200000,0x00000005dba24b58,0x00000005e0100000)
 Metaspace       used 6605K, capacity 6810K, committed 7040K, reserved 1056768K
  class space    used 737K, capacity 801K, committed 896K, reserved 1048576K
}
Event: 6.030 GC heap before
{Heap before GC invocations=4 (full 1):
 PSYoungGen      total 279040K, used 20975K [0x0000000719100000, 0x000000073b200000, 0x00000007c0000000)
  eden space 258048K, 0% used [0x0000000719100000,0x0000000719100000,0x0000000728d00000)
  from space 20992K, 99% used [0x0000000728d00000,0x000000072a17bdd0,0x000000072a180000)
  to   space 20992K, 0% used [0x0000000739d80000,0x0000000739d80000,0x000000073b200000)
 ParOldGen       total 343040K, used 270482K [0x00000005cb200000, 0x00000005e0100000, 0x0000000719100000)
  object space 343040K, 78% used [0x00000005cb200000,0x00000005dba24b58,0x00000005e0100000)
 Metaspace       used 6605K, capacity 6810K, committed 7040K, reserved 1056768K
  class space    used 737K, capacity 801K, committed 896K, reserved 1048576K
Event: 6.921 GC heap after
Heap after GC invocations=4 (full 1):
 PSYoungGen      total 279040K, used 0K [0x0000000719100000, 0x000000073b200000, 0x00000007c0000000)
  eden space 258048K, 0% used [0x0000000719100000,0x0000000719100000,0x0000000728d00000)
  from space 20992K, 0% used [0x0000000728d00000,0x0000000728d00000,0x000000072a180000)
  to   space 20992K, 0% used [0x0000000739d80000,0x0000000739d80000,0x000000073b200000)
 ParOldGen       total 720896K, used 282257K [0x00000005cb200000, 0x00000005f7200000, 0x0000000719100000)
  object space 720896K, 39% used [0x00000005cb200000,0x00000005dc5a4658,0x00000005f7200000)
 Metaspace       used 6605K, capacity 6810K, committed 7040K, reserved 1056768K
  class space    used 737K, capacity 801K, committed 896K, reserved 1048576K
}

