# JRE version: Java(TM) SE Runtime Environment (8.0_91-b14) (build 1.8.0_91-b14)
# Java VM: Java HotSpot(TM) 64-Bit Server VM (25.91-b14 mixed mode linux-amd64 compressed oops)
Heap:
 PSYoungGen      total 279040K, used 20525K [0x0000000719100000, 0x0000000755300000, 0x00000007c0000000)
  eden space 258048K, 7% used [0x0000000719100000,0x000000071a50b5f8,0x0000000728d00000)
  from space 20992K, 0% used [0x0000000728d00000,0x0000000728d00000,0x000000072a180000)
  to   space 234496K, 0% used [0x0000000746e00000,0x0000000746e00000,0x0000000755300000)
 ParOldGen       total 759296K, used 337303K [0x00000005cb200000, 0x00000005f9780000, 0x0000000719100000)
  object space 759296K, 44% used [0x00000005cb200000,0x00000005dfb65f88,0x00000005f9780000)
 Metaspace       used 6662K, capacity 6810K, committed 7040K, reserved 1056768K
  class space    used 743K, capacity 801K, committed 896K, reserved 1048576K
GC Heap History (10 events):
Event: 0.569 GC heap before
{Heap before GC invocations=2 (full 0):
 PSYoungGen      total 150016K, used 134387K [0x0000000719100000, 0x0000000723800000, 0x00000007c0000000)
  eden space 129024K, 100% used [0x0000000719100000,0x0000000720f00000,0x0000000720f00000)
  from space 20992K, 25% used [0x0000000720f00000,0x000000072143cee0,0x0000000722380000)
  to   space 20992K, 0% used [0x0000000722380000,0x0000000722380000,0x0000000723800000)
 ParOldGen       total 343040K, used 8K [0x00000005cb200000, 0x00000005e0100000, 0x0000000719100000)
  object space 343040K, 0% used [0x00000005cb200000,0x00000005cb202000,0x00000005e0100000)
 Metaspace       used 6489K, capacity 6618K, committed 6784K, reserved 1056768K
  class space    used 731K, capacity 801K, committed 896K, reserved 1048576K
Event: 0.574 GC heap after
Heap after GC invocations=2 (full 0):
 PSYoungGen      total 150016K, used 13684K [0x0000000719100000, 0x000000072b600000, 0x00000007c0000000)
  eden space 129024K, 0% used [0x0000000719100000,0x0000000719100000,0x0000000720f00000)
  from space 20992K, 65% used [0x0000000722380000,0x00000007230dd020,0x0000000723800000)
  to   space 20992K, 0% used [0x0000000720f00000,0x0000000720f00000,0x0000000722380000)
 ParOldGen       total 343040K, used 16K [0x00000005cb200000, 0x00000005e0100000, 0x0000000719100000)
  object space 343040K, 0% used [0x00000005cb200000,0x00000005cb204000,0x00000005e0100000)
 Metaspace       used 6489K, capacity 6618K, committed 6784K, reserved 1056768K
  class space    used 731K, capacity 801K, committed 896K, reserved 1048576K
}
Event: 0.624 GC heap before
{Heap before GC invocations=3 (full 0):
 PSYoungGen      total 150016K, used 142708K [0x0000000719100000, 0x000000072b600000, 0x00000007c0000000)
  eden space 129024K, 100% used [0x0000000719100000,0x0000000720f00000,0x0000000720f00000)
  from space 20992K, 65% used [0x0000000722380000,0x00000007230dd020,0x0000000723800000)
  to   space 20992K, 0% used [0x0000000720f00000,0x0000000720f00000,0x0000000722380000)
 ParOldGen       total 343040K, used 16K [0x00000005cb200000, 0x00000005e0100000, 0x0000000719100000)
  object space 343040K, 0% used [0x00000005cb200000,0x00000005cb204000,0x00000005e0100000)
 Metaspace       used 6498K, capacity 6682K, committed 6784K, reserved 1056768K
  class space    used 731K, capacity 801K, committed 896K, reserved 1048576K
Event: 0.628 GC heap after
Heap after GC invocations=3 (full 0):
 PSYoungGen      total 150016K, used 17800K [0x0000000719100000, 0x000000072b600000, 0x00000007c0000000)
  eden space 129024K, 0% used [0x0000000719100000,0x0000000719100000,0x0000000720f00000)
  from space 20992K, 84% used [0x0000000720f00000,0x0000000722062010,0x0000000722380000)
  to   space 20992K, 0% used [0x000000072a180000,0x000000072a180000,0x000000072b600000)
 ParOldGen       total 343040K, used 24K [0x00000005cb200000, 0x00000005e0100000, 0x0000000719100000)
  object space 343040K, 0% used [0x00000005cb200000,0x00000005cb206000,0x00000005e0100000)
 Metaspace       used 6498K, capacity 6682K, committed 6784K, reserved 1056768K
  class space    used 731K, capacity 801K, committed 896K, reserved 1048576K
}
Event: 3.817 GC heap before
{Heap before GC invocations=4 (full 0):
 PSYoungGen      total 150016K, used 146824K [0x0000000719100000, 0x000000072b600000, 0x00000007c0000000)
  eden space 129024K, 100% used [0x0000000719100000,0x0000000720f00000,0x0000000720f00000)
  from space 20992K, 84% used [0x0000000720f00000,0x0000000722062010,0x0000000722380000)
  to   space 20992K, 0% used [0x000000072a180000,0x000000072a180000,0x000000072b600000)
 ParOldGen       total 343040K, used 24K [0x00000005cb200000, 0x00000005e0100000, 0x0000000719100000)
  object space 343040K, 0% used [0x00000005cb200000,0x00000005cb206000,0x00000005e0100000)
 Metaspace       used 6659K, capacity 6810K, committed 7040K, reserved 1056768K
  class space    used 743K, capacity 801K, committed 896K, reserved 1048576K
Event: 4.047 GC heap after
Heap after GC invocations=4 (full 0):
 PSYoungGen      total 279040K, used 20992K [0x0000000719100000, 0x000000072b600000, 0x00000007c0000000)
  eden space 258048K, 0% used [0x0000000719100000,0x0000000719100000,0x0000000728d00000)
  from space 20992K, 100% used [0x000000072a180000,0x000000072b600000,0x000000072b600000)
  to   space 20992K, 0% used [0x0000000728d00000,0x0000000728d00000,0x000000072a180000)
 ParOldGen       total 343040K, used 77864K [0x00000005cb200000, 0x00000005e0100000, 0x0000000719100000)
  object space 343040K, 22% used [0x00000005cb200000,0x00000005cfe0a000,0x00000005e0100000)
 Metaspace       used 6659K, capacity 6810K, committed 7040K, reserved 1056768K
  class space    used 743K, capacity 801K, committed 896K, reserved 1048576K
}
Event: 13.200 GC heap before
{Heap before GC invocations=5 (full 0):
 PSYoungGen      total 279040K, used 279040K [0x0000000719100000, 0x000000072b600000, 0x00000007c0000000)
  eden space 258048K, 100% used [0x0000000719100000,0x0000000728d00000,0x0000000728d00000)
  from space 20992K, 100% used [0x000000072a180000,0x000000072b600000,0x000000072b600000)
  to   space 20992K, 0% used [0x0000000728d00000,0x0000000728d00000,0x000000072a180000)
 ParOldGen       total 343040K, used 77864K [0x00000005cb200000, 0x00000005e0100000, 0x0000000719100000)
  object space 343040K, 22% used [0x00000005cb200000,0x00000005cfe0a000,0x00000005e0100000)
 Metaspace       used 6662K, capacity 6810K, committed 7040K, reserved 1056768K
  class space    used 743K, capacity 801K, committed 896K, reserved 1048576K
Event: 13.592 GC heap after
Heap after GC invocations=5 (full 0):
 PSYoungGen      total 279040K, used 20976K [0x0000000719100000, 0x0000000755300000, 0x00000007c0000000)
  eden space 258048K, 0% used [0x0000000719100000,0x0000000719100000,0x0000000728d00000)
  from space 20992K, 99% used [0x0000000728d00000,0x000000072a17c010,0x000000072a180000)
  to   space 234496K, 0% used [0x0000000746e00000,0x0000000746e00000,0x0000000755300000)
 ParOldGen       total 343040K, used 319744K [0x00000005cb200000, 0x00000005e0100000, 0x0000000719100000)
  object space 343040K, 93% used [0x00000005cb200000,0x00000005dea40000,0x00000005e0100000)
 Metaspace       used 6662K, capacity 6810K, committed 7040K, reserved 1056768K
  class space    used 743K, capacity 801K, committed 896K, reserved 1048576K
}
Event: 13.592 GC heap before
{Heap before GC invocations=6 (full 1):
 PSYoungGen      total 279040K, used 20976K [0x0000000719100000, 0x0000000755300000, 0x00000007c0000000)
  eden space 258048K, 0% used [0x0000000719100000,0x0000000719100000,0x0000000728d00000)
  from space 20992K, 99% used [0x0000000728d00000,0x000000072a17c010,0x000000072a180000)
  to   space 234496K, 0% used [0x0000000746e00000,0x0000000746e00000,0x0000000755300000)
 ParOldGen       total 343040K, used 319744K [0x00000005cb200000, 0x00000005e0100000, 0x0000000719100000)
  object space 343040K, 93% used [0x00000005cb200000,0x00000005dea40000,0x00000005e0100000)
 Metaspace       used 6662K, capacity 6810K, committed 7040K, reserved 1056768K
  class space    used 743K, capacity 801K, committed 896K, reserved 1048576K
Event: 15.117 GC heap after
Heap after GC invocations=6 (full 1):
 PSYoungGen      total 279040K, used 0K [0x0000000719100000, 0x0000000755300000, 0x00000007c0000000)
  eden space 258048K, 0% used [0x0000000719100000,0x0000000719100000,0x0000000728d00000)
  from space 20992K, 0% used [0x0000000728d00000,0x0000000728d00000,0x000000072a180000)
  to   space 234496K, 0% used [0x0000000746e00000,0x0000000746e00000,0x0000000755300000)
 ParOldGen       total 759296K, used 337303K [0x00000005cb200000, 0x00000005f9780000, 0x0000000719100000)
  object space 759296K, 44% used [0x00000005cb200000,0x00000005dfb65f88,0x00000005f9780000)
 Metaspace       used 6662K, capacity 6810K, committed 7040K, reserved 1056768K
  class space    used 743K, capacity 801K, committed 896K, reserved 1048576K
}

