# JRE version: Java(TM) SE Runtime Environment (8.0_91-b14) (build 1.8.0_91-b14)
# Java VM: Java HotSpot(TM) 64-Bit Server VM (25.91-b14 mixed mode linux-amd64 compressed oops)
Heap:
 PSYoungGen      total 1121792K, used 40295K [0x0000000719100000, 0x00000007aae00000, 0x00000007c0000000)
  eden space 1008128K, 3% used [0x0000000719100000,0x000000071b859c30,0x0000000756980000)
  from space 113664K, 0% used [0x0000000756980000,0x0000000756980000,0x000000075d880000)
  to   space 186368K, 0% used [0x000000079f800000,0x000000079f800000,0x00000007aae00000)
 ParOldGen       total 572928K, used 277909K [0x00000005cb200000, 0x00000005ee180000, 0x0000000719100000)
  object space 572928K, 48% used [0x00000005cb200000,0x00000005dc1657d0,0x00000005ee180000)
 Metaspace       used 6600K, capacity 6746K, committed 7040K, reserved 1056768K
  class space    used 731K, capacity 801K, committed 896K, reserved 1048576K
GC Heap History (10 events):
Event: 2.553 GC heap before
{Heap before GC invocations=4 (full 0):
 PSYoungGen      total 279040K, used 279024K [0x0000000719100000, 0x000000073b200000, 0x00000007c0000000)
  eden space 258048K, 100% used [0x0000000719100000,0x0000000728d00000,0x0000000728d00000)
  from space 20992K, 99% used [0x0000000728d00000,0x000000072a17c0b0,0x000000072a180000)
  to   space 20992K, 0% used [0x0000000739d80000,0x0000000739d80000,0x000000073b200000)
 ParOldGen       total 343040K, used 61715K [0x00000005cb200000, 0x00000005e0100000, 0x0000000719100000)
  object space 343040K, 17% used [0x00000005cb200000,0x00000005cee44fc8,0x00000005e0100000)
 Metaspace       used 6598K, capacity 6746K, committed 7040K, reserved 1056768K
  class space    used 731K, capacity 801K, committed 896K, reserved 1048576K
Event: 2.592 GC heap after
Heap after GC invocations=4 (full 0):
 PSYoungGen      total 537088K, used 20960K [0x0000000719100000, 0x000000073b200000, 0x00000007c0000000)
  eden space 516096K, 0% used [0x0000000719100000,0x0000000719100000,0x0000000738900000)
  from space 20992K, 99% used [0x0000000739d80000,0x000000073b1f80f0,0x000000073b200000)
  to   space 20992K, 0% used [0x0000000738900000,0x0000000738900000,0x0000000739d80000)
 ParOldGen       total 343040K, used 116307K [0x00000005cb200000, 0x00000005e0100000, 0x0000000719100000)
  object space 343040K, 33% used [0x00000005cb200000,0x00000005d2394fd8,0x00000005e0100000)
 Metaspace       used 6598K, capacity 6746K, committed 7040K, reserved 1056768K
  class space    used 731K, capacity 801K, committed 896K, reserved 1048576K
}
Event: 3.839 GC heap before
{Heap before GC invocations=5 (full 0):
 PSYoungGen      total 537088K, used 537056K [0x0000000719100000, 0x000000073b200000, 0x00000007c0000000)
  eden space 516096K, 100% used [0x0000000719100000,0x0000000738900000,0x0000000738900000)
  from space 20992K, 99% used [0x0000000739d80000,0x000000073b1f80f0,0x000000073b200000)
  to   space 20992K, 0% used [0x0000000738900000,0x0000000738900000,0x0000000739d80000)
 ParOldGen       total 343040K, used 116307K [0x00000005cb200000, 0x00000005e0100000, 0x0000000719100000)
  object space 343040K, 33% used [0x00000005cb200000,0x00000005d2394fd8,0x00000005e0100000)
 Metaspace       used 6598K, capacity 6746K, committed 7040K, reserved 1056768K
  class space    used 731K, capacity 801K, committed 896K, reserved 1048576K
Event: 3.880 GC heap after
Heap after GC invocations=5 (full 0):
 PSYoungGen      total 537088K, used 20960K [0x0000000719100000, 0x0000000763000000, 0x00000007c0000000)
  eden space 516096K, 0% used [0x0000000719100000,0x0000000719100000,0x0000000738900000)
  from space 20992K, 99% used [0x0000000738900000,0x0000000739d78060,0x0000000739d80000)
  to   space 89600K, 0% used [0x000000075d880000,0x000000075d880000,0x0000000763000000)
 ParOldGen       total 343040K, used 165060K [0x00000005cb200000, 0x00000005e0100000, 0x0000000719100000)
  object space 343040K, 48% used [0x00000005cb200000,0x00000005d5331018,0x00000005e0100000)
 Metaspace       used 6598K, capacity 6746K, committed 7040K, reserved 1056768K
  class space    used 731K, capacity 801K, committed 896K, reserved 1048576K
}
Event: 4.498 GC heap before
{Heap before GC invocations=6 (full 0):
 PSYoungGen      total 537088K, used 537056K [0x0000000719100000, 0x0000000763000000, 0x00000007c0000000)
  eden space 516096K, 100% used [0x0000000719100000,0x0000000738900000,0x0000000738900000)
  from space 20992K, 99% used [0x0000000738900000,0x0000000739d78060,0x0000000739d80000)
  to   space 89600K, 0% used [0x000000075d880000,0x000000075d880000,0x0000000763000000)
 ParOldGen       total 343040K, used 165060K [0x00000005cb200000, 0x00000005e0100000, 0x0000000719100000)
  object space 343040K, 48% used [0x00000005cb200000,0x00000005d5331018,0x00000005e0100000)
 Metaspace       used 6598K, capacity 6746K, committed 7040K, reserved 1056768K
  class space    used 731K, capacity 801K, committed 896K, reserved 1048576K
Event: 4.565 GC heap after
Heap after GC invocations=6 (full 0):
 PSYoungGen      total 1097728K, used 89568K [0x0000000719100000, 0x0000000765f00000, 0x00000007c0000000)
  eden space 1008128K, 0% used [0x0000000719100000,0x0000000719100000,0x0000000756980000)
  from space 89600K, 99% used [0x000000075d880000,0x0000000762ff80e0,0x0000000763000000)
  to   space 113664K, 0% used [0x0000000756980000,0x0000000756980000,0x000000075d880000)
 ParOldGen       total 343040K, used 182732K [0x00000005cb200000, 0x00000005e0100000, 0x0000000719100000)
  object space 343040K, 53% used [0x00000005cb200000,0x00000005d6473018,0x00000005e0100000)
 Metaspace       used 6598K, capacity 6746K, committed 7040K, reserved 1056768K
  class space    used 731K, capacity 801K, committed 896K, reserved 1048576K
}
Event: 9.196 GC heap before
{Heap before GC invocations=7 (full 0):
 PSYoungGen      total 1097728K, used 1097696K [0x0000000719100000, 0x0000000765f00000, 0x00000007c0000000)
  eden space 1008128K, 100% used [0x0000000719100000,0x0000000756980000,0x0000000756980000)
  from space 89600K, 99% used [0x000000075d880000,0x0000000762ff80e0,0x0000000763000000)
  to   space 113664K, 0% used [0x0000000756980000,0x0000000756980000,0x000000075d880000)
 ParOldGen       total 343040K, used 182732K [0x00000005cb200000, 0x00000005e0100000, 0x0000000719100000)
  object space 343040K, 53% used [0x00000005cb200000,0x00000005d6473018,0x00000005e0100000)
 Metaspace       used 6600K, capacity 6746K, committed 7040K, reserved 1056768K
  class space    used 731K, capacity 801K, committed 896K, reserved 1048576K
Event: 9.420 GC heap after
Heap after GC invocations=7 (full 0):
 PSYoungGen      total 1121792K, used 113648K [0x0000000719100000, 0x00000007aae00000, 0x00000007c0000000)
  eden space 1008128K, 0% used [0x0000000719100000,0x0000000719100000,0x0000000756980000)
  from space 113664K, 99% used [0x0000000756980000,0x000000075d87c040,0x000000075d880000)
  to   space 186368K, 0% used [0x000000079f800000,0x000000079f800000,0x00000007aae00000)
 ParOldGen       total 343040K, used 290219K [0x00000005cb200000, 0x00000005e0100000, 0x0000000719100000)
  object space 343040K, 84% used [0x00000005cb200000,0x00000005dcd6ac48,0x00000005e0100000)
 Metaspace       used 6600K, capacity 6746K, committed 7040K, reserved 1056768K
  class space    used 731K, capacity 801K, committed 896K, reserved 1048576K
}
Event: 9.420 GC heap before
{Heap before GC invocations=8 (full 1):
 PSYoungGen      total 1121792K, used 113648K [0x0000000719100000, 0x00000007aae00000, 0x00000007c0000000)
  eden space 1008128K, 0% used [0x0000000719100000,0x0000000719100000,0x0000000756980000)
  from space 113664K, 99% used [0x0000000756980000,0x000000075d87c040,0x000000075d880000)
  to   space 186368K, 0% used [0x000000079f800000,0x000000079f800000,0x00000007aae00000)
 ParOldGen       total 343040K, used 290219K [0x00000005cb200000, 0x00000005e0100000, 0x0000000719100000)
  object space 343040K, 84% used [0x00000005cb200000,0x00000005dcd6ac48,0x00000005e0100000)
 Metaspace       used 6600K, capacity 6746K, committed 7040K, reserved 1056768K
  class space    used 731K, capacity 801K, committed 896K, reserved 1048576K
Event: 10.101 GC heap after
Heap after GC invocations=8 (full 1):
 PSYoungGen      total 1121792K, used 0K [0x0000000719100000, 0x00000007aae00000, 0x00000007c0000000)
  eden space 1008128K, 0% used [0x0000000719100000,0x0000000719100000,0x0000000756980000)
  from space 113664K, 0% used [0x0000000756980000,0x0000000756980000,0x000000075d880000)
  to   space 186368K, 0% used [0x000000079f800000,0x000000079f800000,0x00000007aae00000)
 ParOldGen       total 572928K, used 277909K [0x00000005cb200000, 0x00000005ee180000, 0x0000000719100000)
  object space 572928K, 48% used [0x00000005cb200000,0x00000005dc1657d0,0x00000005ee180000)
 Metaspace       used 6600K, capacity 6746K, committed 7040K, reserved 1056768K
  class space    used 731K, capacity 801K, committed 896K, reserved 1048576K
}

