# JRE version: Java(TM) SE Runtime Environment (8.0_91-b14) (build 1.8.0_91-b14)
# Java VM: Java HotSpot(TM) 64-Bit Server VM (25.91-b14 mixed mode linux-amd64 compressed oops)
Heap:
 PSYoungGen      total 279040K, used 29496K [0x0000000719100000, 0x000000073b200000, 0x00000007c0000000)
  eden space 258048K, 5% used [0x0000000719100000,0x0000000719fdd998,0x0000000728d00000)
  from space 20992K, 67% used [0x0000000728d00000,0x0000000729af0918,0x000000072a180000)
  to   space 20992K, 0% used [0x0000000739d80000,0x0000000739d80000,0x000000073b200000)
 ParOldGen       total 835584K, used 404247K [0x00000005cb200000, 0x00000005fe200000, 0x0000000719100000)
  object space 835584K, 48% used [0x00000005cb200000,0x00000005e3cc5e58,0x00000005fe200000)
 Metaspace       used 6581K, capacity 6746K, committed 7040K, reserved 1056768K
  class space    used 737K, capacity 801K, committed 896K, reserved 1048576K
GC Heap History (8 events):
Event: 1.962 GC heap before
{Heap before GC invocations=1 (full 0):
 PSYoungGen      total 150016K, used 129024K [0x0000000719100000, 0x0000000723800000, 0x00000007c0000000)
  eden space 129024K, 100% used [0x0000000719100000,0x0000000720f00000,0x0000000720f00000)
  from space 20992K, 0% used [0x0000000722380000,0x0000000722380000,0x0000000723800000)
  to   space 20992K, 0% used [0x0000000720f00000,0x0000000720f00000,0x0000000722380000)
 ParOldGen       total 343040K, used 0K [0x00000005cb200000, 0x00000005e0100000, 0x0000000719100000)
  object space 343040K, 0% used [0x00000005cb200000,0x00000005cb200000,0x00000005e0100000)
 Metaspace       used 6546K, capacity 6682K, committed 6784K, reserved 1056768K
  class space    used 737K, capacity 801K, committed 896K, reserved 1048576K
Event: 2.225 GC heap after
Heap after GC invocations=1 (full 0):
 PSYoungGen      total 150016K, used 20976K [0x0000000719100000, 0x000000072b600000, 0x00000007c0000000)
  eden space 129024K, 0% used [0x0000000719100000,0x0000000719100000,0x0000000720f00000)
  from space 20992K, 99% used [0x0000000720f00000,0x000000072237c010,0x0000000722380000)
  to   space 20992K, 0% used [0x000000072a180000,0x000000072a180000,0x000000072b600000)
 ParOldGen       total 343040K, used 86962K [0x00000005cb200000, 0x00000005e0100000, 0x0000000719100000)
  object space 343040K, 25% used [0x00000005cb200000,0x00000005d06ec8d8,0x00000005e0100000)
 Metaspace       used 6546K, capacity 6682K, committed 6784K, reserved 1056768K
  class space    used 737K, capacity 801K, committed 896K, reserved 1048576K
}
Event: 3.869 GC heap before
{Heap before GC invocations=2 (full 0):
 PSYoungGen      total 150016K, used 150000K [0x0000000719100000, 0x000000072b600000, 0x00000007c0000000)
  eden space 129024K, 100% used [0x0000000719100000,0x0000000720f00000,0x0000000720f00000)
  from space 20992K, 99% used [0x0000000720f00000,0x000000072237c010,0x0000000722380000)
  to   space 20992K, 0% used [0x000000072a180000,0x000000072a180000,0x000000072b600000)
 ParOldGen       total 343040K, used 86962K [0x00000005cb200000, 0x00000005e0100000, 0x0000000719100000)
  object space 343040K, 25% used [0x00000005cb200000,0x00000005d06ec8d8,0x00000005e0100000)
 Metaspace       used 6575K, capacity 6746K, committed 7040K, reserved 1056768K
  class space    used 737K, capacity 801K, committed 896K, reserved 1048576K
Event: 4.052 GC heap after
Heap after GC invocations=2 (full 0):
 PSYoungGen      total 279040K, used 20960K [0x0000000719100000, 0x000000072b600000, 0x00000007c0000000)
  eden space 258048K, 0% used [0x0000000719100000,0x0000000719100000,0x0000000728d00000)
  from space 20992K, 99% used [0x000000072a180000,0x000000072b5f8020,0x000000072b600000)
  to   space 20992K, 0% used [0x0000000728d00000,0x0000000728d00000,0x000000072a180000)
 ParOldGen       total 343040K, used 195858K [0x00000005cb200000, 0x00000005e0100000, 0x0000000719100000)
  object space 343040K, 57% used [0x00000005cb200000,0x00000005d71448d8,0x00000005e0100000)
 Metaspace       used 6575K, capacity 6746K, committed 7040K, reserved 1056768K
  class space    used 737K, capacity 801K, committed 896K, reserved 1048576K
}
Event: 7.477 GC heap before
{Heap before GC invocations=3 (full 0):
 PSYoungGen      total 279040K, used 279008K [0x0000000719100000, 0x000000072b600000, 0x00000007c0000000)
  eden space 258048K, 100% used [0x0000000719100000,0x0000000728d00000,0x0000000728d00000)
  from space 20992K, 99% used [0x000000072a180000,0x000000072b5f8020,0x000000072b600000)
  to   space 20992K, 0% used [0x0000000728d00000,0x0000000728d00000,0x000000072a180000)
 ParOldGen       total 343040K, used 195858K [0x00000005cb200000, 0x00000005e0100000, 0x0000000719100000)
  object space 343040K, 57% used [0x00000005cb200000,0x00000005d71448d8,0x00000005e0100000)
 Metaspace       used 6581K, capacity 6746K, committed 7040K, reserved 1056768K
  class space    used 737K, capacity 801K, committed 896K, reserved 1048576K
Event: 7.816 GC heap after
Heap after GC invocations=3 (full 0):
 PSYoungGen      total 279040K, used 20960K [0x0000000719100000, 0x000000073b200000, 0x00000007c0000000)
  eden space 258048K, 0% used [0x0000000719100000,0x0000000719100000,0x0000000728d00000)
  from space 20992K, 99% used [0x0000000728d00000,0x000000072a178020,0x000000072a180000)
  to   space 20992K, 0% used [0x0000000739d80000,0x0000000739d80000,0x000000073b200000)
 ParOldGen       total 404480K, used 404050K [0x00000005cb200000, 0x00000005e3d00000, 0x0000000719100000)
  object space 404480K, 99% used [0x00000005cb200000,0x00000005e3c948e8,0x00000005e3d00000)
 Metaspace       used 6581K, capacity 6746K, committed 7040K, reserved 1056768K
  class space    used 737K, capacity 801K, committed 896K, reserved 1048576K
}
Event: 7.816 GC heap before
{Heap before GC invocations=4 (full 1):
 PSYoungGen      total 279040K, used 20960K [0x0000000719100000, 0x000000073b200000, 0x00000007c0000000)
  eden space 258048K, 0% used [0x0000000719100000,0x0000000719100000,0x0000000728d00000)
  from space 20992K, 99% used [0x0000000728d00000,0x000000072a178020,0x000000072a180000)
  to   space 20992K, 0% used [0x0000000739d80000,0x0000000739d80000,0x000000073b200000)
 ParOldGen       total 404480K, used 404050K [0x00000005cb200000, 0x00000005e3d00000, 0x0000000719100000)
  object space 404480K, 99% used [0x00000005cb200000,0x00000005e3c948e8,0x00000005e3d00000)
 Metaspace       used 6581K, capacity 6746K, committed 7040K, reserved 1056768K
  class space    used 737K, capacity 801K, committed 896K, reserved 1048576K
Event: 9.614 GC heap after
Heap after GC invocations=4 (full 1):
 PSYoungGen      total 279040K, used 14274K [0x0000000719100000, 0x000000073b200000, 0x00000007c0000000)
  eden space 258048K, 0% used [0x0000000719100000,0x0000000719100000,0x0000000728d00000)
  from space 20992K, 67% used [0x0000000728d00000,0x0000000729af0918,0x000000072a180000)
  to   space 20992K, 0% used [0x0000000739d80000,0x0000000739d80000,0x000000073b200000)
 ParOldGen       total 835584K, used 404247K [0x00000005cb200000, 0x00000005fe200000, 0x0000000719100000)
  object space 835584K, 48% used [0x00000005cb200000,0x00000005e3cc5e58,0x00000005fe200000)
 Metaspace       used 6581K, capacity 6746K, committed 7040K, reserved 1056768K
  class space    used 737K, capacity 801K, committed 896K, reserved 1048576K
}

