# JRE version: Java(TM) SE Runtime Environment (8.0_91-b14) (build 1.8.0_91-b14)
# Java VM: Java HotSpot(TM) 64-Bit Server VM (25.91-b14 mixed mode linux-amd64 compressed oops)
Heap:
 PSYoungGen      total 1895424K, used 288767K [0x0000000719100000, 0x00000007c0000000, 0x00000007c0000000)
  eden space 1432576K, 1% used [0x0000000719100000,0x000000071acd9f20,0x0000000770800000)
  from space 462848K, 56% used [0x0000000770800000,0x0000000780625fe8,0x000000078cc00000)
  to   space 839680K, 0% used [0x000000078cc00000,0x000000078cc00000,0x00000007c0000000)
 ParOldGen       total 2179072K, used 1317355K [0x00000005cb200000, 0x0000000650200000, 0x0000000719100000)
  object space 2179072K, 60% used [0x00000005cb200000,0x000000061b87ae50,0x0000000650200000)
 Metaspace       used 6653K, capacity 6810K, committed 7040K, reserved 1056768K
  class space    used 739K, capacity 801K, committed 896K, reserved 1048576K
GC Heap History (10 events):
Event: 22.019 GC heap before
{Heap before GC invocations=17 (full 1):
 PSYoungGen      total 1500160K, used 1381792K [0x0000000719100000, 0x0000000795c80000, 0x00000007c0000000)
  eden space 1170944K, 100% used [0x0000000719100000,0x0000000760880000,0x0000000760880000)
  from space 329216K, 64% used [0x0000000760880000,0x000000076d668210,0x0000000774a00000)
  to   space 341504K, 0% used [0x0000000780f00000,0x0000000780f00000,0x0000000795c80000)
 ParOldGen       total 774144K, used 352219K [0x00000005cb200000, 0x00000005fa600000, 0x0000000719100000)
  object space 774144K, 45% used [0x00000005cb200000,0x00000005e09f6ed8,0x00000005fa600000)
 Metaspace       used 6643K, capacity 6810K, committed 7040K, reserved 1056768K
  class space    used 739K, capacity 801K, committed 896K, reserved 1048576K
Event: 22.116 GC heap after
Heap after GC invocations=17 (full 1):
 PSYoungGen      total 1653248K, used 318048K [0x0000000719100000, 0x000000079be80000, 0x00000007c0000000)
  eden space 1311744K, 0% used [0x0000000719100000,0x0000000719100000,0x0000000769200000)
  from space 341504K, 93% used [0x0000000780f00000,0x0000000794598250,0x0000000795c80000)
  to   space 390144K, 0% used [0x0000000769200000,0x0000000769200000,0x0000000780f00000)
 ParOldGen       total 774144K, used 352219K [0x00000005cb200000, 0x00000005fa600000, 0x0000000719100000)
  object space 774144K, 45% used [0x00000005cb200000,0x00000005e09f6ed8,0x00000005fa600000)
 Metaspace       used 6643K, capacity 6810K, committed 7040K, reserved 1056768K
  class space    used 739K, capacity 801K, committed 896K, reserved 1048576K
}
Event: 23.485 GC heap before
{Heap before GC invocations=18 (full 1):
 PSYoungGen      total 1653248K, used 1629792K [0x0000000719100000, 0x000000079be80000, 0x00000007c0000000)
  eden space 1311744K, 100% used [0x0000000719100000,0x0000000769200000,0x0000000769200000)
  from space 341504K, 93% used [0x0000000780f00000,0x0000000794598250,0x0000000795c80000)
  to   space 390144K, 0% used [0x0000000769200000,0x0000000769200000,0x0000000780f00000)
 ParOldGen       total 774144K, used 352219K [0x00000005cb200000, 0x00000005fa600000, 0x0000000719100000)
  object space 774144K, 45% used [0x00000005cb200000,0x00000005e09f6ed8,0x00000005fa600000)
 Metaspace       used 6643K, capacity 6810K, committed 7040K, reserved 1056768K
  class space    used 739K, capacity 801K, committed 896K, reserved 1048576K
Event: 23.573 GC heap after
Heap after GC invocations=18 (full 1):
 PSYoungGen      total 1701888K, used 329744K [0x0000000719100000, 0x00000007a7280000, 0x00000007c0000000)
  eden space 1311744K, 0% used [0x0000000719100000,0x0000000719100000,0x0000000769200000)
  from space 390144K, 84% used [0x0000000769200000,0x000000077d404240,0x0000000780f00000)
  to   space 432640K, 0% used [0x000000078cc00000,0x000000078cc00000,0x00000007a7280000)
 ParOldGen       total 774144K, used 352219K [0x00000005cb200000, 0x00000005fa600000, 0x0000000719100000)
  object space 774144K, 45% used [0x00000005cb200000,0x00000005e09f6ed8,0x00000005fa600000)
 Metaspace       used 6643K, capacity 6810K, committed 7040K, reserved 1056768K
  class space    used 739K, capacity 801K, committed 896K, reserved 1048576K
}
Event: 25.010 GC heap before
{Heap before GC invocations=19 (full 1):
 PSYoungGen      total 1701888K, used 1641334K [0x0000000719100000, 0x00000007a7280000, 0x00000007c0000000)
  eden space 1311744K, 99% used [0x0000000719100000,0x00000007691d9840,0x0000000769200000)
  from space 390144K, 84% used [0x0000000769200000,0x000000077d404240,0x0000000780f00000)
  to   space 432640K, 0% used [0x000000078cc00000,0x000000078cc00000,0x00000007a7280000)
 ParOldGen       total 774144K, used 352219K [0x00000005cb200000, 0x00000005fa600000, 0x0000000719100000)
  object space 774144K, 45% used [0x00000005cb200000,0x00000005e09f6ed8,0x00000005fa600000)
 Metaspace       used 6643K, capacity 6810K, committed 7040K, reserved 1056768K
  class space    used 739K, capacity 801K, committed 896K, reserved 1048576K
Event: 25.099 GC heap after
Heap after GC invocations=19 (full 1):
 PSYoungGen      total 1865216K, used 319264K [0x0000000719100000, 0x00000007ab180000, 0x00000007c0000000)
  eden space 1432576K, 0% used [0x0000000719100000,0x0000000719100000,0x0000000770800000)
  from space 432640K, 73% used [0x000000078cc00000,0x00000007a03c8240,0x00000007a7280000)
  to   space 462848K, 0% used [0x0000000770800000,0x0000000770800000,0x000000078cc00000)
 ParOldGen       total 774144K, used 352219K [0x00000005cb200000, 0x00000005fa600000, 0x0000000719100000)
  object space 774144K, 45% used [0x00000005cb200000,0x00000005e09f6ed8,0x00000005fa600000)
 Metaspace       used 6643K, capacity 6810K, committed 7040K, reserved 1056768K
  class space    used 739K, capacity 801K, committed 896K, reserved 1048576K
}
Event: 45.814 GC heap before
{Heap before GC invocations=20 (full 1):
 PSYoungGen      total 1865216K, used 1751840K [0x0000000719100000, 0x00000007ab180000, 0x00000007c0000000)
  eden space 1432576K, 100% used [0x0000000719100000,0x0000000770800000,0x0000000770800000)
  from space 432640K, 73% used [0x000000078cc00000,0x00000007a03c8240,0x00000007a7280000)
  to   space 462848K, 0% used [0x0000000770800000,0x0000000770800000,0x000000078cc00000)
 ParOldGen       total 774144K, used 352219K [0x00000005cb200000, 0x00000005fa600000, 0x0000000719100000)
  object space 774144K, 45% used [0x00000005cb200000,0x00000005e09f6ed8,0x00000005fa600000)
 Metaspace       used 6653K, capacity 6810K, committed 7040K, reserved 1056768K
  class space    used 739K, capacity 801K, committed 896K, reserved 1048576K
Event: 47.533 GC heap after
Heap after GC invocations=20 (full 1):
 PSYoungGen      total 1895424K, used 462826K [0x0000000719100000, 0x00000007c0000000, 0x00000007c0000000)
  eden space 1432576K, 0% used [0x0000000719100000,0x0000000719100000,0x0000000770800000)
  from space 462848K, 99% used [0x0000000770800000,0x000000078cbfab50,0x000000078cc00000)
  to   space 839680K, 0% used [0x000000078cc00000,0x000000078cc00000,0x00000007c0000000)
 ParOldGen       total 1317376K, used 1316907K [0x00000005cb200000, 0x000000061b880000, 0x0000000719100000)
  object space 1317376K, 99% used [0x00000005cb200000,0x000000061b80aed8,0x000000061b880000)
 Metaspace       used 6653K, capacity 6810K, committed 7040K, reserved 1056768K
  class space    used 739K, capacity 801K, committed 896K, reserved 1048576K
}
Event: 47.533 GC heap before
{Heap before GC invocations=21 (full 2):
 PSYoungGen      total 1895424K, used 462826K [0x0000000719100000, 0x00000007c0000000, 0x00000007c0000000)
  eden space 1432576K, 0% used [0x0000000719100000,0x0000000719100000,0x0000000770800000)
  from space 462848K, 99% used [0x0000000770800000,0x000000078cbfab50,0x000000078cc00000)
  to   space 839680K, 0% used [0x000000078cc00000,0x000000078cc00000,0x00000007c0000000)
 ParOldGen       total 1317376K, used 1316907K [0x00000005cb200000, 0x000000061b880000, 0x0000000719100000)
  object space 1317376K, 99% used [0x00000005cb200000,0x000000061b80aed8,0x000000061b880000)
 Metaspace       used 6653K, capacity 6810K, committed 7040K, reserved 1056768K
  class space    used 739K, capacity 801K, committed 896K, reserved 1048576K
Event: 51.784 GC heap after
Heap after GC invocations=21 (full 2):
 PSYoungGen      total 1895424K, used 260247K [0x0000000719100000, 0x00000007c0000000, 0x00000007c0000000)
  eden space 1432576K, 0% used [0x0000000719100000,0x0000000719100000,0x0000000770800000)
  from space 462848K, 56% used [0x0000000770800000,0x0000000780625fe8,0x000000078cc00000)
  to   space 839680K, 0% used [0x000000078cc00000,0x000000078cc00000,0x00000007c0000000)
 ParOldGen       total 2179072K, used 1317355K [0x00000005cb200000, 0x0000000650200000, 0x0000000719100000)
  object space 2179072K, 60% used [0x00000005cb200000,0x000000061b87ae50,0x0000000650200000)
 Metaspace       used 6653K, capacity 6810K, committed 7040K, reserved 1056768K
  class space    used 739K, capacity 801K, committed 896K, reserved 1048576K
}

